Experiment Date: 10/09/2019 16:57:04 

Demands: [10, 11, 12, 14, 15, 16, 19, 22, 18, 18, 17, 15, 18, 18, 18, 21, 20, 21, 22, 23, 24, 26, 28, 30, 31, 35, 38, 41, 40, 40, 39, 38, 39, 38, 41, 41, 39, 43, 44, 43, 44, 44, 45, 47, 48, 48, 50, 50, 51, 54, 54, 55]
Initial Skill Levels:--------------------------------------------------
worker ID: 1 Skill Levels: [10, 11, 7]
worker ID: 2 Skill Levels: [10, 6, 8]
worker ID: 3 Skill Levels: [7, 8, 12]
================== Solving for Time Step 1 ==========================
Graph Info:-----------------------------------------------------------
Worker IDs : [1, 2, 3]
Station IDs : [4, 5, 6]
Start Nodes: [0, 0, 0, 1, 1, 1, 2, 2, 2, 3, 3, 3, 4, 5, 6]
End Nodes: [1, 2, 3, 4, 5, 6, 4, 5, 6, 4, 5, 6, 7, 7, 7]
Capacities: [1, 1, 1, 1, 1, 1, 1, 1, 1, 1, 1, 1, 1, 1, 1]
Costs: [0, 0, 0, 0, 1, 3, 0, 4, 2, 3, 2, 2, 0, 0, 0]
Supplies: [3, 0, 0, 0, 0, 0, 0, -3]
------------------- Minimizing Lost Sales ----------------------------
Total Minimum cost = 3
Worker 1 assigned to Station 2, capable of 11 units; Deficit = 1
Worker 2 assigned to Station 1, capable of 10 units; Deficit = 0
Worker 3 assigned to Station 3, capable of 12 units; Deficit = 2
---------------------------------------------------------------------
Station 1 practically produces 10 units
Station 2 practically produces 10 units
Station 3 practically produces 10 units
------------------- Minimizing Standard Deviation --------------------
Total Minimum cost = 3394
Worker 1 assigned to Station 2, capable of 11 units; Deficit = 1106
Worker 2 assigned to Station 1, capable of 10 units; Deficit = 1156
Worker 3 assigned to Station 3, capable of 12 units; Deficit = 1132
---------------------------------------------------------------------
Station 1 practically produces 10 units
Station 2 practically produces 10 units
Station 3 practically produces 10 units
WIP Inventory [0, 0, 0]
---------------------------------------------------------------------
Graph building time: 0.00040s
Solving time: 0.00028s
Total time: 0.00068s
======================================================================


Updated Skill Levels:--------------------------------------------------
worker ID: 1 Skill Levels: [9, 18, 6]
worker ID: 2 Skill Levels: [17, 5, 7]
worker ID: 3 Skill Levels: [6, 6, 19]
================== Solving for Time Step 2 ==========================
Graph Info:-----------------------------------------------------------
Worker IDs : [1, 2, 3]
Station IDs : [4, 5, 6]
Start Nodes: [0, 0, 0, 1, 1, 1, 2, 2, 2, 3, 3, 3, 4, 5, 6]
End Nodes: [1, 2, 3, 4, 5, 6, 4, 5, 6, 4, 5, 6, 7, 7, 7]
Capacities: [1, 1, 1, 1, 1, 1, 1, 1, 1, 1, 1, 1, 1, 1, 1]
Costs: [0, 0, 0, 2, 7, 5, 6, 6, 4, 5, 5, 8, 0, 0, 0]
Supplies: [3, 0, 0, 0, 0, 0, 0, -3]
------------------- Minimizing Lost Sales ----------------------------
Total Minimum cost = 11
Worker 1 assigned to Station 1, capable of 9 units; Deficit = 2
Worker 2 assigned to Station 3, capable of 7 units; Deficit = 4
Worker 3 assigned to Station 2, capable of 6 units; Deficit = 5
---------------------------------------------------------------------
Station 1 practically produces 9 units
Station 2 practically produces 6 units
Station 3 practically produces 6 units
------------------- Minimizing Standard Deviation --------------------
Total Minimum cost = 3868
Worker 1 assigned to Station 1, capable of 9 units; Deficit = 1207
Worker 2 assigned to Station 3, capable of 7 units; Deficit = 1305
Worker 3 assigned to Station 2, capable of 6 units; Deficit = 1356
---------------------------------------------------------------------
Station 1 practically produces 9 units
Station 2 practically produces 6 units
Station 3 practically produces 6 units
WIP Inventory [0, 3, 0]
---------------------------------------------------------------------
Graph building time: 0.00042s
Solving time: 0.00026s
Total time: 0.00068s
======================================================================


Updated Skill Levels:--------------------------------------------------
worker ID: 1 Skill Levels: [17, 16, 5]
worker ID: 2 Skill Levels: [15, 4, 17]
worker ID: 3 Skill Levels: [5, 14, 16]
================== Solving for Time Step 3 ==========================
Graph Info:-----------------------------------------------------------
Worker IDs : [1, 2, 3]
Station IDs : [4, 5, 6]
Start Nodes: [0, 0, 0, 1, 1, 1, 2, 2, 2, 3, 3, 3, 4, 5, 6]
End Nodes: [1, 2, 3, 4, 5, 6, 4, 5, 6, 4, 5, 6, 7, 7, 7]
Capacities: [1, 1, 1, 1, 1, 1, 1, 1, 1, 1, 1, 1, 1, 1, 1]
Costs: [0, 0, 0, 5, 4, 7, 3, 8, 5, 7, 2, 4, 0, 0, 0]
Supplies: [3, 0, 0, 0, 0, 0, 0, -3]
------------------- Minimizing Lost Sales ----------------------------
Total Minimum cost = 11
Worker 1 assigned to Station 2, capable of 16 units; Deficit = 4
Worker 2 assigned to Station 1, capable of 15 units; Deficit = 3
Worker 3 assigned to Station 3, capable of 16 units; Deficit = 4
---------------------------------------------------------------------
Station 1 practically produces 15 units
Station 2 practically produces 16 units
Station 3 practically produces 16 units
------------------- Minimizing Standard Deviation --------------------
Total Minimum cost = 3310
Worker 1 assigned to Station 2, capable of 16 units; Deficit = 1163
Worker 2 assigned to Station 1, capable of 15 units; Deficit = 984
Worker 3 assigned to Station 3, capable of 16 units; Deficit = 1163
---------------------------------------------------------------------
Station 1 practically produces 15 units
Station 2 practically produces 16 units
Station 3 practically produces 16 units
WIP Inventory [0, 2, 0]
---------------------------------------------------------------------
Graph building time: 0.00036s
Solving time: 0.00026s
Total time: 0.00062s
======================================================================


Updated Skill Levels:--------------------------------------------------
worker ID: 1 Skill Levels: [15, 21, 4]
worker ID: 2 Skill Levels: [20, 3, 15]
worker ID: 3 Skill Levels: [4, 12, 22]
================== Solving for Time Step 4 ==========================
Graph Info:-----------------------------------------------------------
Worker IDs : [1, 2, 3]
Station IDs : [4, 5, 6]
Start Nodes: [0, 0, 0, 1, 1, 1, 2, 2, 2, 3, 3, 3, 4, 5, 6]
End Nodes: [1, 2, 3, 4, 5, 6, 4, 5, 6, 4, 5, 6, 7, 7, 7]
Capacities: [1, 1, 1, 1, 1, 1, 1, 1, 1, 1, 1, 1, 1, 1, 1]
Costs: [0, 0, 0, 1, 7, 10, 6, 11, 1, 10, 2, 8, 0, 0, 0]
Supplies: [3, 0, 0, 0, 0, 0, 0, -3]
------------------- Minimizing Lost Sales ----------------------------
Total Minimum cost = 4
Worker 1 assigned to Station 1, capable of 15 units; Deficit = 1
Worker 2 assigned to Station 3, capable of 15 units; Deficit = 1
Worker 3 assigned to Station 2, capable of 12 units; Deficit = 2
---------------------------------------------------------------------
Station 1 practically produces 15 units
Station 2 practically produces 12 units
Station 3 practically produces 12 units
------------------- Minimizing Standard Deviation --------------------
Total Minimum cost = 2876
Worker 1 assigned to Station 1, capable of 15 units; Deficit = 911
Worker 2 assigned to Station 3, capable of 15 units; Deficit = 911
Worker 3 assigned to Station 2, capable of 12 units; Deficit = 1054
---------------------------------------------------------------------
Station 1 practically produces 15 units
Station 2 practically produces 12 units
Station 3 practically produces 12 units
WIP Inventory [0, 5, 0]
---------------------------------------------------------------------
Graph building time: 0.00038s
Solving time: 0.00023s
Total time: 0.00061s
======================================================================


Updated Skill Levels:--------------------------------------------------
worker ID: 1 Skill Levels: [20, 19, 3]
worker ID: 2 Skill Levels: [17, 3, 22]
worker ID: 3 Skill Levels: [3, 18, 19]
================== Solving for Time Step 5 ==========================
Graph Info:-----------------------------------------------------------
Worker IDs : [1, 2, 3]
Station IDs : [4, 5, 6]
Start Nodes: [0, 0, 0, 1, 1, 1, 2, 2, 2, 3, 3, 3, 4, 5, 6]
End Nodes: [1, 2, 3, 4, 5, 6, 4, 5, 6, 4, 5, 6, 7, 7, 7]
Capacities: [1, 1, 1, 1, 1, 1, 1, 1, 1, 1, 1, 1, 1, 1, 1]
Costs: [0, 0, 0, 5, 4, 12, 2, 12, 7, 12, 3, 4, 0, 0, 0]
Supplies: [3, 0, 0, 0, 0, 0, 0, -3]
------------------- Minimizing Lost Sales ----------------------------
Total Minimum cost = 10
Worker 1 assigned to Station 2, capable of 19 units; Deficit = 4
Worker 2 assigned to Station 1, capable of 17 units; Deficit = 2
Worker 3 assigned to Station 3, capable of 19 units; Deficit = 4
---------------------------------------------------------------------
Station 1 practically produces 17 units
Station 2 practically produces 19 units
Station 3 practically produces 19 units
------------------- Minimizing Standard Deviation --------------------
Total Minimum cost = 3756
Worker 1 assigned to Station 3, capable of 3 units; Deficit = 1488
Worker 2 assigned to Station 1, capable of 17 units; Deficit = 1044
Worker 3 assigned to Station 2, capable of 18 units; Deficit = 1224
---------------------------------------------------------------------
Station 1 practically produces 17 units
Station 2 practically produces 18 units
Station 3 practically produces 3 units
WIP Inventory [0, 4, 15]
---------------------------------------------------------------------
Graph building time: 0.00038s
Solving time: 0.00026s
Total time: 0.00065s
======================================================================


Updated Skill Levels:--------------------------------------------------
worker ID: 1 Skill Levels: [18, 17, 15]
worker ID: 2 Skill Levels: [21, 3, 19]
worker ID: 3 Skill Levels: [3, 22, 16]
================== Solving for Time Step 6 ==========================
Graph Info:-----------------------------------------------------------
Worker IDs : [1, 2, 3]
Station IDs : [4, 5, 6]
Start Nodes: [0, 0, 0, 1, 1, 1, 2, 2, 2, 3, 3, 3, 4, 5, 6]
End Nodes: [1, 2, 3, 4, 5, 6, 4, 5, 6, 4, 5, 6, 7, 7, 7]
Capacities: [1, 1, 1, 1, 1, 1, 1, 1, 1, 1, 1, 1, 1, 1, 1]
Costs: [0, 0, 0, 2, 1, 1, 5, 13, 3, 13, 6, 0, 0, 0, 0]
Supplies: [3, 0, 0, 0, 0, 0, 0, -3]
------------------- Minimizing Lost Sales ----------------------------
Total Minimum cost = 6
Worker 1 assigned to Station 2, capable of 17 units; Deficit = 1
Worker 2 assigned to Station 1, capable of 21 units; Deficit = 5
Worker 3 assigned to Station 3, capable of 16 units; Deficit = 0
---------------------------------------------------------------------
Station 1 practically produces 21 units
Station 2 practically produces 17 units
Station 3 practically produces 16 units
------------------- Minimizing Standard Deviation --------------------
Total Minimum cost = 3489
Worker 1 assigned to Station 1, capable of 18 units; Deficit = 1074
Worker 2 assigned to Station 2, capable of 3 units; Deficit = 1475
Worker 3 assigned to Station 3, capable of 16 units; Deficit = 940
---------------------------------------------------------------------
Station 1 practically produces 18 units
Station 2 practically produces 3 units
Station 3 practically produces 16 units
WIP Inventory [0, 19, 2]
---------------------------------------------------------------------
Graph building time: 0.00037s
Solving time: 0.00024s
Total time: 0.00060s
======================================================================


Updated Skill Levels:--------------------------------------------------
worker ID: 1 Skill Levels: [22, 15, 13]
worker ID: 2 Skill Levels: [18, 13, 16]
worker ID: 3 Skill Levels: [3, 19, 22]
================== Solving for Time Step 7 ==========================
Graph Info:-----------------------------------------------------------
Worker IDs : [1, 2, 3]
Station IDs : [4, 5, 6]
Start Nodes: [0, 0, 0, 1, 1, 1, 2, 2, 2, 3, 3, 3, 4, 5, 6]
End Nodes: [1, 2, 3, 4, 5, 6, 4, 5, 6, 4, 5, 6, 7, 7, 7]
Capacities: [1, 1, 1, 1, 1, 1, 1, 1, 1, 1, 1, 1, 1, 1, 1]
Costs: [0, 0, 0, 3, 4, 6, 1, 6, 3, 16, 0, 3, 0, 0, 0]
Supplies: [3, 0, 0, 0, 0, 0, 0, -3]
------------------- Minimizing Lost Sales ----------------------------
Total Minimum cost = 6
Worker 1 assigned to Station 1, capable of 22 units; Deficit = 3
Worker 2 assigned to Station 3, capable of 16 units; Deficit = 3
Worker 3 assigned to Station 2, capable of 19 units; Deficit = 0
---------------------------------------------------------------------
Station 1 practically produces 22 units
Station 2 practically produces 19 units
Station 3 practically produces 16 units
------------------- Minimizing Standard Deviation --------------------
Total Minimum cost = 3306
Worker 1 assigned to Station 2, capable of 15 units; Deficit = 908
Worker 2 assigned to Station 3, capable of 16 units; Deficit = 938
Worker 3 assigned to Station 1, capable of 3 units; Deficit = 1460
---------------------------------------------------------------------
Station 1 practically produces 3 units
Station 2 practically produces 15 units
Station 3 practically produces 16 units
WIP Inventory [0, 7, 1]
---------------------------------------------------------------------
Graph building time: 0.00034s
Solving time: 0.00027s
Total time: 0.00061s
======================================================================


Updated Skill Levels:--------------------------------------------------
worker ID: 1 Skill Levels: [20, 20, 11]
worker ID: 2 Skill Levels: [16, 11, 22]
worker ID: 3 Skill Levels: [12, 16, 19]
================== Solving for Time Step 8 ==========================
Graph Info:-----------------------------------------------------------
Worker IDs : [1, 2, 3]
Station IDs : [4, 5, 6]
Start Nodes: [0, 0, 0, 1, 1, 1, 2, 2, 2, 3, 3, 3, 4, 5, 6]
End Nodes: [1, 2, 3, 4, 5, 6, 4, 5, 6, 4, 5, 6, 7, 7, 7]
Capacities: [1, 1, 1, 1, 1, 1, 1, 1, 1, 1, 1, 1, 1, 1, 1]
Costs: [0, 0, 0, 2, 2, 11, 6, 11, 0, 10, 6, 3, 0, 0, 0]
Supplies: [3, 0, 0, 0, 0, 0, 0, -3]
------------------- Minimizing Lost Sales ----------------------------
Total Minimum cost = 8
Worker 1 assigned to Station 1, capable of 20 units; Deficit = 2
Worker 2 assigned to Station 3, capable of 22 units; Deficit = 0
Worker 3 assigned to Station 2, capable of 16 units; Deficit = 6
---------------------------------------------------------------------
Station 1 practically produces 20 units
Station 2 practically produces 16 units
Station 3 practically produces 17 units
------------------- Minimizing Standard Deviation --------------------
Total Minimum cost = 2939
Worker 1 assigned to Station 3, capable of 11 units; Deficit = 1079
Worker 2 assigned to Station 1, capable of 16 units; Deficit = 930
Worker 3 assigned to Station 2, capable of 16 units; Deficit = 930
---------------------------------------------------------------------
Station 1 practically produces 16 units
Station 2 practically produces 16 units
Station 3 practically produces 11 units
WIP Inventory [0, 7, 6]
---------------------------------------------------------------------
Graph building time: 0.00034s
Solving time: 0.00024s
Total time: 0.00058s
======================================================================


Updated Skill Levels:--------------------------------------------------
worker ID: 1 Skill Levels: [18, 18, 20]
worker ID: 2 Skill Levels: [21, 9, 19]
worker ID: 3 Skill Levels: [10, 20, 16]
================== Solving for Time Step 9 ==========================
Graph Info:-----------------------------------------------------------
Worker IDs : [1, 2, 3]
Station IDs : [4, 5, 6]
Start Nodes: [0, 0, 0, 1, 1, 1, 2, 2, 2, 3, 3, 3, 4, 5, 6]
End Nodes: [1, 2, 3, 4, 5, 6, 4, 5, 6, 4, 5, 6, 7, 7, 7]
Capacities: [1, 1, 1, 1, 1, 1, 1, 1, 1, 1, 1, 1, 1, 1, 1]
Costs: [0, 0, 0, 0, 0, 2, 3, 9, 1, 8, 2, 2, 0, 0, 0]
Supplies: [3, 0, 0, 0, 0, 0, 0, -3]
------------------- Minimizing Lost Sales ----------------------------
Total Minimum cost = 3
Worker 1 assigned to Station 1, capable of 18 units; Deficit = 0
Worker 2 assigned to Station 3, capable of 19 units; Deficit = 1
Worker 3 assigned to Station 2, capable of 20 units; Deficit = 2
---------------------------------------------------------------------
Station 1 practically produces 18 units
Station 2 practically produces 20 units
Station 3 practically produces 19 units
------------------- Minimizing Standard Deviation --------------------
Total Minimum cost = 3162
Worker 1 assigned to Station 1, capable of 18 units; Deficit = 1070
Worker 2 assigned to Station 2, capable of 9 units; Deficit = 1162
Worker 3 assigned to Station 3, capable of 16 units; Deficit = 930
---------------------------------------------------------------------
Station 1 practically produces 18 units
Station 2 practically produces 9 units
Station 3 practically produces 15 units
WIP Inventory [0, 16, 0]
---------------------------------------------------------------------
Graph building time: 0.00034s
Solving time: 0.00025s
Total time: 0.00059s
======================================================================


Updated Skill Levels:--------------------------------------------------
worker ID: 1 Skill Levels: [22, 16, 18]
worker ID: 2 Skill Levels: [18, 16, 16]
worker ID: 3 Skill Levels: [8, 17, 22]
================== Solving for Time Step 10 ==========================
Graph Info:-----------------------------------------------------------
Worker IDs : [1, 2, 3]
Station IDs : [4, 5, 6]
Start Nodes: [0, 0, 0, 1, 1, 1, 2, 2, 2, 3, 3, 3, 4, 5, 6]
End Nodes: [1, 2, 3, 4, 5, 6, 4, 5, 6, 4, 5, 6, 7, 7, 7]
Capacities: [1, 1, 1, 1, 1, 1, 1, 1, 1, 1, 1, 1, 1, 1, 1]
Costs: [0, 0, 0, 4, 2, 0, 0, 2, 2, 10, 1, 4, 0, 0, 0]
Supplies: [3, 0, 0, 0, 0, 0, 0, -3]
------------------- Minimizing Lost Sales ----------------------------
Total Minimum cost = 1
Worker 1 assigned to Station 3, capable of 18 units; Deficit = 0
Worker 2 assigned to Station 1, capable of 18 units; Deficit = 0
Worker 3 assigned to Station 2, capable of 17 units; Deficit = 1
---------------------------------------------------------------------
Station 1 practically produces 18 units
Station 2 practically produces 17 units
Station 3 practically produces 17 units
------------------- Minimizing Standard Deviation --------------------
Total Minimum cost = 3046
Worker 1 assigned to Station 2, capable of 16 units; Deficit = 926
Worker 2 assigned to Station 3, capable of 16 units; Deficit = 926
Worker 3 assigned to Station 1, capable of 8 units; Deficit = 1194
---------------------------------------------------------------------
Station 1 practically produces 8 units
Station 2 practically produces 16 units
Station 3 practically produces 16 units
WIP Inventory [0, 8, 0]
---------------------------------------------------------------------
Graph building time: 0.00033s
Solving time: 0.00024s
Total time: 0.00057s
======================================================================


Updated Skill Levels:--------------------------------------------------
worker ID: 1 Skill Levels: [20, 21, 16]
worker ID: 2 Skill Levels: [16, 14, 22]
worker ID: 3 Skill Levels: [15, 14, 19]
================== Solving for Time Step 11 ==========================
Graph Info:-----------------------------------------------------------
Worker IDs : [1, 2, 3]
Station IDs : [4, 5, 6]
Start Nodes: [0, 0, 0, 1, 1, 1, 2, 2, 2, 3, 3, 3, 4, 5, 6]
End Nodes: [1, 2, 3, 4, 5, 6, 4, 5, 6, 4, 5, 6, 7, 7, 7]
Capacities: [1, 1, 1, 1, 1, 1, 1, 1, 1, 1, 1, 1, 1, 1, 1]
Costs: [0, 0, 0, 3, 4, 1, 1, 3, 5, 2, 3, 2, 0, 0, 0]
Supplies: [3, 0, 0, 0, 0, 0, 0, -3]
------------------- Minimizing Lost Sales ----------------------------
Total Minimum cost = 5
Worker 1 assigned to Station 3, capable of 16 units; Deficit = 1
Worker 2 assigned to Station 1, capable of 16 units; Deficit = 1
Worker 3 assigned to Station 2, capable of 14 units; Deficit = 3
---------------------------------------------------------------------
Station 1 practically produces 16 units
Station 2 practically produces 14 units
Station 3 practically produces 14 units
------------------- Minimizing Standard Deviation --------------------
Total Minimum cost = 2744
Worker 1 assigned to Station 3, capable of 16 units; Deficit = 925
Worker 2 assigned to Station 2, capable of 14 units; Deficit = 930
Worker 3 assigned to Station 1, capable of 15 units; Deficit = 889
---------------------------------------------------------------------
Station 1 practically produces 15 units
Station 2 practically produces 14 units
Station 3 practically produces 14 units
WIP Inventory [0, 9, 0]
---------------------------------------------------------------------
Graph building time: 0.00033s
Solving time: 0.00025s
Total time: 0.00059s
======================================================================


Updated Skill Levels:--------------------------------------------------
worker ID: 1 Skill Levels: [18, 19, 23]
worker ID: 2 Skill Levels: [14, 19, 19]
worker ID: 3 Skill Levels: [20, 12, 16]
================== Solving for Time Step 12 ==========================
Graph Info:-----------------------------------------------------------
Worker IDs : [1, 2, 3]
Station IDs : [4, 5, 6]
Start Nodes: [0, 0, 0, 1, 1, 1, 2, 2, 2, 3, 3, 3, 4, 5, 6]
End Nodes: [1, 2, 3, 4, 5, 6, 4, 5, 6, 4, 5, 6, 7, 7, 7]
Capacities: [1, 1, 1, 1, 1, 1, 1, 1, 1, 1, 1, 1, 1, 1, 1]
Costs: [0, 0, 0, 3, 4, 8, 1, 4, 4, 5, 3, 1, 0, 0, 0]
Supplies: [3, 0, 0, 0, 0, 0, 0, -3]
------------------- Minimizing Lost Sales ----------------------------
Total Minimum cost = 6
Worker 1 assigned to Station 2, capable of 19 units; Deficit = 4
Worker 2 assigned to Station 1, capable of 14 units; Deficit = 1
Worker 3 assigned to Station 3, capable of 16 units; Deficit = 1
---------------------------------------------------------------------
Station 1 practically produces 14 units
Station 2 practically produces 19 units
Station 3 practically produces 16 units
------------------- Minimizing Standard Deviation --------------------
Total Minimum cost = 2578
Worker 1 assigned to Station 1, capable of 18 units; Deficit = 770
Worker 2 assigned to Station 2, capable of 19 units; Deficit = 959
Worker 3 assigned to Station 3, capable of 16 units; Deficit = 849
---------------------------------------------------------------------
Station 1 practically produces 18 units
Station 2 practically produces 19 units
Station 3 practically produces 16 units
WIP Inventory [0, 8, 3]
---------------------------------------------------------------------
Graph building time: 0.00036s
Solving time: 0.00027s
Total time: 0.00063s
======================================================================


Updated Skill Levels:--------------------------------------------------
worker ID: 1 Skill Levels: [22, 17, 21]
worker ID: 2 Skill Levels: [12, 23, 16]
worker ID: 3 Skill Levels: [17, 10, 22]
================== Solving for Time Step 13 ==========================
Graph Info:-----------------------------------------------------------
Worker IDs : [1, 2, 3]
Station IDs : [4, 5, 6]
Start Nodes: [0, 0, 0, 1, 1, 1, 2, 2, 2, 3, 3, 3, 4, 5, 6]
End Nodes: [1, 2, 3, 4, 5, 6, 4, 5, 6, 4, 5, 6, 7, 7, 7]
Capacities: [1, 1, 1, 1, 1, 1, 1, 1, 1, 1, 1, 1, 1, 1, 1]
Costs: [0, 0, 0, 4, 1, 3, 6, 5, 2, 1, 8, 4, 0, 0, 0]
Supplies: [3, 0, 0, 0, 0, 0, 0, -3]
------------------- Minimizing Lost Sales ----------------------------
Total Minimum cost = 4
Worker 1 assigned to Station 2, capable of 17 units; Deficit = 1
Worker 2 assigned to Station 3, capable of 16 units; Deficit = 2
Worker 3 assigned to Station 1, capable of 17 units; Deficit = 1
---------------------------------------------------------------------
Station 1 practically produces 17 units
Station 2 practically produces 17 units
Station 3 practically produces 16 units
------------------- Minimizing Standard Deviation --------------------
Total Minimum cost = 2463
Worker 1 assigned to Station 2, capable of 17 units; Deficit = 808
Worker 2 assigned to Station 3, capable of 16 units; Deficit = 847
Worker 3 assigned to Station 1, capable of 17 units; Deficit = 808
---------------------------------------------------------------------
Station 1 practically produces 17 units
Station 2 practically produces 17 units
Station 3 practically produces 16 units
WIP Inventory [0, 8, 4]
---------------------------------------------------------------------
Graph building time: 0.00036s
Solving time: 0.00024s
Total time: 0.00059s
======================================================================


Updated Skill Levels:--------------------------------------------------
worker ID: 1 Skill Levels: [20, 22, 19]
worker ID: 2 Skill Levels: [10, 20, 22]
worker ID: 3 Skill Levels: [21, 8, 19]
================== Solving for Time Step 14 ==========================
Graph Info:-----------------------------------------------------------
Worker IDs : [1, 2, 3]
Station IDs : [4, 5, 6]
Start Nodes: [0, 0, 0, 1, 1, 1, 2, 2, 2, 3, 3, 3, 4, 5, 6]
End Nodes: [1, 2, 3, 4, 5, 6, 4, 5, 6, 4, 5, 6, 7, 7, 7]
Capacities: [1, 1, 1, 1, 1, 1, 1, 1, 1, 1, 1, 1, 1, 1, 1]
Costs: [0, 0, 0, 2, 4, 1, 8, 2, 4, 3, 10, 1, 0, 0, 0]
Supplies: [3, 0, 0, 0, 0, 0, 0, -3]
------------------- Minimizing Lost Sales ----------------------------
Total Minimum cost = 5
Worker 1 assigned to Station 1, capable of 20 units; Deficit = 2
Worker 2 assigned to Station 2, capable of 20 units; Deficit = 2
Worker 3 assigned to Station 3, capable of 19 units; Deficit = 1
---------------------------------------------------------------------
Station 1 practically produces 20 units
Station 2 practically produces 20 units
Station 3 practically produces 19 units
------------------- Minimizing Standard Deviation --------------------
Total Minimum cost = 2497
Worker 1 assigned to Station 1, capable of 20 units; Deficit = 845
Worker 2 assigned to Station 2, capable of 20 units; Deficit = 845
Worker 3 assigned to Station 3, capable of 19 units; Deficit = 807
---------------------------------------------------------------------
Station 1 practically produces 20 units
Station 2 practically produces 20 units
Station 3 practically produces 19 units
WIP Inventory [0, 8, 5]
---------------------------------------------------------------------
Graph building time: 0.00032s
Solving time: 0.00025s
Total time: 0.00057s
======================================================================


Updated Skill Levels:--------------------------------------------------
worker ID: 1 Skill Levels: [23, 20, 17]
worker ID: 2 Skill Levels: [8, 23, 19]
worker ID: 3 Skill Levels: [18, 6, 24]
================== Solving for Time Step 15 ==========================
Graph Info:-----------------------------------------------------------
Worker IDs : [1, 2, 3]
Station IDs : [4, 5, 6]
Start Nodes: [0, 0, 0, 1, 1, 1, 2, 2, 2, 3, 3, 3, 4, 5, 6]
End Nodes: [1, 2, 3, 4, 5, 6, 4, 5, 6, 4, 5, 6, 7, 7, 7]
Capacities: [1, 1, 1, 1, 1, 1, 1, 1, 1, 1, 1, 1, 1, 1, 1]
Costs: [0, 0, 0, 5, 2, 1, 10, 5, 1, 0, 12, 6, 0, 0, 0]
Supplies: [3, 0, 0, 0, 0, 0, 0, -3]
------------------- Minimizing Lost Sales ----------------------------
Total Minimum cost = 3
Worker 1 assigned to Station 2, capable of 20 units; Deficit = 2
Worker 2 assigned to Station 3, capable of 19 units; Deficit = 1
Worker 3 assigned to Station 1, capable of 18 units; Deficit = 0
---------------------------------------------------------------------
Station 1 practically produces 18 units
Station 2 practically produces 20 units
Station 3 practically produces 19 units
------------------- Minimizing Standard Deviation --------------------
Total Minimum cost = 2198
Worker 1 assigned to Station 2, capable of 20 units; Deficit = 696
Worker 2 assigned to Station 3, capable of 19 units; Deficit = 732
Worker 3 assigned to Station 1, capable of 18 units; Deficit = 770
---------------------------------------------------------------------
Station 1 practically produces 18 units
Station 2 practically produces 20 units
Station 3 practically produces 19 units
WIP Inventory [0, 6, 6]
---------------------------------------------------------------------
Graph building time: 0.00036s
Solving time: 0.00025s
Total time: 0.00061s
======================================================================


Updated Skill Levels:--------------------------------------------------
worker ID: 1 Skill Levels: [21, 23, 15]
worker ID: 2 Skill Levels: [7, 20, 24]
worker ID: 3 Skill Levels: [22, 5, 20]
================== Solving for Time Step 16 ==========================
Graph Info:-----------------------------------------------------------
Worker IDs : [1, 2, 3]
Station IDs : [4, 5, 6]
Start Nodes: [0, 0, 0, 1, 1, 1, 2, 2, 2, 3, 3, 3, 4, 5, 6]
End Nodes: [1, 2, 3, 4, 5, 6, 4, 5, 6, 4, 5, 6, 7, 7, 7]
Capacities: [1, 1, 1, 1, 1, 1, 1, 1, 1, 1, 1, 1, 1, 1, 1]
Costs: [0, 0, 0, 0, 2, 6, 14, 1, 3, 1, 16, 1, 0, 0, 0]
Supplies: [3, 0, 0, 0, 0, 0, 0, -3]
------------------- Minimizing Lost Sales ----------------------------
Total Minimum cost = 2
Worker 1 assigned to Station 1, capable of 21 units; Deficit = 0
Worker 2 assigned to Station 2, capable of 20 units; Deficit = 1
Worker 3 assigned to Station 3, capable of 20 units; Deficit = 1
---------------------------------------------------------------------
Station 1 practically produces 21 units
Station 2 practically produces 20 units
Station 3 practically produces 20 units
------------------- Minimizing Standard Deviation --------------------
Total Minimum cost = 2122
Worker 1 assigned to Station 1, capable of 21 units; Deficit = 734
Worker 2 assigned to Station 2, capable of 20 units; Deficit = 694
Worker 3 assigned to Station 3, capable of 20 units; Deficit = 694
---------------------------------------------------------------------
Station 1 practically produces 21 units
Station 2 practically produces 20 units
Station 3 practically produces 20 units
WIP Inventory [0, 7, 6]
---------------------------------------------------------------------
Graph building time: 0.00032s
Solving time: 0.00024s
Total time: 0.00055s
======================================================================


Updated Skill Levels:--------------------------------------------------
worker ID: 1 Skill Levels: [24, 21, 13]
worker ID: 2 Skill Levels: [6, 23, 21]
worker ID: 3 Skill Levels: [19, 4, 25]
================== Solving for Time Step 17 ==========================
Graph Info:-----------------------------------------------------------
Worker IDs : [1, 2, 3]
Station IDs : [4, 5, 6]
Start Nodes: [0, 0, 0, 1, 1, 1, 2, 2, 2, 3, 3, 3, 4, 5, 6]
End Nodes: [1, 2, 3, 4, 5, 6, 4, 5, 6, 4, 5, 6, 7, 7, 7]
Capacities: [1, 1, 1, 1, 1, 1, 1, 1, 1, 1, 1, 1, 1, 1, 1]
Costs: [0, 0, 0, 4, 1, 7, 14, 3, 1, 1, 16, 5, 0, 0, 0]
Supplies: [3, 0, 0, 0, 0, 0, 0, -3]
------------------- Minimizing Lost Sales ----------------------------
Total Minimum cost = 3
Worker 1 assigned to Station 2, capable of 21 units; Deficit = 1
Worker 2 assigned to Station 3, capable of 21 units; Deficit = 1
Worker 3 assigned to Station 1, capable of 19 units; Deficit = 1
---------------------------------------------------------------------
Station 1 practically produces 19 units
Station 2 practically produces 21 units
Station 3 practically produces 21 units
------------------- Minimizing Standard Deviation --------------------
Total Minimum cost = 2048
Worker 1 assigned to Station 2, capable of 21 units; Deficit = 659
Worker 2 assigned to Station 3, capable of 21 units; Deficit = 659
Worker 3 assigned to Station 1, capable of 19 units; Deficit = 730
---------------------------------------------------------------------
Station 1 practically produces 19 units
Station 2 practically produces 21 units
Station 3 practically produces 21 units
WIP Inventory [0, 5, 6]
---------------------------------------------------------------------
Graph building time: 0.00031s
Solving time: 0.00024s
Total time: 0.00055s
======================================================================


Updated Skill Levels:--------------------------------------------------
worker ID: 1 Skill Levels: [21, 24, 11]
worker ID: 2 Skill Levels: [5, 20, 25]
worker ID: 3 Skill Levels: [22, 3, 21]
================== Solving for Time Step 18 ==========================
Graph Info:-----------------------------------------------------------
Worker IDs : [1, 2, 3]
Station IDs : [4, 5, 6]
Start Nodes: [0, 0, 0, 1, 1, 1, 2, 2, 2, 3, 3, 3, 4, 5, 6]
End Nodes: [1, 2, 3, 4, 5, 6, 4, 5, 6, 4, 5, 6, 7, 7, 7]
Capacities: [1, 1, 1, 1, 1, 1, 1, 1, 1, 1, 1, 1, 1, 1, 1]
Costs: [0, 0, 0, 0, 3, 10, 16, 1, 4, 1, 18, 0, 0, 0, 0]
Supplies: [3, 0, 0, 0, 0, 0, 0, -3]
------------------- Minimizing Lost Sales ----------------------------
Total Minimum cost = 1
Worker 1 assigned to Station 1, capable of 21 units; Deficit = 0
Worker 2 assigned to Station 2, capable of 20 units; Deficit = 1
Worker 3 assigned to Station 3, capable of 21 units; Deficit = 0
---------------------------------------------------------------------
Station 1 practically produces 21 units
Station 2 practically produces 20 units
Station 3 practically produces 21 units
------------------- Minimizing Standard Deviation --------------------
Total Minimum cost = 2011
Worker 1 assigned to Station 1, capable of 21 units; Deficit = 659
Worker 2 assigned to Station 2, capable of 20 units; Deficit = 693
Worker 3 assigned to Station 3, capable of 21 units; Deficit = 659
---------------------------------------------------------------------
Station 1 practically produces 21 units
Station 2 practically produces 20 units
Station 3 practically produces 21 units
WIP Inventory [0, 6, 5]
---------------------------------------------------------------------
Graph building time: 0.00031s
Solving time: 0.00024s
Total time: 0.00055s
======================================================================


Updated Skill Levels:--------------------------------------------------
worker ID: 1 Skill Levels: [24, 21, 10]
worker ID: 2 Skill Levels: [4, 23, 22]
worker ID: 3 Skill Levels: [19, 3, 25]
================== Solving for Time Step 19 ==========================
Graph Info:-----------------------------------------------------------
Worker IDs : [1, 2, 3]
Station IDs : [4, 5, 6]
Start Nodes: [0, 0, 0, 1, 1, 1, 2, 2, 2, 3, 3, 3, 4, 5, 6]
End Nodes: [1, 2, 3, 4, 5, 6, 4, 5, 6, 4, 5, 6, 7, 7, 7]
Capacities: [1, 1, 1, 1, 1, 1, 1, 1, 1, 1, 1, 1, 1, 1, 1]
Costs: [0, 0, 0, 2, 1, 12, 18, 1, 0, 3, 19, 3, 0, 0, 0]
Supplies: [3, 0, 0, 0, 0, 0, 0, -3]
------------------- Minimizing Lost Sales ----------------------------
Total Minimum cost = 4
Worker 1 assigned to Station 2, capable of 21 units; Deficit = 1
Worker 2 assigned to Station 3, capable of 22 units; Deficit = 0
Worker 3 assigned to Station 1, capable of 19 units; Deficit = 3
---------------------------------------------------------------------
Station 1 practically produces 19 units
Station 2 practically produces 21 units
Station 3 practically produces 22 units
------------------- Minimizing Standard Deviation --------------------
Total Minimum cost = 1990
Worker 1 assigned to Station 1, capable of 24 units; Deficit = 638
Worker 2 assigned to Station 2, capable of 23 units; Deficit = 594
Worker 3 assigned to Station 3, capable of 25 units; Deficit = 758
---------------------------------------------------------------------
Station 1 practically produces 24 units
Station 2 practically produces 23 units
Station 3 practically produces 25 units
WIP Inventory [0, 7, 3]
---------------------------------------------------------------------
Graph building time: 0.00031s
Solving time: 0.00026s
Total time: 0.00056s
======================================================================


Updated Skill Levels:--------------------------------------------------
worker ID: 1 Skill Levels: [26, 19, 9]
worker ID: 2 Skill Levels: [3, 25, 19]
worker ID: 3 Skill Levels: [16, 3, 28]
================== Solving for Time Step 20 ==========================
Graph Info:-----------------------------------------------------------
Worker IDs : [1, 2, 3]
Station IDs : [4, 5, 6]
Start Nodes: [0, 0, 0, 1, 1, 1, 2, 2, 2, 3, 3, 3, 4, 5, 6]
End Nodes: [1, 2, 3, 4, 5, 6, 4, 5, 6, 4, 5, 6, 7, 7, 7]
Capacities: [1, 1, 1, 1, 1, 1, 1, 1, 1, 1, 1, 1, 1, 1, 1]
Costs: [0, 0, 0, 3, 4, 14, 20, 2, 4, 7, 20, 5, 0, 0, 0]
Supplies: [3, 0, 0, 0, 0, 0, 0, -3]
------------------- Minimizing Lost Sales ----------------------------
Total Minimum cost = 10
Worker 1 assigned to Station 1, capable of 26 units; Deficit = 3
Worker 2 assigned to Station 2, capable of 25 units; Deficit = 2
Worker 3 assigned to Station 3, capable of 28 units; Deficit = 5
---------------------------------------------------------------------
Station 1 practically produces 26 units
Station 2 practically produces 25 units
Station 3 practically produces 28 units
------------------- Minimizing Standard Deviation --------------------
Total Minimum cost = 2142
Worker 1 assigned to Station 1, capable of 26 units; Deficit = 648
Worker 2 assigned to Station 2, capable of 25 units; Deficit = 605
Worker 3 assigned to Station 3, capable of 28 units; Deficit = 889
---------------------------------------------------------------------
Station 1 practically produces 26 units
Station 2 practically produces 25 units
Station 3 practically produces 28 units
WIP Inventory [0, 8, 0]
---------------------------------------------------------------------
Graph building time: 0.00032s
Solving time: 0.00025s
Total time: 0.00057s
======================================================================


Updated Skill Levels:--------------------------------------------------
worker ID: 1 Skill Levels: [27, 17, 8]
worker ID: 2 Skill Levels: [3, 26, 16]
worker ID: 3 Skill Levels: [13, 3, 30]
================== Solving for Time Step 21 ==========================
Graph Info:-----------------------------------------------------------
Worker IDs : [1, 2, 3]
Station IDs : [4, 5, 6]
Start Nodes: [0, 0, 0, 1, 1, 1, 2, 2, 2, 3, 3, 3, 4, 5, 6]
End Nodes: [1, 2, 3, 4, 5, 6, 4, 5, 6, 4, 5, 6, 7, 7, 7]
Capacities: [1, 1, 1, 1, 1, 1, 1, 1, 1, 1, 1, 1, 1, 1, 1]
Costs: [0, 0, 0, 3, 7, 16, 21, 2, 8, 11, 21, 6, 0, 0, 0]
Supplies: [3, 0, 0, 0, 0, 0, 0, -3]
------------------- Minimizing Lost Sales ----------------------------
Total Minimum cost = 11
Worker 1 assigned to Station 1, capable of 27 units; Deficit = 3
Worker 2 assigned to Station 2, capable of 26 units; Deficit = 2
Worker 3 assigned to Station 3, capable of 30 units; Deficit = 6
---------------------------------------------------------------------
Station 1 practically produces 27 units
Station 2 practically produces 26 units
Station 3 practically produces 26 units
------------------- Minimizing Standard Deviation --------------------
Total Minimum cost = 1874
Worker 1 assigned to Station 1, capable of 27 units; Deficit = 543
Worker 2 assigned to Station 2, capable of 26 units; Deficit = 498
Worker 3 assigned to Station 3, capable of 30 units; Deficit = 833
---------------------------------------------------------------------
Station 1 practically produces 27 units
Station 2 practically produces 26 units
Station 3 practically produces 26 units
WIP Inventory [0, 9, 0]
---------------------------------------------------------------------
Graph building time: 0.00033s
Solving time: 0.00023s
Total time: 0.00056s
======================================================================


Updated Skill Levels:--------------------------------------------------
worker ID: 1 Skill Levels: [28, 15, 7]
worker ID: 2 Skill Levels: [3, 27, 14]
worker ID: 3 Skill Levels: [11, 3, 31]
================== Solving for Time Step 22 ==========================
Graph Info:-----------------------------------------------------------
Worker IDs : [1, 2, 3]
Station IDs : [4, 5, 6]
Start Nodes: [0, 0, 0, 1, 1, 1, 2, 2, 2, 3, 3, 3, 4, 5, 6]
End Nodes: [1, 2, 3, 4, 5, 6, 4, 5, 6, 4, 5, 6, 7, 7, 7]
Capacities: [1, 1, 1, 1, 1, 1, 1, 1, 1, 1, 1, 1, 1, 1, 1]
Costs: [0, 0, 0, 2, 11, 19, 23, 1, 12, 15, 23, 5, 0, 0, 0]
Supplies: [3, 0, 0, 0, 0, 0, 0, -3]
------------------- Minimizing Lost Sales ----------------------------
Total Minimum cost = 8
Worker 1 assigned to Station 1, capable of 28 units; Deficit = 2
Worker 2 assigned to Station 2, capable of 27 units; Deficit = 1
Worker 3 assigned to Station 3, capable of 31 units; Deficit = 5
---------------------------------------------------------------------
Station 1 practically produces 28 units
Station 2 practically produces 27 units
Station 3 practically produces 27 units
------------------- Minimizing Standard Deviation --------------------
Total Minimum cost = 1561
Worker 1 assigned to Station 1, capable of 28 units; Deficit = 438
Worker 2 assigned to Station 2, capable of 27 units; Deficit = 468
Worker 3 assigned to Station 3, capable of 31 units; Deficit = 655
---------------------------------------------------------------------
Station 1 practically produces 28 units
Station 2 practically produces 27 units
Station 3 practically produces 27 units
WIP Inventory [0, 10, 0]
---------------------------------------------------------------------
Graph building time: 0.00034s
Solving time: 0.00023s
Total time: 0.00057s
======================================================================


Updated Skill Levels:--------------------------------------------------
worker ID: 1 Skill Levels: [28, 13, 6]
worker ID: 2 Skill Levels: [3, 28, 12]
worker ID: 3 Skill Levels: [9, 3, 32]
================== Solving for Time Step 23 ==========================
Graph Info:-----------------------------------------------------------
Worker IDs : [1, 2, 3]
Station IDs : [4, 5, 6]
Start Nodes: [0, 0, 0, 1, 1, 1, 2, 2, 2, 3, 3, 3, 4, 5, 6]
End Nodes: [1, 2, 3, 4, 5, 6, 4, 5, 6, 4, 5, 6, 7, 7, 7]
Capacities: [1, 1, 1, 1, 1, 1, 1, 1, 1, 1, 1, 1, 1, 1, 1]
Costs: [0, 0, 0, 0, 15, 22, 25, 0, 16, 19, 25, 4, 0, 0, 0]
Supplies: [3, 0, 0, 0, 0, 0, 0, -3]
------------------- Minimizing Lost Sales ----------------------------
Total Minimum cost = 4
Worker 1 assigned to Station 1, capable of 28 units; Deficit = 0
Worker 2 assigned to Station 2, capable of 28 units; Deficit = 0
Worker 3 assigned to Station 3, capable of 32 units; Deficit = 4
---------------------------------------------------------------------
Station 1 practically produces 28 units
Station 2 practically produces 28 units
Station 3 practically produces 28 units
------------------- Minimizing Standard Deviation --------------------
Total Minimum cost = 1430
Worker 1 assigned to Station 1, capable of 28 units; Deficit = 438
Worker 2 assigned to Station 2, capable of 28 units; Deficit = 438
Worker 3 assigned to Station 3, capable of 32 units; Deficit = 554
---------------------------------------------------------------------
Station 1 practically produces 28 units
Station 2 practically produces 28 units
Station 3 practically produces 28 units
WIP Inventory [0, 10, 0]
---------------------------------------------------------------------
Graph building time: 0.00031s
Solving time: 0.00023s
Total time: 0.00054s
======================================================================


Updated Skill Levels:--------------------------------------------------
worker ID: 1 Skill Levels: [28, 11, 5]
worker ID: 2 Skill Levels: [3, 28, 10]
worker ID: 3 Skill Levels: [7, 3, 32]
================== Solving for Time Step 24 ==========================
Graph Info:-----------------------------------------------------------
Worker IDs : [1, 2, 3]
Station IDs : [4, 5, 6]
Start Nodes: [0, 0, 0, 1, 1, 1, 2, 2, 2, 3, 3, 3, 4, 5, 6]
End Nodes: [1, 2, 3, 4, 5, 6, 4, 5, 6, 4, 5, 6, 7, 7, 7]
Capacities: [1, 1, 1, 1, 1, 1, 1, 1, 1, 1, 1, 1, 1, 1, 1]
Costs: [0, 0, 0, 2, 19, 25, 27, 2, 20, 23, 27, 2, 0, 0, 0]
Supplies: [3, 0, 0, 0, 0, 0, 0, -3]
------------------- Minimizing Lost Sales ----------------------------
Total Minimum cost = 6
Worker 1 assigned to Station 1, capable of 28 units; Deficit = 2
Worker 2 assigned to Station 2, capable of 28 units; Deficit = 2
Worker 3 assigned to Station 3, capable of 32 units; Deficit = 2
---------------------------------------------------------------------
Station 1 practically produces 28 units
Station 2 practically produces 28 units
Station 3 practically produces 28 units
------------------- Minimizing Standard Deviation --------------------
Total Minimum cost = 1276
Worker 1 assigned to Station 1, capable of 28 units; Deficit = 436
Worker 2 assigned to Station 2, capable of 28 units; Deficit = 436
Worker 3 assigned to Station 3, capable of 32 units; Deficit = 404
---------------------------------------------------------------------
Station 1 practically produces 28 units
Station 2 practically produces 28 units
Station 3 practically produces 28 units
WIP Inventory [0, 10, 0]
---------------------------------------------------------------------
Graph building time: 0.00029s
Solving time: 0.00023s
Total time: 0.00052s
======================================================================


Updated Skill Levels:--------------------------------------------------
worker ID: 1 Skill Levels: [28, 10, 4]
worker ID: 2 Skill Levels: [3, 28, 8]
worker ID: 3 Skill Levels: [6, 3, 32]
================== Solving for Time Step 25 ==========================
Graph Info:-----------------------------------------------------------
Worker IDs : [1, 2, 3]
Station IDs : [4, 5, 6]
Start Nodes: [0, 0, 0, 1, 1, 1, 2, 2, 2, 3, 3, 3, 4, 5, 6]
End Nodes: [1, 2, 3, 4, 5, 6, 4, 5, 6, 4, 5, 6, 7, 7, 7]
Capacities: [1, 1, 1, 1, 1, 1, 1, 1, 1, 1, 1, 1, 1, 1, 1]
Costs: [0, 0, 0, 3, 21, 27, 28, 3, 23, 25, 28, 1, 0, 0, 0]
Supplies: [3, 0, 0, 0, 0, 0, 0, -3]
------------------- Minimizing Lost Sales ----------------------------
Total Minimum cost = 7
Worker 1 assigned to Station 1, capable of 28 units; Deficit = 3
Worker 2 assigned to Station 2, capable of 28 units; Deficit = 3
Worker 3 assigned to Station 3, capable of 32 units; Deficit = 1
---------------------------------------------------------------------
Station 1 practically produces 28 units
Station 2 practically produces 28 units
Station 3 practically produces 28 units
------------------- Minimizing Standard Deviation --------------------
Total Minimum cost = 1195
Worker 1 assigned to Station 1, capable of 28 units; Deficit = 433
Worker 2 assigned to Station 2, capable of 28 units; Deficit = 433
Worker 3 assigned to Station 3, capable of 32 units; Deficit = 329
---------------------------------------------------------------------
Station 1 practically produces 28 units
Station 2 practically produces 28 units
Station 3 practically produces 28 units
WIP Inventory [0, 10, 0]
---------------------------------------------------------------------
Graph building time: 0.00032s
Solving time: 0.00026s
Total time: 0.00058s
======================================================================


Updated Skill Levels:--------------------------------------------------
worker ID: 1 Skill Levels: [28, 9, 3]
worker ID: 2 Skill Levels: [3, 28, 7]
worker ID: 3 Skill Levels: [5, 3, 32]
================== Solving for Time Step 26 ==========================
Graph Info:-----------------------------------------------------------
Worker IDs : [1, 2, 3]
Station IDs : [4, 5, 6]
Start Nodes: [0, 0, 0, 1, 1, 1, 2, 2, 2, 3, 3, 3, 4, 5, 6]
End Nodes: [1, 2, 3, 4, 5, 6, 4, 5, 6, 4, 5, 6, 7, 7, 7]
Capacities: [1, 1, 1, 1, 1, 1, 1, 1, 1, 1, 1, 1, 1, 1, 1]
Costs: [0, 0, 0, 7, 26, 32, 32, 7, 28, 30, 32, 3, 0, 0, 0]
Supplies: [3, 0, 0, 0, 0, 0, 0, -3]
------------------- Minimizing Lost Sales ----------------------------
Total Minimum cost = 17
Worker 1 assigned to Station 1, capable of 28 units; Deficit = 7
Worker 2 assigned to Station 2, capable of 28 units; Deficit = 7
Worker 3 assigned to Station 3, capable of 32 units; Deficit = 3
---------------------------------------------------------------------
Station 1 practically produces 28 units
Station 2 practically produces 28 units
Station 3 practically produces 28 units
------------------- Minimizing Standard Deviation --------------------
Total Minimum cost = 1178
Worker 1 assigned to Station 1, capable of 28 units; Deficit = 426
Worker 2 assigned to Station 2, capable of 28 units; Deficit = 426
Worker 3 assigned to Station 3, capable of 32 units; Deficit = 326
---------------------------------------------------------------------
Station 1 practically produces 28 units
Station 2 practically produces 28 units
Station 3 practically produces 28 units
WIP Inventory [0, 10, 0]
---------------------------------------------------------------------
Graph building time: 0.00028s
Solving time: 0.00025s
Total time: 0.00053s
======================================================================


Updated Skill Levels:--------------------------------------------------
worker ID: 1 Skill Levels: [28, 8, 3]
worker ID: 2 Skill Levels: [3, 28, 6]
worker ID: 3 Skill Levels: [4, 3, 32]
================== Solving for Time Step 27 ==========================
Graph Info:-----------------------------------------------------------
Worker IDs : [1, 2, 3]
Station IDs : [4, 5, 6]
Start Nodes: [0, 0, 0, 1, 1, 1, 2, 2, 2, 3, 3, 3, 4, 5, 6]
End Nodes: [1, 2, 3, 4, 5, 6, 4, 5, 6, 4, 5, 6, 7, 7, 7]
Capacities: [1, 1, 1, 1, 1, 1, 1, 1, 1, 1, 1, 1, 1, 1, 1]
Costs: [0, 0, 0, 10, 30, 35, 35, 10, 32, 34, 35, 6, 0, 0, 0]
Supplies: [3, 0, 0, 0, 0, 0, 0, -3]
------------------- Minimizing Lost Sales ----------------------------
Total Minimum cost = 26
Worker 1 assigned to Station 1, capable of 28 units; Deficit = 10
Worker 2 assigned to Station 2, capable of 28 units; Deficit = 10
Worker 3 assigned to Station 3, capable of 32 units; Deficit = 6
---------------------------------------------------------------------
Station 1 practically produces 28 units
Station 2 practically produces 28 units
Station 3 practically produces 28 units
------------------- Minimizing Standard Deviation --------------------
Total Minimum cost = 1152
Worker 1 assigned to Station 1, capable of 28 units; Deficit = 416
Worker 2 assigned to Station 2, capable of 28 units; Deficit = 416
Worker 3 assigned to Station 3, capable of 32 units; Deficit = 320
---------------------------------------------------------------------
Station 1 practically produces 28 units
Station 2 practically produces 28 units
Station 3 practically produces 28 units
WIP Inventory [0, 10, 0]
---------------------------------------------------------------------
Graph building time: 0.00028s
Solving time: 0.00024s
Total time: 0.00052s
======================================================================


Updated Skill Levels:--------------------------------------------------
worker ID: 1 Skill Levels: [28, 7, 3]
worker ID: 2 Skill Levels: [3, 28, 5]
worker ID: 3 Skill Levels: [3, 3, 32]
================== Solving for Time Step 28 ==========================
Graph Info:-----------------------------------------------------------
Worker IDs : [1, 2, 3]
Station IDs : [4, 5, 6]
Start Nodes: [0, 0, 0, 1, 1, 1, 2, 2, 2, 3, 3, 3, 4, 5, 6]
End Nodes: [1, 2, 3, 4, 5, 6, 4, 5, 6, 4, 5, 6, 7, 7, 7]
Capacities: [1, 1, 1, 1, 1, 1, 1, 1, 1, 1, 1, 1, 1, 1, 1]
Costs: [0, 0, 0, 13, 34, 38, 38, 13, 36, 38, 38, 9, 0, 0, 0]
Supplies: [3, 0, 0, 0, 0, 0, 0, -3]
------------------- Minimizing Lost Sales ----------------------------
Total Minimum cost = 35
Worker 1 assigned to Station 1, capable of 28 units; Deficit = 13
Worker 2 assigned to Station 2, capable of 28 units; Deficit = 13
Worker 3 assigned to Station 3, capable of 32 units; Deficit = 9
---------------------------------------------------------------------
Station 1 practically produces 28 units
Station 2 practically produces 28 units
Station 3 practically produces 28 units
------------------- Minimizing Standard Deviation --------------------
Total Minimum cost = 1117
Worker 1 assigned to Station 1, capable of 28 units; Deficit = 403
Worker 2 assigned to Station 2, capable of 28 units; Deficit = 403
Worker 3 assigned to Station 3, capable of 32 units; Deficit = 311
---------------------------------------------------------------------
Station 1 practically produces 28 units
Station 2 practically produces 28 units
Station 3 practically produces 28 units
WIP Inventory [0, 10, 0]
---------------------------------------------------------------------
Graph building time: 0.00029s
Solving time: 0.00023s
Total time: 0.00053s
======================================================================


Updated Skill Levels:--------------------------------------------------
worker ID: 1 Skill Levels: [28, 6, 3]
worker ID: 2 Skill Levels: [3, 28, 4]
worker ID: 3 Skill Levels: [3, 3, 32]
================== Solving for Time Step 29 ==========================
Graph Info:-----------------------------------------------------------
Worker IDs : [1, 2, 3]
Station IDs : [4, 5, 6]
Start Nodes: [0, 0, 0, 1, 1, 1, 2, 2, 2, 3, 3, 3, 4, 5, 6]
End Nodes: [1, 2, 3, 4, 5, 6, 4, 5, 6, 4, 5, 6, 7, 7, 7]
Capacities: [1, 1, 1, 1, 1, 1, 1, 1, 1, 1, 1, 1, 1, 1, 1]
Costs: [0, 0, 0, 12, 34, 37, 37, 12, 36, 37, 37, 8, 0, 0, 0]
Supplies: [3, 0, 0, 0, 0, 0, 0, -3]
------------------- Minimizing Lost Sales ----------------------------
Total Minimum cost = 32
Worker 1 assigned to Station 1, capable of 28 units; Deficit = 12
Worker 2 assigned to Station 2, capable of 28 units; Deficit = 12
Worker 3 assigned to Station 3, capable of 32 units; Deficit = 8
---------------------------------------------------------------------
Station 1 practically produces 28 units
Station 2 practically produces 28 units
Station 3 practically produces 28 units
------------------- Minimizing Standard Deviation --------------------
Total Minimum cost = 1085
Worker 1 assigned to Station 1, capable of 28 units; Deficit = 391
Worker 2 assigned to Station 2, capable of 28 units; Deficit = 391
Worker 3 assigned to Station 3, capable of 32 units; Deficit = 303
---------------------------------------------------------------------
Station 1 practically produces 28 units
Station 2 practically produces 28 units
Station 3 practically produces 28 units
WIP Inventory [0, 10, 0]
---------------------------------------------------------------------
Graph building time: 0.00027s
Solving time: 0.00026s
Total time: 0.00053s
======================================================================


Updated Skill Levels:--------------------------------------------------
worker ID: 1 Skill Levels: [28, 5, 3]
worker ID: 2 Skill Levels: [3, 28, 3]
worker ID: 3 Skill Levels: [3, 3, 32]
================== Solving for Time Step 30 ==========================
Graph Info:-----------------------------------------------------------
Worker IDs : [1, 2, 3]
Station IDs : [4, 5, 6]
Start Nodes: [0, 0, 0, 1, 1, 1, 2, 2, 2, 3, 3, 3, 4, 5, 6]
End Nodes: [1, 2, 3, 4, 5, 6, 4, 5, 6, 4, 5, 6, 7, 7, 7]
Capacities: [1, 1, 1, 1, 1, 1, 1, 1, 1, 1, 1, 1, 1, 1, 1]
Costs: [0, 0, 0, 12, 35, 37, 37, 12, 37, 37, 37, 8, 0, 0, 0]
Supplies: [3, 0, 0, 0, 0, 0, 0, -3]
------------------- Minimizing Lost Sales ----------------------------
Total Minimum cost = 32
Worker 1 assigned to Station 1, capable of 28 units; Deficit = 12
Worker 2 assigned to Station 2, capable of 28 units; Deficit = 12
Worker 3 assigned to Station 3, capable of 32 units; Deficit = 8
---------------------------------------------------------------------
Station 1 practically produces 28 units
Station 2 practically produces 28 units
Station 3 practically produces 28 units
------------------- Minimizing Standard Deviation --------------------
Total Minimum cost = 1053
Worker 1 assigned to Station 1, capable of 28 units; Deficit = 379
Worker 2 assigned to Station 2, capable of 28 units; Deficit = 379
Worker 3 assigned to Station 3, capable of 32 units; Deficit = 295
---------------------------------------------------------------------
Station 1 practically produces 28 units
Station 2 practically produces 28 units
Station 3 practically produces 28 units
WIP Inventory [0, 10, 0]
---------------------------------------------------------------------
Graph building time: 0.00027s
Solving time: 0.00023s
Total time: 0.00050s
======================================================================


Updated Skill Levels:--------------------------------------------------
worker ID: 1 Skill Levels: [28, 4, 3]
worker ID: 2 Skill Levels: [3, 28, 3]
worker ID: 3 Skill Levels: [3, 3, 32]
================== Solving for Time Step 31 ==========================
Graph Info:-----------------------------------------------------------
Worker IDs : [1, 2, 3]
Station IDs : [4, 5, 6]
Start Nodes: [0, 0, 0, 1, 1, 1, 2, 2, 2, 3, 3, 3, 4, 5, 6]
End Nodes: [1, 2, 3, 4, 5, 6, 4, 5, 6, 4, 5, 6, 7, 7, 7]
Capacities: [1, 1, 1, 1, 1, 1, 1, 1, 1, 1, 1, 1, 1, 1, 1]
Costs: [0, 0, 0, 11, 35, 36, 36, 11, 36, 36, 36, 7, 0, 0, 0]
Supplies: [3, 0, 0, 0, 0, 0, 0, -3]
------------------- Minimizing Lost Sales ----------------------------
Total Minimum cost = 29
Worker 1 assigned to Station 1, capable of 28 units; Deficit = 11
Worker 2 assigned to Station 2, capable of 28 units; Deficit = 11
Worker 3 assigned to Station 3, capable of 32 units; Deficit = 7
---------------------------------------------------------------------
Station 1 practically produces 28 units
Station 2 practically produces 28 units
Station 3 practically produces 28 units
------------------- Minimizing Standard Deviation --------------------
Total Minimum cost = 1024
Worker 1 assigned to Station 1, capable of 28 units; Deficit = 368
Worker 2 assigned to Station 2, capable of 28 units; Deficit = 368
Worker 3 assigned to Station 3, capable of 32 units; Deficit = 288
---------------------------------------------------------------------
Station 1 practically produces 28 units
Station 2 practically produces 28 units
Station 3 practically produces 28 units
WIP Inventory [0, 10, 0]
---------------------------------------------------------------------
Graph building time: 0.00027s
Solving time: 0.00024s
Total time: 0.00051s
======================================================================


Updated Skill Levels:--------------------------------------------------
worker ID: 1 Skill Levels: [28, 3, 3]
worker ID: 2 Skill Levels: [3, 28, 3]
worker ID: 3 Skill Levels: [3, 3, 32]
================== Solving for Time Step 32 ==========================
Graph Info:-----------------------------------------------------------
Worker IDs : [1, 2, 3]
Station IDs : [4, 5, 6]
Start Nodes: [0, 0, 0, 1, 1, 1, 2, 2, 2, 3, 3, 3, 4, 5, 6]
End Nodes: [1, 2, 3, 4, 5, 6, 4, 5, 6, 4, 5, 6, 7, 7, 7]
Capacities: [1, 1, 1, 1, 1, 1, 1, 1, 1, 1, 1, 1, 1, 1, 1]
Costs: [0, 0, 0, 10, 35, 35, 35, 10, 35, 35, 35, 6, 0, 0, 0]
Supplies: [3, 0, 0, 0, 0, 0, 0, -3]
------------------- Minimizing Lost Sales ----------------------------
Total Minimum cost = 26
Worker 1 assigned to Station 1, capable of 28 units; Deficit = 10
Worker 2 assigned to Station 2, capable of 28 units; Deficit = 10
Worker 3 assigned to Station 3, capable of 32 units; Deficit = 6
---------------------------------------------------------------------
Station 1 practically produces 28 units
Station 2 practically produces 28 units
Station 3 practically produces 28 units
------------------- Minimizing Standard Deviation --------------------
Total Minimum cost = 998
Worker 1 assigned to Station 1, capable of 28 units; Deficit = 358
Worker 2 assigned to Station 2, capable of 28 units; Deficit = 358
Worker 3 assigned to Station 3, capable of 32 units; Deficit = 282
---------------------------------------------------------------------
Station 1 practically produces 28 units
Station 2 practically produces 28 units
Station 3 practically produces 28 units
WIP Inventory [0, 10, 0]
---------------------------------------------------------------------
Graph building time: 0.00028s
Solving time: 0.00025s
Total time: 0.00053s
======================================================================


Updated Skill Levels:--------------------------------------------------
worker ID: 1 Skill Levels: [28, 3, 3]
worker ID: 2 Skill Levels: [3, 28, 3]
worker ID: 3 Skill Levels: [3, 3, 32]
================== Solving for Time Step 33 ==========================
Graph Info:-----------------------------------------------------------
Worker IDs : [1, 2, 3]
Station IDs : [4, 5, 6]
Start Nodes: [0, 0, 0, 1, 1, 1, 2, 2, 2, 3, 3, 3, 4, 5, 6]
End Nodes: [1, 2, 3, 4, 5, 6, 4, 5, 6, 4, 5, 6, 7, 7, 7]
Capacities: [1, 1, 1, 1, 1, 1, 1, 1, 1, 1, 1, 1, 1, 1, 1]
Costs: [0, 0, 0, 11, 36, 36, 36, 11, 36, 36, 36, 7, 0, 0, 0]
Supplies: [3, 0, 0, 0, 0, 0, 0, -3]
------------------- Minimizing Lost Sales ----------------------------
Total Minimum cost = 29
Worker 1 assigned to Station 1, capable of 28 units; Deficit = 11
Worker 2 assigned to Station 2, capable of 28 units; Deficit = 11
Worker 3 assigned to Station 3, capable of 32 units; Deficit = 7
---------------------------------------------------------------------
Station 1 practically produces 28 units
Station 2 practically produces 28 units
Station 3 practically produces 28 units
------------------- Minimizing Standard Deviation --------------------
Total Minimum cost = 969
Worker 1 assigned to Station 1, capable of 28 units; Deficit = 347
Worker 2 assigned to Station 2, capable of 28 units; Deficit = 347
Worker 3 assigned to Station 3, capable of 32 units; Deficit = 275
---------------------------------------------------------------------
Station 1 practically produces 28 units
Station 2 practically produces 28 units
Station 3 practically produces 28 units
WIP Inventory [0, 10, 0]
---------------------------------------------------------------------
Graph building time: 0.00026s
Solving time: 0.00025s
Total time: 0.00051s
======================================================================


Updated Skill Levels:--------------------------------------------------
worker ID: 1 Skill Levels: [28, 3, 3]
worker ID: 2 Skill Levels: [3, 28, 3]
worker ID: 3 Skill Levels: [3, 3, 32]
================== Solving for Time Step 34 ==========================
Graph Info:-----------------------------------------------------------
Worker IDs : [1, 2, 3]
Station IDs : [4, 5, 6]
Start Nodes: [0, 0, 0, 1, 1, 1, 2, 2, 2, 3, 3, 3, 4, 5, 6]
End Nodes: [1, 2, 3, 4, 5, 6, 4, 5, 6, 4, 5, 6, 7, 7, 7]
Capacities: [1, 1, 1, 1, 1, 1, 1, 1, 1, 1, 1, 1, 1, 1, 1]
Costs: [0, 0, 0, 10, 35, 35, 35, 10, 35, 35, 35, 6, 0, 0, 0]
Supplies: [3, 0, 0, 0, 0, 0, 0, -3]
------------------- Minimizing Lost Sales ----------------------------
Total Minimum cost = 26
Worker 1 assigned to Station 1, capable of 28 units; Deficit = 10
Worker 2 assigned to Station 2, capable of 28 units; Deficit = 10
Worker 3 assigned to Station 3, capable of 32 units; Deficit = 6
---------------------------------------------------------------------
Station 1 practically produces 28 units
Station 2 practically produces 28 units
Station 3 practically produces 28 units
------------------- Minimizing Standard Deviation --------------------
Total Minimum cost = 943
Worker 1 assigned to Station 1, capable of 28 units; Deficit = 337
Worker 2 assigned to Station 2, capable of 28 units; Deficit = 337
Worker 3 assigned to Station 3, capable of 32 units; Deficit = 269
---------------------------------------------------------------------
Station 1 practically produces 28 units
Station 2 practically produces 28 units
Station 3 practically produces 28 units
WIP Inventory [0, 10, 0]
---------------------------------------------------------------------
Graph building time: 0.00027s
Solving time: 0.00029s
Total time: 0.00056s
======================================================================


Updated Skill Levels:--------------------------------------------------
worker ID: 1 Skill Levels: [28, 3, 3]
worker ID: 2 Skill Levels: [3, 28, 3]
worker ID: 3 Skill Levels: [3, 3, 32]
================== Solving for Time Step 35 ==========================
Graph Info:-----------------------------------------------------------
Worker IDs : [1, 2, 3]
Station IDs : [4, 5, 6]
Start Nodes: [0, 0, 0, 1, 1, 1, 2, 2, 2, 3, 3, 3, 4, 5, 6]
End Nodes: [1, 2, 3, 4, 5, 6, 4, 5, 6, 4, 5, 6, 7, 7, 7]
Capacities: [1, 1, 1, 1, 1, 1, 1, 1, 1, 1, 1, 1, 1, 1, 1]
Costs: [0, 0, 0, 13, 38, 38, 38, 13, 38, 38, 38, 9, 0, 0, 0]
Supplies: [3, 0, 0, 0, 0, 0, 0, -3]
------------------- Minimizing Lost Sales ----------------------------
Total Minimum cost = 35
Worker 1 assigned to Station 1, capable of 28 units; Deficit = 13
Worker 2 assigned to Station 2, capable of 28 units; Deficit = 13
Worker 3 assigned to Station 3, capable of 32 units; Deficit = 9
---------------------------------------------------------------------
Station 1 practically produces 28 units
Station 2 practically produces 28 units
Station 3 practically produces 28 units
------------------- Minimizing Standard Deviation --------------------
Total Minimum cost = 908
Worker 1 assigned to Station 1, capable of 28 units; Deficit = 324
Worker 2 assigned to Station 2, capable of 28 units; Deficit = 324
Worker 3 assigned to Station 3, capable of 32 units; Deficit = 260
---------------------------------------------------------------------
Station 1 practically produces 28 units
Station 2 practically produces 28 units
Station 3 practically produces 28 units
WIP Inventory [0, 10, 0]
---------------------------------------------------------------------
Graph building time: 0.00027s
Solving time: 0.00025s
Total time: 0.00053s
======================================================================


Updated Skill Levels:--------------------------------------------------
worker ID: 1 Skill Levels: [28, 3, 3]
worker ID: 2 Skill Levels: [3, 28, 3]
worker ID: 3 Skill Levels: [3, 3, 32]
================== Solving for Time Step 36 ==========================
Graph Info:-----------------------------------------------------------
Worker IDs : [1, 2, 3]
Station IDs : [4, 5, 6]
Start Nodes: [0, 0, 0, 1, 1, 1, 2, 2, 2, 3, 3, 3, 4, 5, 6]
End Nodes: [1, 2, 3, 4, 5, 6, 4, 5, 6, 4, 5, 6, 7, 7, 7]
Capacities: [1, 1, 1, 1, 1, 1, 1, 1, 1, 1, 1, 1, 1, 1, 1]
Costs: [0, 0, 0, 13, 38, 38, 38, 13, 38, 38, 38, 9, 0, 0, 0]
Supplies: [3, 0, 0, 0, 0, 0, 0, -3]
------------------- Minimizing Lost Sales ----------------------------
Total Minimum cost = 35
Worker 1 assigned to Station 1, capable of 28 units; Deficit = 13
Worker 2 assigned to Station 2, capable of 28 units; Deficit = 13
Worker 3 assigned to Station 3, capable of 32 units; Deficit = 9
---------------------------------------------------------------------
Station 1 practically produces 28 units
Station 2 practically produces 28 units
Station 3 practically produces 28 units
------------------- Minimizing Standard Deviation --------------------
Total Minimum cost = 873
Worker 1 assigned to Station 1, capable of 28 units; Deficit = 311
Worker 2 assigned to Station 2, capable of 28 units; Deficit = 311
Worker 3 assigned to Station 3, capable of 32 units; Deficit = 251
---------------------------------------------------------------------
Station 1 practically produces 28 units
Station 2 practically produces 28 units
Station 3 practically produces 28 units
WIP Inventory [0, 10, 0]
---------------------------------------------------------------------
Graph building time: 0.00028s
Solving time: 0.00023s
Total time: 0.00052s
======================================================================


Updated Skill Levels:--------------------------------------------------
worker ID: 1 Skill Levels: [28, 3, 3]
worker ID: 2 Skill Levels: [3, 28, 3]
worker ID: 3 Skill Levels: [3, 3, 32]
================== Solving for Time Step 37 ==========================
Graph Info:-----------------------------------------------------------
Worker IDs : [1, 2, 3]
Station IDs : [4, 5, 6]
Start Nodes: [0, 0, 0, 1, 1, 1, 2, 2, 2, 3, 3, 3, 4, 5, 6]
End Nodes: [1, 2, 3, 4, 5, 6, 4, 5, 6, 4, 5, 6, 7, 7, 7]
Capacities: [1, 1, 1, 1, 1, 1, 1, 1, 1, 1, 1, 1, 1, 1, 1]
Costs: [0, 0, 0, 11, 36, 36, 36, 11, 36, 36, 36, 7, 0, 0, 0]
Supplies: [3, 0, 0, 0, 0, 0, 0, -3]
------------------- Minimizing Lost Sales ----------------------------
Total Minimum cost = 29
Worker 1 assigned to Station 1, capable of 28 units; Deficit = 11
Worker 2 assigned to Station 2, capable of 28 units; Deficit = 11
Worker 3 assigned to Station 3, capable of 32 units; Deficit = 7
---------------------------------------------------------------------
Station 1 practically produces 28 units
Station 2 practically produces 28 units
Station 3 practically produces 28 units
------------------- Minimizing Standard Deviation --------------------
Total Minimum cost = 844
Worker 1 assigned to Station 1, capable of 28 units; Deficit = 300
Worker 2 assigned to Station 2, capable of 28 units; Deficit = 300
Worker 3 assigned to Station 3, capable of 32 units; Deficit = 244
---------------------------------------------------------------------
Station 1 practically produces 28 units
Station 2 practically produces 28 units
Station 3 practically produces 28 units
WIP Inventory [0, 10, 0]
---------------------------------------------------------------------
Graph building time: 0.00028s
Solving time: 0.00023s
Total time: 0.00051s
======================================================================


Updated Skill Levels:--------------------------------------------------
worker ID: 1 Skill Levels: [28, 3, 3]
worker ID: 2 Skill Levels: [3, 28, 3]
worker ID: 3 Skill Levels: [3, 3, 32]
================== Solving for Time Step 38 ==========================
Graph Info:-----------------------------------------------------------
Worker IDs : [1, 2, 3]
Station IDs : [4, 5, 6]
Start Nodes: [0, 0, 0, 1, 1, 1, 2, 2, 2, 3, 3, 3, 4, 5, 6]
End Nodes: [1, 2, 3, 4, 5, 6, 4, 5, 6, 4, 5, 6, 7, 7, 7]
Capacities: [1, 1, 1, 1, 1, 1, 1, 1, 1, 1, 1, 1, 1, 1, 1]
Costs: [0, 0, 0, 15, 40, 40, 40, 15, 40, 40, 40, 11, 0, 0, 0]
Supplies: [3, 0, 0, 0, 0, 0, 0, -3]
------------------- Minimizing Lost Sales ----------------------------
Total Minimum cost = 41
Worker 1 assigned to Station 1, capable of 28 units; Deficit = 15
Worker 2 assigned to Station 2, capable of 28 units; Deficit = 15
Worker 3 assigned to Station 3, capable of 32 units; Deficit = 11
---------------------------------------------------------------------
Station 1 practically produces 28 units
Station 2 practically produces 28 units
Station 3 practically produces 28 units
------------------- Minimizing Standard Deviation --------------------
Total Minimum cost = 803
Worker 1 assigned to Station 1, capable of 28 units; Deficit = 285
Worker 2 assigned to Station 2, capable of 28 units; Deficit = 285
Worker 3 assigned to Station 3, capable of 32 units; Deficit = 233
---------------------------------------------------------------------
Station 1 practically produces 28 units
Station 2 practically produces 28 units
Station 3 practically produces 28 units
WIP Inventory [0, 10, 0]
---------------------------------------------------------------------
Graph building time: 0.00028s
Solving time: 0.00023s
Total time: 0.00051s
======================================================================


Updated Skill Levels:--------------------------------------------------
worker ID: 1 Skill Levels: [28, 3, 3]
worker ID: 2 Skill Levels: [3, 28, 3]
worker ID: 3 Skill Levels: [3, 3, 32]
================== Solving for Time Step 39 ==========================
Graph Info:-----------------------------------------------------------
Worker IDs : [1, 2, 3]
Station IDs : [4, 5, 6]
Start Nodes: [0, 0, 0, 1, 1, 1, 2, 2, 2, 3, 3, 3, 4, 5, 6]
End Nodes: [1, 2, 3, 4, 5, 6, 4, 5, 6, 4, 5, 6, 7, 7, 7]
Capacities: [1, 1, 1, 1, 1, 1, 1, 1, 1, 1, 1, 1, 1, 1, 1]
Costs: [0, 0, 0, 16, 41, 41, 41, 16, 41, 41, 41, 12, 0, 0, 0]
Supplies: [3, 0, 0, 0, 0, 0, 0, -3]
------------------- Minimizing Lost Sales ----------------------------
Total Minimum cost = 44
Worker 1 assigned to Station 1, capable of 28 units; Deficit = 16
Worker 2 assigned to Station 2, capable of 28 units; Deficit = 16
Worker 3 assigned to Station 3, capable of 32 units; Deficit = 12
---------------------------------------------------------------------
Station 1 practically produces 28 units
Station 2 practically produces 28 units
Station 3 practically produces 28 units
------------------- Minimizing Standard Deviation --------------------
Total Minimum cost = 759
Worker 1 assigned to Station 1, capable of 28 units; Deficit = 269
Worker 2 assigned to Station 2, capable of 28 units; Deficit = 269
Worker 3 assigned to Station 3, capable of 32 units; Deficit = 221
---------------------------------------------------------------------
Station 1 practically produces 28 units
Station 2 practically produces 28 units
Station 3 practically produces 28 units
WIP Inventory [0, 10, 0]
---------------------------------------------------------------------
Graph building time: 0.00026s
Solving time: 0.00023s
Total time: 0.00049s
======================================================================


Updated Skill Levels:--------------------------------------------------
worker ID: 1 Skill Levels: [28, 3, 3]
worker ID: 2 Skill Levels: [3, 28, 3]
worker ID: 3 Skill Levels: [3, 3, 32]
================== Solving for Time Step 40 ==========================
Graph Info:-----------------------------------------------------------
Worker IDs : [1, 2, 3]
Station IDs : [4, 5, 6]
Start Nodes: [0, 0, 0, 1, 1, 1, 2, 2, 2, 3, 3, 3, 4, 5, 6]
End Nodes: [1, 2, 3, 4, 5, 6, 4, 5, 6, 4, 5, 6, 7, 7, 7]
Capacities: [1, 1, 1, 1, 1, 1, 1, 1, 1, 1, 1, 1, 1, 1, 1]
Costs: [0, 0, 0, 15, 40, 40, 40, 15, 40, 40, 40, 11, 0, 0, 0]
Supplies: [3, 0, 0, 0, 0, 0, 0, -3]
------------------- Minimizing Lost Sales ----------------------------
Total Minimum cost = 41
Worker 1 assigned to Station 1, capable of 28 units; Deficit = 15
Worker 2 assigned to Station 2, capable of 28 units; Deficit = 15
Worker 3 assigned to Station 3, capable of 32 units; Deficit = 11
---------------------------------------------------------------------
Station 1 practically produces 28 units
Station 2 practically produces 28 units
Station 3 practically produces 28 units
------------------- Minimizing Standard Deviation --------------------
Total Minimum cost = 718
Worker 1 assigned to Station 1, capable of 28 units; Deficit = 254
Worker 2 assigned to Station 2, capable of 28 units; Deficit = 254
Worker 3 assigned to Station 3, capable of 32 units; Deficit = 210
---------------------------------------------------------------------
Station 1 practically produces 28 units
Station 2 practically produces 28 units
Station 3 practically produces 28 units
WIP Inventory [0, 10, 0]
---------------------------------------------------------------------
Graph building time: 0.00025s
Solving time: 0.00024s
Total time: 0.00049s
======================================================================


Updated Skill Levels:--------------------------------------------------
worker ID: 1 Skill Levels: [28, 3, 3]
worker ID: 2 Skill Levels: [3, 28, 3]
worker ID: 3 Skill Levels: [3, 3, 32]
================== Solving for Time Step 41 ==========================
Graph Info:-----------------------------------------------------------
Worker IDs : [1, 2, 3]
Station IDs : [4, 5, 6]
Start Nodes: [0, 0, 0, 1, 1, 1, 2, 2, 2, 3, 3, 3, 4, 5, 6]
End Nodes: [1, 2, 3, 4, 5, 6, 4, 5, 6, 4, 5, 6, 7, 7, 7]
Capacities: [1, 1, 1, 1, 1, 1, 1, 1, 1, 1, 1, 1, 1, 1, 1]
Costs: [0, 0, 0, 16, 41, 41, 41, 16, 41, 41, 41, 12, 0, 0, 0]
Supplies: [3, 0, 0, 0, 0, 0, 0, -3]
------------------- Minimizing Lost Sales ----------------------------
Total Minimum cost = 44
Worker 1 assigned to Station 1, capable of 28 units; Deficit = 16
Worker 2 assigned to Station 2, capable of 28 units; Deficit = 16
Worker 3 assigned to Station 3, capable of 32 units; Deficit = 12
---------------------------------------------------------------------
Station 1 practically produces 28 units
Station 2 practically produces 28 units
Station 3 practically produces 28 units
------------------- Minimizing Standard Deviation --------------------
Total Minimum cost = 674
Worker 1 assigned to Station 1, capable of 28 units; Deficit = 238
Worker 2 assigned to Station 2, capable of 28 units; Deficit = 238
Worker 3 assigned to Station 3, capable of 32 units; Deficit = 198
---------------------------------------------------------------------
Station 1 practically produces 28 units
Station 2 practically produces 28 units
Station 3 practically produces 28 units
WIP Inventory [0, 10, 0]
---------------------------------------------------------------------
Graph building time: 0.00025s
Solving time: 0.00023s
Total time: 0.00049s
======================================================================


Updated Skill Levels:--------------------------------------------------
worker ID: 1 Skill Levels: [28, 3, 3]
worker ID: 2 Skill Levels: [3, 28, 3]
worker ID: 3 Skill Levels: [3, 3, 32]
================== Solving for Time Step 42 ==========================
Graph Info:-----------------------------------------------------------
Worker IDs : [1, 2, 3]
Station IDs : [4, 5, 6]
Start Nodes: [0, 0, 0, 1, 1, 1, 2, 2, 2, 3, 3, 3, 4, 5, 6]
End Nodes: [1, 2, 3, 4, 5, 6, 4, 5, 6, 4, 5, 6, 7, 7, 7]
Capacities: [1, 1, 1, 1, 1, 1, 1, 1, 1, 1, 1, 1, 1, 1, 1]
Costs: [0, 0, 0, 16, 41, 41, 41, 16, 41, 41, 41, 12, 0, 0, 0]
Supplies: [3, 0, 0, 0, 0, 0, 0, -3]
------------------- Minimizing Lost Sales ----------------------------
Total Minimum cost = 44
Worker 1 assigned to Station 1, capable of 28 units; Deficit = 16
Worker 2 assigned to Station 2, capable of 28 units; Deficit = 16
Worker 3 assigned to Station 3, capable of 32 units; Deficit = 12
---------------------------------------------------------------------
Station 1 practically produces 28 units
Station 2 practically produces 28 units
Station 3 practically produces 28 units
------------------- Minimizing Standard Deviation --------------------
Total Minimum cost = 630
Worker 1 assigned to Station 1, capable of 28 units; Deficit = 222
Worker 2 assigned to Station 2, capable of 28 units; Deficit = 222
Worker 3 assigned to Station 3, capable of 32 units; Deficit = 186
---------------------------------------------------------------------
Station 1 practically produces 28 units
Station 2 practically produces 28 units
Station 3 practically produces 28 units
WIP Inventory [0, 10, 0]
---------------------------------------------------------------------
Graph building time: 0.00025s
Solving time: 0.00023s
Total time: 0.00048s
======================================================================


Updated Skill Levels:--------------------------------------------------
worker ID: 1 Skill Levels: [28, 3, 3]
worker ID: 2 Skill Levels: [3, 28, 3]
worker ID: 3 Skill Levels: [3, 3, 32]
================== Solving for Time Step 43 ==========================
Graph Info:-----------------------------------------------------------
Worker IDs : [1, 2, 3]
Station IDs : [4, 5, 6]
Start Nodes: [0, 0, 0, 1, 1, 1, 2, 2, 2, 3, 3, 3, 4, 5, 6]
End Nodes: [1, 2, 3, 4, 5, 6, 4, 5, 6, 4, 5, 6, 7, 7, 7]
Capacities: [1, 1, 1, 1, 1, 1, 1, 1, 1, 1, 1, 1, 1, 1, 1]
Costs: [0, 0, 0, 17, 42, 42, 42, 17, 42, 42, 42, 13, 0, 0, 0]
Supplies: [3, 0, 0, 0, 0, 0, 0, -3]
------------------- Minimizing Lost Sales ----------------------------
Total Minimum cost = 47
Worker 1 assigned to Station 1, capable of 28 units; Deficit = 17
Worker 2 assigned to Station 2, capable of 28 units; Deficit = 17
Worker 3 assigned to Station 3, capable of 32 units; Deficit = 13
---------------------------------------------------------------------
Station 1 practically produces 28 units
Station 2 practically produces 28 units
Station 3 practically produces 28 units
------------------- Minimizing Standard Deviation --------------------
Total Minimum cost = 583
Worker 1 assigned to Station 1, capable of 28 units; Deficit = 205
Worker 2 assigned to Station 2, capable of 28 units; Deficit = 205
Worker 3 assigned to Station 3, capable of 32 units; Deficit = 173
---------------------------------------------------------------------
Station 1 practically produces 28 units
Station 2 practically produces 28 units
Station 3 practically produces 28 units
WIP Inventory [0, 10, 0]
---------------------------------------------------------------------
Graph building time: 0.00025s
Solving time: 0.00023s
Total time: 0.00048s
======================================================================


Updated Skill Levels:--------------------------------------------------
worker ID: 1 Skill Levels: [28, 3, 3]
worker ID: 2 Skill Levels: [3, 28, 3]
worker ID: 3 Skill Levels: [3, 3, 32]
================== Solving for Time Step 44 ==========================
Graph Info:-----------------------------------------------------------
Worker IDs : [1, 2, 3]
Station IDs : [4, 5, 6]
Start Nodes: [0, 0, 0, 1, 1, 1, 2, 2, 2, 3, 3, 3, 4, 5, 6]
End Nodes: [1, 2, 3, 4, 5, 6, 4, 5, 6, 4, 5, 6, 7, 7, 7]
Capacities: [1, 1, 1, 1, 1, 1, 1, 1, 1, 1, 1, 1, 1, 1, 1]
Costs: [0, 0, 0, 19, 44, 44, 44, 19, 44, 44, 44, 15, 0, 0, 0]
Supplies: [3, 0, 0, 0, 0, 0, 0, -3]
------------------- Minimizing Lost Sales ----------------------------
Total Minimum cost = 53
Worker 1 assigned to Station 1, capable of 28 units; Deficit = 19
Worker 2 assigned to Station 2, capable of 28 units; Deficit = 19
Worker 3 assigned to Station 3, capable of 32 units; Deficit = 15
---------------------------------------------------------------------
Station 1 practically produces 28 units
Station 2 practically produces 28 units
Station 3 practically produces 28 units
------------------- Minimizing Standard Deviation --------------------
Total Minimum cost = 530
Worker 1 assigned to Station 1, capable of 28 units; Deficit = 186
Worker 2 assigned to Station 2, capable of 28 units; Deficit = 186
Worker 3 assigned to Station 3, capable of 32 units; Deficit = 158
---------------------------------------------------------------------
Station 1 practically produces 28 units
Station 2 practically produces 28 units
Station 3 practically produces 28 units
WIP Inventory [0, 10, 0]
---------------------------------------------------------------------
Graph building time: 0.00024s
Solving time: 0.00024s
Total time: 0.00048s
======================================================================


Updated Skill Levels:--------------------------------------------------
worker ID: 1 Skill Levels: [28, 3, 3]
worker ID: 2 Skill Levels: [3, 28, 3]
worker ID: 3 Skill Levels: [3, 3, 32]
================== Solving for Time Step 45 ==========================
Graph Info:-----------------------------------------------------------
Worker IDs : [1, 2, 3]
Station IDs : [4, 5, 6]
Start Nodes: [0, 0, 0, 1, 1, 1, 2, 2, 2, 3, 3, 3, 4, 5, 6]
End Nodes: [1, 2, 3, 4, 5, 6, 4, 5, 6, 4, 5, 6, 7, 7, 7]
Capacities: [1, 1, 1, 1, 1, 1, 1, 1, 1, 1, 1, 1, 1, 1, 1]
Costs: [0, 0, 0, 20, 45, 45, 45, 20, 45, 45, 45, 16, 0, 0, 0]
Supplies: [3, 0, 0, 0, 0, 0, 0, -3]
------------------- Minimizing Lost Sales ----------------------------
Total Minimum cost = 56
Worker 1 assigned to Station 1, capable of 28 units; Deficit = 20
Worker 2 assigned to Station 2, capable of 28 units; Deficit = 20
Worker 3 assigned to Station 3, capable of 32 units; Deficit = 16
---------------------------------------------------------------------
Station 1 practically produces 28 units
Station 2 practically produces 28 units
Station 3 practically produces 28 units
------------------- Minimizing Standard Deviation --------------------
Total Minimum cost = 474
Worker 1 assigned to Station 1, capable of 28 units; Deficit = 166
Worker 2 assigned to Station 2, capable of 28 units; Deficit = 166
Worker 3 assigned to Station 3, capable of 32 units; Deficit = 142
---------------------------------------------------------------------
Station 1 practically produces 28 units
Station 2 practically produces 28 units
Station 3 practically produces 28 units
WIP Inventory [0, 10, 0]
---------------------------------------------------------------------
Graph building time: 0.00023s
Solving time: 0.00023s
Total time: 0.00046s
======================================================================


Updated Skill Levels:--------------------------------------------------
worker ID: 1 Skill Levels: [28, 3, 3]
worker ID: 2 Skill Levels: [3, 28, 3]
worker ID: 3 Skill Levels: [3, 3, 32]
================== Solving for Time Step 46 ==========================
Graph Info:-----------------------------------------------------------
Worker IDs : [1, 2, 3]
Station IDs : [4, 5, 6]
Start Nodes: [0, 0, 0, 1, 1, 1, 2, 2, 2, 3, 3, 3, 4, 5, 6]
End Nodes: [1, 2, 3, 4, 5, 6, 4, 5, 6, 4, 5, 6, 7, 7, 7]
Capacities: [1, 1, 1, 1, 1, 1, 1, 1, 1, 1, 1, 1, 1, 1, 1]
Costs: [0, 0, 0, 20, 45, 45, 45, 20, 45, 45, 45, 16, 0, 0, 0]
Supplies: [3, 0, 0, 0, 0, 0, 0, -3]
------------------- Minimizing Lost Sales ----------------------------
Total Minimum cost = 56
Worker 1 assigned to Station 1, capable of 28 units; Deficit = 20
Worker 2 assigned to Station 2, capable of 28 units; Deficit = 20
Worker 3 assigned to Station 3, capable of 32 units; Deficit = 16
---------------------------------------------------------------------
Station 1 practically produces 28 units
Station 2 practically produces 28 units
Station 3 practically produces 28 units
------------------- Minimizing Standard Deviation --------------------
Total Minimum cost = 418
Worker 1 assigned to Station 1, capable of 28 units; Deficit = 146
Worker 2 assigned to Station 2, capable of 28 units; Deficit = 146
Worker 3 assigned to Station 3, capable of 32 units; Deficit = 126
---------------------------------------------------------------------
Station 1 practically produces 28 units
Station 2 practically produces 28 units
Station 3 practically produces 28 units
WIP Inventory [0, 10, 0]
---------------------------------------------------------------------
Graph building time: 0.00028s
Solving time: 0.00025s
Total time: 0.00052s
======================================================================


Updated Skill Levels:--------------------------------------------------
worker ID: 1 Skill Levels: [28, 3, 3]
worker ID: 2 Skill Levels: [3, 28, 3]
worker ID: 3 Skill Levels: [3, 3, 32]
================== Solving for Time Step 47 ==========================
Graph Info:-----------------------------------------------------------
Worker IDs : [1, 2, 3]
Station IDs : [4, 5, 6]
Start Nodes: [0, 0, 0, 1, 1, 1, 2, 2, 2, 3, 3, 3, 4, 5, 6]
End Nodes: [1, 2, 3, 4, 5, 6, 4, 5, 6, 4, 5, 6, 7, 7, 7]
Capacities: [1, 1, 1, 1, 1, 1, 1, 1, 1, 1, 1, 1, 1, 1, 1]
Costs: [0, 0, 0, 22, 47, 47, 47, 22, 47, 47, 47, 18, 0, 0, 0]
Supplies: [3, 0, 0, 0, 0, 0, 0, -3]
------------------- Minimizing Lost Sales ----------------------------
Total Minimum cost = 62
Worker 1 assigned to Station 1, capable of 28 units; Deficit = 22
Worker 2 assigned to Station 2, capable of 28 units; Deficit = 22
Worker 3 assigned to Station 3, capable of 32 units; Deficit = 18
---------------------------------------------------------------------
Station 1 practically produces 28 units
Station 2 practically produces 28 units
Station 3 practically produces 28 units
------------------- Minimizing Standard Deviation --------------------
Total Minimum cost = 356
Worker 1 assigned to Station 1, capable of 28 units; Deficit = 124
Worker 2 assigned to Station 2, capable of 28 units; Deficit = 124
Worker 3 assigned to Station 3, capable of 32 units; Deficit = 108
---------------------------------------------------------------------
Station 1 practically produces 28 units
Station 2 practically produces 28 units
Station 3 practically produces 28 units
WIP Inventory [0, 10, 0]
---------------------------------------------------------------------
Graph building time: 0.00022s
Solving time: 0.00026s
Total time: 0.00048s
======================================================================


Updated Skill Levels:--------------------------------------------------
worker ID: 1 Skill Levels: [28, 3, 3]
worker ID: 2 Skill Levels: [3, 28, 3]
worker ID: 3 Skill Levels: [3, 3, 32]
================== Solving for Time Step 48 ==========================
Graph Info:-----------------------------------------------------------
Worker IDs : [1, 2, 3]
Station IDs : [4, 5, 6]
Start Nodes: [0, 0, 0, 1, 1, 1, 2, 2, 2, 3, 3, 3, 4, 5, 6]
End Nodes: [1, 2, 3, 4, 5, 6, 4, 5, 6, 4, 5, 6, 7, 7, 7]
Capacities: [1, 1, 1, 1, 1, 1, 1, 1, 1, 1, 1, 1, 1, 1, 1]
Costs: [0, 0, 0, 22, 47, 47, 47, 22, 47, 47, 47, 18, 0, 0, 0]
Supplies: [3, 0, 0, 0, 0, 0, 0, -3]
------------------- Minimizing Lost Sales ----------------------------
Total Minimum cost = 62
Worker 1 assigned to Station 1, capable of 28 units; Deficit = 22
Worker 2 assigned to Station 2, capable of 28 units; Deficit = 22
Worker 3 assigned to Station 3, capable of 32 units; Deficit = 18
---------------------------------------------------------------------
Station 1 practically produces 28 units
Station 2 practically produces 28 units
Station 3 practically produces 28 units
------------------- Minimizing Standard Deviation --------------------
Total Minimum cost = 294
Worker 1 assigned to Station 1, capable of 28 units; Deficit = 102
Worker 2 assigned to Station 2, capable of 28 units; Deficit = 102
Worker 3 assigned to Station 3, capable of 32 units; Deficit = 90
---------------------------------------------------------------------
Station 1 practically produces 28 units
Station 2 practically produces 28 units
Station 3 practically produces 28 units
WIP Inventory [0, 10, 0]
---------------------------------------------------------------------
Graph building time: 0.00022s
Solving time: 0.00025s
Total time: 0.00047s
======================================================================


Updated Skill Levels:--------------------------------------------------
worker ID: 1 Skill Levels: [28, 3, 3]
worker ID: 2 Skill Levels: [3, 28, 3]
worker ID: 3 Skill Levels: [3, 3, 32]
================== Solving for Time Step 49 ==========================
Graph Info:-----------------------------------------------------------
Worker IDs : [1, 2, 3]
Station IDs : [4, 5, 6]
Start Nodes: [0, 0, 0, 1, 1, 1, 2, 2, 2, 3, 3, 3, 4, 5, 6]
End Nodes: [1, 2, 3, 4, 5, 6, 4, 5, 6, 4, 5, 6, 7, 7, 7]
Capacities: [1, 1, 1, 1, 1, 1, 1, 1, 1, 1, 1, 1, 1, 1, 1]
Costs: [0, 0, 0, 23, 48, 48, 48, 23, 48, 48, 48, 19, 0, 0, 0]
Supplies: [3, 0, 0, 0, 0, 0, 0, -3]
------------------- Minimizing Lost Sales ----------------------------
Total Minimum cost = 65
Worker 1 assigned to Station 1, capable of 28 units; Deficit = 23
Worker 2 assigned to Station 2, capable of 28 units; Deficit = 23
Worker 3 assigned to Station 3, capable of 32 units; Deficit = 19
---------------------------------------------------------------------
Station 1 practically produces 28 units
Station 2 practically produces 28 units
Station 3 practically produces 28 units
------------------- Minimizing Standard Deviation --------------------
Total Minimum cost = 229
Worker 1 assigned to Station 1, capable of 28 units; Deficit = 79
Worker 2 assigned to Station 2, capable of 28 units; Deficit = 79
Worker 3 assigned to Station 3, capable of 32 units; Deficit = 71
---------------------------------------------------------------------
Station 1 practically produces 28 units
Station 2 practically produces 28 units
Station 3 practically produces 28 units
WIP Inventory [0, 10, 0]
---------------------------------------------------------------------
Graph building time: 0.00022s
Solving time: 0.00025s
Total time: 0.00047s
======================================================================


Updated Skill Levels:--------------------------------------------------
worker ID: 1 Skill Levels: [28, 3, 3]
worker ID: 2 Skill Levels: [3, 28, 3]
worker ID: 3 Skill Levels: [3, 3, 32]
================== Solving for Time Step 50 ==========================
Graph Info:-----------------------------------------------------------
Worker IDs : [1, 2, 3]
Station IDs : [4, 5, 6]
Start Nodes: [0, 0, 0, 1, 1, 1, 2, 2, 2, 3, 3, 3, 4, 5, 6]
End Nodes: [1, 2, 3, 4, 5, 6, 4, 5, 6, 4, 5, 6, 7, 7, 7]
Capacities: [1, 1, 1, 1, 1, 1, 1, 1, 1, 1, 1, 1, 1, 1, 1]
Costs: [0, 0, 0, 26, 51, 51, 51, 26, 51, 51, 51, 22, 0, 0, 0]
Supplies: [3, 0, 0, 0, 0, 0, 0, -3]
------------------- Minimizing Lost Sales ----------------------------
Total Minimum cost = 74
Worker 1 assigned to Station 1, capable of 28 units; Deficit = 26
Worker 2 assigned to Station 2, capable of 28 units; Deficit = 26
Worker 3 assigned to Station 3, capable of 32 units; Deficit = 22
---------------------------------------------------------------------
Station 1 practically produces 28 units
Station 2 practically produces 28 units
Station 3 practically produces 28 units
------------------- Minimizing Standard Deviation --------------------
Total Minimum cost = 155
Worker 1 assigned to Station 1, capable of 28 units; Deficit = 53
Worker 2 assigned to Station 2, capable of 28 units; Deficit = 53
Worker 3 assigned to Station 3, capable of 32 units; Deficit = 49
---------------------------------------------------------------------
Station 1 practically produces 28 units
Station 2 practically produces 28 units
Station 3 practically produces 28 units
WIP Inventory [0, 10, 0]
---------------------------------------------------------------------
Graph building time: 0.00021s
Solving time: 0.00026s
Total time: 0.00048s
======================================================================


Updated Skill Levels:--------------------------------------------------
worker ID: 1 Skill Levels: [28, 3, 3]
worker ID: 2 Skill Levels: [3, 28, 3]
worker ID: 3 Skill Levels: [3, 3, 32]
================== Solving for Time Step 51 ==========================
Graph Info:-----------------------------------------------------------
Worker IDs : [1, 2, 3]
Station IDs : [4, 5, 6]
Start Nodes: [0, 0, 0, 1, 1, 1, 2, 2, 2, 3, 3, 3, 4, 5, 6]
End Nodes: [1, 2, 3, 4, 5, 6, 4, 5, 6, 4, 5, 6, 7, 7, 7]
Capacities: [1, 1, 1, 1, 1, 1, 1, 1, 1, 1, 1, 1, 1, 1, 1]
Costs: [0, 0, 0, 26, 51, 51, 51, 26, 51, 51, 51, 22, 0, 0, 0]
Supplies: [3, 0, 0, 0, 0, 0, 0, -3]
------------------- Minimizing Lost Sales ----------------------------
Total Minimum cost = 74
Worker 1 assigned to Station 1, capable of 28 units; Deficit = 26
Worker 2 assigned to Station 2, capable of 28 units; Deficit = 26
Worker 3 assigned to Station 3, capable of 32 units; Deficit = 22
---------------------------------------------------------------------
Station 1 practically produces 28 units
Station 2 practically produces 28 units
Station 3 practically produces 28 units
------------------- Minimizing Standard Deviation --------------------
Total Minimum cost = 81
Worker 1 assigned to Station 1, capable of 28 units; Deficit = 27
Worker 2 assigned to Station 2, capable of 28 units; Deficit = 27
Worker 3 assigned to Station 3, capable of 32 units; Deficit = 27
---------------------------------------------------------------------
Station 1 practically produces 28 units
Station 2 practically produces 28 units
Station 3 practically produces 28 units
WIP Inventory [0, 10, 0]
---------------------------------------------------------------------
Graph building time: 0.00021s
Solving time: 0.00025s
Total time: 0.00046s
======================================================================


Updated Skill Levels:--------------------------------------------------
worker ID: 1 Skill Levels: [28, 3, 3]
worker ID: 2 Skill Levels: [3, 28, 3]
worker ID: 3 Skill Levels: [3, 3, 32]
================== Solving for Time Step 52 ==========================
Graph Info:-----------------------------------------------------------
Worker IDs : [1, 2, 3]
Station IDs : [4, 5, 6]
Start Nodes: [0, 0, 0, 1, 1, 1, 2, 2, 2, 3, 3, 3, 4, 5, 6]
End Nodes: [1, 2, 3, 4, 5, 6, 4, 5, 6, 4, 5, 6, 7, 7, 7]
Capacities: [1, 1, 1, 1, 1, 1, 1, 1, 1, 1, 1, 1, 1, 1, 1]
Costs: [0, 0, 0, 27, 52, 52, 52, 27, 52, 52, 52, 23, 0, 0, 0]
Supplies: [3, 0, 0, 0, 0, 0, 0, -3]
------------------- Minimizing Lost Sales ----------------------------
Total Minimum cost = 77
Worker 1 assigned to Station 1, capable of 28 units; Deficit = 27
Worker 2 assigned to Station 2, capable of 28 units; Deficit = 27
Worker 3 assigned to Station 3, capable of 32 units; Deficit = 23
---------------------------------------------------------------------
Station 1 practically produces 28 units
Station 2 practically produces 28 units
Station 3 practically produces 28 units
------------------- Minimizing Standard Deviation --------------------
Total Minimum cost = 4
Worker 1 assigned to Station 1, capable of 28 units; Deficit = 0
Worker 2 assigned to Station 2, capable of 28 units; Deficit = 0
Worker 3 assigned to Station 3, capable of 32 units; Deficit = 4
---------------------------------------------------------------------
Station 1 practically produces 28 units
Station 2 practically produces 28 units
Station 3 practically produces 28 units
WIP Inventory [0, 10, 0]
---------------------------------------------------------------------
Graph building time: 0.00020s
Solving time: 0.00025s
Total time: 0.00045s
======================================================================


Updated Skill Levels:--------------------------------------------------
worker ID: 1 Skill Levels: [28, 3, 3]
worker ID: 2 Skill Levels: [3, 28, 3]
worker ID: 3 Skill Levels: [3, 3, 32]
======================================================================
Total experiment time: 0.02822s
