Experiment Date: 10/09/2019 17:35:45 

Demands: [24, 16, 44, 48, 61, 21, 15, 34, 11, 28, 42, 19, 27, 49, 62, 33, 22, 17, 31, 52, 37, 18, 26, 30, 36, 12, 40, 14, 21, 34, 36, 29, 46, 20, 23, 30, 38, 15, 27, 35, 39, 33, 32, 25, 32, 49, 38, 52, 42, 55, 40, 56]
Initial Skill Levels:--------------------------------------------------
worker ID: 1 Skill Levels: [10, 11, 7]
worker ID: 2 Skill Levels: [10, 6, 8]
worker ID: 3 Skill Levels: [7, 8, 12]
================== Solving for Time Step 1 ==========================
Graph Info:-----------------------------------------------------------
Worker IDs : [1, 2, 3]
Station IDs : [4, 5, 6]
Start Nodes: [0, 0, 0, 1, 1, 1, 2, 2, 2, 3, 3, 3, 4, 5, 6]
End Nodes: [1, 2, 3, 4, 5, 6, 4, 5, 6, 4, 5, 6, 7, 7, 7]
Capacities: [1, 1, 1, 1, 1, 1, 1, 1, 1, 1, 1, 1, 1, 1, 1]
Costs: [0, 0, 0, 14, 13, 17, 14, 18, 16, 17, 16, 12, 0, 0, 0]
Supplies: [3, 0, 0, 0, 0, 0, 0, -3]
------------------- Minimizing Lost Sales ----------------------------
Total Minimum cost = 39
Worker 1 assigned to Station 2, capable of 11 units; Deficit = 13
Worker 2 assigned to Station 1, capable of 10 units; Deficit = 14
Worker 3 assigned to Station 3, capable of 12 units; Deficit = 12
---------------------------------------------------------------------
Station 1 practically produces 10 units
Station 2 practically produces 10 units
Station 3 practically produces 10 units
------------------- Minimizing Standard Deviation --------------------
Total Minimum cost = 3397
Worker 1 assigned to Station 2, capable of 11 units; Deficit = 1132
Worker 2 assigned to Station 1, capable of 10 units; Deficit = 1182
Worker 3 assigned to Station 3, capable of 12 units; Deficit = 1083
---------------------------------------------------------------------
Station 1 practically produces 10 units
Station 2 practically produces 10 units
Station 3 practically produces 10 units
WIP Inventory [0, 0, 0]
---------------------------------------------------------------------
Graph building time: 0.00044s
Solving time: 0.00030s
Total time: 0.00074s
======================================================================


Updated Skill Levels:--------------------------------------------------
worker ID: 1 Skill Levels: [9, 18, 6]
worker ID: 2 Skill Levels: [17, 5, 7]
worker ID: 3 Skill Levels: [6, 7, 20]
================== Solving for Time Step 2 ==========================
Graph Info:-----------------------------------------------------------
Worker IDs : [1, 2, 3]
Station IDs : [4, 5, 6]
Start Nodes: [0, 0, 0, 1, 1, 1, 2, 2, 2, 3, 3, 3, 4, 5, 6]
End Nodes: [1, 2, 3, 4, 5, 6, 4, 5, 6, 4, 5, 6, 7, 7, 7]
Capacities: [1, 1, 1, 1, 1, 1, 1, 1, 1, 1, 1, 1, 1, 1, 1]
Costs: [0, 0, 0, 7, 2, 10, 1, 11, 9, 10, 9, 4, 0, 0, 0]
Supplies: [3, 0, 0, 0, 0, 0, 0, -3]
------------------- Minimizing Lost Sales ----------------------------
Total Minimum cost = 7
Worker 1 assigned to Station 2, capable of 18 units; Deficit = 2
Worker 2 assigned to Station 1, capable of 17 units; Deficit = 1
Worker 3 assigned to Station 3, capable of 20 units; Deficit = 4
---------------------------------------------------------------------
Station 1 practically produces 17 units
Station 2 practically produces 17 units
Station 3 practically produces 17 units
------------------- Minimizing Standard Deviation --------------------
Total Minimum cost = 2363
Worker 1 assigned to Station 2, capable of 18 units; Deficit = 801
Worker 2 assigned to Station 1, capable of 17 units; Deficit = 844
Worker 3 assigned to Station 3, capable of 20 units; Deficit = 718
---------------------------------------------------------------------
Station 1 practically produces 17 units
Station 2 practically produces 17 units
Station 3 practically produces 17 units
WIP Inventory [0, 0, 0]
---------------------------------------------------------------------
Graph building time: 0.00041s
Solving time: 0.00025s
Total time: 0.00066s
======================================================================


Updated Skill Levels:--------------------------------------------------
worker ID: 1 Skill Levels: [8, 23, 5]
worker ID: 2 Skill Levels: [22, 4, 6]
worker ID: 3 Skill Levels: [5, 6, 25]
================== Solving for Time Step 3 ==========================
Graph Info:-----------------------------------------------------------
Worker IDs : [1, 2, 3]
Station IDs : [4, 5, 6]
Start Nodes: [0, 0, 0, 1, 1, 1, 2, 2, 2, 3, 3, 3, 4, 5, 6]
End Nodes: [1, 2, 3, 4, 5, 6, 4, 5, 6, 4, 5, 6, 7, 7, 7]
Capacities: [1, 1, 1, 1, 1, 1, 1, 1, 1, 1, 1, 1, 1, 1, 1]
Costs: [0, 0, 0, 36, 21, 39, 22, 40, 38, 39, 38, 19, 0, 0, 0]
Supplies: [3, 0, 0, 0, 0, 0, 0, -3]
------------------- Minimizing Lost Sales ----------------------------
Total Minimum cost = 62
Worker 1 assigned to Station 2, capable of 23 units; Deficit = 21
Worker 2 assigned to Station 1, capable of 22 units; Deficit = 22
Worker 3 assigned to Station 3, capable of 25 units; Deficit = 19
---------------------------------------------------------------------
Station 1 practically produces 22 units
Station 2 practically produces 22 units
Station 3 practically produces 22 units
------------------- Minimizing Standard Deviation --------------------
Total Minimum cost = 1697
Worker 1 assigned to Station 2, capable of 23 units; Deficit = 577
Worker 2 assigned to Station 1, capable of 22 units; Deficit = 613
Worker 3 assigned to Station 3, capable of 25 units; Deficit = 507
---------------------------------------------------------------------
Station 1 practically produces 22 units
Station 2 practically produces 22 units
Station 3 practically produces 22 units
WIP Inventory [0, 0, 0]
---------------------------------------------------------------------
Graph building time: 0.00040s
Solving time: 0.00025s
Total time: 0.00066s
======================================================================


Updated Skill Levels:--------------------------------------------------
worker ID: 1 Skill Levels: [7, 26, 5]
worker ID: 2 Skill Levels: [25, 4, 5]
worker ID: 3 Skill Levels: [4, 5, 28]
================== Solving for Time Step 4 ==========================
Graph Info:-----------------------------------------------------------
Worker IDs : [1, 2, 3]
Station IDs : [4, 5, 6]
Start Nodes: [0, 0, 0, 1, 1, 1, 2, 2, 2, 3, 3, 3, 4, 5, 6]
End Nodes: [1, 2, 3, 4, 5, 6, 4, 5, 6, 4, 5, 6, 7, 7, 7]
Capacities: [1, 1, 1, 1, 1, 1, 1, 1, 1, 1, 1, 1, 1, 1, 1]
Costs: [0, 0, 0, 41, 22, 43, 23, 44, 43, 44, 43, 20, 0, 0, 0]
Supplies: [3, 0, 0, 0, 0, 0, 0, -3]
------------------- Minimizing Lost Sales ----------------------------
Total Minimum cost = 65
Worker 1 assigned to Station 2, capable of 26 units; Deficit = 22
Worker 2 assigned to Station 1, capable of 25 units; Deficit = 23
Worker 3 assigned to Station 3, capable of 28 units; Deficit = 20
---------------------------------------------------------------------
Station 1 practically produces 25 units
Station 2 practically produces 25 units
Station 3 practically produces 25 units
------------------- Minimizing Standard Deviation --------------------
Total Minimum cost = 1315
Worker 1 assigned to Station 2, capable of 26 units; Deficit = 448
Worker 2 assigned to Station 1, capable of 25 units; Deficit = 481
Worker 3 assigned to Station 3, capable of 28 units; Deficit = 386
---------------------------------------------------------------------
Station 1 practically produces 25 units
Station 2 practically produces 25 units
Station 3 practically produces 25 units
WIP Inventory [0, 0, 0]
---------------------------------------------------------------------
Graph building time: 0.00040s
Solving time: 0.00025s
Total time: 0.00065s
======================================================================


Updated Skill Levels:--------------------------------------------------
worker ID: 1 Skill Levels: [6, 28, 5]
worker ID: 2 Skill Levels: [27, 4, 4]
worker ID: 3 Skill Levels: [3, 4, 30]
================== Solving for Time Step 5 ==========================
Graph Info:-----------------------------------------------------------
Worker IDs : [1, 2, 3]
Station IDs : [4, 5, 6]
Start Nodes: [0, 0, 0, 1, 1, 1, 2, 2, 2, 3, 3, 3, 4, 5, 6]
End Nodes: [1, 2, 3, 4, 5, 6, 4, 5, 6, 4, 5, 6, 7, 7, 7]
Capacities: [1, 1, 1, 1, 1, 1, 1, 1, 1, 1, 1, 1, 1, 1, 1]
Costs: [0, 0, 0, 55, 33, 56, 34, 57, 57, 58, 57, 31, 0, 0, 0]
Supplies: [3, 0, 0, 0, 0, 0, 0, -3]
------------------- Minimizing Lost Sales ----------------------------
Total Minimum cost = 98
Worker 1 assigned to Station 2, capable of 28 units; Deficit = 33
Worker 2 assigned to Station 1, capable of 27 units; Deficit = 34
Worker 3 assigned to Station 3, capable of 30 units; Deficit = 31
---------------------------------------------------------------------
Station 1 practically produces 27 units
Station 2 practically produces 27 units
Station 3 practically produces 27 units
------------------- Minimizing Standard Deviation --------------------
Total Minimum cost = 1027
Worker 1 assigned to Station 2, capable of 28 units; Deficit = 351
Worker 2 assigned to Station 1, capable of 27 units; Deficit = 380
Worker 3 assigned to Station 3, capable of 30 units; Deficit = 296
---------------------------------------------------------------------
Station 1 practically produces 27 units
Station 2 practically produces 27 units
Station 3 practically produces 27 units
WIP Inventory [0, 0, 0]
---------------------------------------------------------------------
Graph building time: 0.00040s
Solving time: 0.00025s
Total time: 0.00065s
======================================================================


Updated Skill Levels:--------------------------------------------------
worker ID: 1 Skill Levels: [5, 29, 5]
worker ID: 2 Skill Levels: [28, 4, 4]
worker ID: 3 Skill Levels: [3, 3, 32]
================== Solving for Time Step 6 ==========================
Graph Info:-----------------------------------------------------------
Worker IDs : [1, 2, 3]
Station IDs : [4, 5, 6]
Start Nodes: [0, 0, 0, 1, 1, 1, 2, 2, 2, 3, 3, 3, 4, 5, 6]
End Nodes: [1, 2, 3, 4, 5, 6, 4, 5, 6, 4, 5, 6, 7, 7, 7]
Capacities: [1, 1, 1, 1, 1, 1, 1, 1, 1, 1, 1, 1, 1, 1, 1]
Costs: [0, 0, 0, 16, 8, 16, 7, 17, 17, 18, 18, 11, 0, 0, 0]
Supplies: [3, 0, 0, 0, 0, 0, 0, -3]
------------------- Minimizing Lost Sales ----------------------------
Total Minimum cost = 26
Worker 1 assigned to Station 2, capable of 29 units; Deficit = 8
Worker 2 assigned to Station 1, capable of 28 units; Deficit = 7
Worker 3 assigned to Station 3, capable of 32 units; Deficit = 11
---------------------------------------------------------------------
Station 1 practically produces 28 units
Station 2 practically produces 28 units
Station 3 practically produces 28 units
------------------- Minimizing Standard Deviation --------------------
Total Minimum cost = 918
Worker 1 assigned to Station 2, capable of 29 units; Deficit = 322
Worker 2 assigned to Station 1, capable of 28 units; Deficit = 350
Worker 3 assigned to Station 3, capable of 32 units; Deficit = 246
---------------------------------------------------------------------
Station 1 practically produces 28 units
Station 2 practically produces 28 units
Station 3 practically produces 28 units
WIP Inventory [0, 0, 0]
---------------------------------------------------------------------
Graph building time: 0.00039s
Solving time: 0.00025s
Total time: 0.00064s
======================================================================


Updated Skill Levels:--------------------------------------------------
worker ID: 1 Skill Levels: [5, 29, 5]
worker ID: 2 Skill Levels: [29, 4, 4]
worker ID: 3 Skill Levels: [3, 3, 32]
================== Solving for Time Step 7 ==========================
Graph Info:-----------------------------------------------------------
Worker IDs : [1, 2, 3]
Station IDs : [4, 5, 6]
Start Nodes: [0, 0, 0, 1, 1, 1, 2, 2, 2, 3, 3, 3, 4, 5, 6]
End Nodes: [1, 2, 3, 4, 5, 6, 4, 5, 6, 4, 5, 6, 7, 7, 7]
Capacities: [1, 1, 1, 1, 1, 1, 1, 1, 1, 1, 1, 1, 1, 1, 1]
Costs: [0, 0, 0, 10, 14, 10, 14, 11, 11, 12, 12, 17, 0, 0, 0]
Supplies: [3, 0, 0, 0, 0, 0, 0, -3]
------------------- Minimizing Lost Sales ----------------------------
Total Minimum cost = 33
Worker 1 assigned to Station 3, capable of 5 units; Deficit = 10
Worker 2 assigned to Station 2, capable of 4 units; Deficit = 11
Worker 3 assigned to Station 1, capable of 3 units; Deficit = 12
---------------------------------------------------------------------
Station 1 practically produces 3 units
Station 2 practically produces 3 units
Station 3 practically produces 3 units
------------------- Minimizing Standard Deviation --------------------
Total Minimum cost = 965
Worker 1 assigned to Station 2, capable of 29 units; Deficit = 347
Worker 2 assigned to Station 1, capable of 29 units; Deficit = 347
Worker 3 assigned to Station 3, capable of 32 units; Deficit = 271
---------------------------------------------------------------------
Station 1 practically produces 29 units
Station 2 practically produces 29 units
Station 3 practically produces 29 units
WIP Inventory [0, 0, 0]
---------------------------------------------------------------------
Graph building time: 0.00039s
Solving time: 0.00026s
Total time: 0.00065s
======================================================================


Updated Skill Levels:--------------------------------------------------
worker ID: 1 Skill Levels: [5, 29, 5]
worker ID: 2 Skill Levels: [29, 4, 4]
worker ID: 3 Skill Levels: [3, 3, 32]
================== Solving for Time Step 8 ==========================
Graph Info:-----------------------------------------------------------
Worker IDs : [1, 2, 3]
Station IDs : [4, 5, 6]
Start Nodes: [0, 0, 0, 1, 1, 1, 2, 2, 2, 3, 3, 3, 4, 5, 6]
End Nodes: [1, 2, 3, 4, 5, 6, 4, 5, 6, 4, 5, 6, 7, 7, 7]
Capacities: [1, 1, 1, 1, 1, 1, 1, 1, 1, 1, 1, 1, 1, 1, 1]
Costs: [0, 0, 0, 29, 5, 29, 5, 30, 30, 31, 31, 2, 0, 0, 0]
Supplies: [3, 0, 0, 0, 0, 0, 0, -3]
------------------- Minimizing Lost Sales ----------------------------
Total Minimum cost = 12
Worker 1 assigned to Station 2, capable of 29 units; Deficit = 5
Worker 2 assigned to Station 1, capable of 29 units; Deficit = 5
Worker 3 assigned to Station 3, capable of 32 units; Deficit = 2
---------------------------------------------------------------------
Station 1 practically produces 29 units
Station 2 practically produces 29 units
Station 3 practically produces 29 units
------------------- Minimizing Standard Deviation --------------------
Total Minimum cost = 875
Worker 1 assigned to Station 2, capable of 29 units; Deficit = 316
Worker 2 assigned to Station 1, capable of 29 units; Deficit = 316
Worker 3 assigned to Station 3, capable of 32 units; Deficit = 243
---------------------------------------------------------------------
Station 1 practically produces 29 units
Station 2 practically produces 29 units
Station 3 practically produces 29 units
WIP Inventory [0, 0, 0]
---------------------------------------------------------------------
Graph building time: 0.00039s
Solving time: 0.00025s
Total time: 0.00064s
======================================================================


Updated Skill Levels:--------------------------------------------------
worker ID: 1 Skill Levels: [5, 29, 5]
worker ID: 2 Skill Levels: [29, 4, 4]
worker ID: 3 Skill Levels: [3, 3, 32]
================== Solving for Time Step 9 ==========================
Graph Info:-----------------------------------------------------------
Worker IDs : [1, 2, 3]
Station IDs : [4, 5, 6]
Start Nodes: [0, 0, 0, 1, 1, 1, 2, 2, 2, 3, 3, 3, 4, 5, 6]
End Nodes: [1, 2, 3, 4, 5, 6, 4, 5, 6, 4, 5, 6, 7, 7, 7]
Capacities: [1, 1, 1, 1, 1, 1, 1, 1, 1, 1, 1, 1, 1, 1, 1]
Costs: [0, 0, 0, 6, 18, 6, 18, 7, 7, 8, 8, 21, 0, 0, 0]
Supplies: [3, 0, 0, 0, 0, 0, 0, -3]
------------------- Minimizing Lost Sales ----------------------------
Total Minimum cost = 21
Worker 1 assigned to Station 3, capable of 5 units; Deficit = 6
Worker 2 assigned to Station 2, capable of 4 units; Deficit = 7
Worker 3 assigned to Station 1, capable of 3 units; Deficit = 8
---------------------------------------------------------------------
Station 1 practically produces 3 units
Station 2 practically produces 3 units
Station 3 practically produces 3 units
------------------- Minimizing Standard Deviation --------------------
Total Minimum cost = 953
Worker 1 assigned to Station 2, capable of 29 units; Deficit = 342
Worker 2 assigned to Station 1, capable of 29 units; Deficit = 342
Worker 3 assigned to Station 3, capable of 32 units; Deficit = 269
---------------------------------------------------------------------
Station 1 practically produces 29 units
Station 2 practically produces 29 units
Station 3 practically produces 29 units
WIP Inventory [0, 0, 0]
---------------------------------------------------------------------
Graph building time: 0.00039s
Solving time: 0.00025s
Total time: 0.00065s
======================================================================


Updated Skill Levels:--------------------------------------------------
worker ID: 1 Skill Levels: [5, 29, 5]
worker ID: 2 Skill Levels: [29, 4, 4]
worker ID: 3 Skill Levels: [3, 3, 32]
================== Solving for Time Step 10 ==========================
Graph Info:-----------------------------------------------------------
Worker IDs : [1, 2, 3]
Station IDs : [4, 5, 6]
Start Nodes: [0, 0, 0, 1, 1, 1, 2, 2, 2, 3, 3, 3, 4, 5, 6]
End Nodes: [1, 2, 3, 4, 5, 6, 4, 5, 6, 4, 5, 6, 7, 7, 7]
Capacities: [1, 1, 1, 1, 1, 1, 1, 1, 1, 1, 1, 1, 1, 1, 1]
Costs: [0, 0, 0, 23, 1, 23, 1, 24, 24, 25, 25, 4, 0, 0, 0]
Supplies: [3, 0, 0, 0, 0, 0, 0, -3]
------------------- Minimizing Lost Sales ----------------------------
Total Minimum cost = 6
Worker 1 assigned to Station 2, capable of 29 units; Deficit = 1
Worker 2 assigned to Station 1, capable of 29 units; Deficit = 1
Worker 3 assigned to Station 3, capable of 32 units; Deficit = 4
---------------------------------------------------------------------
Station 1 practically produces 29 units
Station 2 practically produces 29 units
Station 3 practically produces 29 units
------------------- Minimizing Standard Deviation --------------------
Total Minimum cost = 875
Worker 1 assigned to Station 2, capable of 29 units; Deficit = 316
Worker 2 assigned to Station 1, capable of 29 units; Deficit = 316
Worker 3 assigned to Station 3, capable of 32 units; Deficit = 243
---------------------------------------------------------------------
Station 1 practically produces 29 units
Station 2 practically produces 29 units
Station 3 practically produces 29 units
WIP Inventory [0, 0, 0]
---------------------------------------------------------------------
Graph building time: 0.00036s
Solving time: 0.00024s
Total time: 0.00061s
======================================================================


Updated Skill Levels:--------------------------------------------------
worker ID: 1 Skill Levels: [5, 29, 5]
worker ID: 2 Skill Levels: [29, 4, 4]
worker ID: 3 Skill Levels: [3, 3, 32]
================== Solving for Time Step 11 ==========================
Graph Info:-----------------------------------------------------------
Worker IDs : [1, 2, 3]
Station IDs : [4, 5, 6]
Start Nodes: [0, 0, 0, 1, 1, 1, 2, 2, 2, 3, 3, 3, 4, 5, 6]
End Nodes: [1, 2, 3, 4, 5, 6, 4, 5, 6, 4, 5, 6, 7, 7, 7]
Capacities: [1, 1, 1, 1, 1, 1, 1, 1, 1, 1, 1, 1, 1, 1, 1]
Costs: [0, 0, 0, 37, 13, 37, 13, 38, 38, 39, 39, 10, 0, 0, 0]
Supplies: [3, 0, 0, 0, 0, 0, 0, -3]
------------------- Minimizing Lost Sales ----------------------------
Total Minimum cost = 36
Worker 1 assigned to Station 2, capable of 29 units; Deficit = 13
Worker 2 assigned to Station 1, capable of 29 units; Deficit = 13
Worker 3 assigned to Station 3, capable of 32 units; Deficit = 10
---------------------------------------------------------------------
Station 1 practically produces 29 units
Station 2 practically produces 29 units
Station 3 practically produces 29 units
------------------- Minimizing Standard Deviation --------------------
Total Minimum cost = 839
Worker 1 assigned to Station 2, capable of 29 units; Deficit = 303
Worker 2 assigned to Station 1, capable of 29 units; Deficit = 303
Worker 3 assigned to Station 3, capable of 32 units; Deficit = 233
---------------------------------------------------------------------
Station 1 practically produces 29 units
Station 2 practically produces 29 units
Station 3 practically produces 29 units
WIP Inventory [0, 0, 0]
---------------------------------------------------------------------
Graph building time: 0.00036s
Solving time: 0.00027s
Total time: 0.00063s
======================================================================


Updated Skill Levels:--------------------------------------------------
worker ID: 1 Skill Levels: [5, 29, 5]
worker ID: 2 Skill Levels: [29, 4, 4]
worker ID: 3 Skill Levels: [3, 3, 32]
================== Solving for Time Step 12 ==========================
Graph Info:-----------------------------------------------------------
Worker IDs : [1, 2, 3]
Station IDs : [4, 5, 6]
Start Nodes: [0, 0, 0, 1, 1, 1, 2, 2, 2, 3, 3, 3, 4, 5, 6]
End Nodes: [1, 2, 3, 4, 5, 6, 4, 5, 6, 4, 5, 6, 7, 7, 7]
Capacities: [1, 1, 1, 1, 1, 1, 1, 1, 1, 1, 1, 1, 1, 1, 1]
Costs: [0, 0, 0, 14, 10, 14, 10, 15, 15, 16, 16, 13, 0, 0, 0]
Supplies: [3, 0, 0, 0, 0, 0, 0, -3]
------------------- Minimizing Lost Sales ----------------------------
Total Minimum cost = 33
Worker 1 assigned to Station 2, capable of 29 units; Deficit = 10
Worker 2 assigned to Station 1, capable of 29 units; Deficit = 10
Worker 3 assigned to Station 3, capable of 32 units; Deficit = 13
---------------------------------------------------------------------
Station 1 practically produces 29 units
Station 2 practically produces 29 units
Station 3 practically produces 29 units
------------------- Minimizing Standard Deviation --------------------
Total Minimum cost = 839
Worker 1 assigned to Station 2, capable of 29 units; Deficit = 303
Worker 2 assigned to Station 1, capable of 29 units; Deficit = 303
Worker 3 assigned to Station 3, capable of 32 units; Deficit = 233
---------------------------------------------------------------------
Station 1 practically produces 29 units
Station 2 practically produces 29 units
Station 3 practically produces 29 units
WIP Inventory [0, 0, 0]
---------------------------------------------------------------------
Graph building time: 0.00038s
Solving time: 0.00024s
Total time: 0.00063s
======================================================================


Updated Skill Levels:--------------------------------------------------
worker ID: 1 Skill Levels: [5, 29, 5]
worker ID: 2 Skill Levels: [29, 4, 4]
worker ID: 3 Skill Levels: [3, 3, 32]
================== Solving for Time Step 13 ==========================
Graph Info:-----------------------------------------------------------
Worker IDs : [1, 2, 3]
Station IDs : [4, 5, 6]
Start Nodes: [0, 0, 0, 1, 1, 1, 2, 2, 2, 3, 3, 3, 4, 5, 6]
End Nodes: [1, 2, 3, 4, 5, 6, 4, 5, 6, 4, 5, 6, 7, 7, 7]
Capacities: [1, 1, 1, 1, 1, 1, 1, 1, 1, 1, 1, 1, 1, 1, 1]
Costs: [0, 0, 0, 22, 2, 22, 2, 23, 23, 24, 24, 5, 0, 0, 0]
Supplies: [3, 0, 0, 0, 0, 0, 0, -3]
------------------- Minimizing Lost Sales ----------------------------
Total Minimum cost = 9
Worker 1 assigned to Station 2, capable of 29 units; Deficit = 2
Worker 2 assigned to Station 1, capable of 29 units; Deficit = 2
Worker 3 assigned to Station 3, capable of 32 units; Deficit = 5
---------------------------------------------------------------------
Station 1 practically produces 29 units
Station 2 practically produces 29 units
Station 3 practically produces 29 units
------------------- Minimizing Standard Deviation --------------------
Total Minimum cost = 839
Worker 1 assigned to Station 2, capable of 29 units; Deficit = 303
Worker 2 assigned to Station 1, capable of 29 units; Deficit = 303
Worker 3 assigned to Station 3, capable of 32 units; Deficit = 233
---------------------------------------------------------------------
Station 1 practically produces 29 units
Station 2 practically produces 29 units
Station 3 practically produces 29 units
WIP Inventory [0, 0, 0]
---------------------------------------------------------------------
Graph building time: 0.00037s
Solving time: 0.00027s
Total time: 0.00064s
======================================================================


Updated Skill Levels:--------------------------------------------------
worker ID: 1 Skill Levels: [5, 29, 5]
worker ID: 2 Skill Levels: [29, 4, 4]
worker ID: 3 Skill Levels: [3, 3, 32]
================== Solving for Time Step 14 ==========================
Graph Info:-----------------------------------------------------------
Worker IDs : [1, 2, 3]
Station IDs : [4, 5, 6]
Start Nodes: [0, 0, 0, 1, 1, 1, 2, 2, 2, 3, 3, 3, 4, 5, 6]
End Nodes: [1, 2, 3, 4, 5, 6, 4, 5, 6, 4, 5, 6, 7, 7, 7]
Capacities: [1, 1, 1, 1, 1, 1, 1, 1, 1, 1, 1, 1, 1, 1, 1]
Costs: [0, 0, 0, 44, 20, 44, 20, 45, 45, 46, 46, 17, 0, 0, 0]
Supplies: [3, 0, 0, 0, 0, 0, 0, -3]
------------------- Minimizing Lost Sales ----------------------------
Total Minimum cost = 57
Worker 1 assigned to Station 2, capable of 29 units; Deficit = 20
Worker 2 assigned to Station 1, capable of 29 units; Deficit = 20
Worker 3 assigned to Station 3, capable of 32 units; Deficit = 17
---------------------------------------------------------------------
Station 1 practically produces 29 units
Station 2 practically produces 29 units
Station 3 practically produces 29 units
------------------- Minimizing Standard Deviation --------------------
Total Minimum cost = 782
Worker 1 assigned to Station 2, capable of 29 units; Deficit = 283
Worker 2 assigned to Station 1, capable of 29 units; Deficit = 283
Worker 3 assigned to Station 3, capable of 32 units; Deficit = 216
---------------------------------------------------------------------
Station 1 practically produces 29 units
Station 2 practically produces 29 units
Station 3 practically produces 29 units
WIP Inventory [0, 0, 0]
---------------------------------------------------------------------
Graph building time: 0.00035s
Solving time: 0.00024s
Total time: 0.00059s
======================================================================


Updated Skill Levels:--------------------------------------------------
worker ID: 1 Skill Levels: [5, 29, 5]
worker ID: 2 Skill Levels: [29, 4, 4]
worker ID: 3 Skill Levels: [3, 3, 32]
================== Solving for Time Step 15 ==========================
Graph Info:-----------------------------------------------------------
Worker IDs : [1, 2, 3]
Station IDs : [4, 5, 6]
Start Nodes: [0, 0, 0, 1, 1, 1, 2, 2, 2, 3, 3, 3, 4, 5, 6]
End Nodes: [1, 2, 3, 4, 5, 6, 4, 5, 6, 4, 5, 6, 7, 7, 7]
Capacities: [1, 1, 1, 1, 1, 1, 1, 1, 1, 1, 1, 1, 1, 1, 1]
Costs: [0, 0, 0, 57, 33, 57, 33, 58, 58, 59, 59, 30, 0, 0, 0]
Supplies: [3, 0, 0, 0, 0, 0, 0, -3]
------------------- Minimizing Lost Sales ----------------------------
Total Minimum cost = 96
Worker 1 assigned to Station 2, capable of 29 units; Deficit = 33
Worker 2 assigned to Station 1, capable of 29 units; Deficit = 33
Worker 3 assigned to Station 3, capable of 32 units; Deficit = 30
---------------------------------------------------------------------
Station 1 practically produces 29 units
Station 2 practically produces 29 units
Station 3 practically produces 29 units
------------------- Minimizing Standard Deviation --------------------
Total Minimum cost = 686
Worker 1 assigned to Station 2, capable of 29 units; Deficit = 250
Worker 2 assigned to Station 1, capable of 29 units; Deficit = 250
Worker 3 assigned to Station 3, capable of 32 units; Deficit = 186
---------------------------------------------------------------------
Station 1 practically produces 29 units
Station 2 practically produces 29 units
Station 3 practically produces 29 units
WIP Inventory [0, 0, 0]
---------------------------------------------------------------------
Graph building time: 0.00035s
Solving time: 0.00027s
Total time: 0.00062s
======================================================================


Updated Skill Levels:--------------------------------------------------
worker ID: 1 Skill Levels: [5, 29, 5]
worker ID: 2 Skill Levels: [29, 4, 4]
worker ID: 3 Skill Levels: [3, 3, 32]
================== Solving for Time Step 16 ==========================
Graph Info:-----------------------------------------------------------
Worker IDs : [1, 2, 3]
Station IDs : [4, 5, 6]
Start Nodes: [0, 0, 0, 1, 1, 1, 2, 2, 2, 3, 3, 3, 4, 5, 6]
End Nodes: [1, 2, 3, 4, 5, 6, 4, 5, 6, 4, 5, 6, 7, 7, 7]
Capacities: [1, 1, 1, 1, 1, 1, 1, 1, 1, 1, 1, 1, 1, 1, 1]
Costs: [0, 0, 0, 28, 4, 28, 4, 29, 29, 30, 30, 1, 0, 0, 0]
Supplies: [3, 0, 0, 0, 0, 0, 0, -3]
------------------- Minimizing Lost Sales ----------------------------
Total Minimum cost = 9
Worker 1 assigned to Station 2, capable of 29 units; Deficit = 4
Worker 2 assigned to Station 1, capable of 29 units; Deficit = 4
Worker 3 assigned to Station 3, capable of 32 units; Deficit = 1
---------------------------------------------------------------------
Station 1 practically produces 29 units
Station 2 practically produces 29 units
Station 3 practically produces 29 units
------------------- Minimizing Standard Deviation --------------------
Total Minimum cost = 677
Worker 1 assigned to Station 2, capable of 29 units; Deficit = 246
Worker 2 assigned to Station 1, capable of 29 units; Deficit = 246
Worker 3 assigned to Station 3, capable of 32 units; Deficit = 185
---------------------------------------------------------------------
Station 1 practically produces 29 units
Station 2 practically produces 29 units
Station 3 practically produces 29 units
WIP Inventory [0, 0, 0]
---------------------------------------------------------------------
Graph building time: 0.00039s
Solving time: 0.00029s
Total time: 0.00068s
======================================================================


Updated Skill Levels:--------------------------------------------------
worker ID: 1 Skill Levels: [5, 29, 5]
worker ID: 2 Skill Levels: [29, 4, 4]
worker ID: 3 Skill Levels: [3, 3, 32]
================== Solving for Time Step 17 ==========================
Graph Info:-----------------------------------------------------------
Worker IDs : [1, 2, 3]
Station IDs : [4, 5, 6]
Start Nodes: [0, 0, 0, 1, 1, 1, 2, 2, 2, 3, 3, 3, 4, 5, 6]
End Nodes: [1, 2, 3, 4, 5, 6, 4, 5, 6, 4, 5, 6, 7, 7, 7]
Capacities: [1, 1, 1, 1, 1, 1, 1, 1, 1, 1, 1, 1, 1, 1, 1]
Costs: [0, 0, 0, 17, 7, 17, 7, 18, 18, 19, 19, 10, 0, 0, 0]
Supplies: [3, 0, 0, 0, 0, 0, 0, -3]
------------------- Minimizing Lost Sales ----------------------------
Total Minimum cost = 24
Worker 1 assigned to Station 2, capable of 29 units; Deficit = 7
Worker 2 assigned to Station 1, capable of 29 units; Deficit = 7
Worker 3 assigned to Station 3, capable of 32 units; Deficit = 10
---------------------------------------------------------------------
Station 1 practically produces 29 units
Station 2 practically produces 29 units
Station 3 practically produces 29 units
------------------- Minimizing Standard Deviation --------------------
Total Minimum cost = 677
Worker 1 assigned to Station 2, capable of 29 units; Deficit = 246
Worker 2 assigned to Station 1, capable of 29 units; Deficit = 246
Worker 3 assigned to Station 3, capable of 32 units; Deficit = 185
---------------------------------------------------------------------
Station 1 practically produces 29 units
Station 2 practically produces 29 units
Station 3 practically produces 29 units
WIP Inventory [0, 0, 0]
---------------------------------------------------------------------
Graph building time: 0.00034s
Solving time: 0.00024s
Total time: 0.00058s
======================================================================


Updated Skill Levels:--------------------------------------------------
worker ID: 1 Skill Levels: [5, 29, 5]
worker ID: 2 Skill Levels: [29, 4, 4]
worker ID: 3 Skill Levels: [3, 3, 32]
================== Solving for Time Step 18 ==========================
Graph Info:-----------------------------------------------------------
Worker IDs : [1, 2, 3]
Station IDs : [4, 5, 6]
Start Nodes: [0, 0, 0, 1, 1, 1, 2, 2, 2, 3, 3, 3, 4, 5, 6]
End Nodes: [1, 2, 3, 4, 5, 6, 4, 5, 6, 4, 5, 6, 7, 7, 7]
Capacities: [1, 1, 1, 1, 1, 1, 1, 1, 1, 1, 1, 1, 1, 1, 1]
Costs: [0, 0, 0, 12, 12, 12, 12, 13, 13, 14, 14, 15, 0, 0, 0]
Supplies: [3, 0, 0, 0, 0, 0, 0, -3]
------------------- Minimizing Lost Sales ----------------------------
Total Minimum cost = 38
Worker 1 assigned to Station 3, capable of 5 units; Deficit = 12
Worker 2 assigned to Station 1, capable of 29 units; Deficit = 12
Worker 3 assigned to Station 2, capable of 3 units; Deficit = 14
---------------------------------------------------------------------
Station 1 practically produces 29 units
Station 2 practically produces 3 units
Station 3 practically produces 3 units
------------------- Minimizing Standard Deviation --------------------
Total Minimum cost = 728
Worker 1 assigned to Station 2, capable of 29 units; Deficit = 263
Worker 2 assigned to Station 1, capable of 29 units; Deficit = 263
Worker 3 assigned to Station 3, capable of 32 units; Deficit = 202
---------------------------------------------------------------------
Station 1 practically produces 29 units
Station 2 practically produces 29 units
Station 3 practically produces 29 units
WIP Inventory [0, 0, 0]
---------------------------------------------------------------------
Graph building time: 0.00037s
Solving time: 0.00024s
Total time: 0.00061s
======================================================================


Updated Skill Levels:--------------------------------------------------
worker ID: 1 Skill Levels: [5, 29, 5]
worker ID: 2 Skill Levels: [29, 4, 4]
worker ID: 3 Skill Levels: [3, 3, 32]
================== Solving for Time Step 19 ==========================
Graph Info:-----------------------------------------------------------
Worker IDs : [1, 2, 3]
Station IDs : [4, 5, 6]
Start Nodes: [0, 0, 0, 1, 1, 1, 2, 2, 2, 3, 3, 3, 4, 5, 6]
End Nodes: [1, 2, 3, 4, 5, 6, 4, 5, 6, 4, 5, 6, 7, 7, 7]
Capacities: [1, 1, 1, 1, 1, 1, 1, 1, 1, 1, 1, 1, 1, 1, 1]
Costs: [0, 0, 0, 26, 2, 26, 2, 27, 27, 28, 28, 1, 0, 0, 0]
Supplies: [3, 0, 0, 0, 0, 0, 0, -3]
------------------- Minimizing Lost Sales ----------------------------
Total Minimum cost = 5
Worker 1 assigned to Station 2, capable of 29 units; Deficit = 2
Worker 2 assigned to Station 1, capable of 29 units; Deficit = 2
Worker 3 assigned to Station 3, capable of 32 units; Deficit = 1
---------------------------------------------------------------------
Station 1 practically produces 29 units
Station 2 practically produces 29 units
Station 3 practically produces 29 units
------------------- Minimizing Standard Deviation --------------------
Total Minimum cost = 673
Worker 1 assigned to Station 2, capable of 29 units; Deficit = 244
Worker 2 assigned to Station 1, capable of 29 units; Deficit = 244
Worker 3 assigned to Station 3, capable of 32 units; Deficit = 185
---------------------------------------------------------------------
Station 1 practically produces 29 units
Station 2 practically produces 29 units
Station 3 practically produces 29 units
WIP Inventory [0, 0, 0]
---------------------------------------------------------------------
Graph building time: 0.00036s
Solving time: 0.00024s
Total time: 0.00060s
======================================================================


Updated Skill Levels:--------------------------------------------------
worker ID: 1 Skill Levels: [5, 29, 5]
worker ID: 2 Skill Levels: [29, 4, 4]
worker ID: 3 Skill Levels: [3, 3, 32]
================== Solving for Time Step 20 ==========================
Graph Info:-----------------------------------------------------------
Worker IDs : [1, 2, 3]
Station IDs : [4, 5, 6]
Start Nodes: [0, 0, 0, 1, 1, 1, 2, 2, 2, 3, 3, 3, 4, 5, 6]
End Nodes: [1, 2, 3, 4, 5, 6, 4, 5, 6, 4, 5, 6, 7, 7, 7]
Capacities: [1, 1, 1, 1, 1, 1, 1, 1, 1, 1, 1, 1, 1, 1, 1]
Costs: [0, 0, 0, 47, 23, 47, 23, 48, 48, 49, 49, 20, 0, 0, 0]
Supplies: [3, 0, 0, 0, 0, 0, 0, -3]
------------------- Minimizing Lost Sales ----------------------------
Total Minimum cost = 66
Worker 1 assigned to Station 2, capable of 29 units; Deficit = 23
Worker 2 assigned to Station 1, capable of 29 units; Deficit = 23
Worker 3 assigned to Station 3, capable of 32 units; Deficit = 20
---------------------------------------------------------------------
Station 1 practically produces 29 units
Station 2 practically produces 29 units
Station 3 practically produces 29 units
------------------- Minimizing Standard Deviation --------------------
Total Minimum cost = 607
Worker 1 assigned to Station 2, capable of 29 units; Deficit = 221
Worker 2 assigned to Station 1, capable of 29 units; Deficit = 221
Worker 3 assigned to Station 3, capable of 32 units; Deficit = 165
---------------------------------------------------------------------
Station 1 practically produces 29 units
Station 2 practically produces 29 units
Station 3 practically produces 29 units
WIP Inventory [0, 0, 0]
---------------------------------------------------------------------
Graph building time: 0.00036s
Solving time: 0.00024s
Total time: 0.00060s
======================================================================


Updated Skill Levels:--------------------------------------------------
worker ID: 1 Skill Levels: [5, 29, 5]
worker ID: 2 Skill Levels: [29, 4, 4]
worker ID: 3 Skill Levels: [3, 3, 32]
================== Solving for Time Step 21 ==========================
Graph Info:-----------------------------------------------------------
Worker IDs : [1, 2, 3]
Station IDs : [4, 5, 6]
Start Nodes: [0, 0, 0, 1, 1, 1, 2, 2, 2, 3, 3, 3, 4, 5, 6]
End Nodes: [1, 2, 3, 4, 5, 6, 4, 5, 6, 4, 5, 6, 7, 7, 7]
Capacities: [1, 1, 1, 1, 1, 1, 1, 1, 1, 1, 1, 1, 1, 1, 1]
Costs: [0, 0, 0, 32, 8, 32, 8, 33, 33, 34, 34, 5, 0, 0, 0]
Supplies: [3, 0, 0, 0, 0, 0, 0, -3]
------------------- Minimizing Lost Sales ----------------------------
Total Minimum cost = 21
Worker 1 assigned to Station 2, capable of 29 units; Deficit = 8
Worker 2 assigned to Station 1, capable of 29 units; Deficit = 8
Worker 3 assigned to Station 3, capable of 32 units; Deficit = 5
---------------------------------------------------------------------
Station 1 practically produces 29 units
Station 2 practically produces 29 units
Station 3 practically produces 29 units
------------------- Minimizing Standard Deviation --------------------
Total Minimum cost = 586
Worker 1 assigned to Station 2, capable of 29 units; Deficit = 213
Worker 2 assigned to Station 1, capable of 29 units; Deficit = 213
Worker 3 assigned to Station 3, capable of 32 units; Deficit = 160
---------------------------------------------------------------------
Station 1 practically produces 29 units
Station 2 practically produces 29 units
Station 3 practically produces 29 units
WIP Inventory [0, 0, 0]
---------------------------------------------------------------------
Graph building time: 0.00033s
Solving time: 0.00026s
Total time: 0.00058s
======================================================================


Updated Skill Levels:--------------------------------------------------
worker ID: 1 Skill Levels: [5, 29, 5]
worker ID: 2 Skill Levels: [29, 4, 4]
worker ID: 3 Skill Levels: [3, 3, 32]
================== Solving for Time Step 22 ==========================
Graph Info:-----------------------------------------------------------
Worker IDs : [1, 2, 3]
Station IDs : [4, 5, 6]
Start Nodes: [0, 0, 0, 1, 1, 1, 2, 2, 2, 3, 3, 3, 4, 5, 6]
End Nodes: [1, 2, 3, 4, 5, 6, 4, 5, 6, 4, 5, 6, 7, 7, 7]
Capacities: [1, 1, 1, 1, 1, 1, 1, 1, 1, 1, 1, 1, 1, 1, 1]
Costs: [0, 0, 0, 13, 11, 13, 11, 14, 14, 15, 15, 14, 0, 0, 0]
Supplies: [3, 0, 0, 0, 0, 0, 0, -3]
------------------- Minimizing Lost Sales ----------------------------
Total Minimum cost = 36
Worker 1 assigned to Station 2, capable of 29 units; Deficit = 11
Worker 2 assigned to Station 1, capable of 29 units; Deficit = 11
Worker 3 assigned to Station 3, capable of 32 units; Deficit = 14
---------------------------------------------------------------------
Station 1 practically produces 29 units
Station 2 practically produces 29 units
Station 3 practically produces 29 units
------------------- Minimizing Standard Deviation --------------------
Total Minimum cost = 586
Worker 1 assigned to Station 2, capable of 29 units; Deficit = 213
Worker 2 assigned to Station 1, capable of 29 units; Deficit = 213
Worker 3 assigned to Station 3, capable of 32 units; Deficit = 160
---------------------------------------------------------------------
Station 1 practically produces 29 units
Station 2 practically produces 29 units
Station 3 practically produces 29 units
WIP Inventory [0, 0, 0]
---------------------------------------------------------------------
Graph building time: 0.00036s
Solving time: 0.00024s
Total time: 0.00061s
======================================================================


Updated Skill Levels:--------------------------------------------------
worker ID: 1 Skill Levels: [5, 29, 5]
worker ID: 2 Skill Levels: [29, 4, 4]
worker ID: 3 Skill Levels: [3, 3, 32]
================== Solving for Time Step 23 ==========================
Graph Info:-----------------------------------------------------------
Worker IDs : [1, 2, 3]
Station IDs : [4, 5, 6]
Start Nodes: [0, 0, 0, 1, 1, 1, 2, 2, 2, 3, 3, 3, 4, 5, 6]
End Nodes: [1, 2, 3, 4, 5, 6, 4, 5, 6, 4, 5, 6, 7, 7, 7]
Capacities: [1, 1, 1, 1, 1, 1, 1, 1, 1, 1, 1, 1, 1, 1, 1]
Costs: [0, 0, 0, 21, 3, 21, 3, 22, 22, 23, 23, 6, 0, 0, 0]
Supplies: [3, 0, 0, 0, 0, 0, 0, -3]
------------------- Minimizing Lost Sales ----------------------------
Total Minimum cost = 12
Worker 1 assigned to Station 2, capable of 29 units; Deficit = 3
Worker 2 assigned to Station 1, capable of 29 units; Deficit = 3
Worker 3 assigned to Station 3, capable of 32 units; Deficit = 6
---------------------------------------------------------------------
Station 1 practically produces 29 units
Station 2 practically produces 29 units
Station 3 practically produces 29 units
------------------- Minimizing Standard Deviation --------------------
Total Minimum cost = 586
Worker 1 assigned to Station 2, capable of 29 units; Deficit = 213
Worker 2 assigned to Station 1, capable of 29 units; Deficit = 213
Worker 3 assigned to Station 3, capable of 32 units; Deficit = 160
---------------------------------------------------------------------
Station 1 practically produces 29 units
Station 2 practically produces 29 units
Station 3 practically produces 29 units
WIP Inventory [0, 0, 0]
---------------------------------------------------------------------
Graph building time: 0.00032s
Solving time: 0.00026s
Total time: 0.00058s
======================================================================


Updated Skill Levels:--------------------------------------------------
worker ID: 1 Skill Levels: [5, 29, 5]
worker ID: 2 Skill Levels: [29, 4, 4]
worker ID: 3 Skill Levels: [3, 3, 32]
================== Solving for Time Step 24 ==========================
Graph Info:-----------------------------------------------------------
Worker IDs : [1, 2, 3]
Station IDs : [4, 5, 6]
Start Nodes: [0, 0, 0, 1, 1, 1, 2, 2, 2, 3, 3, 3, 4, 5, 6]
End Nodes: [1, 2, 3, 4, 5, 6, 4, 5, 6, 4, 5, 6, 7, 7, 7]
Capacities: [1, 1, 1, 1, 1, 1, 1, 1, 1, 1, 1, 1, 1, 1, 1]
Costs: [0, 0, 0, 25, 1, 25, 1, 26, 26, 27, 27, 2, 0, 0, 0]
Supplies: [3, 0, 0, 0, 0, 0, 0, -3]
------------------- Minimizing Lost Sales ----------------------------
Total Minimum cost = 4
Worker 1 assigned to Station 2, capable of 29 units; Deficit = 1
Worker 2 assigned to Station 1, capable of 29 units; Deficit = 1
Worker 3 assigned to Station 3, capable of 32 units; Deficit = 2
---------------------------------------------------------------------
Station 1 practically produces 29 units
Station 2 practically produces 29 units
Station 3 practically produces 29 units
------------------- Minimizing Standard Deviation --------------------
Total Minimum cost = 584
Worker 1 assigned to Station 2, capable of 29 units; Deficit = 212
Worker 2 assigned to Station 1, capable of 29 units; Deficit = 212
Worker 3 assigned to Station 3, capable of 32 units; Deficit = 160
---------------------------------------------------------------------
Station 1 practically produces 29 units
Station 2 practically produces 29 units
Station 3 practically produces 29 units
WIP Inventory [0, 0, 0]
---------------------------------------------------------------------
Graph building time: 0.00032s
Solving time: 0.00027s
Total time: 0.00059s
======================================================================


Updated Skill Levels:--------------------------------------------------
worker ID: 1 Skill Levels: [5, 29, 5]
worker ID: 2 Skill Levels: [29, 4, 4]
worker ID: 3 Skill Levels: [3, 3, 32]
================== Solving for Time Step 25 ==========================
Graph Info:-----------------------------------------------------------
Worker IDs : [1, 2, 3]
Station IDs : [4, 5, 6]
Start Nodes: [0, 0, 0, 1, 1, 1, 2, 2, 2, 3, 3, 3, 4, 5, 6]
End Nodes: [1, 2, 3, 4, 5, 6, 4, 5, 6, 4, 5, 6, 7, 7, 7]
Capacities: [1, 1, 1, 1, 1, 1, 1, 1, 1, 1, 1, 1, 1, 1, 1]
Costs: [0, 0, 0, 31, 7, 31, 7, 32, 32, 33, 33, 4, 0, 0, 0]
Supplies: [3, 0, 0, 0, 0, 0, 0, -3]
------------------- Minimizing Lost Sales ----------------------------
Total Minimum cost = 18
Worker 1 assigned to Station 2, capable of 29 units; Deficit = 7
Worker 2 assigned to Station 1, capable of 29 units; Deficit = 7
Worker 3 assigned to Station 3, capable of 32 units; Deficit = 4
---------------------------------------------------------------------
Station 1 practically produces 29 units
Station 2 practically produces 29 units
Station 3 practically produces 29 units
------------------- Minimizing Standard Deviation --------------------
Total Minimum cost = 566
Worker 1 assigned to Station 2, capable of 29 units; Deficit = 205
Worker 2 assigned to Station 1, capable of 29 units; Deficit = 205
Worker 3 assigned to Station 3, capable of 32 units; Deficit = 156
---------------------------------------------------------------------
Station 1 practically produces 29 units
Station 2 practically produces 29 units
Station 3 practically produces 29 units
WIP Inventory [0, 0, 0]
---------------------------------------------------------------------
Graph building time: 0.00033s
Solving time: 0.00027s
Total time: 0.00060s
======================================================================


Updated Skill Levels:--------------------------------------------------
worker ID: 1 Skill Levels: [5, 29, 5]
worker ID: 2 Skill Levels: [29, 4, 4]
worker ID: 3 Skill Levels: [3, 3, 32]
================== Solving for Time Step 26 ==========================
Graph Info:-----------------------------------------------------------
Worker IDs : [1, 2, 3]
Station IDs : [4, 5, 6]
Start Nodes: [0, 0, 0, 1, 1, 1, 2, 2, 2, 3, 3, 3, 4, 5, 6]
End Nodes: [1, 2, 3, 4, 5, 6, 4, 5, 6, 4, 5, 6, 7, 7, 7]
Capacities: [1, 1, 1, 1, 1, 1, 1, 1, 1, 1, 1, 1, 1, 1, 1]
Costs: [0, 0, 0, 7, 17, 7, 17, 8, 8, 9, 9, 20, 0, 0, 0]
Supplies: [3, 0, 0, 0, 0, 0, 0, -3]
------------------- Minimizing Lost Sales ----------------------------
Total Minimum cost = 24
Worker 1 assigned to Station 1, capable of 5 units; Deficit = 7
Worker 2 assigned to Station 3, capable of 4 units; Deficit = 8
Worker 3 assigned to Station 2, capable of 3 units; Deficit = 9
---------------------------------------------------------------------
Station 1 practically produces 5 units
Station 2 practically produces 3 units
Station 3 practically produces 3 units
------------------- Minimizing Standard Deviation --------------------
Total Minimum cost = 641
Worker 1 assigned to Station 2, capable of 29 units; Deficit = 230
Worker 2 assigned to Station 1, capable of 29 units; Deficit = 230
Worker 3 assigned to Station 3, capable of 32 units; Deficit = 181
---------------------------------------------------------------------
Station 1 practically produces 29 units
Station 2 practically produces 29 units
Station 3 practically produces 29 units
WIP Inventory [0, 0, 0]
---------------------------------------------------------------------
Graph building time: 0.00032s
Solving time: 0.00026s
Total time: 0.00058s
======================================================================


Updated Skill Levels:--------------------------------------------------
worker ID: 1 Skill Levels: [5, 29, 5]
worker ID: 2 Skill Levels: [29, 4, 4]
worker ID: 3 Skill Levels: [3, 3, 32]
================== Solving for Time Step 27 ==========================
Graph Info:-----------------------------------------------------------
Worker IDs : [1, 2, 3]
Station IDs : [4, 5, 6]
Start Nodes: [0, 0, 0, 1, 1, 1, 2, 2, 2, 3, 3, 3, 4, 5, 6]
End Nodes: [1, 2, 3, 4, 5, 6, 4, 5, 6, 4, 5, 6, 7, 7, 7]
Capacities: [1, 1, 1, 1, 1, 1, 1, 1, 1, 1, 1, 1, 1, 1, 1]
Costs: [0, 0, 0, 35, 11, 35, 11, 36, 36, 37, 37, 8, 0, 0, 0]
Supplies: [3, 0, 0, 0, 0, 0, 0, -3]
------------------- Minimizing Lost Sales ----------------------------
Total Minimum cost = 30
Worker 1 assigned to Station 2, capable of 29 units; Deficit = 11
Worker 2 assigned to Station 1, capable of 29 units; Deficit = 11
Worker 3 assigned to Station 3, capable of 32 units; Deficit = 8
---------------------------------------------------------------------
Station 1 practically produces 29 units
Station 2 practically produces 29 units
Station 3 practically produces 29 units
------------------- Minimizing Standard Deviation --------------------
Total Minimum cost = 536
Worker 1 assigned to Station 2, capable of 29 units; Deficit = 194
Worker 2 assigned to Station 1, capable of 29 units; Deficit = 194
Worker 3 assigned to Station 3, capable of 32 units; Deficit = 148
---------------------------------------------------------------------
Station 1 practically produces 29 units
Station 2 practically produces 29 units
Station 3 practically produces 29 units
WIP Inventory [0, 0, 0]
---------------------------------------------------------------------
Graph building time: 0.00031s
Solving time: 0.00024s
Total time: 0.00056s
======================================================================


Updated Skill Levels:--------------------------------------------------
worker ID: 1 Skill Levels: [5, 29, 5]
worker ID: 2 Skill Levels: [29, 4, 4]
worker ID: 3 Skill Levels: [3, 3, 32]
================== Solving for Time Step 28 ==========================
Graph Info:-----------------------------------------------------------
Worker IDs : [1, 2, 3]
Station IDs : [4, 5, 6]
Start Nodes: [0, 0, 0, 1, 1, 1, 2, 2, 2, 3, 3, 3, 4, 5, 6]
End Nodes: [1, 2, 3, 4, 5, 6, 4, 5, 6, 4, 5, 6, 7, 7, 7]
Capacities: [1, 1, 1, 1, 1, 1, 1, 1, 1, 1, 1, 1, 1, 1, 1]
Costs: [0, 0, 0, 9, 15, 9, 15, 10, 10, 11, 11, 18, 0, 0, 0]
Supplies: [3, 0, 0, 0, 0, 0, 0, -3]
------------------- Minimizing Lost Sales ----------------------------
Total Minimum cost = 30
Worker 1 assigned to Station 3, capable of 5 units; Deficit = 9
Worker 2 assigned to Station 2, capable of 4 units; Deficit = 10
Worker 3 assigned to Station 1, capable of 3 units; Deficit = 11
---------------------------------------------------------------------
Station 1 practically produces 3 units
Station 2 practically produces 3 units
Station 3 practically produces 3 units
------------------- Minimizing Standard Deviation --------------------
Total Minimum cost = 614
Worker 1 assigned to Station 2, capable of 29 units; Deficit = 220
Worker 2 assigned to Station 1, capable of 29 units; Deficit = 220
Worker 3 assigned to Station 3, capable of 32 units; Deficit = 174
---------------------------------------------------------------------
Station 1 practically produces 29 units
Station 2 practically produces 29 units
Station 3 practically produces 29 units
WIP Inventory [0, 0, 0]
---------------------------------------------------------------------
Graph building time: 0.00031s
Solving time: 0.00024s
Total time: 0.00055s
======================================================================


Updated Skill Levels:--------------------------------------------------
worker ID: 1 Skill Levels: [5, 29, 5]
worker ID: 2 Skill Levels: [29, 4, 4]
worker ID: 3 Skill Levels: [3, 3, 32]
================== Solving for Time Step 29 ==========================
Graph Info:-----------------------------------------------------------
Worker IDs : [1, 2, 3]
Station IDs : [4, 5, 6]
Start Nodes: [0, 0, 0, 1, 1, 1, 2, 2, 2, 3, 3, 3, 4, 5, 6]
End Nodes: [1, 2, 3, 4, 5, 6, 4, 5, 6, 4, 5, 6, 7, 7, 7]
Capacities: [1, 1, 1, 1, 1, 1, 1, 1, 1, 1, 1, 1, 1, 1, 1]
Costs: [0, 0, 0, 16, 8, 16, 8, 17, 17, 18, 18, 11, 0, 0, 0]
Supplies: [3, 0, 0, 0, 0, 0, 0, -3]
------------------- Minimizing Lost Sales ----------------------------
Total Minimum cost = 27
Worker 1 assigned to Station 2, capable of 29 units; Deficit = 8
Worker 2 assigned to Station 1, capable of 29 units; Deficit = 8
Worker 3 assigned to Station 3, capable of 32 units; Deficit = 11
---------------------------------------------------------------------
Station 1 practically produces 29 units
Station 2 practically produces 29 units
Station 3 practically produces 29 units
------------------- Minimizing Standard Deviation --------------------
Total Minimum cost = 536
Worker 1 assigned to Station 2, capable of 29 units; Deficit = 194
Worker 2 assigned to Station 1, capable of 29 units; Deficit = 194
Worker 3 assigned to Station 3, capable of 32 units; Deficit = 148
---------------------------------------------------------------------
Station 1 practically produces 29 units
Station 2 practically produces 29 units
Station 3 practically produces 29 units
WIP Inventory [0, 0, 0]
---------------------------------------------------------------------
Graph building time: 0.00031s
Solving time: 0.00024s
Total time: 0.00055s
======================================================================


Updated Skill Levels:--------------------------------------------------
worker ID: 1 Skill Levels: [5, 29, 5]
worker ID: 2 Skill Levels: [29, 4, 4]
worker ID: 3 Skill Levels: [3, 3, 32]
================== Solving for Time Step 30 ==========================
Graph Info:-----------------------------------------------------------
Worker IDs : [1, 2, 3]
Station IDs : [4, 5, 6]
Start Nodes: [0, 0, 0, 1, 1, 1, 2, 2, 2, 3, 3, 3, 4, 5, 6]
End Nodes: [1, 2, 3, 4, 5, 6, 4, 5, 6, 4, 5, 6, 7, 7, 7]
Capacities: [1, 1, 1, 1, 1, 1, 1, 1, 1, 1, 1, 1, 1, 1, 1]
Costs: [0, 0, 0, 29, 5, 29, 5, 30, 30, 31, 31, 2, 0, 0, 0]
Supplies: [3, 0, 0, 0, 0, 0, 0, -3]
------------------- Minimizing Lost Sales ----------------------------
Total Minimum cost = 12
Worker 1 assigned to Station 2, capable of 29 units; Deficit = 5
Worker 2 assigned to Station 1, capable of 29 units; Deficit = 5
Worker 3 assigned to Station 3, capable of 32 units; Deficit = 2
---------------------------------------------------------------------
Station 1 practically produces 29 units
Station 2 practically produces 29 units
Station 3 practically produces 29 units
------------------- Minimizing Standard Deviation --------------------
Total Minimum cost = 524
Worker 1 assigned to Station 2, capable of 29 units; Deficit = 189
Worker 2 assigned to Station 1, capable of 29 units; Deficit = 189
Worker 3 assigned to Station 3, capable of 32 units; Deficit = 146
---------------------------------------------------------------------
Station 1 practically produces 29 units
Station 2 practically produces 29 units
Station 3 practically produces 29 units
WIP Inventory [0, 0, 0]
---------------------------------------------------------------------
Graph building time: 0.00030s
Solving time: 0.00024s
Total time: 0.00054s
======================================================================


Updated Skill Levels:--------------------------------------------------
worker ID: 1 Skill Levels: [5, 29, 5]
worker ID: 2 Skill Levels: [29, 4, 4]
worker ID: 3 Skill Levels: [3, 3, 32]
================== Solving for Time Step 31 ==========================
Graph Info:-----------------------------------------------------------
Worker IDs : [1, 2, 3]
Station IDs : [4, 5, 6]
Start Nodes: [0, 0, 0, 1, 1, 1, 2, 2, 2, 3, 3, 3, 4, 5, 6]
End Nodes: [1, 2, 3, 4, 5, 6, 4, 5, 6, 4, 5, 6, 7, 7, 7]
Capacities: [1, 1, 1, 1, 1, 1, 1, 1, 1, 1, 1, 1, 1, 1, 1]
Costs: [0, 0, 0, 31, 7, 31, 7, 32, 32, 33, 33, 4, 0, 0, 0]
Supplies: [3, 0, 0, 0, 0, 0, 0, -3]
------------------- Minimizing Lost Sales ----------------------------
Total Minimum cost = 18
Worker 1 assigned to Station 2, capable of 29 units; Deficit = 7
Worker 2 assigned to Station 1, capable of 29 units; Deficit = 7
Worker 3 assigned to Station 3, capable of 32 units; Deficit = 4
---------------------------------------------------------------------
Station 1 practically produces 29 units
Station 2 practically produces 29 units
Station 3 practically produces 29 units
------------------- Minimizing Standard Deviation --------------------
Total Minimum cost = 506
Worker 1 assigned to Station 2, capable of 29 units; Deficit = 182
Worker 2 assigned to Station 1, capable of 29 units; Deficit = 182
Worker 3 assigned to Station 3, capable of 32 units; Deficit = 142
---------------------------------------------------------------------
Station 1 practically produces 29 units
Station 2 practically produces 29 units
Station 3 practically produces 29 units
WIP Inventory [0, 0, 0]
---------------------------------------------------------------------
Graph building time: 0.00031s
Solving time: 0.00024s
Total time: 0.00055s
======================================================================


Updated Skill Levels:--------------------------------------------------
worker ID: 1 Skill Levels: [5, 29, 5]
worker ID: 2 Skill Levels: [29, 4, 4]
worker ID: 3 Skill Levels: [3, 3, 32]
================== Solving for Time Step 32 ==========================
Graph Info:-----------------------------------------------------------
Worker IDs : [1, 2, 3]
Station IDs : [4, 5, 6]
Start Nodes: [0, 0, 0, 1, 1, 1, 2, 2, 2, 3, 3, 3, 4, 5, 6]
End Nodes: [1, 2, 3, 4, 5, 6, 4, 5, 6, 4, 5, 6, 7, 7, 7]
Capacities: [1, 1, 1, 1, 1, 1, 1, 1, 1, 1, 1, 1, 1, 1, 1]
Costs: [0, 0, 0, 24, 0, 24, 0, 25, 25, 26, 26, 3, 0, 0, 0]
Supplies: [3, 0, 0, 0, 0, 0, 0, -3]
------------------- Minimizing Lost Sales ----------------------------
Total Minimum cost = 3
Worker 1 assigned to Station 2, capable of 29 units; Deficit = 0
Worker 2 assigned to Station 1, capable of 29 units; Deficit = 0
Worker 3 assigned to Station 3, capable of 32 units; Deficit = 3
---------------------------------------------------------------------
Station 1 practically produces 29 units
Station 2 practically produces 29 units
Station 3 practically produces 29 units
------------------- Minimizing Standard Deviation --------------------
Total Minimum cost = 506
Worker 1 assigned to Station 2, capable of 29 units; Deficit = 182
Worker 2 assigned to Station 1, capable of 29 units; Deficit = 182
Worker 3 assigned to Station 3, capable of 32 units; Deficit = 142
---------------------------------------------------------------------
Station 1 practically produces 29 units
Station 2 practically produces 29 units
Station 3 practically produces 29 units
WIP Inventory [0, 0, 0]
---------------------------------------------------------------------
Graph building time: 0.00030s
Solving time: 0.00024s
Total time: 0.00054s
======================================================================


Updated Skill Levels:--------------------------------------------------
worker ID: 1 Skill Levels: [5, 29, 5]
worker ID: 2 Skill Levels: [29, 4, 4]
worker ID: 3 Skill Levels: [3, 3, 32]
================== Solving for Time Step 33 ==========================
Graph Info:-----------------------------------------------------------
Worker IDs : [1, 2, 3]
Station IDs : [4, 5, 6]
Start Nodes: [0, 0, 0, 1, 1, 1, 2, 2, 2, 3, 3, 3, 4, 5, 6]
End Nodes: [1, 2, 3, 4, 5, 6, 4, 5, 6, 4, 5, 6, 7, 7, 7]
Capacities: [1, 1, 1, 1, 1, 1, 1, 1, 1, 1, 1, 1, 1, 1, 1]
Costs: [0, 0, 0, 41, 17, 41, 17, 42, 42, 43, 43, 14, 0, 0, 0]
Supplies: [3, 0, 0, 0, 0, 0, 0, -3]
------------------- Minimizing Lost Sales ----------------------------
Total Minimum cost = 48
Worker 1 assigned to Station 2, capable of 29 units; Deficit = 17
Worker 2 assigned to Station 1, capable of 29 units; Deficit = 17
Worker 3 assigned to Station 3, capable of 32 units; Deficit = 14
---------------------------------------------------------------------
Station 1 practically produces 29 units
Station 2 practically produces 29 units
Station 3 practically produces 29 units
------------------- Minimizing Standard Deviation --------------------
Total Minimum cost = 458
Worker 1 assigned to Station 2, capable of 29 units; Deficit = 165
Worker 2 assigned to Station 1, capable of 29 units; Deficit = 165
Worker 3 assigned to Station 3, capable of 32 units; Deficit = 128
---------------------------------------------------------------------
Station 1 practically produces 29 units
Station 2 practically produces 29 units
Station 3 practically produces 29 units
WIP Inventory [0, 0, 0]
---------------------------------------------------------------------
Graph building time: 0.00033s
Solving time: 0.00024s
Total time: 0.00057s
======================================================================


Updated Skill Levels:--------------------------------------------------
worker ID: 1 Skill Levels: [5, 29, 5]
worker ID: 2 Skill Levels: [29, 4, 4]
worker ID: 3 Skill Levels: [3, 3, 32]
================== Solving for Time Step 34 ==========================
Graph Info:-----------------------------------------------------------
Worker IDs : [1, 2, 3]
Station IDs : [4, 5, 6]
Start Nodes: [0, 0, 0, 1, 1, 1, 2, 2, 2, 3, 3, 3, 4, 5, 6]
End Nodes: [1, 2, 3, 4, 5, 6, 4, 5, 6, 4, 5, 6, 7, 7, 7]
Capacities: [1, 1, 1, 1, 1, 1, 1, 1, 1, 1, 1, 1, 1, 1, 1]
Costs: [0, 0, 0, 15, 9, 15, 9, 16, 16, 17, 17, 12, 0, 0, 0]
Supplies: [3, 0, 0, 0, 0, 0, 0, -3]
------------------- Minimizing Lost Sales ----------------------------
Total Minimum cost = 30
Worker 1 assigned to Station 2, capable of 29 units; Deficit = 9
Worker 2 assigned to Station 1, capable of 29 units; Deficit = 9
Worker 3 assigned to Station 3, capable of 32 units; Deficit = 12
---------------------------------------------------------------------
Station 1 practically produces 29 units
Station 2 practically produces 29 units
Station 3 practically produces 29 units
------------------- Minimizing Standard Deviation --------------------
Total Minimum cost = 458
Worker 1 assigned to Station 2, capable of 29 units; Deficit = 165
Worker 2 assigned to Station 1, capable of 29 units; Deficit = 165
Worker 3 assigned to Station 3, capable of 32 units; Deficit = 128
---------------------------------------------------------------------
Station 1 practically produces 29 units
Station 2 practically produces 29 units
Station 3 practically produces 29 units
WIP Inventory [0, 0, 0]
---------------------------------------------------------------------
Graph building time: 0.00029s
Solving time: 0.00024s
Total time: 0.00053s
======================================================================


Updated Skill Levels:--------------------------------------------------
worker ID: 1 Skill Levels: [5, 29, 5]
worker ID: 2 Skill Levels: [29, 4, 4]
worker ID: 3 Skill Levels: [3, 3, 32]
================== Solving for Time Step 35 ==========================
Graph Info:-----------------------------------------------------------
Worker IDs : [1, 2, 3]
Station IDs : [4, 5, 6]
Start Nodes: [0, 0, 0, 1, 1, 1, 2, 2, 2, 3, 3, 3, 4, 5, 6]
End Nodes: [1, 2, 3, 4, 5, 6, 4, 5, 6, 4, 5, 6, 7, 7, 7]
Capacities: [1, 1, 1, 1, 1, 1, 1, 1, 1, 1, 1, 1, 1, 1, 1]
Costs: [0, 0, 0, 18, 6, 18, 6, 19, 19, 20, 20, 9, 0, 0, 0]
Supplies: [3, 0, 0, 0, 0, 0, 0, -3]
------------------- Minimizing Lost Sales ----------------------------
Total Minimum cost = 21
Worker 1 assigned to Station 2, capable of 29 units; Deficit = 6
Worker 2 assigned to Station 1, capable of 29 units; Deficit = 6
Worker 3 assigned to Station 3, capable of 32 units; Deficit = 9
---------------------------------------------------------------------
Station 1 practically produces 29 units
Station 2 practically produces 29 units
Station 3 practically produces 29 units
------------------- Minimizing Standard Deviation --------------------
Total Minimum cost = 458
Worker 1 assigned to Station 2, capable of 29 units; Deficit = 165
Worker 2 assigned to Station 1, capable of 29 units; Deficit = 165
Worker 3 assigned to Station 3, capable of 32 units; Deficit = 128
---------------------------------------------------------------------
Station 1 practically produces 29 units
Station 2 practically produces 29 units
Station 3 practically produces 29 units
WIP Inventory [0, 0, 0]
---------------------------------------------------------------------
Graph building time: 0.00030s
Solving time: 0.00025s
Total time: 0.00055s
======================================================================


Updated Skill Levels:--------------------------------------------------
worker ID: 1 Skill Levels: [5, 29, 5]
worker ID: 2 Skill Levels: [29, 4, 4]
worker ID: 3 Skill Levels: [3, 3, 32]
================== Solving for Time Step 36 ==========================
Graph Info:-----------------------------------------------------------
Worker IDs : [1, 2, 3]
Station IDs : [4, 5, 6]
Start Nodes: [0, 0, 0, 1, 1, 1, 2, 2, 2, 3, 3, 3, 4, 5, 6]
End Nodes: [1, 2, 3, 4, 5, 6, 4, 5, 6, 4, 5, 6, 7, 7, 7]
Capacities: [1, 1, 1, 1, 1, 1, 1, 1, 1, 1, 1, 1, 1, 1, 1]
Costs: [0, 0, 0, 25, 1, 25, 1, 26, 26, 27, 27, 2, 0, 0, 0]
Supplies: [3, 0, 0, 0, 0, 0, 0, -3]
------------------- Minimizing Lost Sales ----------------------------
Total Minimum cost = 4
Worker 1 assigned to Station 2, capable of 29 units; Deficit = 1
Worker 2 assigned to Station 1, capable of 29 units; Deficit = 1
Worker 3 assigned to Station 3, capable of 32 units; Deficit = 2
---------------------------------------------------------------------
Station 1 practically produces 29 units
Station 2 practically produces 29 units
Station 3 practically produces 29 units
------------------- Minimizing Standard Deviation --------------------
Total Minimum cost = 456
Worker 1 assigned to Station 2, capable of 29 units; Deficit = 164
Worker 2 assigned to Station 1, capable of 29 units; Deficit = 164
Worker 3 assigned to Station 3, capable of 32 units; Deficit = 128
---------------------------------------------------------------------
Station 1 practically produces 29 units
Station 2 practically produces 29 units
Station 3 practically produces 29 units
WIP Inventory [0, 0, 0]
---------------------------------------------------------------------
Graph building time: 0.00029s
Solving time: 0.00024s
Total time: 0.00053s
======================================================================


Updated Skill Levels:--------------------------------------------------
worker ID: 1 Skill Levels: [5, 29, 5]
worker ID: 2 Skill Levels: [29, 4, 4]
worker ID: 3 Skill Levels: [3, 3, 32]
================== Solving for Time Step 37 ==========================
Graph Info:-----------------------------------------------------------
Worker IDs : [1, 2, 3]
Station IDs : [4, 5, 6]
Start Nodes: [0, 0, 0, 1, 1, 1, 2, 2, 2, 3, 3, 3, 4, 5, 6]
End Nodes: [1, 2, 3, 4, 5, 6, 4, 5, 6, 4, 5, 6, 7, 7, 7]
Capacities: [1, 1, 1, 1, 1, 1, 1, 1, 1, 1, 1, 1, 1, 1, 1]
Costs: [0, 0, 0, 33, 9, 33, 9, 34, 34, 35, 35, 6, 0, 0, 0]
Supplies: [3, 0, 0, 0, 0, 0, 0, -3]
------------------- Minimizing Lost Sales ----------------------------
Total Minimum cost = 24
Worker 1 assigned to Station 2, capable of 29 units; Deficit = 9
Worker 2 assigned to Station 1, capable of 29 units; Deficit = 9
Worker 3 assigned to Station 3, capable of 32 units; Deficit = 6
---------------------------------------------------------------------
Station 1 practically produces 29 units
Station 2 practically produces 29 units
Station 3 practically produces 29 units
------------------- Minimizing Standard Deviation --------------------
Total Minimum cost = 432
Worker 1 assigned to Station 2, capable of 29 units; Deficit = 155
Worker 2 assigned to Station 1, capable of 29 units; Deficit = 155
Worker 3 assigned to Station 3, capable of 32 units; Deficit = 122
---------------------------------------------------------------------
Station 1 practically produces 29 units
Station 2 practically produces 29 units
Station 3 practically produces 29 units
WIP Inventory [0, 0, 0]
---------------------------------------------------------------------
Graph building time: 0.00028s
Solving time: 0.00024s
Total time: 0.00052s
======================================================================


Updated Skill Levels:--------------------------------------------------
worker ID: 1 Skill Levels: [5, 29, 5]
worker ID: 2 Skill Levels: [29, 4, 4]
worker ID: 3 Skill Levels: [3, 3, 32]
================== Solving for Time Step 38 ==========================
Graph Info:-----------------------------------------------------------
Worker IDs : [1, 2, 3]
Station IDs : [4, 5, 6]
Start Nodes: [0, 0, 0, 1, 1, 1, 2, 2, 2, 3, 3, 3, 4, 5, 6]
End Nodes: [1, 2, 3, 4, 5, 6, 4, 5, 6, 4, 5, 6, 7, 7, 7]
Capacities: [1, 1, 1, 1, 1, 1, 1, 1, 1, 1, 1, 1, 1, 1, 1]
Costs: [0, 0, 0, 10, 14, 10, 14, 11, 11, 12, 12, 17, 0, 0, 0]
Supplies: [3, 0, 0, 0, 0, 0, 0, -3]
------------------- Minimizing Lost Sales ----------------------------
Total Minimum cost = 33
Worker 1 assigned to Station 3, capable of 5 units; Deficit = 10
Worker 2 assigned to Station 2, capable of 4 units; Deficit = 11
Worker 3 assigned to Station 1, capable of 3 units; Deficit = 12
---------------------------------------------------------------------
Station 1 practically produces 3 units
Station 2 practically produces 3 units
Station 3 practically produces 3 units
------------------- Minimizing Standard Deviation --------------------
Total Minimum cost = 510
Worker 1 assigned to Station 2, capable of 29 units; Deficit = 181
Worker 2 assigned to Station 1, capable of 29 units; Deficit = 181
Worker 3 assigned to Station 3, capable of 32 units; Deficit = 148
---------------------------------------------------------------------
Station 1 practically produces 29 units
Station 2 practically produces 29 units
Station 3 practically produces 29 units
WIP Inventory [0, 0, 0]
---------------------------------------------------------------------
Graph building time: 0.00028s
Solving time: 0.00027s
Total time: 0.00055s
======================================================================


Updated Skill Levels:--------------------------------------------------
worker ID: 1 Skill Levels: [5, 29, 5]
worker ID: 2 Skill Levels: [29, 4, 4]
worker ID: 3 Skill Levels: [3, 3, 32]
================== Solving for Time Step 39 ==========================
Graph Info:-----------------------------------------------------------
Worker IDs : [1, 2, 3]
Station IDs : [4, 5, 6]
Start Nodes: [0, 0, 0, 1, 1, 1, 2, 2, 2, 3, 3, 3, 4, 5, 6]
End Nodes: [1, 2, 3, 4, 5, 6, 4, 5, 6, 4, 5, 6, 7, 7, 7]
Capacities: [1, 1, 1, 1, 1, 1, 1, 1, 1, 1, 1, 1, 1, 1, 1]
Costs: [0, 0, 0, 22, 2, 22, 2, 23, 23, 24, 24, 5, 0, 0, 0]
Supplies: [3, 0, 0, 0, 0, 0, 0, -3]
------------------- Minimizing Lost Sales ----------------------------
Total Minimum cost = 9
Worker 1 assigned to Station 2, capable of 29 units; Deficit = 2
Worker 2 assigned to Station 1, capable of 29 units; Deficit = 2
Worker 3 assigned to Station 3, capable of 32 units; Deficit = 5
---------------------------------------------------------------------
Station 1 practically produces 29 units
Station 2 practically produces 29 units
Station 3 practically produces 29 units
------------------- Minimizing Standard Deviation --------------------
Total Minimum cost = 432
Worker 1 assigned to Station 2, capable of 29 units; Deficit = 155
Worker 2 assigned to Station 1, capable of 29 units; Deficit = 155
Worker 3 assigned to Station 3, capable of 32 units; Deficit = 122
---------------------------------------------------------------------
Station 1 practically produces 29 units
Station 2 practically produces 29 units
Station 3 practically produces 29 units
WIP Inventory [0, 0, 0]
---------------------------------------------------------------------
Graph building time: 0.00028s
Solving time: 0.00024s
Total time: 0.00052s
======================================================================


Updated Skill Levels:--------------------------------------------------
worker ID: 1 Skill Levels: [5, 29, 5]
worker ID: 2 Skill Levels: [29, 4, 4]
worker ID: 3 Skill Levels: [3, 3, 32]
================== Solving for Time Step 40 ==========================
Graph Info:-----------------------------------------------------------
Worker IDs : [1, 2, 3]
Station IDs : [4, 5, 6]
Start Nodes: [0, 0, 0, 1, 1, 1, 2, 2, 2, 3, 3, 3, 4, 5, 6]
End Nodes: [1, 2, 3, 4, 5, 6, 4, 5, 6, 4, 5, 6, 7, 7, 7]
Capacities: [1, 1, 1, 1, 1, 1, 1, 1, 1, 1, 1, 1, 1, 1, 1]
Costs: [0, 0, 0, 30, 6, 30, 6, 31, 31, 32, 32, 3, 0, 0, 0]
Supplies: [3, 0, 0, 0, 0, 0, 0, -3]
------------------- Minimizing Lost Sales ----------------------------
Total Minimum cost = 15
Worker 1 assigned to Station 2, capable of 29 units; Deficit = 6
Worker 2 assigned to Station 1, capable of 29 units; Deficit = 6
Worker 3 assigned to Station 3, capable of 32 units; Deficit = 3
---------------------------------------------------------------------
Station 1 practically produces 29 units
Station 2 practically produces 29 units
Station 3 practically produces 29 units
------------------- Minimizing Standard Deviation --------------------
Total Minimum cost = 417
Worker 1 assigned to Station 2, capable of 29 units; Deficit = 149
Worker 2 assigned to Station 1, capable of 29 units; Deficit = 149
Worker 3 assigned to Station 3, capable of 32 units; Deficit = 119
---------------------------------------------------------------------
Station 1 practically produces 29 units
Station 2 practically produces 29 units
Station 3 practically produces 29 units
WIP Inventory [0, 0, 0]
---------------------------------------------------------------------
Graph building time: 0.00027s
Solving time: 0.00027s
Total time: 0.00055s
======================================================================


Updated Skill Levels:--------------------------------------------------
worker ID: 1 Skill Levels: [5, 29, 5]
worker ID: 2 Skill Levels: [29, 4, 4]
worker ID: 3 Skill Levels: [3, 3, 32]
================== Solving for Time Step 41 ==========================
Graph Info:-----------------------------------------------------------
Worker IDs : [1, 2, 3]
Station IDs : [4, 5, 6]
Start Nodes: [0, 0, 0, 1, 1, 1, 2, 2, 2, 3, 3, 3, 4, 5, 6]
End Nodes: [1, 2, 3, 4, 5, 6, 4, 5, 6, 4, 5, 6, 7, 7, 7]
Capacities: [1, 1, 1, 1, 1, 1, 1, 1, 1, 1, 1, 1, 1, 1, 1]
Costs: [0, 0, 0, 34, 10, 34, 10, 35, 35, 36, 36, 7, 0, 0, 0]
Supplies: [3, 0, 0, 0, 0, 0, 0, -3]
------------------- Minimizing Lost Sales ----------------------------
Total Minimum cost = 27
Worker 1 assigned to Station 2, capable of 29 units; Deficit = 10
Worker 2 assigned to Station 1, capable of 29 units; Deficit = 10
Worker 3 assigned to Station 3, capable of 32 units; Deficit = 7
---------------------------------------------------------------------
Station 1 practically produces 29 units
Station 2 practically produces 29 units
Station 3 practically produces 29 units
------------------- Minimizing Standard Deviation --------------------
Total Minimum cost = 390
Worker 1 assigned to Station 2, capable of 29 units; Deficit = 139
Worker 2 assigned to Station 1, capable of 29 units; Deficit = 139
Worker 3 assigned to Station 3, capable of 32 units; Deficit = 112
---------------------------------------------------------------------
Station 1 practically produces 29 units
Station 2 practically produces 29 units
Station 3 practically produces 29 units
WIP Inventory [0, 0, 0]
---------------------------------------------------------------------
Graph building time: 0.00027s
Solving time: 0.00026s
Total time: 0.00053s
======================================================================


Updated Skill Levels:--------------------------------------------------
worker ID: 1 Skill Levels: [5, 29, 5]
worker ID: 2 Skill Levels: [29, 4, 4]
worker ID: 3 Skill Levels: [3, 3, 32]
================== Solving for Time Step 42 ==========================
Graph Info:-----------------------------------------------------------
Worker IDs : [1, 2, 3]
Station IDs : [4, 5, 6]
Start Nodes: [0, 0, 0, 1, 1, 1, 2, 2, 2, 3, 3, 3, 4, 5, 6]
End Nodes: [1, 2, 3, 4, 5, 6, 4, 5, 6, 4, 5, 6, 7, 7, 7]
Capacities: [1, 1, 1, 1, 1, 1, 1, 1, 1, 1, 1, 1, 1, 1, 1]
Costs: [0, 0, 0, 28, 4, 28, 4, 29, 29, 30, 30, 1, 0, 0, 0]
Supplies: [3, 0, 0, 0, 0, 0, 0, -3]
------------------- Minimizing Lost Sales ----------------------------
Total Minimum cost = 9
Worker 1 assigned to Station 2, capable of 29 units; Deficit = 4
Worker 2 assigned to Station 1, capable of 29 units; Deficit = 4
Worker 3 assigned to Station 3, capable of 32 units; Deficit = 1
---------------------------------------------------------------------
Station 1 practically produces 29 units
Station 2 practically produces 29 units
Station 3 practically produces 29 units
------------------- Minimizing Standard Deviation --------------------
Total Minimum cost = 381
Worker 1 assigned to Station 2, capable of 29 units; Deficit = 135
Worker 2 assigned to Station 1, capable of 29 units; Deficit = 135
Worker 3 assigned to Station 3, capable of 32 units; Deficit = 111
---------------------------------------------------------------------
Station 1 practically produces 29 units
Station 2 practically produces 29 units
Station 3 practically produces 29 units
WIP Inventory [0, 0, 0]
---------------------------------------------------------------------
Graph building time: 0.00027s
Solving time: 0.00025s
Total time: 0.00052s
======================================================================


Updated Skill Levels:--------------------------------------------------
worker ID: 1 Skill Levels: [5, 29, 5]
worker ID: 2 Skill Levels: [29, 4, 4]
worker ID: 3 Skill Levels: [3, 3, 32]
================== Solving for Time Step 43 ==========================
Graph Info:-----------------------------------------------------------
Worker IDs : [1, 2, 3]
Station IDs : [4, 5, 6]
Start Nodes: [0, 0, 0, 1, 1, 1, 2, 2, 2, 3, 3, 3, 4, 5, 6]
End Nodes: [1, 2, 3, 4, 5, 6, 4, 5, 6, 4, 5, 6, 7, 7, 7]
Capacities: [1, 1, 1, 1, 1, 1, 1, 1, 1, 1, 1, 1, 1, 1, 1]
Costs: [0, 0, 0, 27, 3, 27, 3, 28, 28, 29, 29, 0, 0, 0, 0]
Supplies: [3, 0, 0, 0, 0, 0, 0, -3]
------------------- Minimizing Lost Sales ----------------------------
Total Minimum cost = 6
Worker 1 assigned to Station 2, capable of 29 units; Deficit = 3
Worker 2 assigned to Station 1, capable of 29 units; Deficit = 3
Worker 3 assigned to Station 3, capable of 32 units; Deficit = 0
---------------------------------------------------------------------
Station 1 practically produces 29 units
Station 2 practically produces 29 units
Station 3 practically produces 29 units
------------------- Minimizing Standard Deviation --------------------
Total Minimum cost = 375
Worker 1 assigned to Station 2, capable of 29 units; Deficit = 132
Worker 2 assigned to Station 1, capable of 29 units; Deficit = 132
Worker 3 assigned to Station 3, capable of 32 units; Deficit = 111
---------------------------------------------------------------------
Station 1 practically produces 29 units
Station 2 practically produces 29 units
Station 3 practically produces 29 units
WIP Inventory [0, 0, 0]
---------------------------------------------------------------------
Graph building time: 0.00027s
Solving time: 0.00024s
Total time: 0.00051s
======================================================================


Updated Skill Levels:--------------------------------------------------
worker ID: 1 Skill Levels: [5, 29, 5]
worker ID: 2 Skill Levels: [29, 4, 4]
worker ID: 3 Skill Levels: [3, 3, 32]
================== Solving for Time Step 44 ==========================
Graph Info:-----------------------------------------------------------
Worker IDs : [1, 2, 3]
Station IDs : [4, 5, 6]
Start Nodes: [0, 0, 0, 1, 1, 1, 2, 2, 2, 3, 3, 3, 4, 5, 6]
End Nodes: [1, 2, 3, 4, 5, 6, 4, 5, 6, 4, 5, 6, 7, 7, 7]
Capacities: [1, 1, 1, 1, 1, 1, 1, 1, 1, 1, 1, 1, 1, 1, 1]
Costs: [0, 0, 0, 20, 4, 20, 4, 21, 21, 22, 22, 7, 0, 0, 0]
Supplies: [3, 0, 0, 0, 0, 0, 0, -3]
------------------- Minimizing Lost Sales ----------------------------
Total Minimum cost = 15
Worker 1 assigned to Station 2, capable of 29 units; Deficit = 4
Worker 2 assigned to Station 1, capable of 29 units; Deficit = 4
Worker 3 assigned to Station 3, capable of 32 units; Deficit = 7
---------------------------------------------------------------------
Station 1 practically produces 29 units
Station 2 practically produces 29 units
Station 3 practically produces 29 units
------------------- Minimizing Standard Deviation --------------------
Total Minimum cost = 375
Worker 1 assigned to Station 2, capable of 29 units; Deficit = 132
Worker 2 assigned to Station 1, capable of 29 units; Deficit = 132
Worker 3 assigned to Station 3, capable of 32 units; Deficit = 111
---------------------------------------------------------------------
Station 1 practically produces 29 units
Station 2 practically produces 29 units
Station 3 practically produces 29 units
WIP Inventory [0, 0, 0]
---------------------------------------------------------------------
Graph building time: 0.00027s
Solving time: 0.00027s
Total time: 0.00054s
======================================================================


Updated Skill Levels:--------------------------------------------------
worker ID: 1 Skill Levels: [5, 29, 5]
worker ID: 2 Skill Levels: [29, 4, 4]
worker ID: 3 Skill Levels: [3, 3, 32]
================== Solving for Time Step 45 ==========================
Graph Info:-----------------------------------------------------------
Worker IDs : [1, 2, 3]
Station IDs : [4, 5, 6]
Start Nodes: [0, 0, 0, 1, 1, 1, 2, 2, 2, 3, 3, 3, 4, 5, 6]
End Nodes: [1, 2, 3, 4, 5, 6, 4, 5, 6, 4, 5, 6, 7, 7, 7]
Capacities: [1, 1, 1, 1, 1, 1, 1, 1, 1, 1, 1, 1, 1, 1, 1]
Costs: [0, 0, 0, 27, 3, 27, 3, 28, 28, 29, 29, 0, 0, 0, 0]
Supplies: [3, 0, 0, 0, 0, 0, 0, -3]
------------------- Minimizing Lost Sales ----------------------------
Total Minimum cost = 6
Worker 1 assigned to Station 2, capable of 29 units; Deficit = 3
Worker 2 assigned to Station 1, capable of 29 units; Deficit = 3
Worker 3 assigned to Station 3, capable of 32 units; Deficit = 0
---------------------------------------------------------------------
Station 1 practically produces 29 units
Station 2 practically produces 29 units
Station 3 practically produces 29 units
------------------- Minimizing Standard Deviation --------------------
Total Minimum cost = 369
Worker 1 assigned to Station 2, capable of 29 units; Deficit = 129
Worker 2 assigned to Station 1, capable of 29 units; Deficit = 129
Worker 3 assigned to Station 3, capable of 32 units; Deficit = 111
---------------------------------------------------------------------
Station 1 practically produces 29 units
Station 2 practically produces 29 units
Station 3 practically produces 29 units
WIP Inventory [0, 0, 0]
---------------------------------------------------------------------
Graph building time: 0.00029s
Solving time: 0.00024s
Total time: 0.00054s
======================================================================


Updated Skill Levels:--------------------------------------------------
worker ID: 1 Skill Levels: [5, 29, 5]
worker ID: 2 Skill Levels: [29, 4, 4]
worker ID: 3 Skill Levels: [3, 3, 32]
================== Solving for Time Step 46 ==========================
Graph Info:-----------------------------------------------------------
Worker IDs : [1, 2, 3]
Station IDs : [4, 5, 6]
Start Nodes: [0, 0, 0, 1, 1, 1, 2, 2, 2, 3, 3, 3, 4, 5, 6]
End Nodes: [1, 2, 3, 4, 5, 6, 4, 5, 6, 4, 5, 6, 7, 7, 7]
Capacities: [1, 1, 1, 1, 1, 1, 1, 1, 1, 1, 1, 1, 1, 1, 1]
Costs: [0, 0, 0, 44, 20, 44, 20, 45, 45, 46, 46, 17, 0, 0, 0]
Supplies: [3, 0, 0, 0, 0, 0, 0, -3]
------------------- Minimizing Lost Sales ----------------------------
Total Minimum cost = 57
Worker 1 assigned to Station 2, capable of 29 units; Deficit = 20
Worker 2 assigned to Station 1, capable of 29 units; Deficit = 20
Worker 3 assigned to Station 3, capable of 32 units; Deficit = 17
---------------------------------------------------------------------
Station 1 practically produces 29 units
Station 2 practically produces 29 units
Station 3 practically produces 29 units
------------------- Minimizing Standard Deviation --------------------
Total Minimum cost = 312
Worker 1 assigned to Station 2, capable of 29 units; Deficit = 109
Worker 2 assigned to Station 1, capable of 29 units; Deficit = 109
Worker 3 assigned to Station 3, capable of 32 units; Deficit = 94
---------------------------------------------------------------------
Station 1 practically produces 29 units
Station 2 practically produces 29 units
Station 3 practically produces 29 units
WIP Inventory [0, 0, 0]
---------------------------------------------------------------------
Graph building time: 0.00028s
Solving time: 0.00024s
Total time: 0.00052s
======================================================================


Updated Skill Levels:--------------------------------------------------
worker ID: 1 Skill Levels: [5, 29, 5]
worker ID: 2 Skill Levels: [29, 4, 4]
worker ID: 3 Skill Levels: [3, 3, 32]
================== Solving for Time Step 47 ==========================
Graph Info:-----------------------------------------------------------
Worker IDs : [1, 2, 3]
Station IDs : [4, 5, 6]
Start Nodes: [0, 0, 0, 1, 1, 1, 2, 2, 2, 3, 3, 3, 4, 5, 6]
End Nodes: [1, 2, 3, 4, 5, 6, 4, 5, 6, 4, 5, 6, 7, 7, 7]
Capacities: [1, 1, 1, 1, 1, 1, 1, 1, 1, 1, 1, 1, 1, 1, 1]
Costs: [0, 0, 0, 33, 9, 33, 9, 34, 34, 35, 35, 6, 0, 0, 0]
Supplies: [3, 0, 0, 0, 0, 0, 0, -3]
------------------- Minimizing Lost Sales ----------------------------
Total Minimum cost = 24
Worker 1 assigned to Station 2, capable of 29 units; Deficit = 9
Worker 2 assigned to Station 1, capable of 29 units; Deficit = 9
Worker 3 assigned to Station 3, capable of 32 units; Deficit = 6
---------------------------------------------------------------------
Station 1 practically produces 29 units
Station 2 practically produces 29 units
Station 3 practically produces 29 units
------------------- Minimizing Standard Deviation --------------------
Total Minimum cost = 288
Worker 1 assigned to Station 2, capable of 29 units; Deficit = 100
Worker 2 assigned to Station 1, capable of 29 units; Deficit = 100
Worker 3 assigned to Station 3, capable of 32 units; Deficit = 88
---------------------------------------------------------------------
Station 1 practically produces 29 units
Station 2 practically produces 29 units
Station 3 practically produces 29 units
WIP Inventory [0, 0, 0]
---------------------------------------------------------------------
Graph building time: 0.00025s
Solving time: 0.00024s
Total time: 0.00049s
======================================================================


Updated Skill Levels:--------------------------------------------------
worker ID: 1 Skill Levels: [5, 29, 5]
worker ID: 2 Skill Levels: [29, 4, 4]
worker ID: 3 Skill Levels: [3, 3, 32]
================== Solving for Time Step 48 ==========================
Graph Info:-----------------------------------------------------------
Worker IDs : [1, 2, 3]
Station IDs : [4, 5, 6]
Start Nodes: [0, 0, 0, 1, 1, 1, 2, 2, 2, 3, 3, 3, 4, 5, 6]
End Nodes: [1, 2, 3, 4, 5, 6, 4, 5, 6, 4, 5, 6, 7, 7, 7]
Capacities: [1, 1, 1, 1, 1, 1, 1, 1, 1, 1, 1, 1, 1, 1, 1]
Costs: [0, 0, 0, 47, 23, 47, 23, 48, 48, 49, 49, 20, 0, 0, 0]
Supplies: [3, 0, 0, 0, 0, 0, 0, -3]
------------------- Minimizing Lost Sales ----------------------------
Total Minimum cost = 66
Worker 1 assigned to Station 2, capable of 29 units; Deficit = 23
Worker 2 assigned to Station 1, capable of 29 units; Deficit = 23
Worker 3 assigned to Station 3, capable of 32 units; Deficit = 20
---------------------------------------------------------------------
Station 1 practically produces 29 units
Station 2 practically produces 29 units
Station 3 practically produces 29 units
------------------- Minimizing Standard Deviation --------------------
Total Minimum cost = 222
Worker 1 assigned to Station 2, capable of 29 units; Deficit = 77
Worker 2 assigned to Station 1, capable of 29 units; Deficit = 77
Worker 3 assigned to Station 3, capable of 32 units; Deficit = 68
---------------------------------------------------------------------
Station 1 practically produces 29 units
Station 2 practically produces 29 units
Station 3 practically produces 29 units
WIP Inventory [0, 0, 0]
---------------------------------------------------------------------
Graph building time: 0.00025s
Solving time: 0.00027s
Total time: 0.00052s
======================================================================


Updated Skill Levels:--------------------------------------------------
worker ID: 1 Skill Levels: [5, 29, 5]
worker ID: 2 Skill Levels: [29, 4, 4]
worker ID: 3 Skill Levels: [3, 3, 32]
================== Solving for Time Step 49 ==========================
Graph Info:-----------------------------------------------------------
Worker IDs : [1, 2, 3]
Station IDs : [4, 5, 6]
Start Nodes: [0, 0, 0, 1, 1, 1, 2, 2, 2, 3, 3, 3, 4, 5, 6]
End Nodes: [1, 2, 3, 4, 5, 6, 4, 5, 6, 4, 5, 6, 7, 7, 7]
Capacities: [1, 1, 1, 1, 1, 1, 1, 1, 1, 1, 1, 1, 1, 1, 1]
Costs: [0, 0, 0, 37, 13, 37, 13, 38, 38, 39, 39, 10, 0, 0, 0]
Supplies: [3, 0, 0, 0, 0, 0, 0, -3]
------------------- Minimizing Lost Sales ----------------------------
Total Minimum cost = 36
Worker 1 assigned to Station 2, capable of 29 units; Deficit = 13
Worker 2 assigned to Station 1, capable of 29 units; Deficit = 13
Worker 3 assigned to Station 3, capable of 32 units; Deficit = 10
---------------------------------------------------------------------
Station 1 practically produces 29 units
Station 2 practically produces 29 units
Station 3 practically produces 29 units
------------------- Minimizing Standard Deviation --------------------
Total Minimum cost = 186
Worker 1 assigned to Station 2, capable of 29 units; Deficit = 64
Worker 2 assigned to Station 1, capable of 29 units; Deficit = 64
Worker 3 assigned to Station 3, capable of 32 units; Deficit = 58
---------------------------------------------------------------------
Station 1 practically produces 29 units
Station 2 practically produces 29 units
Station 3 practically produces 29 units
WIP Inventory [0, 0, 0]
---------------------------------------------------------------------
Graph building time: 0.00026s
Solving time: 0.00024s
Total time: 0.00050s
======================================================================


Updated Skill Levels:--------------------------------------------------
worker ID: 1 Skill Levels: [5, 29, 5]
worker ID: 2 Skill Levels: [29, 4, 4]
worker ID: 3 Skill Levels: [3, 3, 32]
================== Solving for Time Step 50 ==========================
Graph Info:-----------------------------------------------------------
Worker IDs : [1, 2, 3]
Station IDs : [4, 5, 6]
Start Nodes: [0, 0, 0, 1, 1, 1, 2, 2, 2, 3, 3, 3, 4, 5, 6]
End Nodes: [1, 2, 3, 4, 5, 6, 4, 5, 6, 4, 5, 6, 7, 7, 7]
Capacities: [1, 1, 1, 1, 1, 1, 1, 1, 1, 1, 1, 1, 1, 1, 1]
Costs: [0, 0, 0, 50, 26, 50, 26, 51, 51, 52, 52, 23, 0, 0, 0]
Supplies: [3, 0, 0, 0, 0, 0, 0, -3]
------------------- Minimizing Lost Sales ----------------------------
Total Minimum cost = 75
Worker 1 assigned to Station 2, capable of 29 units; Deficit = 26
Worker 2 assigned to Station 1, capable of 29 units; Deficit = 26
Worker 3 assigned to Station 3, capable of 32 units; Deficit = 23
---------------------------------------------------------------------
Station 1 practically produces 29 units
Station 2 practically produces 29 units
Station 3 practically produces 29 units
------------------- Minimizing Standard Deviation --------------------
Total Minimum cost = 111
Worker 1 assigned to Station 2, capable of 29 units; Deficit = 38
Worker 2 assigned to Station 1, capable of 29 units; Deficit = 38
Worker 3 assigned to Station 3, capable of 32 units; Deficit = 35
---------------------------------------------------------------------
Station 1 practically produces 29 units
Station 2 practically produces 29 units
Station 3 practically produces 29 units
WIP Inventory [0, 0, 0]
---------------------------------------------------------------------
Graph building time: 0.00024s
Solving time: 0.00024s
Total time: 0.00048s
======================================================================


Updated Skill Levels:--------------------------------------------------
worker ID: 1 Skill Levels: [5, 29, 5]
worker ID: 2 Skill Levels: [29, 4, 4]
worker ID: 3 Skill Levels: [3, 3, 32]
================== Solving for Time Step 51 ==========================
Graph Info:-----------------------------------------------------------
Worker IDs : [1, 2, 3]
Station IDs : [4, 5, 6]
Start Nodes: [0, 0, 0, 1, 1, 1, 2, 2, 2, 3, 3, 3, 4, 5, 6]
End Nodes: [1, 2, 3, 4, 5, 6, 4, 5, 6, 4, 5, 6, 7, 7, 7]
Capacities: [1, 1, 1, 1, 1, 1, 1, 1, 1, 1, 1, 1, 1, 1, 1]
Costs: [0, 0, 0, 35, 11, 35, 11, 36, 36, 37, 37, 8, 0, 0, 0]
Supplies: [3, 0, 0, 0, 0, 0, 0, -3]
------------------- Minimizing Lost Sales ----------------------------
Total Minimum cost = 30
Worker 1 assigned to Station 2, capable of 29 units; Deficit = 11
Worker 2 assigned to Station 1, capable of 29 units; Deficit = 11
Worker 3 assigned to Station 3, capable of 32 units; Deficit = 8
---------------------------------------------------------------------
Station 1 practically produces 29 units
Station 2 practically produces 29 units
Station 3 practically produces 29 units
------------------- Minimizing Standard Deviation --------------------
Total Minimum cost = 81
Worker 1 assigned to Station 2, capable of 29 units; Deficit = 27
Worker 2 assigned to Station 1, capable of 29 units; Deficit = 27
Worker 3 assigned to Station 3, capable of 32 units; Deficit = 27
---------------------------------------------------------------------
Station 1 practically produces 29 units
Station 2 practically produces 29 units
Station 3 practically produces 29 units
WIP Inventory [0, 0, 0]
---------------------------------------------------------------------
Graph building time: 0.00027s
Solving time: 0.00024s
Total time: 0.00051s
======================================================================


Updated Skill Levels:--------------------------------------------------
worker ID: 1 Skill Levels: [5, 29, 5]
worker ID: 2 Skill Levels: [29, 4, 4]
worker ID: 3 Skill Levels: [3, 3, 32]
================== Solving for Time Step 52 ==========================
Graph Info:-----------------------------------------------------------
Worker IDs : [1, 2, 3]
Station IDs : [4, 5, 6]
Start Nodes: [0, 0, 0, 1, 1, 1, 2, 2, 2, 3, 3, 3, 4, 5, 6]
End Nodes: [1, 2, 3, 4, 5, 6, 4, 5, 6, 4, 5, 6, 7, 7, 7]
Capacities: [1, 1, 1, 1, 1, 1, 1, 1, 1, 1, 1, 1, 1, 1, 1]
Costs: [0, 0, 0, 51, 27, 51, 27, 52, 52, 53, 53, 24, 0, 0, 0]
Supplies: [3, 0, 0, 0, 0, 0, 0, -3]
------------------- Minimizing Lost Sales ----------------------------
Total Minimum cost = 78
Worker 1 assigned to Station 2, capable of 29 units; Deficit = 27
Worker 2 assigned to Station 1, capable of 29 units; Deficit = 27
Worker 3 assigned to Station 3, capable of 32 units; Deficit = 24
---------------------------------------------------------------------
Station 1 practically produces 29 units
Station 2 practically produces 29 units
Station 3 practically produces 29 units
------------------- Minimizing Standard Deviation --------------------
Total Minimum cost = 3
Worker 1 assigned to Station 2, capable of 29 units; Deficit = 0
Worker 2 assigned to Station 1, capable of 29 units; Deficit = 0
Worker 3 assigned to Station 3, capable of 32 units; Deficit = 3
---------------------------------------------------------------------
Station 1 practically produces 29 units
Station 2 practically produces 29 units
Station 3 practically produces 29 units
WIP Inventory [0, 0, 0]
---------------------------------------------------------------------
Graph building time: 0.00023s
Solving time: 0.00024s
Total time: 0.00047s
======================================================================


Updated Skill Levels:--------------------------------------------------
worker ID: 1 Skill Levels: [5, 29, 5]
worker ID: 2 Skill Levels: [29, 4, 4]
worker ID: 3 Skill Levels: [3, 3, 32]
======================================================================
Total experiment time: 0.03001s
