Experiment Date: 04/09/2019 20:45:43 

================== Solving for Time Step 1 ==========================
Worker IDs : [1, 2, 3]
Station IDs : [4, 5, 6]
Start Nodes: [0, 0, 0, 1, 1, 1, 2, 2, 2, 3, 3, 3, 4, 5, 6]
End Nodes: [1, 2, 3, 4, 5, 6, 4, 5, 6, 4, 5, 6, 7, 7, 7]
Capacities: [1, 1, 1, 1, 1, 1, 1, 1, 1, 1, 1, 1, 1, 1, 1]
Costs: [0, 0, 0, 2, 1, 5, 2, 6, 4, 5, 4, 0, 0, 0, 0]
Supplies: [3, 0, 0, 0, 0, 0, 0, -3]
------------------- Minimizing Lost Sales ----------------------------
Total Minimum cost = 3
Worker 1 assigned to Station 2, capable of 11 units; Deficit = 1
Worker 2 assigned to Station 1, capable of 10 units; Deficit = 2
Worker 3 assigned to Station 3, capable of 12 units; Deficit = 0
---------------------------------------------------------------------
Station 1 practically produces 10 units
Station 2 practically produces 10 units
Station 3 practically produces 10 units
------------------- Minimizing Standard Deviation --------------------
Total Minimum cost = 3
Worker 1 assigned to Station 2, capable of 11 units; Deficit = 1
Worker 2 assigned to Station 1, capable of 10 units; Deficit = 0
Worker 3 assigned to Station 3, capable of 12 units; Deficit = 2
---------------------------------------------------------------------
Station 1 practically produces 10 units
Station 2 practically produces 10 units
Station 3 practically produces 10 units
WIP Inventory [0, 0, 0]
---------------------------------------------------------------------
Graph building time: 0.00013s
Solving time: 0.00033s
Total time: 0.00045s
======================================================================



worker ID: 1 Skill Levels: [9, 18, 6]
worker ID: 2 Skill Levels: [17, 5, 7]
worker ID: 3 Skill Levels: [6, 6, 19]
================== Solving for Time Step 2 ==========================
Worker IDs : [1, 2, 3]
Station IDs : [4, 5, 6]
Start Nodes: [0, 0, 0, 1, 1, 1, 2, 2, 2, 3, 3, 3, 4, 5, 6]
End Nodes: [1, 2, 3, 4, 5, 6, 4, 5, 6, 4, 5, 6, 7, 7, 7]
Capacities: [1, 1, 1, 1, 1, 1, 1, 1, 1, 1, 1, 1, 1, 1, 1]
Costs: [0, 0, 0, 2, 11, 1, 10, 2, 0, 1, 1, 12, 0, 0, 0]
Supplies: [3, 0, 0, 0, 0, 0, 0, -3]
------------------- Minimizing Lost Sales ----------------------------
Total Minimum cost = 3
Worker 1 assigned to Station 1, capable of 9 units; Deficit = 2
Worker 2 assigned to Station 3, capable of 7 units; Deficit = 0
Worker 3 assigned to Station 2, capable of 6 units; Deficit = 1
---------------------------------------------------------------------
Station 1 practically produces 9 units
Station 2 practically produces 6 units
Station 3 practically produces 6 units
------------------- Minimizing Standard Deviation --------------------
Total Minimum cost = 3
Worker 1 assigned to Station 1, capable of 9 units; Deficit = 2
Worker 2 assigned to Station 3, capable of 7 units; Deficit = 0
Worker 3 assigned to Station 2, capable of 6 units; Deficit = 1
---------------------------------------------------------------------
Station 1 practically produces 9 units
Station 2 practically produces 6 units
Station 3 practically produces 6 units
WIP Inventory [0, 3, 0]
---------------------------------------------------------------------
Graph building time: 0.00007s
Solving time: 0.00024s
Total time: 0.00031s
======================================================================



worker ID: 1 Skill Levels: [17, 16, 5]
worker ID: 2 Skill Levels: [15, 4, 17]
worker ID: 3 Skill Levels: [5, 14, 16]
================== Solving for Time Step 3 ==========================
Worker IDs : [1, 2, 3]
Station IDs : [4, 5, 6]
Start Nodes: [0, 0, 0, 1, 1, 1, 2, 2, 2, 3, 3, 3, 4, 5, 6]
End Nodes: [1, 2, 3, 4, 5, 6, 4, 5, 6, 4, 5, 6, 7, 7, 7]
Capacities: [1, 1, 1, 1, 1, 1, 1, 1, 1, 1, 1, 1, 1, 1, 1]
Costs: [0, 0, 0, 12, 11, 0, 10, 1, 12, 0, 9, 11, 0, 0, 0]
Supplies: [3, 0, 0, 0, 0, 0, 0, -3]
------------------- Minimizing Lost Sales ----------------------------
Total Minimum cost = 1
Worker 1 assigned to Station 3, capable of 5 units; Deficit = 0
Worker 2 assigned to Station 2, capable of 4 units; Deficit = 1
Worker 3 assigned to Station 1, capable of 5 units; Deficit = 0
---------------------------------------------------------------------
Station 1 practically produces 5 units
Station 2 practically produces 4 units
Station 3 practically produces 4 units
------------------- Minimizing Standard Deviation --------------------
Total Minimum cost = 0
Worker 1 assigned to Station 3, capable of 5 units; Deficit = 0
Worker 2 assigned to Station 2, capable of 4 units; Deficit = 0
Worker 3 assigned to Station 1, capable of 5 units; Deficit = 0
---------------------------------------------------------------------
Station 1 practically produces 5 units
Station 2 practically produces 4 units
Station 3 practically produces 4 units
WIP Inventory [0, 4, 0]
---------------------------------------------------------------------
Graph building time: 0.00009s
Solving time: 0.00035s
Total time: 0.00044s
======================================================================



worker ID: 1 Skill Levels: [15, 14, 16]
worker ID: 2 Skill Levels: [13, 13, 15]
worker ID: 3 Skill Levels: [13, 12, 13]
================== Solving for Time Step 4 ==========================
Worker IDs : [1, 2, 3]
Station IDs : [4, 5, 6]
Start Nodes: [0, 0, 0, 1, 1, 1, 2, 2, 2, 3, 3, 3, 4, 5, 6]
End Nodes: [1, 2, 3, 4, 5, 6, 4, 5, 6, 4, 5, 6, 7, 7, 7]
Capacities: [1, 1, 1, 1, 1, 1, 1, 1, 1, 1, 1, 1, 1, 1, 1]
Costs: [0, 0, 0, 5, 6, 4, 7, 7, 5, 7, 8, 7, 0, 0, 0]
Supplies: [3, 0, 0, 0, 0, 0, 0, -3]
------------------- Minimizing Lost Sales ----------------------------
Total Minimum cost = 18
Worker 1 assigned to Station 2, capable of 14 units; Deficit = 6
Worker 2 assigned to Station 3, capable of 15 units; Deficit = 5
Worker 3 assigned to Station 1, capable of 13 units; Deficit = 7
---------------------------------------------------------------------
Station 1 practically produces 13 units
Station 2 practically produces 14 units
Station 3 practically produces 14 units
------------------- Minimizing Standard Deviation --------------------
Total Minimum cost = 0
Worker 1 assigned to Station 2, capable of 14 units; Deficit = 0
Worker 2 assigned to Station 1, capable of 13 units; Deficit = 0
Worker 3 assigned to Station 3, capable of 13 units; Deficit = 0
---------------------------------------------------------------------
Station 1 practically produces 13 units
Station 2 practically produces 14 units
Station 3 practically produces 13 units
WIP Inventory [0, 3, 1]
---------------------------------------------------------------------
Graph building time: 0.00008s
Solving time: 0.00026s
Total time: 0.00034s
======================================================================



worker ID: 1 Skill Levels: [13, 20, 14]
worker ID: 2 Skill Levels: [19, 11, 13]
worker ID: 3 Skill Levels: [11, 10, 20]
