Experiment Date: 10/09/2019 17:16:59 

Demands: [18, 10, 38, 42, 25, 15, 9, 28, 5, 22, 36, 13, 21, 43, 56, 27, 16, 11, 25, 46, 31, 12, 20, 24, 30, 6, 34, 8, 15, 28, 20, 23, 40, 14, 17, 24, 32, 9, 21, 29, 33, 27, 26, 19, 26, 44, 33, 47, 37, 50, 35, 51]
Initial Skill Levels:--------------------------------------------------
worker ID: 1 Skill Levels: [10, 11, 7]
worker ID: 2 Skill Levels: [10, 6, 8]
worker ID: 3 Skill Levels: [7, 8, 12]
================== Solving for Time Step 1 ==========================
Graph Info:-----------------------------------------------------------
Worker IDs : [1, 2, 3]
Station IDs : [4, 5, 6]
Start Nodes: [0, 0, 0, 1, 1, 1, 2, 2, 2, 3, 3, 3, 4, 5, 6]
End Nodes: [1, 2, 3, 4, 5, 6, 4, 5, 6, 4, 5, 6, 7, 7, 7]
Capacities: [1, 1, 1, 1, 1, 1, 1, 1, 1, 1, 1, 1, 1, 1, 1]
Costs: [0, 0, 0, 8, 7, 11, 8, 12, 10, 11, 10, 6, 0, 0, 0]
Supplies: [3, 0, 0, 0, 0, 0, 0, -3]
------------------- Minimizing Lost Sales ----------------------------
Total Minimum cost = 21
Worker 1 assigned to Station 2, capable of 11 units; Deficit = 7
Worker 2 assigned to Station 1, capable of 10 units; Deficit = 8
Worker 3 assigned to Station 3, capable of 12 units; Deficit = 6
---------------------------------------------------------------------
Station 1 practically produces 10 units
Station 2 practically produces 10 units
Station 3 practically produces 10 units
------------------- Minimizing Standard Deviation --------------------
Total Minimum cost = 2495
Worker 1 assigned to Station 2, capable of 11 units; Deficit = 831
Worker 2 assigned to Station 1, capable of 10 units; Deficit = 869
Worker 3 assigned to Station 3, capable of 12 units; Deficit = 795
---------------------------------------------------------------------
Station 1 practically produces 10 units
Station 2 practically produces 10 units
Station 3 practically produces 10 units
WIP Inventory [0, 0, 0]
---------------------------------------------------------------------
Graph building time: 0.00043s
Solving time: 0.00028s
Total time: 0.00071s
======================================================================


Updated Skill Levels:--------------------------------------------------
worker ID: 1 Skill Levels: [9, 18, 6]
worker ID: 2 Skill Levels: [17, 5, 7]
worker ID: 3 Skill Levels: [6, 6, 19]
================== Solving for Time Step 2 ==========================
Graph Info:-----------------------------------------------------------
Worker IDs : [1, 2, 3]
Station IDs : [4, 5, 6]
Start Nodes: [0, 0, 0, 1, 1, 1, 2, 2, 2, 3, 3, 3, 4, 5, 6]
End Nodes: [1, 2, 3, 4, 5, 6, 4, 5, 6, 4, 5, 6, 7, 7, 7]
Capacities: [1, 1, 1, 1, 1, 1, 1, 1, 1, 1, 1, 1, 1, 1, 1]
Costs: [0, 0, 0, 1, 8, 4, 7, 5, 3, 4, 4, 9, 0, 0, 0]
Supplies: [3, 0, 0, 0, 0, 0, 0, -3]
------------------- Minimizing Lost Sales ----------------------------
Total Minimum cost = 8
Worker 1 assigned to Station 1, capable of 9 units; Deficit = 1
Worker 2 assigned to Station 3, capable of 7 units; Deficit = 3
Worker 3 assigned to Station 2, capable of 6 units; Deficit = 4
---------------------------------------------------------------------
Station 1 practically produces 9 units
Station 2 practically produces 6 units
Station 3 practically produces 6 units
------------------- Minimizing Standard Deviation --------------------
Total Minimum cost = 1866
Worker 1 assigned to Station 2, capable of 18 units; Deficit = 622
Worker 2 assigned to Station 1, capable of 17 units; Deficit = 645
Worker 3 assigned to Station 3, capable of 19 units; Deficit = 599
---------------------------------------------------------------------
Station 1 practically produces 17 units
Station 2 practically produces 17 units
Station 3 practically produces 17 units
WIP Inventory [0, 0, 0]
---------------------------------------------------------------------
Graph building time: 0.00040s
Solving time: 0.00025s
Total time: 0.00065s
======================================================================


Updated Skill Levels:--------------------------------------------------
worker ID: 1 Skill Levels: [8, 22, 5]
worker ID: 2 Skill Levels: [21, 4, 6]
worker ID: 3 Skill Levels: [5, 5, 24]
================== Solving for Time Step 3 ==========================
Graph Info:-----------------------------------------------------------
Worker IDs : [1, 2, 3]
Station IDs : [4, 5, 6]
Start Nodes: [0, 0, 0, 1, 1, 1, 2, 2, 2, 3, 3, 3, 4, 5, 6]
End Nodes: [1, 2, 3, 4, 5, 6, 4, 5, 6, 4, 5, 6, 7, 7, 7]
Capacities: [1, 1, 1, 1, 1, 1, 1, 1, 1, 1, 1, 1, 1, 1, 1]
Costs: [0, 0, 0, 30, 16, 33, 17, 34, 32, 33, 33, 14, 0, 0, 0]
Supplies: [3, 0, 0, 0, 0, 0, 0, -3]
------------------- Minimizing Lost Sales ----------------------------
Total Minimum cost = 47
Worker 1 assigned to Station 2, capable of 22 units; Deficit = 16
Worker 2 assigned to Station 1, capable of 21 units; Deficit = 17
Worker 3 assigned to Station 3, capable of 24 units; Deficit = 14
---------------------------------------------------------------------
Station 1 practically produces 21 units
Station 2 practically produces 21 units
Station 3 practically produces 21 units
------------------- Minimizing Standard Deviation --------------------
Total Minimum cost = 1548
Worker 1 assigned to Station 2, capable of 22 units; Deficit = 518
Worker 2 assigned to Station 1, capable of 21 units; Deficit = 530
Worker 3 assigned to Station 3, capable of 24 units; Deficit = 500
---------------------------------------------------------------------
Station 1 practically produces 21 units
Station 2 practically produces 21 units
Station 3 practically produces 21 units
WIP Inventory [0, 0, 0]
---------------------------------------------------------------------
Graph building time: 0.00040s
Solving time: 0.00025s
Total time: 0.00064s
======================================================================


Updated Skill Levels:--------------------------------------------------
worker ID: 1 Skill Levels: [7, 25, 4]
worker ID: 2 Skill Levels: [24, 3, 5]
worker ID: 3 Skill Levels: [4, 4, 27]
================== Solving for Time Step 4 ==========================
Graph Info:-----------------------------------------------------------
Worker IDs : [1, 2, 3]
Station IDs : [4, 5, 6]
Start Nodes: [0, 0, 0, 1, 1, 1, 2, 2, 2, 3, 3, 3, 4, 5, 6]
End Nodes: [1, 2, 3, 4, 5, 6, 4, 5, 6, 4, 5, 6, 7, 7, 7]
Capacities: [1, 1, 1, 1, 1, 1, 1, 1, 1, 1, 1, 1, 1, 1, 1]
Costs: [0, 0, 0, 35, 17, 38, 18, 39, 37, 38, 38, 15, 0, 0, 0]
Supplies: [3, 0, 0, 0, 0, 0, 0, -3]
------------------- Minimizing Lost Sales ----------------------------
Total Minimum cost = 50
Worker 1 assigned to Station 2, capable of 25 units; Deficit = 17
Worker 2 assigned to Station 1, capable of 24 units; Deficit = 18
Worker 3 assigned to Station 3, capable of 27 units; Deficit = 15
---------------------------------------------------------------------
Station 1 practically produces 24 units
Station 2 practically produces 24 units
Station 3 practically produces 24 units
------------------- Minimizing Standard Deviation --------------------
Total Minimum cost = 1437
Worker 1 assigned to Station 2, capable of 25 units; Deficit = 476
Worker 2 assigned to Station 1, capable of 24 units; Deficit = 479
Worker 3 assigned to Station 3, capable of 27 units; Deficit = 482
---------------------------------------------------------------------
Station 1 practically produces 24 units
Station 2 practically produces 24 units
Station 3 practically produces 24 units
WIP Inventory [0, 0, 0]
---------------------------------------------------------------------
Graph building time: 0.00041s
Solving time: 0.00023s
Total time: 0.00064s
======================================================================


Updated Skill Levels:--------------------------------------------------
worker ID: 1 Skill Levels: [6, 26, 3]
worker ID: 2 Skill Levels: [26, 3, 4]
worker ID: 3 Skill Levels: [3, 3, 29]
================== Solving for Time Step 5 ==========================
Graph Info:-----------------------------------------------------------
Worker IDs : [1, 2, 3]
Station IDs : [4, 5, 6]
Start Nodes: [0, 0, 0, 1, 1, 1, 2, 2, 2, 3, 3, 3, 4, 5, 6]
End Nodes: [1, 2, 3, 4, 5, 6, 4, 5, 6, 4, 5, 6, 7, 7, 7]
Capacities: [1, 1, 1, 1, 1, 1, 1, 1, 1, 1, 1, 1, 1, 1, 1]
Costs: [0, 0, 0, 19, 1, 22, 1, 22, 21, 22, 22, 4, 0, 0, 0]
Supplies: [3, 0, 0, 0, 0, 0, 0, -3]
------------------- Minimizing Lost Sales ----------------------------
Total Minimum cost = 6
Worker 1 assigned to Station 2, capable of 26 units; Deficit = 1
Worker 2 assigned to Station 1, capable of 26 units; Deficit = 1
Worker 3 assigned to Station 3, capable of 29 units; Deficit = 4
---------------------------------------------------------------------
Station 1 practically produces 26 units
Station 2 practically produces 26 units
Station 3 practically produces 26 units
------------------- Minimizing Standard Deviation --------------------
Total Minimum cost = 1446
Worker 1 assigned to Station 2, capable of 26 units; Deficit = 474
Worker 2 assigned to Station 1, capable of 26 units; Deficit = 474
Worker 3 assigned to Station 3, capable of 29 units; Deficit = 498
---------------------------------------------------------------------
Station 1 practically produces 26 units
Station 2 practically produces 26 units
Station 3 practically produces 26 units
WIP Inventory [0, 0, 0]
---------------------------------------------------------------------
Graph building time: 0.00037s
Solving time: 0.00023s
Total time: 0.00060s
======================================================================


Updated Skill Levels:--------------------------------------------------
worker ID: 1 Skill Levels: [5, 27, 3]
worker ID: 2 Skill Levels: [27, 3, 3]
worker ID: 3 Skill Levels: [3, 3, 30]
================== Solving for Time Step 6 ==========================
Graph Info:-----------------------------------------------------------
Worker IDs : [1, 2, 3]
Station IDs : [4, 5, 6]
Start Nodes: [0, 0, 0, 1, 1, 1, 2, 2, 2, 3, 3, 3, 4, 5, 6]
End Nodes: [1, 2, 3, 4, 5, 6, 4, 5, 6, 4, 5, 6, 7, 7, 7]
Capacities: [1, 1, 1, 1, 1, 1, 1, 1, 1, 1, 1, 1, 1, 1, 1]
Costs: [0, 0, 0, 10, 12, 12, 12, 12, 12, 12, 12, 15, 0, 0, 0]
Supplies: [3, 0, 0, 0, 0, 0, 0, -3]
------------------- Minimizing Lost Sales ----------------------------
Total Minimum cost = 34
Worker 1 assigned to Station 1, capable of 5 units; Deficit = 10
Worker 2 assigned to Station 3, capable of 3 units; Deficit = 12
Worker 3 assigned to Station 2, capable of 3 units; Deficit = 12
---------------------------------------------------------------------
Station 1 practically produces 5 units
Station 2 practically produces 3 units
Station 3 practically produces 3 units
------------------- Minimizing Standard Deviation --------------------
Total Minimum cost = 1495
Worker 1 assigned to Station 2, capable of 27 units; Deficit = 488
Worker 2 assigned to Station 1, capable of 27 units; Deficit = 488
Worker 3 assigned to Station 3, capable of 30 units; Deficit = 519
---------------------------------------------------------------------
Station 1 practically produces 27 units
Station 2 practically produces 27 units
Station 3 practically produces 27 units
WIP Inventory [0, 0, 0]
---------------------------------------------------------------------
Graph building time: 0.00039s
Solving time: 0.00024s
Total time: 0.00064s
======================================================================


Updated Skill Levels:--------------------------------------------------
worker ID: 1 Skill Levels: [4, 28, 3]
worker ID: 2 Skill Levels: [28, 3, 3]
worker ID: 3 Skill Levels: [3, 3, 31]
================== Solving for Time Step 7 ==========================
Graph Info:-----------------------------------------------------------
Worker IDs : [1, 2, 3]
Station IDs : [4, 5, 6]
Start Nodes: [0, 0, 0, 1, 1, 1, 2, 2, 2, 3, 3, 3, 4, 5, 6]
End Nodes: [1, 2, 3, 4, 5, 6, 4, 5, 6, 4, 5, 6, 7, 7, 7]
Capacities: [1, 1, 1, 1, 1, 1, 1, 1, 1, 1, 1, 1, 1, 1, 1]
Costs: [0, 0, 0, 5, 19, 6, 19, 6, 6, 6, 6, 22, 0, 0, 0]
Supplies: [3, 0, 0, 0, 0, 0, 0, -3]
------------------- Minimizing Lost Sales ----------------------------
Total Minimum cost = 17
Worker 1 assigned to Station 1, capable of 4 units; Deficit = 5
Worker 2 assigned to Station 3, capable of 3 units; Deficit = 6
Worker 3 assigned to Station 2, capable of 3 units; Deficit = 6
---------------------------------------------------------------------
Station 1 practically produces 4 units
Station 2 practically produces 3 units
Station 3 practically produces 3 units
------------------- Minimizing Standard Deviation --------------------
Total Minimum cost = 1467
Worker 1 assigned to Station 2, capable of 28 units; Deficit = 477
Worker 2 assigned to Station 1, capable of 28 units; Deficit = 477
Worker 3 assigned to Station 3, capable of 31 units; Deficit = 513
---------------------------------------------------------------------
Station 1 practically produces 28 units
Station 2 practically produces 28 units
Station 3 practically produces 28 units
WIP Inventory [0, 0, 0]
---------------------------------------------------------------------
Graph building time: 0.00036s
Solving time: 0.00026s
Total time: 0.00063s
======================================================================


Updated Skill Levels:--------------------------------------------------
worker ID: 1 Skill Levels: [3, 28, 3]
worker ID: 2 Skill Levels: [28, 3, 3]
worker ID: 3 Skill Levels: [3, 3, 32]
================== Solving for Time Step 8 ==========================
Graph Info:-----------------------------------------------------------
Worker IDs : [1, 2, 3]
Station IDs : [4, 5, 6]
Start Nodes: [0, 0, 0, 1, 1, 1, 2, 2, 2, 3, 3, 3, 4, 5, 6]
End Nodes: [1, 2, 3, 4, 5, 6, 4, 5, 6, 4, 5, 6, 7, 7, 7]
Capacities: [1, 1, 1, 1, 1, 1, 1, 1, 1, 1, 1, 1, 1, 1, 1]
Costs: [0, 0, 0, 25, 0, 25, 0, 25, 25, 25, 25, 4, 0, 0, 0]
Supplies: [3, 0, 0, 0, 0, 0, 0, -3]
------------------- Minimizing Lost Sales ----------------------------
Total Minimum cost = 4
Worker 1 assigned to Station 2, capable of 28 units; Deficit = 0
Worker 2 assigned to Station 1, capable of 28 units; Deficit = 0
Worker 3 assigned to Station 3, capable of 32 units; Deficit = 4
---------------------------------------------------------------------
Station 1 practically produces 28 units
Station 2 practically produces 28 units
Station 3 practically produces 28 units
------------------- Minimizing Standard Deviation --------------------
Total Minimum cost = 1404
Worker 1 assigned to Station 2, capable of 28 units; Deficit = 452
Worker 2 assigned to Station 1, capable of 28 units; Deficit = 452
Worker 3 assigned to Station 3, capable of 32 units; Deficit = 500
---------------------------------------------------------------------
Station 1 practically produces 28 units
Station 2 practically produces 28 units
Station 3 practically produces 28 units
WIP Inventory [0, 0, 0]
---------------------------------------------------------------------
Graph building time: 0.00036s
Solving time: 0.00026s
Total time: 0.00062s
======================================================================


Updated Skill Levels:--------------------------------------------------
worker ID: 1 Skill Levels: [3, 28, 3]
worker ID: 2 Skill Levels: [28, 3, 3]
worker ID: 3 Skill Levels: [3, 3, 32]
================== Solving for Time Step 9 ==========================
Graph Info:-----------------------------------------------------------
Worker IDs : [1, 2, 3]
Station IDs : [4, 5, 6]
Start Nodes: [0, 0, 0, 1, 1, 1, 2, 2, 2, 3, 3, 3, 4, 5, 6]
End Nodes: [1, 2, 3, 4, 5, 6, 4, 5, 6, 4, 5, 6, 7, 7, 7]
Capacities: [1, 1, 1, 1, 1, 1, 1, 1, 1, 1, 1, 1, 1, 1, 1]
Costs: [0, 0, 0, 2, 23, 2, 23, 2, 2, 2, 2, 27, 0, 0, 0]
Supplies: [3, 0, 0, 0, 0, 0, 0, -3]
------------------- Minimizing Lost Sales ----------------------------
Total Minimum cost = 6
Worker 1 assigned to Station 1, capable of 3 units; Deficit = 2
Worker 2 assigned to Station 3, capable of 3 units; Deficit = 2
Worker 3 assigned to Station 2, capable of 3 units; Deficit = 2
---------------------------------------------------------------------
Station 1 practically produces 3 units
Station 2 practically produces 3 units
Station 3 practically produces 3 units
------------------- Minimizing Standard Deviation --------------------
Total Minimum cost = 1406
Worker 1 assigned to Station 2, capable of 28 units; Deficit = 454
Worker 2 assigned to Station 1, capable of 28 units; Deficit = 454
Worker 3 assigned to Station 3, capable of 32 units; Deficit = 498
---------------------------------------------------------------------
Station 1 practically produces 28 units
Station 2 practically produces 28 units
Station 3 practically produces 28 units
WIP Inventory [0, 0, 0]
---------------------------------------------------------------------
Graph building time: 0.00038s
Solving time: 0.00025s
Total time: 0.00063s
======================================================================


Updated Skill Levels:--------------------------------------------------
worker ID: 1 Skill Levels: [3, 28, 3]
worker ID: 2 Skill Levels: [28, 3, 3]
worker ID: 3 Skill Levels: [3, 3, 32]
================== Solving for Time Step 10 ==========================
Graph Info:-----------------------------------------------------------
Worker IDs : [1, 2, 3]
Station IDs : [4, 5, 6]
Start Nodes: [0, 0, 0, 1, 1, 1, 2, 2, 2, 3, 3, 3, 4, 5, 6]
End Nodes: [1, 2, 3, 4, 5, 6, 4, 5, 6, 4, 5, 6, 7, 7, 7]
Capacities: [1, 1, 1, 1, 1, 1, 1, 1, 1, 1, 1, 1, 1, 1, 1]
Costs: [0, 0, 0, 19, 6, 19, 6, 19, 19, 19, 19, 10, 0, 0, 0]
Supplies: [3, 0, 0, 0, 0, 0, 0, -3]
------------------- Minimizing Lost Sales ----------------------------
Total Minimum cost = 22
Worker 1 assigned to Station 2, capable of 28 units; Deficit = 6
Worker 2 assigned to Station 1, capable of 28 units; Deficit = 6
Worker 3 assigned to Station 3, capable of 32 units; Deficit = 10
---------------------------------------------------------------------
Station 1 practically produces 28 units
Station 2 practically produces 28 units
Station 3 practically produces 28 units
------------------- Minimizing Standard Deviation --------------------
Total Minimum cost = 1309
Worker 1 assigned to Station 2, capable of 28 units; Deficit = 423
Worker 2 assigned to Station 1, capable of 28 units; Deficit = 423
Worker 3 assigned to Station 3, capable of 32 units; Deficit = 463
---------------------------------------------------------------------
Station 1 practically produces 28 units
Station 2 practically produces 28 units
Station 3 practically produces 28 units
WIP Inventory [0, 0, 0]
---------------------------------------------------------------------
Graph building time: 0.00037s
Solving time: 0.00026s
Total time: 0.00063s
======================================================================


Updated Skill Levels:--------------------------------------------------
worker ID: 1 Skill Levels: [3, 28, 3]
worker ID: 2 Skill Levels: [28, 3, 3]
worker ID: 3 Skill Levels: [3, 3, 32]
================== Solving for Time Step 11 ==========================
Graph Info:-----------------------------------------------------------
Worker IDs : [1, 2, 3]
Station IDs : [4, 5, 6]
Start Nodes: [0, 0, 0, 1, 1, 1, 2, 2, 2, 3, 3, 3, 4, 5, 6]
End Nodes: [1, 2, 3, 4, 5, 6, 4, 5, 6, 4, 5, 6, 7, 7, 7]
Capacities: [1, 1, 1, 1, 1, 1, 1, 1, 1, 1, 1, 1, 1, 1, 1]
Costs: [0, 0, 0, 33, 8, 33, 8, 33, 33, 33, 33, 4, 0, 0, 0]
Supplies: [3, 0, 0, 0, 0, 0, 0, -3]
------------------- Minimizing Lost Sales ----------------------------
Total Minimum cost = 20
Worker 1 assigned to Station 2, capable of 28 units; Deficit = 8
Worker 2 assigned to Station 1, capable of 28 units; Deficit = 8
Worker 3 assigned to Station 3, capable of 32 units; Deficit = 4
---------------------------------------------------------------------
Station 1 practically produces 28 units
Station 2 practically produces 28 units
Station 3 practically produces 28 units
------------------- Minimizing Standard Deviation --------------------
Total Minimum cost = 1289
Worker 1 assigned to Station 2, capable of 28 units; Deficit = 415
Worker 2 assigned to Station 1, capable of 28 units; Deficit = 415
Worker 3 assigned to Station 3, capable of 32 units; Deficit = 459
---------------------------------------------------------------------
Station 1 practically produces 28 units
Station 2 practically produces 28 units
Station 3 practically produces 28 units
WIP Inventory [0, 0, 0]
---------------------------------------------------------------------
Graph building time: 0.00035s
Solving time: 0.00023s
Total time: 0.00058s
======================================================================


Updated Skill Levels:--------------------------------------------------
worker ID: 1 Skill Levels: [3, 28, 3]
worker ID: 2 Skill Levels: [28, 3, 3]
worker ID: 3 Skill Levels: [3, 3, 32]
================== Solving for Time Step 12 ==========================
Graph Info:-----------------------------------------------------------
Worker IDs : [1, 2, 3]
Station IDs : [4, 5, 6]
Start Nodes: [0, 0, 0, 1, 1, 1, 2, 2, 2, 3, 3, 3, 4, 5, 6]
End Nodes: [1, 2, 3, 4, 5, 6, 4, 5, 6, 4, 5, 6, 7, 7, 7]
Capacities: [1, 1, 1, 1, 1, 1, 1, 1, 1, 1, 1, 1, 1, 1, 1]
Costs: [0, 0, 0, 10, 15, 10, 15, 10, 10, 10, 10, 19, 0, 0, 0]
Supplies: [3, 0, 0, 0, 0, 0, 0, -3]
------------------- Minimizing Lost Sales ----------------------------
Total Minimum cost = 30
Worker 1 assigned to Station 3, capable of 3 units; Deficit = 10
Worker 2 assigned to Station 2, capable of 3 units; Deficit = 10
Worker 3 assigned to Station 1, capable of 3 units; Deficit = 10
---------------------------------------------------------------------
Station 1 practically produces 3 units
Station 2 practically produces 3 units
Station 3 practically produces 3 units
------------------- Minimizing Standard Deviation --------------------
Total Minimum cost = 1315
Worker 1 assigned to Station 2, capable of 28 units; Deficit = 425
Worker 2 assigned to Station 1, capable of 28 units; Deficit = 425
Worker 3 assigned to Station 3, capable of 32 units; Deficit = 465
---------------------------------------------------------------------
Station 1 practically produces 28 units
Station 2 practically produces 28 units
Station 3 practically produces 28 units
WIP Inventory [0, 0, 0]
---------------------------------------------------------------------
Graph building time: 0.00035s
Solving time: 0.00023s
Total time: 0.00058s
======================================================================


Updated Skill Levels:--------------------------------------------------
worker ID: 1 Skill Levels: [3, 28, 3]
worker ID: 2 Skill Levels: [28, 3, 3]
worker ID: 3 Skill Levels: [3, 3, 32]
================== Solving for Time Step 13 ==========================
Graph Info:-----------------------------------------------------------
Worker IDs : [1, 2, 3]
Station IDs : [4, 5, 6]
Start Nodes: [0, 0, 0, 1, 1, 1, 2, 2, 2, 3, 3, 3, 4, 5, 6]
End Nodes: [1, 2, 3, 4, 5, 6, 4, 5, 6, 4, 5, 6, 7, 7, 7]
Capacities: [1, 1, 1, 1, 1, 1, 1, 1, 1, 1, 1, 1, 1, 1, 1]
Costs: [0, 0, 0, 18, 7, 18, 7, 18, 18, 18, 18, 11, 0, 0, 0]
Supplies: [3, 0, 0, 0, 0, 0, 0, -3]
------------------- Minimizing Lost Sales ----------------------------
Total Minimum cost = 25
Worker 1 assigned to Station 2, capable of 28 units; Deficit = 7
Worker 2 assigned to Station 1, capable of 28 units; Deficit = 7
Worker 3 assigned to Station 3, capable of 32 units; Deficit = 11
---------------------------------------------------------------------
Station 1 practically produces 28 units
Station 2 practically produces 28 units
Station 3 practically produces 28 units
------------------- Minimizing Standard Deviation --------------------
Total Minimum cost = 1215
Worker 1 assigned to Station 2, capable of 28 units; Deficit = 393
Worker 2 assigned to Station 1, capable of 28 units; Deficit = 393
Worker 3 assigned to Station 3, capable of 32 units; Deficit = 429
---------------------------------------------------------------------
Station 1 practically produces 28 units
Station 2 practically produces 28 units
Station 3 practically produces 28 units
WIP Inventory [0, 0, 0]
---------------------------------------------------------------------
Graph building time: 0.00034s
Solving time: 0.00023s
Total time: 0.00058s
======================================================================


Updated Skill Levels:--------------------------------------------------
worker ID: 1 Skill Levels: [3, 28, 3]
worker ID: 2 Skill Levels: [28, 3, 3]
worker ID: 3 Skill Levels: [3, 3, 32]
================== Solving for Time Step 14 ==========================
Graph Info:-----------------------------------------------------------
Worker IDs : [1, 2, 3]
Station IDs : [4, 5, 6]
Start Nodes: [0, 0, 0, 1, 1, 1, 2, 2, 2, 3, 3, 3, 4, 5, 6]
End Nodes: [1, 2, 3, 4, 5, 6, 4, 5, 6, 4, 5, 6, 7, 7, 7]
Capacities: [1, 1, 1, 1, 1, 1, 1, 1, 1, 1, 1, 1, 1, 1, 1]
Costs: [0, 0, 0, 40, 15, 40, 15, 40, 40, 40, 40, 11, 0, 0, 0]
Supplies: [3, 0, 0, 0, 0, 0, 0, -3]
------------------- Minimizing Lost Sales ----------------------------
Total Minimum cost = 41
Worker 1 assigned to Station 2, capable of 28 units; Deficit = 15
Worker 2 assigned to Station 1, capable of 28 units; Deficit = 15
Worker 3 assigned to Station 3, capable of 32 units; Deficit = 11
---------------------------------------------------------------------
Station 1 practically produces 28 units
Station 2 practically produces 28 units
Station 3 practically produces 28 units
------------------- Minimizing Standard Deviation --------------------
Total Minimum cost = 1174
Worker 1 assigned to Station 2, capable of 28 units; Deficit = 378
Worker 2 assigned to Station 1, capable of 28 units; Deficit = 378
Worker 3 assigned to Station 3, capable of 32 units; Deficit = 418
---------------------------------------------------------------------
Station 1 practically produces 28 units
Station 2 practically produces 28 units
Station 3 practically produces 28 units
WIP Inventory [0, 0, 0]
---------------------------------------------------------------------
Graph building time: 0.00034s
Solving time: 0.00023s
Total time: 0.00057s
======================================================================


Updated Skill Levels:--------------------------------------------------
worker ID: 1 Skill Levels: [3, 28, 3]
worker ID: 2 Skill Levels: [28, 3, 3]
worker ID: 3 Skill Levels: [3, 3, 32]
================== Solving for Time Step 15 ==========================
Graph Info:-----------------------------------------------------------
Worker IDs : [1, 2, 3]
Station IDs : [4, 5, 6]
Start Nodes: [0, 0, 0, 1, 1, 1, 2, 2, 2, 3, 3, 3, 4, 5, 6]
End Nodes: [1, 2, 3, 4, 5, 6, 4, 5, 6, 4, 5, 6, 7, 7, 7]
Capacities: [1, 1, 1, 1, 1, 1, 1, 1, 1, 1, 1, 1, 1, 1, 1]
Costs: [0, 0, 0, 53, 28, 53, 28, 53, 53, 53, 53, 24, 0, 0, 0]
Supplies: [3, 0, 0, 0, 0, 0, 0, -3]
------------------- Minimizing Lost Sales ----------------------------
Total Minimum cost = 80
Worker 1 assigned to Station 2, capable of 28 units; Deficit = 28
Worker 2 assigned to Station 1, capable of 28 units; Deficit = 28
Worker 3 assigned to Station 3, capable of 32 units; Deficit = 24
---------------------------------------------------------------------
Station 1 practically produces 28 units
Station 2 practically produces 28 units
Station 3 practically produces 28 units
------------------- Minimizing Standard Deviation --------------------
Total Minimum cost = 1094
Worker 1 assigned to Station 2, capable of 28 units; Deficit = 350
Worker 2 assigned to Station 1, capable of 28 units; Deficit = 350
Worker 3 assigned to Station 3, capable of 32 units; Deficit = 394
---------------------------------------------------------------------
Station 1 practically produces 28 units
Station 2 practically produces 28 units
Station 3 practically produces 28 units
WIP Inventory [0, 0, 0]
---------------------------------------------------------------------
Graph building time: 0.00036s
Solving time: 0.00025s
Total time: 0.00061s
======================================================================


Updated Skill Levels:--------------------------------------------------
worker ID: 1 Skill Levels: [3, 28, 3]
worker ID: 2 Skill Levels: [28, 3, 3]
worker ID: 3 Skill Levels: [3, 3, 32]
================== Solving for Time Step 16 ==========================
Graph Info:-----------------------------------------------------------
Worker IDs : [1, 2, 3]
Station IDs : [4, 5, 6]
Start Nodes: [0, 0, 0, 1, 1, 1, 2, 2, 2, 3, 3, 3, 4, 5, 6]
End Nodes: [1, 2, 3, 4, 5, 6, 4, 5, 6, 4, 5, 6, 7, 7, 7]
Capacities: [1, 1, 1, 1, 1, 1, 1, 1, 1, 1, 1, 1, 1, 1, 1]
Costs: [0, 0, 0, 24, 1, 24, 1, 24, 24, 24, 24, 5, 0, 0, 0]
Supplies: [3, 0, 0, 0, 0, 0, 0, -3]
------------------- Minimizing Lost Sales ----------------------------
Total Minimum cost = 7
Worker 1 assigned to Station 2, capable of 28 units; Deficit = 1
Worker 2 assigned to Station 1, capable of 28 units; Deficit = 1
Worker 3 assigned to Station 3, capable of 32 units; Deficit = 5
---------------------------------------------------------------------
Station 1 practically produces 28 units
Station 2 practically produces 28 units
Station 3 practically produces 28 units
------------------- Minimizing Standard Deviation --------------------
Total Minimum cost = 1087
Worker 1 assigned to Station 2, capable of 28 units; Deficit = 349
Worker 2 assigned to Station 1, capable of 28 units; Deficit = 349
Worker 3 assigned to Station 3, capable of 32 units; Deficit = 389
---------------------------------------------------------------------
Station 1 practically produces 28 units
Station 2 practically produces 28 units
Station 3 practically produces 28 units
WIP Inventory [0, 0, 0]
---------------------------------------------------------------------
Graph building time: 0.00035s
Solving time: 0.00025s
Total time: 0.00060s
======================================================================


Updated Skill Levels:--------------------------------------------------
worker ID: 1 Skill Levels: [3, 28, 3]
worker ID: 2 Skill Levels: [28, 3, 3]
worker ID: 3 Skill Levels: [3, 3, 32]
================== Solving for Time Step 17 ==========================
Graph Info:-----------------------------------------------------------
Worker IDs : [1, 2, 3]
Station IDs : [4, 5, 6]
Start Nodes: [0, 0, 0, 1, 1, 1, 2, 2, 2, 3, 3, 3, 4, 5, 6]
End Nodes: [1, 2, 3, 4, 5, 6, 4, 5, 6, 4, 5, 6, 7, 7, 7]
Capacities: [1, 1, 1, 1, 1, 1, 1, 1, 1, 1, 1, 1, 1, 1, 1]
Costs: [0, 0, 0, 13, 12, 13, 12, 13, 13, 13, 13, 16, 0, 0, 0]
Supplies: [3, 0, 0, 0, 0, 0, 0, -3]
------------------- Minimizing Lost Sales ----------------------------
Total Minimum cost = 38
Worker 1 assigned to Station 2, capable of 28 units; Deficit = 12
Worker 2 assigned to Station 3, capable of 3 units; Deficit = 13
Worker 3 assigned to Station 1, capable of 3 units; Deficit = 13
---------------------------------------------------------------------
Station 1 practically produces 3 units
Station 2 practically produces 3 units
Station 3 practically produces 3 units
------------------- Minimizing Standard Deviation --------------------
Total Minimum cost = 1122
Worker 1 assigned to Station 2, capable of 28 units; Deficit = 362
Worker 2 assigned to Station 1, capable of 28 units; Deficit = 362
Worker 3 assigned to Station 3, capable of 32 units; Deficit = 398
---------------------------------------------------------------------
Station 1 practically produces 28 units
Station 2 practically produces 28 units
Station 3 practically produces 28 units
WIP Inventory [0, 0, 0]
---------------------------------------------------------------------
Graph building time: 0.00035s
Solving time: 0.00024s
Total time: 0.00059s
======================================================================


Updated Skill Levels:--------------------------------------------------
worker ID: 1 Skill Levels: [3, 28, 3]
worker ID: 2 Skill Levels: [28, 3, 3]
worker ID: 3 Skill Levels: [3, 3, 32]
================== Solving for Time Step 18 ==========================
Graph Info:-----------------------------------------------------------
Worker IDs : [1, 2, 3]
Station IDs : [4, 5, 6]
Start Nodes: [0, 0, 0, 1, 1, 1, 2, 2, 2, 3, 3, 3, 4, 5, 6]
End Nodes: [1, 2, 3, 4, 5, 6, 4, 5, 6, 4, 5, 6, 7, 7, 7]
Capacities: [1, 1, 1, 1, 1, 1, 1, 1, 1, 1, 1, 1, 1, 1, 1]
Costs: [0, 0, 0, 8, 17, 8, 17, 8, 8, 8, 8, 21, 0, 0, 0]
Supplies: [3, 0, 0, 0, 0, 0, 0, -3]
------------------- Minimizing Lost Sales ----------------------------
Total Minimum cost = 24
Worker 1 assigned to Station 3, capable of 3 units; Deficit = 8
Worker 2 assigned to Station 2, capable of 3 units; Deficit = 8
Worker 3 assigned to Station 1, capable of 3 units; Deficit = 8
---------------------------------------------------------------------
Station 1 practically produces 3 units
Station 2 practically produces 3 units
Station 3 practically produces 3 units
------------------- Minimizing Standard Deviation --------------------
Total Minimum cost = 1067
Worker 1 assigned to Station 2, capable of 28 units; Deficit = 345
Worker 2 assigned to Station 1, capable of 28 units; Deficit = 345
Worker 3 assigned to Station 3, capable of 32 units; Deficit = 377
---------------------------------------------------------------------
Station 1 practically produces 28 units
Station 2 practically produces 28 units
Station 3 practically produces 28 units
WIP Inventory [0, 0, 0]
---------------------------------------------------------------------
Graph building time: 0.00035s
Solving time: 0.00024s
Total time: 0.00059s
======================================================================


Updated Skill Levels:--------------------------------------------------
worker ID: 1 Skill Levels: [3, 28, 3]
worker ID: 2 Skill Levels: [28, 3, 3]
worker ID: 3 Skill Levels: [3, 3, 32]
================== Solving for Time Step 19 ==========================
Graph Info:-----------------------------------------------------------
Worker IDs : [1, 2, 3]
Station IDs : [4, 5, 6]
Start Nodes: [0, 0, 0, 1, 1, 1, 2, 2, 2, 3, 3, 3, 4, 5, 6]
End Nodes: [1, 2, 3, 4, 5, 6, 4, 5, 6, 4, 5, 6, 7, 7, 7]
Capacities: [1, 1, 1, 1, 1, 1, 1, 1, 1, 1, 1, 1, 1, 1, 1]
Costs: [0, 0, 0, 22, 3, 22, 3, 22, 22, 22, 22, 7, 0, 0, 0]
Supplies: [3, 0, 0, 0, 0, 0, 0, -3]
------------------- Minimizing Lost Sales ----------------------------
Total Minimum cost = 13
Worker 1 assigned to Station 2, capable of 28 units; Deficit = 3
Worker 2 assigned to Station 1, capable of 28 units; Deficit = 3
Worker 3 assigned to Station 3, capable of 32 units; Deficit = 7
---------------------------------------------------------------------
Station 1 practically produces 28 units
Station 2 practically produces 28 units
Station 3 practically produces 28 units
------------------- Minimizing Standard Deviation --------------------
Total Minimum cost = 979
Worker 1 assigned to Station 2, capable of 28 units; Deficit = 317
Worker 2 assigned to Station 1, capable of 28 units; Deficit = 317
Worker 3 assigned to Station 3, capable of 32 units; Deficit = 345
---------------------------------------------------------------------
Station 1 practically produces 28 units
Station 2 practically produces 28 units
Station 3 practically produces 28 units
WIP Inventory [0, 0, 0]
---------------------------------------------------------------------
Graph building time: 0.00035s
Solving time: 0.00024s
Total time: 0.00059s
======================================================================


Updated Skill Levels:--------------------------------------------------
worker ID: 1 Skill Levels: [3, 28, 3]
worker ID: 2 Skill Levels: [28, 3, 3]
worker ID: 3 Skill Levels: [3, 3, 32]
================== Solving for Time Step 20 ==========================
Graph Info:-----------------------------------------------------------
Worker IDs : [1, 2, 3]
Station IDs : [4, 5, 6]
Start Nodes: [0, 0, 0, 1, 1, 1, 2, 2, 2, 3, 3, 3, 4, 5, 6]
End Nodes: [1, 2, 3, 4, 5, 6, 4, 5, 6, 4, 5, 6, 7, 7, 7]
Capacities: [1, 1, 1, 1, 1, 1, 1, 1, 1, 1, 1, 1, 1, 1, 1]
Costs: [0, 0, 0, 43, 18, 43, 18, 43, 43, 43, 43, 14, 0, 0, 0]
Supplies: [3, 0, 0, 0, 0, 0, 0, -3]
------------------- Minimizing Lost Sales ----------------------------
Total Minimum cost = 50
Worker 1 assigned to Station 2, capable of 28 units; Deficit = 18
Worker 2 assigned to Station 1, capable of 28 units; Deficit = 18
Worker 3 assigned to Station 3, capable of 32 units; Deficit = 14
---------------------------------------------------------------------
Station 1 practically produces 28 units
Station 2 practically produces 28 units
Station 3 practically produces 28 units
------------------- Minimizing Standard Deviation --------------------
Total Minimum cost = 929
Worker 1 assigned to Station 2, capable of 28 units; Deficit = 299
Worker 2 assigned to Station 1, capable of 28 units; Deficit = 299
Worker 3 assigned to Station 3, capable of 32 units; Deficit = 331
---------------------------------------------------------------------
Station 1 practically produces 28 units
Station 2 practically produces 28 units
Station 3 practically produces 28 units
WIP Inventory [0, 0, 0]
---------------------------------------------------------------------
Graph building time: 0.00034s
Solving time: 0.00024s
Total time: 0.00058s
======================================================================


Updated Skill Levels:--------------------------------------------------
worker ID: 1 Skill Levels: [3, 28, 3]
worker ID: 2 Skill Levels: [28, 3, 3]
worker ID: 3 Skill Levels: [3, 3, 32]
================== Solving for Time Step 21 ==========================
Graph Info:-----------------------------------------------------------
Worker IDs : [1, 2, 3]
Station IDs : [4, 5, 6]
Start Nodes: [0, 0, 0, 1, 1, 1, 2, 2, 2, 3, 3, 3, 4, 5, 6]
End Nodes: [1, 2, 3, 4, 5, 6, 4, 5, 6, 4, 5, 6, 7, 7, 7]
Capacities: [1, 1, 1, 1, 1, 1, 1, 1, 1, 1, 1, 1, 1, 1, 1]
Costs: [0, 0, 0, 28, 3, 28, 3, 28, 28, 28, 28, 1, 0, 0, 0]
Supplies: [3, 0, 0, 0, 0, 0, 0, -3]
------------------- Minimizing Lost Sales ----------------------------
Total Minimum cost = 7
Worker 1 assigned to Station 2, capable of 28 units; Deficit = 3
Worker 2 assigned to Station 1, capable of 28 units; Deficit = 3
Worker 3 assigned to Station 3, capable of 32 units; Deficit = 1
---------------------------------------------------------------------
Station 1 practically produces 28 units
Station 2 practically produces 28 units
Station 3 practically produces 28 units
------------------- Minimizing Standard Deviation --------------------
Total Minimum cost = 922
Worker 1 assigned to Station 2, capable of 28 units; Deficit = 296
Worker 2 assigned to Station 1, capable of 28 units; Deficit = 296
Worker 3 assigned to Station 3, capable of 32 units; Deficit = 330
---------------------------------------------------------------------
Station 1 practically produces 28 units
Station 2 practically produces 28 units
Station 3 practically produces 28 units
WIP Inventory [0, 0, 0]
---------------------------------------------------------------------
Graph building time: 0.00033s
Solving time: 0.00024s
Total time: 0.00057s
======================================================================


Updated Skill Levels:--------------------------------------------------
worker ID: 1 Skill Levels: [3, 28, 3]
worker ID: 2 Skill Levels: [28, 3, 3]
worker ID: 3 Skill Levels: [3, 3, 32]
================== Solving for Time Step 22 ==========================
Graph Info:-----------------------------------------------------------
Worker IDs : [1, 2, 3]
Station IDs : [4, 5, 6]
Start Nodes: [0, 0, 0, 1, 1, 1, 2, 2, 2, 3, 3, 3, 4, 5, 6]
End Nodes: [1, 2, 3, 4, 5, 6, 4, 5, 6, 4, 5, 6, 7, 7, 7]
Capacities: [1, 1, 1, 1, 1, 1, 1, 1, 1, 1, 1, 1, 1, 1, 1]
Costs: [0, 0, 0, 9, 16, 9, 16, 9, 9, 9, 9, 20, 0, 0, 0]
Supplies: [3, 0, 0, 0, 0, 0, 0, -3]
------------------- Minimizing Lost Sales ----------------------------
Total Minimum cost = 27
Worker 1 assigned to Station 3, capable of 3 units; Deficit = 9
Worker 2 assigned to Station 2, capable of 3 units; Deficit = 9
Worker 3 assigned to Station 1, capable of 3 units; Deficit = 9
---------------------------------------------------------------------
Station 1 practically produces 3 units
Station 2 practically produces 3 units
Station 3 practically produces 3 units
------------------- Minimizing Standard Deviation --------------------
Total Minimum cost = 945
Worker 1 assigned to Station 2, capable of 28 units; Deficit = 305
Worker 2 assigned to Station 1, capable of 28 units; Deficit = 305
Worker 3 assigned to Station 3, capable of 32 units; Deficit = 335
---------------------------------------------------------------------
Station 1 practically produces 28 units
Station 2 practically produces 28 units
Station 3 practically produces 28 units
WIP Inventory [0, 0, 0]
---------------------------------------------------------------------
Graph building time: 0.00034s
Solving time: 0.00024s
Total time: 0.00058s
======================================================================


Updated Skill Levels:--------------------------------------------------
worker ID: 1 Skill Levels: [3, 28, 3]
worker ID: 2 Skill Levels: [28, 3, 3]
worker ID: 3 Skill Levels: [3, 3, 32]
================== Solving for Time Step 23 ==========================
Graph Info:-----------------------------------------------------------
Worker IDs : [1, 2, 3]
Station IDs : [4, 5, 6]
Start Nodes: [0, 0, 0, 1, 1, 1, 2, 2, 2, 3, 3, 3, 4, 5, 6]
End Nodes: [1, 2, 3, 4, 5, 6, 4, 5, 6, 4, 5, 6, 7, 7, 7]
Capacities: [1, 1, 1, 1, 1, 1, 1, 1, 1, 1, 1, 1, 1, 1, 1]
Costs: [0, 0, 0, 17, 8, 17, 8, 17, 17, 17, 17, 12, 0, 0, 0]
Supplies: [3, 0, 0, 0, 0, 0, 0, -3]
------------------- Minimizing Lost Sales ----------------------------
Total Minimum cost = 28
Worker 1 assigned to Station 2, capable of 28 units; Deficit = 8
Worker 2 assigned to Station 1, capable of 28 units; Deficit = 8
Worker 3 assigned to Station 3, capable of 32 units; Deficit = 12
---------------------------------------------------------------------
Station 1 practically produces 28 units
Station 2 practically produces 28 units
Station 3 practically produces 28 units
------------------- Minimizing Standard Deviation --------------------
Total Minimum cost = 842
Worker 1 assigned to Station 2, capable of 28 units; Deficit = 272
Worker 2 assigned to Station 1, capable of 28 units; Deficit = 272
Worker 3 assigned to Station 3, capable of 32 units; Deficit = 298
---------------------------------------------------------------------
Station 1 practically produces 28 units
Station 2 practically produces 28 units
Station 3 practically produces 28 units
WIP Inventory [0, 0, 0]
---------------------------------------------------------------------
Graph building time: 0.00033s
Solving time: 0.00024s
Total time: 0.00057s
======================================================================


Updated Skill Levels:--------------------------------------------------
worker ID: 1 Skill Levels: [3, 28, 3]
worker ID: 2 Skill Levels: [28, 3, 3]
worker ID: 3 Skill Levels: [3, 3, 32]
================== Solving for Time Step 24 ==========================
Graph Info:-----------------------------------------------------------
Worker IDs : [1, 2, 3]
Station IDs : [4, 5, 6]
Start Nodes: [0, 0, 0, 1, 1, 1, 2, 2, 2, 3, 3, 3, 4, 5, 6]
End Nodes: [1, 2, 3, 4, 5, 6, 4, 5, 6, 4, 5, 6, 7, 7, 7]
Capacities: [1, 1, 1, 1, 1, 1, 1, 1, 1, 1, 1, 1, 1, 1, 1]
Costs: [0, 0, 0, 21, 4, 21, 4, 21, 21, 21, 21, 8, 0, 0, 0]
Supplies: [3, 0, 0, 0, 0, 0, 0, -3]
------------------- Minimizing Lost Sales ----------------------------
Total Minimum cost = 16
Worker 1 assigned to Station 2, capable of 28 units; Deficit = 4
Worker 2 assigned to Station 1, capable of 28 units; Deficit = 4
Worker 3 assigned to Station 3, capable of 32 units; Deficit = 8
---------------------------------------------------------------------
Station 1 practically produces 28 units
Station 2 practically produces 28 units
Station 3 practically produces 28 units
------------------- Minimizing Standard Deviation --------------------
Total Minimum cost = 826
Worker 1 assigned to Station 2, capable of 28 units; Deficit = 268
Worker 2 assigned to Station 1, capable of 28 units; Deficit = 268
Worker 3 assigned to Station 3, capable of 32 units; Deficit = 290
---------------------------------------------------------------------
Station 1 practically produces 28 units
Station 2 practically produces 28 units
Station 3 practically produces 28 units
WIP Inventory [0, 0, 0]
---------------------------------------------------------------------
Graph building time: 0.00037s
Solving time: 0.00024s
Total time: 0.00061s
======================================================================


Updated Skill Levels:--------------------------------------------------
worker ID: 1 Skill Levels: [3, 28, 3]
worker ID: 2 Skill Levels: [28, 3, 3]
worker ID: 3 Skill Levels: [3, 3, 32]
================== Solving for Time Step 25 ==========================
Graph Info:-----------------------------------------------------------
Worker IDs : [1, 2, 3]
Station IDs : [4, 5, 6]
Start Nodes: [0, 0, 0, 1, 1, 1, 2, 2, 2, 3, 3, 3, 4, 5, 6]
End Nodes: [1, 2, 3, 4, 5, 6, 4, 5, 6, 4, 5, 6, 7, 7, 7]
Capacities: [1, 1, 1, 1, 1, 1, 1, 1, 1, 1, 1, 1, 1, 1, 1]
Costs: [0, 0, 0, 27, 2, 27, 2, 27, 27, 27, 27, 2, 0, 0, 0]
Supplies: [3, 0, 0, 0, 0, 0, 0, -3]
------------------- Minimizing Lost Sales ----------------------------
Total Minimum cost = 6
Worker 1 assigned to Station 2, capable of 28 units; Deficit = 2
Worker 2 assigned to Station 1, capable of 28 units; Deficit = 2
Worker 3 assigned to Station 3, capable of 32 units; Deficit = 2
---------------------------------------------------------------------
Station 1 practically produces 28 units
Station 2 practically produces 28 units
Station 3 practically produces 28 units
------------------- Minimizing Standard Deviation --------------------
Total Minimum cost = 820
Worker 1 assigned to Station 2, capable of 28 units; Deficit = 266
Worker 2 assigned to Station 1, capable of 28 units; Deficit = 266
Worker 3 assigned to Station 3, capable of 32 units; Deficit = 288
---------------------------------------------------------------------
Station 1 practically produces 28 units
Station 2 practically produces 28 units
Station 3 practically produces 28 units
WIP Inventory [0, 0, 0]
---------------------------------------------------------------------
Graph building time: 0.00034s
Solving time: 0.00023s
Total time: 0.00057s
======================================================================


Updated Skill Levels:--------------------------------------------------
worker ID: 1 Skill Levels: [3, 28, 3]
worker ID: 2 Skill Levels: [28, 3, 3]
worker ID: 3 Skill Levels: [3, 3, 32]
================== Solving for Time Step 26 ==========================
Graph Info:-----------------------------------------------------------
Worker IDs : [1, 2, 3]
Station IDs : [4, 5, 6]
Start Nodes: [0, 0, 0, 1, 1, 1, 2, 2, 2, 3, 3, 3, 4, 5, 6]
End Nodes: [1, 2, 3, 4, 5, 6, 4, 5, 6, 4, 5, 6, 7, 7, 7]
Capacities: [1, 1, 1, 1, 1, 1, 1, 1, 1, 1, 1, 1, 1, 1, 1]
Costs: [0, 0, 0, 3, 22, 3, 22, 3, 3, 3, 3, 26, 0, 0, 0]
Supplies: [3, 0, 0, 0, 0, 0, 0, -3]
------------------- Minimizing Lost Sales ----------------------------
Total Minimum cost = 9
Worker 1 assigned to Station 1, capable of 3 units; Deficit = 3
Worker 2 assigned to Station 3, capable of 3 units; Deficit = 3
Worker 3 assigned to Station 2, capable of 3 units; Deficit = 3
---------------------------------------------------------------------
Station 1 practically produces 3 units
Station 2 practically produces 3 units
Station 3 practically produces 3 units
------------------- Minimizing Standard Deviation --------------------
Total Minimum cost = 825
Worker 1 assigned to Station 2, capable of 28 units; Deficit = 269
Worker 2 assigned to Station 1, capable of 28 units; Deficit = 269
Worker 3 assigned to Station 3, capable of 32 units; Deficit = 287
---------------------------------------------------------------------
Station 1 practically produces 28 units
Station 2 practically produces 28 units
Station 3 practically produces 28 units
WIP Inventory [0, 0, 0]
---------------------------------------------------------------------
Graph building time: 0.00034s
Solving time: 0.00026s
Total time: 0.00060s
======================================================================


Updated Skill Levels:--------------------------------------------------
worker ID: 1 Skill Levels: [3, 28, 3]
worker ID: 2 Skill Levels: [28, 3, 3]
worker ID: 3 Skill Levels: [3, 3, 32]
================== Solving for Time Step 27 ==========================
Graph Info:-----------------------------------------------------------
Worker IDs : [1, 2, 3]
Station IDs : [4, 5, 6]
Start Nodes: [0, 0, 0, 1, 1, 1, 2, 2, 2, 3, 3, 3, 4, 5, 6]
End Nodes: [1, 2, 3, 4, 5, 6, 4, 5, 6, 4, 5, 6, 7, 7, 7]
Capacities: [1, 1, 1, 1, 1, 1, 1, 1, 1, 1, 1, 1, 1, 1, 1]
Costs: [0, 0, 0, 31, 6, 31, 6, 31, 31, 31, 31, 2, 0, 0, 0]
Supplies: [3, 0, 0, 0, 0, 0, 0, -3]
------------------- Minimizing Lost Sales ----------------------------
Total Minimum cost = 14
Worker 1 assigned to Station 2, capable of 28 units; Deficit = 6
Worker 2 assigned to Station 1, capable of 28 units; Deficit = 6
Worker 3 assigned to Station 3, capable of 32 units; Deficit = 2
---------------------------------------------------------------------
Station 1 practically produces 28 units
Station 2 practically produces 28 units
Station 3 practically produces 28 units
------------------- Minimizing Standard Deviation --------------------
Total Minimum cost = 736
Worker 1 assigned to Station 2, capable of 28 units; Deficit = 238
Worker 2 assigned to Station 1, capable of 28 units; Deficit = 238
Worker 3 assigned to Station 3, capable of 32 units; Deficit = 260
---------------------------------------------------------------------
Station 1 practically produces 28 units
Station 2 practically produces 28 units
Station 3 practically produces 28 units
WIP Inventory [0, 0, 0]
---------------------------------------------------------------------
Graph building time: 0.00031s
Solving time: 0.00023s
Total time: 0.00054s
======================================================================


Updated Skill Levels:--------------------------------------------------
worker ID: 1 Skill Levels: [3, 28, 3]
worker ID: 2 Skill Levels: [28, 3, 3]
worker ID: 3 Skill Levels: [3, 3, 32]
================== Solving for Time Step 28 ==========================
Graph Info:-----------------------------------------------------------
Worker IDs : [1, 2, 3]
Station IDs : [4, 5, 6]
Start Nodes: [0, 0, 0, 1, 1, 1, 2, 2, 2, 3, 3, 3, 4, 5, 6]
End Nodes: [1, 2, 3, 4, 5, 6, 4, 5, 6, 4, 5, 6, 7, 7, 7]
Capacities: [1, 1, 1, 1, 1, 1, 1, 1, 1, 1, 1, 1, 1, 1, 1]
Costs: [0, 0, 0, 5, 20, 5, 20, 5, 5, 5, 5, 24, 0, 0, 0]
Supplies: [3, 0, 0, 0, 0, 0, 0, -3]
------------------- Minimizing Lost Sales ----------------------------
Total Minimum cost = 15
Worker 1 assigned to Station 3, capable of 3 units; Deficit = 5
Worker 2 assigned to Station 2, capable of 3 units; Deficit = 5
Worker 3 assigned to Station 1, capable of 3 units; Deficit = 5
---------------------------------------------------------------------
Station 1 practically produces 3 units
Station 2 practically produces 3 units
Station 3 practically produces 3 units
------------------- Minimizing Standard Deviation --------------------
Total Minimum cost = 747
Worker 1 assigned to Station 2, capable of 28 units; Deficit = 243
Worker 2 assigned to Station 1, capable of 28 units; Deficit = 243
Worker 3 assigned to Station 3, capable of 32 units; Deficit = 261
---------------------------------------------------------------------
Station 1 practically produces 28 units
Station 2 practically produces 28 units
Station 3 practically produces 28 units
WIP Inventory [0, 0, 0]
---------------------------------------------------------------------
Graph building time: 0.00030s
Solving time: 0.00023s
Total time: 0.00053s
======================================================================


Updated Skill Levels:--------------------------------------------------
worker ID: 1 Skill Levels: [3, 28, 3]
worker ID: 2 Skill Levels: [28, 3, 3]
worker ID: 3 Skill Levels: [3, 3, 32]
================== Solving for Time Step 29 ==========================
Graph Info:-----------------------------------------------------------
Worker IDs : [1, 2, 3]
Station IDs : [4, 5, 6]
Start Nodes: [0, 0, 0, 1, 1, 1, 2, 2, 2, 3, 3, 3, 4, 5, 6]
End Nodes: [1, 2, 3, 4, 5, 6, 4, 5, 6, 4, 5, 6, 7, 7, 7]
Capacities: [1, 1, 1, 1, 1, 1, 1, 1, 1, 1, 1, 1, 1, 1, 1]
Costs: [0, 0, 0, 12, 13, 12, 13, 12, 12, 12, 12, 17, 0, 0, 0]
Supplies: [3, 0, 0, 0, 0, 0, 0, -3]
------------------- Minimizing Lost Sales ----------------------------
Total Minimum cost = 36
Worker 1 assigned to Station 3, capable of 3 units; Deficit = 12
Worker 2 assigned to Station 2, capable of 3 units; Deficit = 12
Worker 3 assigned to Station 1, capable of 3 units; Deficit = 12
---------------------------------------------------------------------
Station 1 practically produces 3 units
Station 2 practically produces 3 units
Station 3 practically produces 3 units
------------------- Minimizing Standard Deviation --------------------
Total Minimum cost = 704
Worker 1 assigned to Station 2, capable of 28 units; Deficit = 230
Worker 2 assigned to Station 1, capable of 28 units; Deficit = 230
Worker 3 assigned to Station 3, capable of 32 units; Deficit = 244
---------------------------------------------------------------------
Station 1 practically produces 28 units
Station 2 practically produces 28 units
Station 3 practically produces 28 units
WIP Inventory [0, 0, 0]
---------------------------------------------------------------------
Graph building time: 0.00031s
Solving time: 0.00028s
Total time: 0.00058s
======================================================================


Updated Skill Levels:--------------------------------------------------
worker ID: 1 Skill Levels: [3, 28, 3]
worker ID: 2 Skill Levels: [28, 3, 3]
worker ID: 3 Skill Levels: [3, 3, 32]
================== Solving for Time Step 30 ==========================
Graph Info:-----------------------------------------------------------
Worker IDs : [1, 2, 3]
Station IDs : [4, 5, 6]
Start Nodes: [0, 0, 0, 1, 1, 1, 2, 2, 2, 3, 3, 3, 4, 5, 6]
End Nodes: [1, 2, 3, 4, 5, 6, 4, 5, 6, 4, 5, 6, 7, 7, 7]
Capacities: [1, 1, 1, 1, 1, 1, 1, 1, 1, 1, 1, 1, 1, 1, 1]
Costs: [0, 0, 0, 25, 0, 25, 0, 25, 25, 25, 25, 4, 0, 0, 0]
Supplies: [3, 0, 0, 0, 0, 0, 0, -3]
------------------- Minimizing Lost Sales ----------------------------
Total Minimum cost = 4
Worker 1 assigned to Station 2, capable of 28 units; Deficit = 0
Worker 2 assigned to Station 1, capable of 28 units; Deficit = 0
Worker 3 assigned to Station 3, capable of 32 units; Deficit = 4
---------------------------------------------------------------------
Station 1 practically produces 28 units
Station 2 practically produces 28 units
Station 3 practically produces 28 units
------------------- Minimizing Standard Deviation --------------------
Total Minimum cost = 625
Worker 1 assigned to Station 2, capable of 28 units; Deficit = 205
Worker 2 assigned to Station 1, capable of 28 units; Deficit = 205
Worker 3 assigned to Station 3, capable of 32 units; Deficit = 215
---------------------------------------------------------------------
Station 1 practically produces 28 units
Station 2 practically produces 28 units
Station 3 practically produces 28 units
WIP Inventory [0, 0, 0]
---------------------------------------------------------------------
Graph building time: 0.00031s
Solving time: 0.00023s
Total time: 0.00054s
======================================================================


Updated Skill Levels:--------------------------------------------------
worker ID: 1 Skill Levels: [3, 28, 3]
worker ID: 2 Skill Levels: [28, 3, 3]
worker ID: 3 Skill Levels: [3, 3, 32]
================== Solving for Time Step 31 ==========================
Graph Info:-----------------------------------------------------------
Worker IDs : [1, 2, 3]
Station IDs : [4, 5, 6]
Start Nodes: [0, 0, 0, 1, 1, 1, 2, 2, 2, 3, 3, 3, 4, 5, 6]
End Nodes: [1, 2, 3, 4, 5, 6, 4, 5, 6, 4, 5, 6, 7, 7, 7]
Capacities: [1, 1, 1, 1, 1, 1, 1, 1, 1, 1, 1, 1, 1, 1, 1]
Costs: [0, 0, 0, 17, 8, 17, 8, 17, 17, 17, 17, 12, 0, 0, 0]
Supplies: [3, 0, 0, 0, 0, 0, 0, -3]
------------------- Minimizing Lost Sales ----------------------------
Total Minimum cost = 28
Worker 1 assigned to Station 2, capable of 28 units; Deficit = 8
Worker 2 assigned to Station 1, capable of 28 units; Deficit = 8
Worker 3 assigned to Station 3, capable of 32 units; Deficit = 12
---------------------------------------------------------------------
Station 1 practically produces 28 units
Station 2 practically produces 28 units
Station 3 practically produces 28 units
------------------- Minimizing Standard Deviation --------------------
Total Minimum cost = 597
Worker 1 assigned to Station 2, capable of 28 units; Deficit = 197
Worker 2 assigned to Station 1, capable of 28 units; Deficit = 197
Worker 3 assigned to Station 3, capable of 32 units; Deficit = 203
---------------------------------------------------------------------
Station 1 practically produces 28 units
Station 2 practically produces 28 units
Station 3 practically produces 28 units
WIP Inventory [0, 0, 0]
---------------------------------------------------------------------
Graph building time: 0.00029s
Solving time: 0.00023s
Total time: 0.00052s
======================================================================


Updated Skill Levels:--------------------------------------------------
worker ID: 1 Skill Levels: [3, 28, 3]
worker ID: 2 Skill Levels: [28, 3, 3]
worker ID: 3 Skill Levels: [3, 3, 32]
================== Solving for Time Step 32 ==========================
Graph Info:-----------------------------------------------------------
Worker IDs : [1, 2, 3]
Station IDs : [4, 5, 6]
Start Nodes: [0, 0, 0, 1, 1, 1, 2, 2, 2, 3, 3, 3, 4, 5, 6]
End Nodes: [1, 2, 3, 4, 5, 6, 4, 5, 6, 4, 5, 6, 7, 7, 7]
Capacities: [1, 1, 1, 1, 1, 1, 1, 1, 1, 1, 1, 1, 1, 1, 1]
Costs: [0, 0, 0, 20, 5, 20, 5, 20, 20, 20, 20, 9, 0, 0, 0]
Supplies: [3, 0, 0, 0, 0, 0, 0, -3]
------------------- Minimizing Lost Sales ----------------------------
Total Minimum cost = 19
Worker 1 assigned to Station 2, capable of 28 units; Deficit = 5
Worker 2 assigned to Station 1, capable of 28 units; Deficit = 5
Worker 3 assigned to Station 3, capable of 32 units; Deficit = 9
---------------------------------------------------------------------
Station 1 practically produces 28 units
Station 2 practically produces 28 units
Station 3 practically produces 28 units
------------------- Minimizing Standard Deviation --------------------
Total Minimum cost = 578
Worker 1 assigned to Station 2, capable of 28 units; Deficit = 192
Worker 2 assigned to Station 1, capable of 28 units; Deficit = 192
Worker 3 assigned to Station 3, capable of 32 units; Deficit = 194
---------------------------------------------------------------------
Station 1 practically produces 28 units
Station 2 practically produces 28 units
Station 3 practically produces 28 units
WIP Inventory [0, 0, 0]
---------------------------------------------------------------------
Graph building time: 0.00031s
Solving time: 0.00025s
Total time: 0.00055s
======================================================================


Updated Skill Levels:--------------------------------------------------
worker ID: 1 Skill Levels: [3, 28, 3]
worker ID: 2 Skill Levels: [28, 3, 3]
worker ID: 3 Skill Levels: [3, 3, 32]
================== Solving for Time Step 33 ==========================
Graph Info:-----------------------------------------------------------
Worker IDs : [1, 2, 3]
Station IDs : [4, 5, 6]
Start Nodes: [0, 0, 0, 1, 1, 1, 2, 2, 2, 3, 3, 3, 4, 5, 6]
End Nodes: [1, 2, 3, 4, 5, 6, 4, 5, 6, 4, 5, 6, 7, 7, 7]
Capacities: [1, 1, 1, 1, 1, 1, 1, 1, 1, 1, 1, 1, 1, 1, 1]
Costs: [0, 0, 0, 37, 12, 37, 12, 37, 37, 37, 37, 8, 0, 0, 0]
Supplies: [3, 0, 0, 0, 0, 0, 0, -3]
------------------- Minimizing Lost Sales ----------------------------
Total Minimum cost = 32
Worker 1 assigned to Station 2, capable of 28 units; Deficit = 12
Worker 2 assigned to Station 1, capable of 28 units; Deficit = 12
Worker 3 assigned to Station 3, capable of 32 units; Deficit = 8
---------------------------------------------------------------------
Station 1 practically produces 28 units
Station 2 practically produces 28 units
Station 3 practically produces 28 units
------------------- Minimizing Standard Deviation --------------------
Total Minimum cost = 546
Worker 1 assigned to Station 2, capable of 28 units; Deficit = 180
Worker 2 assigned to Station 1, capable of 28 units; Deficit = 180
Worker 3 assigned to Station 3, capable of 32 units; Deficit = 186
---------------------------------------------------------------------
Station 1 practically produces 28 units
Station 2 practically produces 28 units
Station 3 practically produces 28 units
WIP Inventory [0, 0, 0]
---------------------------------------------------------------------
Graph building time: 0.00030s
Solving time: 0.00024s
Total time: 0.00054s
======================================================================


Updated Skill Levels:--------------------------------------------------
worker ID: 1 Skill Levels: [3, 28, 3]
worker ID: 2 Skill Levels: [28, 3, 3]
worker ID: 3 Skill Levels: [3, 3, 32]
================== Solving for Time Step 34 ==========================
Graph Info:-----------------------------------------------------------
Worker IDs : [1, 2, 3]
Station IDs : [4, 5, 6]
Start Nodes: [0, 0, 0, 1, 1, 1, 2, 2, 2, 3, 3, 3, 4, 5, 6]
End Nodes: [1, 2, 3, 4, 5, 6, 4, 5, 6, 4, 5, 6, 7, 7, 7]
Capacities: [1, 1, 1, 1, 1, 1, 1, 1, 1, 1, 1, 1, 1, 1, 1]
Costs: [0, 0, 0, 11, 14, 11, 14, 11, 11, 11, 11, 18, 0, 0, 0]
Supplies: [3, 0, 0, 0, 0, 0, 0, -3]
------------------- Minimizing Lost Sales ----------------------------
Total Minimum cost = 33
Worker 1 assigned to Station 1, capable of 3 units; Deficit = 11
Worker 2 assigned to Station 3, capable of 3 units; Deficit = 11
Worker 3 assigned to Station 2, capable of 3 units; Deficit = 11
---------------------------------------------------------------------
Station 1 practically produces 3 units
Station 2 practically produces 3 units
Station 3 practically produces 3 units
------------------- Minimizing Standard Deviation --------------------
Total Minimum cost = 575
Worker 1 assigned to Station 2, capable of 28 units; Deficit = 191
Worker 2 assigned to Station 1, capable of 28 units; Deficit = 191
Worker 3 assigned to Station 3, capable of 32 units; Deficit = 193
---------------------------------------------------------------------
Station 1 practically produces 28 units
Station 2 practically produces 28 units
Station 3 practically produces 28 units
WIP Inventory [0, 0, 0]
---------------------------------------------------------------------
Graph building time: 0.00028s
Solving time: 0.00026s
Total time: 0.00055s
======================================================================


Updated Skill Levels:--------------------------------------------------
worker ID: 1 Skill Levels: [3, 28, 3]
worker ID: 2 Skill Levels: [28, 3, 3]
worker ID: 3 Skill Levels: [3, 3, 32]
================== Solving for Time Step 35 ==========================
Graph Info:-----------------------------------------------------------
Worker IDs : [1, 2, 3]
Station IDs : [4, 5, 6]
Start Nodes: [0, 0, 0, 1, 1, 1, 2, 2, 2, 3, 3, 3, 4, 5, 6]
End Nodes: [1, 2, 3, 4, 5, 6, 4, 5, 6, 4, 5, 6, 7, 7, 7]
Capacities: [1, 1, 1, 1, 1, 1, 1, 1, 1, 1, 1, 1, 1, 1, 1]
Costs: [0, 0, 0, 14, 11, 14, 11, 14, 14, 14, 14, 15, 0, 0, 0]
Supplies: [3, 0, 0, 0, 0, 0, 0, -3]
------------------- Minimizing Lost Sales ----------------------------
Total Minimum cost = 37
Worker 1 assigned to Station 2, capable of 28 units; Deficit = 11
Worker 2 assigned to Station 1, capable of 28 units; Deficit = 11
Worker 3 assigned to Station 3, capable of 32 units; Deficit = 15
---------------------------------------------------------------------
Station 1 practically produces 28 units
Station 2 practically produces 28 units
Station 3 practically produces 28 units
------------------- Minimizing Standard Deviation --------------------
Total Minimum cost = 463
Worker 1 assigned to Station 2, capable of 28 units; Deficit = 155
Worker 2 assigned to Station 1, capable of 28 units; Deficit = 155
Worker 3 assigned to Station 3, capable of 32 units; Deficit = 153
---------------------------------------------------------------------
Station 1 practically produces 28 units
Station 2 practically produces 28 units
Station 3 practically produces 28 units
WIP Inventory [0, 0, 0]
---------------------------------------------------------------------
Graph building time: 0.00028s
Solving time: 0.00023s
Total time: 0.00051s
======================================================================


Updated Skill Levels:--------------------------------------------------
worker ID: 1 Skill Levels: [3, 28, 3]
worker ID: 2 Skill Levels: [28, 3, 3]
worker ID: 3 Skill Levels: [3, 3, 32]
================== Solving for Time Step 36 ==========================
Graph Info:-----------------------------------------------------------
Worker IDs : [1, 2, 3]
Station IDs : [4, 5, 6]
Start Nodes: [0, 0, 0, 1, 1, 1, 2, 2, 2, 3, 3, 3, 4, 5, 6]
End Nodes: [1, 2, 3, 4, 5, 6, 4, 5, 6, 4, 5, 6, 7, 7, 7]
Capacities: [1, 1, 1, 1, 1, 1, 1, 1, 1, 1, 1, 1, 1, 1, 1]
Costs: [0, 0, 0, 21, 4, 21, 4, 21, 21, 21, 21, 8, 0, 0, 0]
Supplies: [3, 0, 0, 0, 0, 0, 0, -3]
------------------- Minimizing Lost Sales ----------------------------
Total Minimum cost = 16
Worker 1 assigned to Station 2, capable of 28 units; Deficit = 4
Worker 2 assigned to Station 1, capable of 28 units; Deficit = 4
Worker 3 assigned to Station 3, capable of 32 units; Deficit = 8
---------------------------------------------------------------------
Station 1 practically produces 28 units
Station 2 practically produces 28 units
Station 3 practically produces 28 units
------------------- Minimizing Standard Deviation --------------------
Total Minimum cost = 447
Worker 1 assigned to Station 2, capable of 28 units; Deficit = 151
Worker 2 assigned to Station 1, capable of 28 units; Deficit = 151
Worker 3 assigned to Station 3, capable of 32 units; Deficit = 145
---------------------------------------------------------------------
Station 1 practically produces 28 units
Station 2 practically produces 28 units
Station 3 practically produces 28 units
WIP Inventory [0, 0, 0]
---------------------------------------------------------------------
Graph building time: 0.00028s
Solving time: 0.00026s
Total time: 0.00054s
======================================================================


Updated Skill Levels:--------------------------------------------------
worker ID: 1 Skill Levels: [3, 28, 3]
worker ID: 2 Skill Levels: [28, 3, 3]
worker ID: 3 Skill Levels: [3, 3, 32]
================== Solving for Time Step 37 ==========================
Graph Info:-----------------------------------------------------------
Worker IDs : [1, 2, 3]
Station IDs : [4, 5, 6]
Start Nodes: [0, 0, 0, 1, 1, 1, 2, 2, 2, 3, 3, 3, 4, 5, 6]
End Nodes: [1, 2, 3, 4, 5, 6, 4, 5, 6, 4, 5, 6, 7, 7, 7]
Capacities: [1, 1, 1, 1, 1, 1, 1, 1, 1, 1, 1, 1, 1, 1, 1]
Costs: [0, 0, 0, 29, 4, 29, 4, 29, 29, 29, 29, 0, 0, 0, 0]
Supplies: [3, 0, 0, 0, 0, 0, 0, -3]
------------------- Minimizing Lost Sales ----------------------------
Total Minimum cost = 8
Worker 1 assigned to Station 2, capable of 28 units; Deficit = 4
Worker 2 assigned to Station 1, capable of 28 units; Deficit = 4
Worker 3 assigned to Station 3, capable of 32 units; Deficit = 0
---------------------------------------------------------------------
Station 1 practically produces 28 units
Station 2 practically produces 28 units
Station 3 practically produces 28 units
------------------- Minimizing Standard Deviation --------------------
Total Minimum cost = 439
Worker 1 assigned to Station 2, capable of 28 units; Deficit = 147
Worker 2 assigned to Station 1, capable of 28 units; Deficit = 147
Worker 3 assigned to Station 3, capable of 32 units; Deficit = 145
---------------------------------------------------------------------
Station 1 practically produces 28 units
Station 2 practically produces 28 units
Station 3 practically produces 28 units
WIP Inventory [0, 0, 0]
---------------------------------------------------------------------
Graph building time: 0.00029s
Solving time: 0.00024s
Total time: 0.00053s
======================================================================


Updated Skill Levels:--------------------------------------------------
worker ID: 1 Skill Levels: [3, 28, 3]
worker ID: 2 Skill Levels: [28, 3, 3]
worker ID: 3 Skill Levels: [3, 3, 32]
================== Solving for Time Step 38 ==========================
Graph Info:-----------------------------------------------------------
Worker IDs : [1, 2, 3]
Station IDs : [4, 5, 6]
Start Nodes: [0, 0, 0, 1, 1, 1, 2, 2, 2, 3, 3, 3, 4, 5, 6]
End Nodes: [1, 2, 3, 4, 5, 6, 4, 5, 6, 4, 5, 6, 7, 7, 7]
Capacities: [1, 1, 1, 1, 1, 1, 1, 1, 1, 1, 1, 1, 1, 1, 1]
Costs: [0, 0, 0, 6, 19, 6, 19, 6, 6, 6, 6, 23, 0, 0, 0]
Supplies: [3, 0, 0, 0, 0, 0, 0, -3]
------------------- Minimizing Lost Sales ----------------------------
Total Minimum cost = 18
Worker 1 assigned to Station 3, capable of 3 units; Deficit = 6
Worker 2 assigned to Station 2, capable of 3 units; Deficit = 6
Worker 3 assigned to Station 1, capable of 3 units; Deficit = 6
---------------------------------------------------------------------
Station 1 practically produces 3 units
Station 2 practically produces 3 units
Station 3 practically produces 3 units
------------------- Minimizing Standard Deviation --------------------
Total Minimum cost = 453
Worker 1 assigned to Station 2, capable of 28 units; Deficit = 153
Worker 2 assigned to Station 1, capable of 28 units; Deficit = 153
Worker 3 assigned to Station 3, capable of 32 units; Deficit = 147
---------------------------------------------------------------------
Station 1 practically produces 28 units
Station 2 practically produces 28 units
Station 3 practically produces 28 units
WIP Inventory [0, 0, 0]
---------------------------------------------------------------------
Graph building time: 0.00027s
Solving time: 0.00025s
Total time: 0.00052s
======================================================================


Updated Skill Levels:--------------------------------------------------
worker ID: 1 Skill Levels: [3, 28, 3]
worker ID: 2 Skill Levels: [28, 3, 3]
worker ID: 3 Skill Levels: [3, 3, 32]
================== Solving for Time Step 39 ==========================
Graph Info:-----------------------------------------------------------
Worker IDs : [1, 2, 3]
Station IDs : [4, 5, 6]
Start Nodes: [0, 0, 0, 1, 1, 1, 2, 2, 2, 3, 3, 3, 4, 5, 6]
End Nodes: [1, 2, 3, 4, 5, 6, 4, 5, 6, 4, 5, 6, 7, 7, 7]
Capacities: [1, 1, 1, 1, 1, 1, 1, 1, 1, 1, 1, 1, 1, 1, 1]
Costs: [0, 0, 0, 18, 7, 18, 7, 18, 18, 18, 18, 11, 0, 0, 0]
Supplies: [3, 0, 0, 0, 0, 0, 0, -3]
------------------- Minimizing Lost Sales ----------------------------
Total Minimum cost = 25
Worker 1 assigned to Station 2, capable of 28 units; Deficit = 7
Worker 2 assigned to Station 1, capable of 28 units; Deficit = 7
Worker 3 assigned to Station 3, capable of 32 units; Deficit = 11
---------------------------------------------------------------------
Station 1 practically produces 28 units
Station 2 practically produces 28 units
Station 3 practically produces 28 units
------------------- Minimizing Standard Deviation --------------------
Total Minimum cost = 353
Worker 1 assigned to Station 2, capable of 28 units; Deficit = 121
Worker 2 assigned to Station 1, capable of 28 units; Deficit = 121
Worker 3 assigned to Station 3, capable of 32 units; Deficit = 111
---------------------------------------------------------------------
Station 1 practically produces 28 units
Station 2 practically produces 28 units
Station 3 practically produces 28 units
WIP Inventory [0, 0, 0]
---------------------------------------------------------------------
Graph building time: 0.00027s
Solving time: 0.00023s
Total time: 0.00050s
======================================================================


Updated Skill Levels:--------------------------------------------------
worker ID: 1 Skill Levels: [3, 28, 3]
worker ID: 2 Skill Levels: [28, 3, 3]
worker ID: 3 Skill Levels: [3, 3, 32]
================== Solving for Time Step 40 ==========================
Graph Info:-----------------------------------------------------------
Worker IDs : [1, 2, 3]
Station IDs : [4, 5, 6]
Start Nodes: [0, 0, 0, 1, 1, 1, 2, 2, 2, 3, 3, 3, 4, 5, 6]
End Nodes: [1, 2, 3, 4, 5, 6, 4, 5, 6, 4, 5, 6, 7, 7, 7]
Capacities: [1, 1, 1, 1, 1, 1, 1, 1, 1, 1, 1, 1, 1, 1, 1]
Costs: [0, 0, 0, 26, 1, 26, 1, 26, 26, 26, 26, 3, 0, 0, 0]
Supplies: [3, 0, 0, 0, 0, 0, 0, -3]
------------------- Minimizing Lost Sales ----------------------------
Total Minimum cost = 5
Worker 1 assigned to Station 2, capable of 28 units; Deficit = 1
Worker 2 assigned to Station 1, capable of 28 units; Deficit = 1
Worker 3 assigned to Station 3, capable of 32 units; Deficit = 3
---------------------------------------------------------------------
Station 1 practically produces 28 units
Station 2 practically produces 28 units
Station 3 practically produces 28 units
------------------- Minimizing Standard Deviation --------------------
Total Minimum cost = 348
Worker 1 assigned to Station 2, capable of 28 units; Deficit = 120
Worker 2 assigned to Station 1, capable of 28 units; Deficit = 120
Worker 3 assigned to Station 3, capable of 32 units; Deficit = 108
---------------------------------------------------------------------
Station 1 practically produces 28 units
Station 2 practically produces 28 units
Station 3 practically produces 28 units
WIP Inventory [0, 0, 0]
---------------------------------------------------------------------
Graph building time: 0.00028s
Solving time: 0.00025s
Total time: 0.00053s
======================================================================


Updated Skill Levels:--------------------------------------------------
worker ID: 1 Skill Levels: [3, 28, 3]
worker ID: 2 Skill Levels: [28, 3, 3]
worker ID: 3 Skill Levels: [3, 3, 32]
================== Solving for Time Step 41 ==========================
Graph Info:-----------------------------------------------------------
Worker IDs : [1, 2, 3]
Station IDs : [4, 5, 6]
Start Nodes: [0, 0, 0, 1, 1, 1, 2, 2, 2, 3, 3, 3, 4, 5, 6]
End Nodes: [1, 2, 3, 4, 5, 6, 4, 5, 6, 4, 5, 6, 7, 7, 7]
Capacities: [1, 1, 1, 1, 1, 1, 1, 1, 1, 1, 1, 1, 1, 1, 1]
Costs: [0, 0, 0, 30, 5, 30, 5, 30, 30, 30, 30, 1, 0, 0, 0]
Supplies: [3, 0, 0, 0, 0, 0, 0, -3]
------------------- Minimizing Lost Sales ----------------------------
Total Minimum cost = 11
Worker 1 assigned to Station 2, capable of 28 units; Deficit = 5
Worker 2 assigned to Station 1, capable of 28 units; Deficit = 5
Worker 3 assigned to Station 3, capable of 32 units; Deficit = 1
---------------------------------------------------------------------
Station 1 practically produces 28 units
Station 2 practically produces 28 units
Station 3 practically produces 28 units
------------------- Minimizing Standard Deviation --------------------
Total Minimum cost = 337
Worker 1 assigned to Station 2, capable of 28 units; Deficit = 115
Worker 2 assigned to Station 1, capable of 28 units; Deficit = 115
Worker 3 assigned to Station 3, capable of 32 units; Deficit = 107
---------------------------------------------------------------------
Station 1 practically produces 28 units
Station 2 practically produces 28 units
Station 3 practically produces 28 units
WIP Inventory [0, 0, 0]
---------------------------------------------------------------------
Graph building time: 0.00028s
Solving time: 0.00024s
Total time: 0.00051s
======================================================================


Updated Skill Levels:--------------------------------------------------
worker ID: 1 Skill Levels: [3, 28, 3]
worker ID: 2 Skill Levels: [28, 3, 3]
worker ID: 3 Skill Levels: [3, 3, 32]
================== Solving for Time Step 42 ==========================
Graph Info:-----------------------------------------------------------
Worker IDs : [1, 2, 3]
Station IDs : [4, 5, 6]
Start Nodes: [0, 0, 0, 1, 1, 1, 2, 2, 2, 3, 3, 3, 4, 5, 6]
End Nodes: [1, 2, 3, 4, 5, 6, 4, 5, 6, 4, 5, 6, 7, 7, 7]
Capacities: [1, 1, 1, 1, 1, 1, 1, 1, 1, 1, 1, 1, 1, 1, 1]
Costs: [0, 0, 0, 24, 1, 24, 1, 24, 24, 24, 24, 5, 0, 0, 0]
Supplies: [3, 0, 0, 0, 0, 0, 0, -3]
------------------- Minimizing Lost Sales ----------------------------
Total Minimum cost = 7
Worker 1 assigned to Station 2, capable of 28 units; Deficit = 1
Worker 2 assigned to Station 1, capable of 28 units; Deficit = 1
Worker 3 assigned to Station 3, capable of 32 units; Deficit = 5
---------------------------------------------------------------------
Station 1 practically produces 28 units
Station 2 practically produces 28 units
Station 3 practically produces 28 units
------------------- Minimizing Standard Deviation --------------------
Total Minimum cost = 330
Worker 1 assigned to Station 2, capable of 28 units; Deficit = 114
Worker 2 assigned to Station 1, capable of 28 units; Deficit = 114
Worker 3 assigned to Station 3, capable of 32 units; Deficit = 102
---------------------------------------------------------------------
Station 1 practically produces 28 units
Station 2 practically produces 28 units
Station 3 practically produces 28 units
WIP Inventory [0, 0, 0]
---------------------------------------------------------------------
Graph building time: 0.00027s
Solving time: 0.00024s
Total time: 0.00051s
======================================================================


Updated Skill Levels:--------------------------------------------------
worker ID: 1 Skill Levels: [3, 28, 3]
worker ID: 2 Skill Levels: [28, 3, 3]
worker ID: 3 Skill Levels: [3, 3, 32]
================== Solving for Time Step 43 ==========================
Graph Info:-----------------------------------------------------------
Worker IDs : [1, 2, 3]
Station IDs : [4, 5, 6]
Start Nodes: [0, 0, 0, 1, 1, 1, 2, 2, 2, 3, 3, 3, 4, 5, 6]
End Nodes: [1, 2, 3, 4, 5, 6, 4, 5, 6, 4, 5, 6, 7, 7, 7]
Capacities: [1, 1, 1, 1, 1, 1, 1, 1, 1, 1, 1, 1, 1, 1, 1]
Costs: [0, 0, 0, 23, 2, 23, 2, 23, 23, 23, 23, 6, 0, 0, 0]
Supplies: [3, 0, 0, 0, 0, 0, 0, -3]
------------------- Minimizing Lost Sales ----------------------------
Total Minimum cost = 10
Worker 1 assigned to Station 2, capable of 28 units; Deficit = 2
Worker 2 assigned to Station 1, capable of 28 units; Deficit = 2
Worker 3 assigned to Station 3, capable of 32 units; Deficit = 6
---------------------------------------------------------------------
Station 1 practically produces 28 units
Station 2 practically produces 28 units
Station 3 practically produces 28 units
------------------- Minimizing Standard Deviation --------------------
Total Minimum cost = 320
Worker 1 assigned to Station 2, capable of 28 units; Deficit = 112
Worker 2 assigned to Station 1, capable of 28 units; Deficit = 112
Worker 3 assigned to Station 3, capable of 32 units; Deficit = 96
---------------------------------------------------------------------
Station 1 practically produces 28 units
Station 2 practically produces 28 units
Station 3 practically produces 28 units
WIP Inventory [0, 0, 0]
---------------------------------------------------------------------
Graph building time: 0.00027s
Solving time: 0.00025s
Total time: 0.00052s
======================================================================


Updated Skill Levels:--------------------------------------------------
worker ID: 1 Skill Levels: [3, 28, 3]
worker ID: 2 Skill Levels: [28, 3, 3]
worker ID: 3 Skill Levels: [3, 3, 32]
================== Solving for Time Step 44 ==========================
Graph Info:-----------------------------------------------------------
Worker IDs : [1, 2, 3]
Station IDs : [4, 5, 6]
Start Nodes: [0, 0, 0, 1, 1, 1, 2, 2, 2, 3, 3, 3, 4, 5, 6]
End Nodes: [1, 2, 3, 4, 5, 6, 4, 5, 6, 4, 5, 6, 7, 7, 7]
Capacities: [1, 1, 1, 1, 1, 1, 1, 1, 1, 1, 1, 1, 1, 1, 1]
Costs: [0, 0, 0, 16, 9, 16, 9, 16, 16, 16, 16, 13, 0, 0, 0]
Supplies: [3, 0, 0, 0, 0, 0, 0, -3]
------------------- Minimizing Lost Sales ----------------------------
Total Minimum cost = 31
Worker 1 assigned to Station 2, capable of 28 units; Deficit = 9
Worker 2 assigned to Station 1, capable of 28 units; Deficit = 9
Worker 3 assigned to Station 3, capable of 32 units; Deficit = 13
---------------------------------------------------------------------
Station 1 practically produces 28 units
Station 2 practically produces 28 units
Station 3 practically produces 28 units
------------------- Minimizing Standard Deviation --------------------
Total Minimum cost = 289
Worker 1 assigned to Station 2, capable of 28 units; Deficit = 103
Worker 2 assigned to Station 1, capable of 28 units; Deficit = 103
Worker 3 assigned to Station 3, capable of 32 units; Deficit = 83
---------------------------------------------------------------------
Station 1 practically produces 28 units
Station 2 practically produces 28 units
Station 3 practically produces 28 units
WIP Inventory [0, 0, 0]
---------------------------------------------------------------------
Graph building time: 0.00027s
Solving time: 0.00024s
Total time: 0.00051s
======================================================================


Updated Skill Levels:--------------------------------------------------
worker ID: 1 Skill Levels: [3, 28, 3]
worker ID: 2 Skill Levels: [28, 3, 3]
worker ID: 3 Skill Levels: [3, 3, 32]
================== Solving for Time Step 45 ==========================
Graph Info:-----------------------------------------------------------
Worker IDs : [1, 2, 3]
Station IDs : [4, 5, 6]
Start Nodes: [0, 0, 0, 1, 1, 1, 2, 2, 2, 3, 3, 3, 4, 5, 6]
End Nodes: [1, 2, 3, 4, 5, 6, 4, 5, 6, 4, 5, 6, 7, 7, 7]
Capacities: [1, 1, 1, 1, 1, 1, 1, 1, 1, 1, 1, 1, 1, 1, 1]
Costs: [0, 0, 0, 23, 2, 23, 2, 23, 23, 23, 23, 6, 0, 0, 0]
Supplies: [3, 0, 0, 0, 0, 0, 0, -3]
------------------- Minimizing Lost Sales ----------------------------
Total Minimum cost = 10
Worker 1 assigned to Station 2, capable of 28 units; Deficit = 2
Worker 2 assigned to Station 1, capable of 28 units; Deficit = 2
Worker 3 assigned to Station 3, capable of 32 units; Deficit = 6
---------------------------------------------------------------------
Station 1 practically produces 28 units
Station 2 practically produces 28 units
Station 3 practically produces 28 units
------------------- Minimizing Standard Deviation --------------------
Total Minimum cost = 279
Worker 1 assigned to Station 2, capable of 28 units; Deficit = 101
Worker 2 assigned to Station 1, capable of 28 units; Deficit = 101
Worker 3 assigned to Station 3, capable of 32 units; Deficit = 77
---------------------------------------------------------------------
Station 1 practically produces 28 units
Station 2 practically produces 28 units
Station 3 practically produces 28 units
WIP Inventory [0, 0, 0]
---------------------------------------------------------------------
Graph building time: 0.00026s
Solving time: 0.00024s
Total time: 0.00050s
======================================================================


Updated Skill Levels:--------------------------------------------------
worker ID: 1 Skill Levels: [3, 28, 3]
worker ID: 2 Skill Levels: [28, 3, 3]
worker ID: 3 Skill Levels: [3, 3, 32]
================== Solving for Time Step 46 ==========================
Graph Info:-----------------------------------------------------------
Worker IDs : [1, 2, 3]
Station IDs : [4, 5, 6]
Start Nodes: [0, 0, 0, 1, 1, 1, 2, 2, 2, 3, 3, 3, 4, 5, 6]
End Nodes: [1, 2, 3, 4, 5, 6, 4, 5, 6, 4, 5, 6, 7, 7, 7]
Capacities: [1, 1, 1, 1, 1, 1, 1, 1, 1, 1, 1, 1, 1, 1, 1]
Costs: [0, 0, 0, 41, 16, 41, 16, 41, 41, 41, 41, 12, 0, 0, 0]
Supplies: [3, 0, 0, 0, 0, 0, 0, -3]
------------------- Minimizing Lost Sales ----------------------------
Total Minimum cost = 44
Worker 1 assigned to Station 2, capable of 28 units; Deficit = 16
Worker 2 assigned to Station 1, capable of 28 units; Deficit = 16
Worker 3 assigned to Station 3, capable of 32 units; Deficit = 12
---------------------------------------------------------------------
Station 1 practically produces 28 units
Station 2 practically produces 28 units
Station 3 practically produces 28 units
------------------- Minimizing Standard Deviation --------------------
Total Minimum cost = 235
Worker 1 assigned to Station 2, capable of 28 units; Deficit = 85
Worker 2 assigned to Station 1, capable of 28 units; Deficit = 85
Worker 3 assigned to Station 3, capable of 32 units; Deficit = 65
---------------------------------------------------------------------
Station 1 practically produces 28 units
Station 2 practically produces 28 units
Station 3 practically produces 28 units
WIP Inventory [0, 0, 0]
---------------------------------------------------------------------
Graph building time: 0.00026s
Solving time: 0.00024s
Total time: 0.00050s
======================================================================


Updated Skill Levels:--------------------------------------------------
worker ID: 1 Skill Levels: [3, 28, 3]
worker ID: 2 Skill Levels: [28, 3, 3]
worker ID: 3 Skill Levels: [3, 3, 32]
================== Solving for Time Step 47 ==========================
Graph Info:-----------------------------------------------------------
Worker IDs : [1, 2, 3]
Station IDs : [4, 5, 6]
Start Nodes: [0, 0, 0, 1, 1, 1, 2, 2, 2, 3, 3, 3, 4, 5, 6]
End Nodes: [1, 2, 3, 4, 5, 6, 4, 5, 6, 4, 5, 6, 7, 7, 7]
Capacities: [1, 1, 1, 1, 1, 1, 1, 1, 1, 1, 1, 1, 1, 1, 1]
Costs: [0, 0, 0, 30, 5, 30, 5, 30, 30, 30, 30, 1, 0, 0, 0]
Supplies: [3, 0, 0, 0, 0, 0, 0, -3]
------------------- Minimizing Lost Sales ----------------------------
Total Minimum cost = 11
Worker 1 assigned to Station 2, capable of 28 units; Deficit = 5
Worker 2 assigned to Station 1, capable of 28 units; Deficit = 5
Worker 3 assigned to Station 3, capable of 32 units; Deficit = 1
---------------------------------------------------------------------
Station 1 practically produces 28 units
Station 2 practically produces 28 units
Station 3 practically produces 28 units
------------------- Minimizing Standard Deviation --------------------
Total Minimum cost = 224
Worker 1 assigned to Station 2, capable of 28 units; Deficit = 80
Worker 2 assigned to Station 1, capable of 28 units; Deficit = 80
Worker 3 assigned to Station 3, capable of 32 units; Deficit = 64
---------------------------------------------------------------------
Station 1 practically produces 28 units
Station 2 practically produces 28 units
Station 3 practically produces 28 units
WIP Inventory [0, 0, 0]
---------------------------------------------------------------------
Graph building time: 0.00026s
Solving time: 0.00025s
Total time: 0.00050s
======================================================================


Updated Skill Levels:--------------------------------------------------
worker ID: 1 Skill Levels: [3, 28, 3]
worker ID: 2 Skill Levels: [28, 3, 3]
worker ID: 3 Skill Levels: [3, 3, 32]
================== Solving for Time Step 48 ==========================
Graph Info:-----------------------------------------------------------
Worker IDs : [1, 2, 3]
Station IDs : [4, 5, 6]
Start Nodes: [0, 0, 0, 1, 1, 1, 2, 2, 2, 3, 3, 3, 4, 5, 6]
End Nodes: [1, 2, 3, 4, 5, 6, 4, 5, 6, 4, 5, 6, 7, 7, 7]
Capacities: [1, 1, 1, 1, 1, 1, 1, 1, 1, 1, 1, 1, 1, 1, 1]
Costs: [0, 0, 0, 44, 19, 44, 19, 44, 44, 44, 44, 15, 0, 0, 0]
Supplies: [3, 0, 0, 0, 0, 0, 0, -3]
------------------- Minimizing Lost Sales ----------------------------
Total Minimum cost = 53
Worker 1 assigned to Station 2, capable of 28 units; Deficit = 19
Worker 2 assigned to Station 1, capable of 28 units; Deficit = 19
Worker 3 assigned to Station 3, capable of 32 units; Deficit = 15
---------------------------------------------------------------------
Station 1 practically produces 28 units
Station 2 practically produces 28 units
Station 3 practically produces 28 units
------------------- Minimizing Standard Deviation --------------------
Total Minimum cost = 171
Worker 1 assigned to Station 2, capable of 28 units; Deficit = 61
Worker 2 assigned to Station 1, capable of 28 units; Deficit = 61
Worker 3 assigned to Station 3, capable of 32 units; Deficit = 49
---------------------------------------------------------------------
Station 1 practically produces 28 units
Station 2 practically produces 28 units
Station 3 practically produces 28 units
WIP Inventory [0, 0, 0]
---------------------------------------------------------------------
Graph building time: 0.00025s
Solving time: 0.00024s
Total time: 0.00049s
======================================================================


Updated Skill Levels:--------------------------------------------------
worker ID: 1 Skill Levels: [3, 28, 3]
worker ID: 2 Skill Levels: [28, 3, 3]
worker ID: 3 Skill Levels: [3, 3, 32]
================== Solving for Time Step 49 ==========================
Graph Info:-----------------------------------------------------------
Worker IDs : [1, 2, 3]
Station IDs : [4, 5, 6]
Start Nodes: [0, 0, 0, 1, 1, 1, 2, 2, 2, 3, 3, 3, 4, 5, 6]
End Nodes: [1, 2, 3, 4, 5, 6, 4, 5, 6, 4, 5, 6, 7, 7, 7]
Capacities: [1, 1, 1, 1, 1, 1, 1, 1, 1, 1, 1, 1, 1, 1, 1]
Costs: [0, 0, 0, 34, 9, 34, 9, 34, 34, 34, 34, 5, 0, 0, 0]
Supplies: [3, 0, 0, 0, 0, 0, 0, -3]
------------------- Minimizing Lost Sales ----------------------------
Total Minimum cost = 23
Worker 1 assigned to Station 2, capable of 28 units; Deficit = 9
Worker 2 assigned to Station 1, capable of 28 units; Deficit = 9
Worker 3 assigned to Station 3, capable of 32 units; Deficit = 5
---------------------------------------------------------------------
Station 1 practically produces 28 units
Station 2 practically produces 28 units
Station 3 practically produces 28 units
------------------- Minimizing Standard Deviation --------------------
Total Minimum cost = 148
Worker 1 assigned to Station 2, capable of 28 units; Deficit = 52
Worker 2 assigned to Station 1, capable of 28 units; Deficit = 52
Worker 3 assigned to Station 3, capable of 32 units; Deficit = 44
---------------------------------------------------------------------
Station 1 practically produces 28 units
Station 2 practically produces 28 units
Station 3 practically produces 28 units
WIP Inventory [0, 0, 0]
---------------------------------------------------------------------
Graph building time: 0.00025s
Solving time: 0.00024s
Total time: 0.00049s
======================================================================


Updated Skill Levels:--------------------------------------------------
worker ID: 1 Skill Levels: [3, 28, 3]
worker ID: 2 Skill Levels: [28, 3, 3]
worker ID: 3 Skill Levels: [3, 3, 32]
================== Solving for Time Step 50 ==========================
Graph Info:-----------------------------------------------------------
Worker IDs : [1, 2, 3]
Station IDs : [4, 5, 6]
Start Nodes: [0, 0, 0, 1, 1, 1, 2, 2, 2, 3, 3, 3, 4, 5, 6]
End Nodes: [1, 2, 3, 4, 5, 6, 4, 5, 6, 4, 5, 6, 7, 7, 7]
Capacities: [1, 1, 1, 1, 1, 1, 1, 1, 1, 1, 1, 1, 1, 1, 1]
Costs: [0, 0, 0, 47, 22, 47, 22, 47, 47, 47, 47, 18, 0, 0, 0]
Supplies: [3, 0, 0, 0, 0, 0, 0, -3]
------------------- Minimizing Lost Sales ----------------------------
Total Minimum cost = 62
Worker 1 assigned to Station 2, capable of 28 units; Deficit = 22
Worker 2 assigned to Station 1, capable of 28 units; Deficit = 22
Worker 3 assigned to Station 3, capable of 32 units; Deficit = 18
---------------------------------------------------------------------
Station 1 practically produces 28 units
Station 2 practically produces 28 units
Station 3 practically produces 28 units
------------------- Minimizing Standard Deviation --------------------
Total Minimum cost = 86
Worker 1 assigned to Station 2, capable of 28 units; Deficit = 30
Worker 2 assigned to Station 1, capable of 28 units; Deficit = 30
Worker 3 assigned to Station 3, capable of 32 units; Deficit = 26
---------------------------------------------------------------------
Station 1 practically produces 28 units
Station 2 practically produces 28 units
Station 3 practically produces 28 units
WIP Inventory [0, 0, 0]
---------------------------------------------------------------------
Graph building time: 0.00025s
Solving time: 0.00024s
Total time: 0.00048s
======================================================================


Updated Skill Levels:--------------------------------------------------
worker ID: 1 Skill Levels: [3, 28, 3]
worker ID: 2 Skill Levels: [28, 3, 3]
worker ID: 3 Skill Levels: [3, 3, 32]
================== Solving for Time Step 51 ==========================
Graph Info:-----------------------------------------------------------
Worker IDs : [1, 2, 3]
Station IDs : [4, 5, 6]
Start Nodes: [0, 0, 0, 1, 1, 1, 2, 2, 2, 3, 3, 3, 4, 5, 6]
End Nodes: [1, 2, 3, 4, 5, 6, 4, 5, 6, 4, 5, 6, 7, 7, 7]
Capacities: [1, 1, 1, 1, 1, 1, 1, 1, 1, 1, 1, 1, 1, 1, 1]
Costs: [0, 0, 0, 32, 7, 32, 7, 32, 32, 32, 32, 3, 0, 0, 0]
Supplies: [3, 0, 0, 0, 0, 0, 0, -3]
------------------- Minimizing Lost Sales ----------------------------
Total Minimum cost = 17
Worker 1 assigned to Station 2, capable of 28 units; Deficit = 7
Worker 2 assigned to Station 1, capable of 28 units; Deficit = 7
Worker 3 assigned to Station 3, capable of 32 units; Deficit = 3
---------------------------------------------------------------------
Station 1 practically produces 28 units
Station 2 practically produces 28 units
Station 3 practically produces 28 units
------------------- Minimizing Standard Deviation --------------------
Total Minimum cost = 69
Worker 1 assigned to Station 2, capable of 28 units; Deficit = 23
Worker 2 assigned to Station 1, capable of 28 units; Deficit = 23
Worker 3 assigned to Station 3, capable of 32 units; Deficit = 23
---------------------------------------------------------------------
Station 1 practically produces 28 units
Station 2 practically produces 28 units
Station 3 practically produces 28 units
WIP Inventory [0, 0, 0]
---------------------------------------------------------------------
Graph building time: 0.00024s
Solving time: 0.00024s
Total time: 0.00048s
======================================================================


Updated Skill Levels:--------------------------------------------------
worker ID: 1 Skill Levels: [3, 28, 3]
worker ID: 2 Skill Levels: [28, 3, 3]
worker ID: 3 Skill Levels: [3, 3, 32]
================== Solving for Time Step 52 ==========================
Graph Info:-----------------------------------------------------------
Worker IDs : [1, 2, 3]
Station IDs : [4, 5, 6]
Start Nodes: [0, 0, 0, 1, 1, 1, 2, 2, 2, 3, 3, 3, 4, 5, 6]
End Nodes: [1, 2, 3, 4, 5, 6, 4, 5, 6, 4, 5, 6, 7, 7, 7]
Capacities: [1, 1, 1, 1, 1, 1, 1, 1, 1, 1, 1, 1, 1, 1, 1]
Costs: [0, 0, 0, 48, 23, 48, 23, 48, 48, 48, 48, 19, 0, 0, 0]
Supplies: [3, 0, 0, 0, 0, 0, 0, -3]
------------------- Minimizing Lost Sales ----------------------------
Total Minimum cost = 65
Worker 1 assigned to Station 2, capable of 28 units; Deficit = 23
Worker 2 assigned to Station 1, capable of 28 units; Deficit = 23
Worker 3 assigned to Station 3, capable of 32 units; Deficit = 19
---------------------------------------------------------------------
Station 1 practically produces 28 units
Station 2 practically produces 28 units
Station 3 practically produces 28 units
------------------- Minimizing Standard Deviation --------------------
Total Minimum cost = 4
Worker 1 assigned to Station 2, capable of 28 units; Deficit = 0
Worker 2 assigned to Station 1, capable of 28 units; Deficit = 0
Worker 3 assigned to Station 3, capable of 32 units; Deficit = 4
---------------------------------------------------------------------
Station 1 practically produces 28 units
Station 2 practically produces 28 units
Station 3 practically produces 28 units
WIP Inventory [0, 0, 0]
---------------------------------------------------------------------
Graph building time: 0.00024s
Solving time: 0.00024s
Total time: 0.00047s
======================================================================


Updated Skill Levels:--------------------------------------------------
worker ID: 1 Skill Levels: [3, 28, 3]
worker ID: 2 Skill Levels: [28, 3, 3]
worker ID: 3 Skill Levels: [3, 3, 32]
======================================================================
Total experiment time: 0.02922s
