Experiment Date: 10/09/2019 18:18:39 

Demands: [2, 5, 11, 14, 16, 17, 14, 11, 8, 7, 6, 7, 8, 10, 12, 18, 22, 27, 29, 30, 26, 20, 14, 13, 14, 15, 17, 22, 27, 31, 35, 37, 38, 36, 33, 32, 33, 38, 42, 45, 47, 50, 49, 47, 44, 42, 40, 37, 39, 41, 45, 48]
Initial Skill Levels:--------------------------------------------------
worker ID: 1 Skill Levels: [10, 11, 7]
worker ID: 2 Skill Levels: [10, 6, 8]
worker ID: 3 Skill Levels: [7, 8, 12]
================== Solving for Time Step 1 ==========================
Graph Info:-----------------------------------------------------------
Worker IDs : [1, 2, 3]
Station IDs : [4, 5, 6]
Start Nodes: [0, 0, 0, 1, 1, 1, 2, 2, 2, 3, 3, 3, 4, 5, 6]
End Nodes: [1, 2, 3, 4, 5, 6, 4, 5, 6, 4, 5, 6, 7, 7, 7]
Capacities: [1, 1, 1, 1, 1, 1, 1, 1, 1, 1, 1, 1, 1, 1, 1]
Costs: [0, 0, 0, 8, 9, 5, 8, 4, 6, 5, 6, 10, 0, 0, 0]
Supplies: [3, 0, 0, 0, 0, 0, 0, -3]
------------------- Minimizing Lost Sales ----------------------------
Total Minimum cost = 14
Worker 1 assigned to Station 3, capable of 7 units; Deficit = 5
Worker 2 assigned to Station 2, capable of 6 units; Deficit = 4
Worker 3 assigned to Station 1, capable of 7 units; Deficit = 5
---------------------------------------------------------------------
Station 1 practically produces 7 units
Station 2 practically produces 6 units
Station 3 practically produces 6 units
------------------- Minimizing Standard Deviation --------------------
Total Minimum cost = 2759
Worker 1 assigned to Station 2, capable of 11 units; Deficit = 917
Worker 2 assigned to Station 1, capable of 10 units; Deficit = 939
Worker 3 assigned to Station 3, capable of 12 units; Deficit = 903
---------------------------------------------------------------------
Station 1 practically produces 10 units
Station 2 practically produces 10 units
Station 3 practically produces 10 units
WIP Inventory [0, 0, 0]
---------------------------------------------------------------------
Graph building time: 0.00036s
Solving time: 0.00030s
Total time: 0.00067s
======================================================================


Updated Skill Levels:--------------------------------------------------
worker ID: 1 Skill Levels: [9, 18, 6]
worker ID: 2 Skill Levels: [17, 5, 7]
worker ID: 3 Skill Levels: [6, 7, 20]
================== Solving for Time Step 2 ==========================
Graph Info:-----------------------------------------------------------
Worker IDs : [1, 2, 3]
Station IDs : [4, 5, 6]
Start Nodes: [0, 0, 0, 1, 1, 1, 2, 2, 2, 3, 3, 3, 4, 5, 6]
End Nodes: [1, 2, 3, 4, 5, 6, 4, 5, 6, 4, 5, 6, 7, 7, 7]
Capacities: [1, 1, 1, 1, 1, 1, 1, 1, 1, 1, 1, 1, 1, 1, 1]
Costs: [0, 0, 0, 4, 13, 1, 12, 0, 2, 1, 2, 15, 0, 0, 0]
Supplies: [3, 0, 0, 0, 0, 0, 0, -3]
------------------- Minimizing Lost Sales ----------------------------
Total Minimum cost = 2
Worker 1 assigned to Station 3, capable of 6 units; Deficit = 1
Worker 2 assigned to Station 2, capable of 5 units; Deficit = 0
Worker 3 assigned to Station 1, capable of 6 units; Deficit = 1
---------------------------------------------------------------------
Station 1 practically produces 6 units
Station 2 practically produces 5 units
Station 3 practically produces 5 units
------------------- Minimizing Standard Deviation --------------------
Total Minimum cost = 2782
Worker 1 assigned to Station 2, capable of 18 units; Deficit = 917
Worker 2 assigned to Station 1, capable of 17 units; Deficit = 894
Worker 3 assigned to Station 3, capable of 20 units; Deficit = 971
---------------------------------------------------------------------
Station 1 practically produces 17 units
Station 2 practically produces 17 units
Station 3 practically produces 17 units
WIP Inventory [0, 0, 0]
---------------------------------------------------------------------
Graph building time: 0.00035s
Solving time: 0.00024s
Total time: 0.00059s
======================================================================


Updated Skill Levels:--------------------------------------------------
worker ID: 1 Skill Levels: [8, 23, 5]
worker ID: 2 Skill Levels: [22, 4, 6]
worker ID: 3 Skill Levels: [5, 6, 25]
================== Solving for Time Step 3 ==========================
Graph Info:-----------------------------------------------------------
Worker IDs : [1, 2, 3]
Station IDs : [4, 5, 6]
Start Nodes: [0, 0, 0, 1, 1, 1, 2, 2, 2, 3, 3, 3, 4, 5, 6]
End Nodes: [1, 2, 3, 4, 5, 6, 4, 5, 6, 4, 5, 6, 7, 7, 7]
Capacities: [1, 1, 1, 1, 1, 1, 1, 1, 1, 1, 1, 1, 1, 1, 1]
Costs: [0, 0, 0, 3, 12, 6, 11, 7, 5, 6, 5, 14, 0, 0, 0]
Supplies: [3, 0, 0, 0, 0, 0, 0, -3]
------------------- Minimizing Lost Sales ----------------------------
Total Minimum cost = 13
Worker 1 assigned to Station 1, capable of 8 units; Deficit = 3
Worker 2 assigned to Station 3, capable of 6 units; Deficit = 5
Worker 3 assigned to Station 2, capable of 6 units; Deficit = 5
---------------------------------------------------------------------
Station 1 practically produces 8 units
Station 2 practically produces 6 units
Station 3 practically produces 6 units
------------------- Minimizing Standard Deviation --------------------
Total Minimum cost = 3098
Worker 1 assigned to Station 1, capable of 8 units; Deficit = 978
Worker 2 assigned to Station 3, capable of 6 units; Deficit = 1060
Worker 3 assigned to Station 2, capable of 6 units; Deficit = 1060
---------------------------------------------------------------------
Station 1 practically produces 8 units
Station 2 practically produces 6 units
Station 3 practically produces 6 units
WIP Inventory [0, 2, 0]
---------------------------------------------------------------------
Graph building time: 0.00033s
Solving time: 0.00025s
Total time: 0.00058s
======================================================================


Updated Skill Levels:--------------------------------------------------
worker ID: 1 Skill Levels: [17, 21, 5]
worker ID: 2 Skill Levels: [20, 4, 17]
worker ID: 3 Skill Levels: [4, 14, 22]
================== Solving for Time Step 4 ==========================
Graph Info:-----------------------------------------------------------
Worker IDs : [1, 2, 3]
Station IDs : [4, 5, 6]
Start Nodes: [0, 0, 0, 1, 1, 1, 2, 2, 2, 3, 3, 3, 4, 5, 6]
End Nodes: [1, 2, 3, 4, 5, 6, 4, 5, 6, 4, 5, 6, 7, 7, 7]
Capacities: [1, 1, 1, 1, 1, 1, 1, 1, 1, 1, 1, 1, 1, 1, 1]
Costs: [0, 0, 0, 3, 7, 9, 6, 10, 3, 10, 0, 8, 0, 0, 0]
Supplies: [3, 0, 0, 0, 0, 0, 0, -3]
------------------- Minimizing Lost Sales ----------------------------
Total Minimum cost = 6
Worker 1 assigned to Station 1, capable of 17 units; Deficit = 3
Worker 2 assigned to Station 3, capable of 17 units; Deficit = 3
Worker 3 assigned to Station 2, capable of 14 units; Deficit = 0
---------------------------------------------------------------------
Station 1 practically produces 17 units
Station 2 practically produces 14 units
Station 3 practically produces 14 units
------------------- Minimizing Standard Deviation --------------------
Total Minimum cost = 2558
Worker 1 assigned to Station 1, capable of 17 units; Deficit = 857
Worker 2 assigned to Station 3, capable of 17 units; Deficit = 857
Worker 3 assigned to Station 2, capable of 14 units; Deficit = 844
---------------------------------------------------------------------
Station 1 practically produces 17 units
Station 2 practically produces 14 units
Station 3 practically produces 14 units
WIP Inventory [0, 5, 0]
---------------------------------------------------------------------
Graph building time: 0.00032s
Solving time: 0.00024s
Total time: 0.00056s
======================================================================


Updated Skill Levels:--------------------------------------------------
worker ID: 1 Skill Levels: [22, 19, 5]
worker ID: 2 Skill Levels: [18, 4, 23]
worker ID: 3 Skill Levels: [3, 20, 19]
================== Solving for Time Step 5 ==========================
Graph Info:-----------------------------------------------------------
Worker IDs : [1, 2, 3]
Station IDs : [4, 5, 6]
Start Nodes: [0, 0, 0, 1, 1, 1, 2, 2, 2, 3, 3, 3, 4, 5, 6]
End Nodes: [1, 2, 3, 4, 5, 6, 4, 5, 6, 4, 5, 6, 7, 7, 7]
Capacities: [1, 1, 1, 1, 1, 1, 1, 1, 1, 1, 1, 1, 1, 1, 1]
Costs: [0, 0, 0, 6, 3, 11, 2, 12, 7, 13, 4, 3, 0, 0, 0]
Supplies: [3, 0, 0, 0, 0, 0, 0, -3]
------------------- Minimizing Lost Sales ----------------------------
Total Minimum cost = 8
Worker 1 assigned to Station 2, capable of 19 units; Deficit = 3
Worker 2 assigned to Station 1, capable of 18 units; Deficit = 2
Worker 3 assigned to Station 3, capable of 19 units; Deficit = 3
---------------------------------------------------------------------
Station 1 practically produces 18 units
Station 2 practically produces 19 units
Station 3 practically produces 19 units
------------------- Minimizing Standard Deviation --------------------
Total Minimum cost = 2630
Worker 1 assigned to Station 2, capable of 19 units; Deficit = 882
Worker 2 assigned to Station 1, capable of 18 units; Deficit = 866
Worker 3 assigned to Station 3, capable of 19 units; Deficit = 882
---------------------------------------------------------------------
Station 1 practically produces 18 units
Station 2 practically produces 19 units
Station 3 practically produces 19 units
WIP Inventory [0, 4, 0]
---------------------------------------------------------------------
Graph building time: 0.00032s
Solving time: 0.00025s
Total time: 0.00057s
======================================================================


Updated Skill Levels:--------------------------------------------------
worker ID: 1 Skill Levels: [20, 23, 5]
worker ID: 2 Skill Levels: [22, 4, 21]
worker ID: 3 Skill Levels: [3, 17, 24]
================== Solving for Time Step 6 ==========================
Graph Info:-----------------------------------------------------------
Worker IDs : [1, 2, 3]
Station IDs : [4, 5, 6]
Start Nodes: [0, 0, 0, 1, 1, 1, 2, 2, 2, 3, 3, 3, 4, 5, 6]
End Nodes: [1, 2, 3, 4, 5, 6, 4, 5, 6, 4, 5, 6, 7, 7, 7]
Capacities: [1, 1, 1, 1, 1, 1, 1, 1, 1, 1, 1, 1, 1, 1, 1]
Costs: [0, 0, 0, 3, 6, 12, 5, 13, 4, 14, 0, 7, 0, 0, 0]
Supplies: [3, 0, 0, 0, 0, 0, 0, -3]
------------------- Minimizing Lost Sales ----------------------------
Total Minimum cost = 7
Worker 1 assigned to Station 1, capable of 20 units; Deficit = 3
Worker 2 assigned to Station 3, capable of 21 units; Deficit = 4
Worker 3 assigned to Station 2, capable of 17 units; Deficit = 0
---------------------------------------------------------------------
Station 1 practically produces 20 units
Station 2 practically produces 17 units
Station 3 practically produces 17 units
------------------- Minimizing Standard Deviation --------------------
Total Minimum cost = 2656
Worker 1 assigned to Station 1, capable of 20 units; Deficit = 892
Worker 2 assigned to Station 3, capable of 21 units; Deficit = 911
Worker 3 assigned to Station 2, capable of 17 units; Deficit = 853
---------------------------------------------------------------------
Station 1 practically produces 20 units
Station 2 practically produces 17 units
Station 3 practically produces 17 units
WIP Inventory [0, 7, 0]
---------------------------------------------------------------------
Graph building time: 0.00035s
Solving time: 0.00024s
Total time: 0.00059s
======================================================================


Updated Skill Levels:--------------------------------------------------
worker ID: 1 Skill Levels: [24, 21, 5]
worker ID: 2 Skill Levels: [20, 4, 26]
worker ID: 3 Skill Levels: [3, 22, 21]
================== Solving for Time Step 7 ==========================
Graph Info:-----------------------------------------------------------
Worker IDs : [1, 2, 3]
Station IDs : [4, 5, 6]
Start Nodes: [0, 0, 0, 1, 1, 1, 2, 2, 2, 3, 3, 3, 4, 5, 6]
End Nodes: [1, 2, 3, 4, 5, 6, 4, 5, 6, 4, 5, 6, 7, 7, 7]
Capacities: [1, 1, 1, 1, 1, 1, 1, 1, 1, 1, 1, 1, 1, 1, 1]
Costs: [0, 0, 0, 10, 7, 9, 6, 10, 12, 11, 8, 7, 0, 0, 0]
Supplies: [3, 0, 0, 0, 0, 0, 0, -3]
------------------- Minimizing Lost Sales ----------------------------
Total Minimum cost = 20
Worker 1 assigned to Station 2, capable of 21 units; Deficit = 7
Worker 2 assigned to Station 1, capable of 20 units; Deficit = 6
Worker 3 assigned to Station 3, capable of 21 units; Deficit = 7
---------------------------------------------------------------------
Station 1 practically produces 20 units
Station 2 practically produces 21 units
Station 3 practically produces 21 units
------------------- Minimizing Standard Deviation --------------------
Total Minimum cost = 2647
Worker 1 assigned to Station 2, capable of 21 units; Deficit = 887
Worker 2 assigned to Station 1, capable of 20 units; Deficit = 873
Worker 3 assigned to Station 3, capable of 21 units; Deficit = 887
---------------------------------------------------------------------
Station 1 practically produces 20 units
Station 2 practically produces 21 units
Station 3 practically produces 21 units
WIP Inventory [0, 6, 0]
---------------------------------------------------------------------
Graph building time: 0.00031s
Solving time: 0.00024s
Total time: 0.00055s
======================================================================


Updated Skill Levels:--------------------------------------------------
worker ID: 1 Skill Levels: [22, 25, 5]
worker ID: 2 Skill Levels: [24, 4, 23]
worker ID: 3 Skill Levels: [3, 19, 26]
================== Solving for Time Step 8 ==========================
Graph Info:-----------------------------------------------------------
Worker IDs : [1, 2, 3]
Station IDs : [4, 5, 6]
Start Nodes: [0, 0, 0, 1, 1, 1, 2, 2, 2, 3, 3, 3, 4, 5, 6]
End Nodes: [1, 2, 3, 4, 5, 6, 4, 5, 6, 4, 5, 6, 7, 7, 7]
Capacities: [1, 1, 1, 1, 1, 1, 1, 1, 1, 1, 1, 1, 1, 1, 1]
Costs: [0, 0, 0, 11, 14, 6, 13, 7, 12, 8, 8, 15, 0, 0, 0]
Supplies: [3, 0, 0, 0, 0, 0, 0, -3]
------------------- Minimizing Lost Sales ----------------------------
Total Minimum cost = 21
Worker 1 assigned to Station 3, capable of 5 units; Deficit = 6
Worker 2 assigned to Station 2, capable of 4 units; Deficit = 7
Worker 3 assigned to Station 1, capable of 3 units; Deficit = 8
---------------------------------------------------------------------
Station 1 practically produces 3 units
Station 2 practically produces 4 units
Station 3 practically produces 4 units
------------------- Minimizing Standard Deviation --------------------
Total Minimum cost = 2647
Worker 1 assigned to Station 1, capable of 22 units; Deficit = 887
Worker 2 assigned to Station 3, capable of 23 units; Deficit = 908
Worker 3 assigned to Station 2, capable of 19 units; Deficit = 852
---------------------------------------------------------------------
Station 1 practically produces 22 units
Station 2 practically produces 19 units
Station 3 practically produces 19 units
WIP Inventory [0, 9, 0]
---------------------------------------------------------------------
Graph building time: 0.00031s
Solving time: 0.00024s
Total time: 0.00055s
======================================================================


Updated Skill Levels:--------------------------------------------------
worker ID: 1 Skill Levels: [25, 23, 5]
worker ID: 2 Skill Levels: [21, 4, 27]
worker ID: 3 Skill Levels: [3, 23, 23]
================== Solving for Time Step 9 ==========================
Graph Info:-----------------------------------------------------------
Worker IDs : [1, 2, 3]
Station IDs : [4, 5, 6]
Start Nodes: [0, 0, 0, 1, 1, 1, 2, 2, 2, 3, 3, 3, 4, 5, 6]
End Nodes: [1, 2, 3, 4, 5, 6, 4, 5, 6, 4, 5, 6, 7, 7, 7]
Capacities: [1, 1, 1, 1, 1, 1, 1, 1, 1, 1, 1, 1, 1, 1, 1]
Costs: [0, 0, 0, 17, 15, 3, 13, 4, 19, 5, 15, 15, 0, 0, 0]
Supplies: [3, 0, 0, 0, 0, 0, 0, -3]
------------------- Minimizing Lost Sales ----------------------------
Total Minimum cost = 12
Worker 1 assigned to Station 3, capable of 5 units; Deficit = 3
Worker 2 assigned to Station 2, capable of 4 units; Deficit = 4
Worker 3 assigned to Station 1, capable of 3 units; Deficit = 5
---------------------------------------------------------------------
Station 1 practically produces 3 units
Station 2 practically produces 4 units
Station 3 practically produces 4 units
------------------- Minimizing Standard Deviation --------------------
Total Minimum cost = 2561
Worker 1 assigned to Station 2, capable of 23 units; Deficit = 863
Worker 2 assigned to Station 1, capable of 21 units; Deficit = 835
Worker 3 assigned to Station 3, capable of 23 units; Deficit = 863
---------------------------------------------------------------------
Station 1 practically produces 21 units
Station 2 practically produces 23 units
Station 3 practically produces 23 units
WIP Inventory [0, 7, 0]
---------------------------------------------------------------------
Graph building time: 0.00030s
Solving time: 0.00029s
Total time: 0.00059s
======================================================================


Updated Skill Levels:--------------------------------------------------
worker ID: 1 Skill Levels: [23, 26, 5]
worker ID: 2 Skill Levels: [24, 4, 24]
worker ID: 3 Skill Levels: [3, 20, 27]
================== Solving for Time Step 10 ==========================
Graph Info:-----------------------------------------------------------
Worker IDs : [1, 2, 3]
Station IDs : [4, 5, 6]
Start Nodes: [0, 0, 0, 1, 1, 1, 2, 2, 2, 3, 3, 3, 4, 5, 6]
End Nodes: [1, 2, 3, 4, 5, 6, 4, 5, 6, 4, 5, 6, 7, 7, 7]
Capacities: [1, 1, 1, 1, 1, 1, 1, 1, 1, 1, 1, 1, 1, 1, 1]
Costs: [0, 0, 0, 16, 19, 2, 17, 3, 17, 4, 13, 20, 0, 0, 0]
Supplies: [3, 0, 0, 0, 0, 0, 0, -3]
------------------- Minimizing Lost Sales ----------------------------
Total Minimum cost = 9
Worker 1 assigned to Station 3, capable of 5 units; Deficit = 2
Worker 2 assigned to Station 2, capable of 4 units; Deficit = 3
Worker 3 assigned to Station 1, capable of 3 units; Deficit = 4
---------------------------------------------------------------------
Station 1 practically produces 3 units
Station 2 practically produces 4 units
Station 3 practically produces 4 units
------------------- Minimizing Standard Deviation --------------------
Total Minimum cost = 2431
Worker 1 assigned to Station 1, capable of 23 units; Deficit = 815
Worker 2 assigned to Station 3, capable of 24 units; Deficit = 830
Worker 3 assigned to Station 2, capable of 20 units; Deficit = 786
---------------------------------------------------------------------
Station 1 practically produces 23 units
Station 2 practically produces 20 units
Station 3 practically produces 20 units
WIP Inventory [0, 10, 0]
---------------------------------------------------------------------
Graph building time: 0.00030s
Solving time: 0.00024s
Total time: 0.00054s
======================================================================


Updated Skill Levels:--------------------------------------------------
worker ID: 1 Skill Levels: [26, 24, 5]
worker ID: 2 Skill Levels: [21, 4, 28]
worker ID: 3 Skill Levels: [3, 24, 24]
================== Solving for Time Step 11 ==========================
Graph Info:-----------------------------------------------------------
Worker IDs : [1, 2, 3]
Station IDs : [4, 5, 6]
Start Nodes: [0, 0, 0, 1, 1, 1, 2, 2, 2, 3, 3, 3, 4, 5, 6]
End Nodes: [1, 2, 3, 4, 5, 6, 4, 5, 6, 4, 5, 6, 7, 7, 7]
Capacities: [1, 1, 1, 1, 1, 1, 1, 1, 1, 1, 1, 1, 1, 1, 1]
Costs: [0, 0, 0, 20, 18, 1, 15, 2, 22, 3, 18, 18, 0, 0, 0]
Supplies: [3, 0, 0, 0, 0, 0, 0, -3]
------------------- Minimizing Lost Sales ----------------------------
Total Minimum cost = 6
Worker 1 assigned to Station 3, capable of 5 units; Deficit = 1
Worker 2 assigned to Station 2, capable of 4 units; Deficit = 2
Worker 3 assigned to Station 1, capable of 3 units; Deficit = 3
---------------------------------------------------------------------
Station 1 practically produces 3 units
Station 2 practically produces 4 units
Station 3 practically produces 4 units
------------------- Minimizing Standard Deviation --------------------
Total Minimum cost = 2300
Worker 1 assigned to Station 2, capable of 24 units; Deficit = 776
Worker 2 assigned to Station 1, capable of 21 units; Deficit = 748
Worker 3 assigned to Station 3, capable of 24 units; Deficit = 776
---------------------------------------------------------------------
Station 1 practically produces 21 units
Station 2 practically produces 24 units
Station 3 practically produces 24 units
WIP Inventory [0, 7, 0]
---------------------------------------------------------------------
Graph building time: 0.00031s
Solving time: 0.00024s
Total time: 0.00055s
======================================================================


Updated Skill Levels:--------------------------------------------------
worker ID: 1 Skill Levels: [24, 26, 5]
worker ID: 2 Skill Levels: [24, 4, 25]
worker ID: 3 Skill Levels: [3, 21, 28]
================== Solving for Time Step 12 ==========================
Graph Info:-----------------------------------------------------------
Worker IDs : [1, 2, 3]
Station IDs : [4, 5, 6]
Start Nodes: [0, 0, 0, 1, 1, 1, 2, 2, 2, 3, 3, 3, 4, 5, 6]
End Nodes: [1, 2, 3, 4, 5, 6, 4, 5, 6, 4, 5, 6, 7, 7, 7]
Capacities: [1, 1, 1, 1, 1, 1, 1, 1, 1, 1, 1, 1, 1, 1, 1]
Costs: [0, 0, 0, 17, 19, 2, 17, 3, 18, 4, 14, 21, 0, 0, 0]
Supplies: [3, 0, 0, 0, 0, 0, 0, -3]
------------------- Minimizing Lost Sales ----------------------------
Total Minimum cost = 9
Worker 1 assigned to Station 3, capable of 5 units; Deficit = 2
Worker 2 assigned to Station 2, capable of 4 units; Deficit = 3
Worker 3 assigned to Station 1, capable of 3 units; Deficit = 4
---------------------------------------------------------------------
Station 1 practically produces 3 units
Station 2 practically produces 4 units
Station 3 practically produces 4 units
------------------- Minimizing Standard Deviation --------------------
Total Minimum cost = 2165
Worker 1 assigned to Station 1, capable of 24 units; Deficit = 725
Worker 2 assigned to Station 3, capable of 25 units; Deficit = 734
Worker 3 assigned to Station 2, capable of 21 units; Deficit = 706
---------------------------------------------------------------------
Station 1 practically produces 24 units
Station 2 practically produces 21 units
Station 3 practically produces 21 units
WIP Inventory [0, 10, 0]
---------------------------------------------------------------------
Graph building time: 0.00030s
Solving time: 0.00024s
Total time: 0.00054s
======================================================================


Updated Skill Levels:--------------------------------------------------
worker ID: 1 Skill Levels: [26, 24, 5]
worker ID: 2 Skill Levels: [21, 4, 28]
worker ID: 3 Skill Levels: [3, 24, 24]
================== Solving for Time Step 13 ==========================
Graph Info:-----------------------------------------------------------
Worker IDs : [1, 2, 3]
Station IDs : [4, 5, 6]
Start Nodes: [0, 0, 0, 1, 1, 1, 2, 2, 2, 3, 3, 3, 4, 5, 6]
End Nodes: [1, 2, 3, 4, 5, 6, 4, 5, 6, 4, 5, 6, 7, 7, 7]
Capacities: [1, 1, 1, 1, 1, 1, 1, 1, 1, 1, 1, 1, 1, 1, 1]
Costs: [0, 0, 0, 18, 16, 3, 13, 4, 20, 5, 16, 16, 0, 0, 0]
Supplies: [3, 0, 0, 0, 0, 0, 0, -3]
------------------- Minimizing Lost Sales ----------------------------
Total Minimum cost = 12
Worker 1 assigned to Station 3, capable of 5 units; Deficit = 3
Worker 2 assigned to Station 2, capable of 4 units; Deficit = 4
Worker 3 assigned to Station 1, capable of 3 units; Deficit = 5
---------------------------------------------------------------------
Station 1 practically produces 3 units
Station 2 practically produces 4 units
Station 3 practically produces 4 units
------------------- Minimizing Standard Deviation --------------------
Total Minimum cost = 2021
Worker 1 assigned to Station 2, capable of 24 units; Deficit = 677
Worker 2 assigned to Station 1, capable of 21 units; Deficit = 667
Worker 3 assigned to Station 3, capable of 24 units; Deficit = 677
---------------------------------------------------------------------
Station 1 practically produces 21 units
Station 2 practically produces 24 units
Station 3 practically produces 24 units
WIP Inventory [0, 7, 0]
---------------------------------------------------------------------
Graph building time: 0.00030s
Solving time: 0.00024s
Total time: 0.00054s
======================================================================


Updated Skill Levels:--------------------------------------------------
worker ID: 1 Skill Levels: [24, 26, 5]
worker ID: 2 Skill Levels: [24, 4, 25]
worker ID: 3 Skill Levels: [3, 21, 28]
================== Solving for Time Step 14 ==========================
Graph Info:-----------------------------------------------------------
Worker IDs : [1, 2, 3]
Station IDs : [4, 5, 6]
Start Nodes: [0, 0, 0, 1, 1, 1, 2, 2, 2, 3, 3, 3, 4, 5, 6]
End Nodes: [1, 2, 3, 4, 5, 6, 4, 5, 6, 4, 5, 6, 7, 7, 7]
Capacities: [1, 1, 1, 1, 1, 1, 1, 1, 1, 1, 1, 1, 1, 1, 1]
Costs: [0, 0, 0, 14, 16, 5, 14, 6, 15, 7, 11, 18, 0, 0, 0]
Supplies: [3, 0, 0, 0, 0, 0, 0, -3]
------------------- Minimizing Lost Sales ----------------------------
Total Minimum cost = 18
Worker 1 assigned to Station 3, capable of 5 units; Deficit = 5
Worker 2 assigned to Station 2, capable of 4 units; Deficit = 6
Worker 3 assigned to Station 1, capable of 3 units; Deficit = 7
---------------------------------------------------------------------
Station 1 practically produces 3 units
Station 2 practically produces 4 units
Station 3 practically produces 4 units
------------------- Minimizing Standard Deviation --------------------
Total Minimum cost = 1907
Worker 1 assigned to Station 1, capable of 24 units; Deficit = 635
Worker 2 assigned to Station 3, capable of 25 units; Deficit = 638
Worker 3 assigned to Station 2, capable of 21 units; Deficit = 634
---------------------------------------------------------------------
Station 1 practically produces 24 units
Station 2 practically produces 21 units
Station 3 practically produces 21 units
WIP Inventory [0, 10, 0]
---------------------------------------------------------------------
Graph building time: 0.00029s
Solving time: 0.00025s
Total time: 0.00054s
======================================================================


Updated Skill Levels:--------------------------------------------------
worker ID: 1 Skill Levels: [26, 24, 5]
worker ID: 2 Skill Levels: [21, 4, 28]
worker ID: 3 Skill Levels: [3, 24, 24]
================== Solving for Time Step 15 ==========================
Graph Info:-----------------------------------------------------------
Worker IDs : [1, 2, 3]
Station IDs : [4, 5, 6]
Start Nodes: [0, 0, 0, 1, 1, 1, 2, 2, 2, 3, 3, 3, 4, 5, 6]
End Nodes: [1, 2, 3, 4, 5, 6, 4, 5, 6, 4, 5, 6, 7, 7, 7]
Capacities: [1, 1, 1, 1, 1, 1, 1, 1, 1, 1, 1, 1, 1, 1, 1]
Costs: [0, 0, 0, 14, 12, 7, 9, 8, 16, 9, 12, 12, 0, 0, 0]
Supplies: [3, 0, 0, 0, 0, 0, 0, -3]
------------------- Minimizing Lost Sales ----------------------------
Total Minimum cost = 24
Worker 1 assigned to Station 3, capable of 5 units; Deficit = 7
Worker 2 assigned to Station 2, capable of 4 units; Deficit = 8
Worker 3 assigned to Station 1, capable of 3 units; Deficit = 9
---------------------------------------------------------------------
Station 1 practically produces 3 units
Station 2 practically produces 4 units
Station 3 practically produces 4 units
------------------- Minimizing Standard Deviation --------------------
Total Minimum cost = 1805
Worker 1 assigned to Station 2, capable of 24 units; Deficit = 599
Worker 2 assigned to Station 1, capable of 21 units; Deficit = 607
Worker 3 assigned to Station 3, capable of 24 units; Deficit = 599
---------------------------------------------------------------------
Station 1 practically produces 21 units
Station 2 practically produces 24 units
Station 3 practically produces 24 units
WIP Inventory [0, 7, 0]
---------------------------------------------------------------------
Graph building time: 0.00034s
Solving time: 0.00026s
Total time: 0.00060s
======================================================================


Updated Skill Levels:--------------------------------------------------
worker ID: 1 Skill Levels: [24, 26, 5]
worker ID: 2 Skill Levels: [24, 4, 25]
worker ID: 3 Skill Levels: [3, 21, 28]
================== Solving for Time Step 16 ==========================
Graph Info:-----------------------------------------------------------
Worker IDs : [1, 2, 3]
Station IDs : [4, 5, 6]
Start Nodes: [0, 0, 0, 1, 1, 1, 2, 2, 2, 3, 3, 3, 4, 5, 6]
End Nodes: [1, 2, 3, 4, 5, 6, 4, 5, 6, 4, 5, 6, 7, 7, 7]
Capacities: [1, 1, 1, 1, 1, 1, 1, 1, 1, 1, 1, 1, 1, 1, 1]
Costs: [0, 0, 0, 6, 8, 13, 6, 14, 7, 15, 3, 10, 0, 0, 0]
Supplies: [3, 0, 0, 0, 0, 0, 0, -3]
------------------- Minimizing Lost Sales ----------------------------
Total Minimum cost = 16
Worker 1 assigned to Station 1, capable of 24 units; Deficit = 6
Worker 2 assigned to Station 3, capable of 25 units; Deficit = 7
Worker 3 assigned to Station 2, capable of 21 units; Deficit = 3
---------------------------------------------------------------------
Station 1 practically produces 24 units
Station 2 practically produces 21 units
Station 3 practically produces 21 units
------------------- Minimizing Standard Deviation --------------------
Total Minimum cost = 1687
Worker 1 assigned to Station 2, capable of 26 units; Deficit = 557
Worker 2 assigned to Station 1, capable of 24 units; Deficit = 563
Worker 3 assigned to Station 3, capable of 28 units; Deficit = 567
---------------------------------------------------------------------
Station 1 practically produces 24 units
Station 2 practically produces 26 units
Station 3 practically produces 26 units
WIP Inventory [0, 5, 0]
---------------------------------------------------------------------
Graph building time: 0.00032s
Solving time: 0.00025s
Total time: 0.00056s
======================================================================


Updated Skill Levels:--------------------------------------------------
worker ID: 1 Skill Levels: [22, 28, 5]
worker ID: 2 Skill Levels: [26, 4, 22]
worker ID: 3 Skill Levels: [3, 18, 30]
================== Solving for Time Step 17 ==========================
Graph Info:-----------------------------------------------------------
Worker IDs : [1, 2, 3]
Station IDs : [4, 5, 6]
Start Nodes: [0, 0, 0, 1, 1, 1, 2, 2, 2, 3, 3, 3, 4, 5, 6]
End Nodes: [1, 2, 3, 4, 5, 6, 4, 5, 6, 4, 5, 6, 7, 7, 7]
Capacities: [1, 1, 1, 1, 1, 1, 1, 1, 1, 1, 1, 1, 1, 1, 1]
Costs: [0, 0, 0, 0, 6, 17, 4, 18, 0, 19, 4, 8, 0, 0, 0]
Supplies: [3, 0, 0, 0, 0, 0, 0, -3]
------------------- Minimizing Lost Sales ----------------------------
Total Minimum cost = 4
Worker 1 assigned to Station 1, capable of 22 units; Deficit = 0
Worker 2 assigned to Station 3, capable of 22 units; Deficit = 0
Worker 3 assigned to Station 2, capable of 18 units; Deficit = 4
---------------------------------------------------------------------
Station 1 practically produces 22 units
Station 2 practically produces 18 units
Station 3 practically produces 18 units
------------------- Minimizing Standard Deviation --------------------
Total Minimum cost = 1668
Worker 1 assigned to Station 2, capable of 28 units; Deficit = 552
Worker 2 assigned to Station 1, capable of 26 units; Deficit = 548
Worker 3 assigned to Station 3, capable of 30 units; Deficit = 568
---------------------------------------------------------------------
Station 1 practically produces 26 units
Station 2 practically produces 28 units
Station 3 practically produces 28 units
WIP Inventory [0, 3, 0]
---------------------------------------------------------------------
Graph building time: 0.00028s
Solving time: 0.00024s
Total time: 0.00052s
======================================================================


Updated Skill Levels:--------------------------------------------------
worker ID: 1 Skill Levels: [20, 29, 5]
worker ID: 2 Skill Levels: [27, 4, 20]
worker ID: 3 Skill Levels: [3, 16, 32]
================== Solving for Time Step 18 ==========================
Graph Info:-----------------------------------------------------------
Worker IDs : [1, 2, 3]
Station IDs : [4, 5, 6]
Start Nodes: [0, 0, 0, 1, 1, 1, 2, 2, 2, 3, 3, 3, 4, 5, 6]
End Nodes: [1, 2, 3, 4, 5, 6, 4, 5, 6, 4, 5, 6, 7, 7, 7]
Capacities: [1, 1, 1, 1, 1, 1, 1, 1, 1, 1, 1, 1, 1, 1, 1]
Costs: [0, 0, 0, 7, 2, 22, 0, 23, 7, 24, 11, 5, 0, 0, 0]
Supplies: [3, 0, 0, 0, 0, 0, 0, -3]
------------------- Minimizing Lost Sales ----------------------------
Total Minimum cost = 7
Worker 1 assigned to Station 2, capable of 29 units; Deficit = 2
Worker 2 assigned to Station 1, capable of 27 units; Deficit = 0
Worker 3 assigned to Station 3, capable of 32 units; Deficit = 5
---------------------------------------------------------------------
Station 1 practically produces 27 units
Station 2 practically produces 29 units
Station 3 practically produces 29 units
------------------- Minimizing Standard Deviation --------------------
Total Minimum cost = 1658
Worker 1 assigned to Station 2, capable of 29 units; Deficit = 543
Worker 2 assigned to Station 1, capable of 27 units; Deficit = 539
Worker 3 assigned to Station 3, capable of 32 units; Deficit = 576
---------------------------------------------------------------------
Station 1 practically produces 27 units
Station 2 practically produces 29 units
Station 3 practically produces 29 units
WIP Inventory [0, 1, 0]
---------------------------------------------------------------------
Graph building time: 0.00028s
Solving time: 0.00024s
Total time: 0.00052s
======================================================================


Updated Skill Levels:--------------------------------------------------
worker ID: 1 Skill Levels: [18, 29, 5]
worker ID: 2 Skill Levels: [28, 4, 18]
worker ID: 3 Skill Levels: [3, 14, 32]
================== Solving for Time Step 19 ==========================
Graph Info:-----------------------------------------------------------
Worker IDs : [1, 2, 3]
Station IDs : [4, 5, 6]
Start Nodes: [0, 0, 0, 1, 1, 1, 2, 2, 2, 3, 3, 3, 4, 5, 6]
End Nodes: [1, 2, 3, 4, 5, 6, 4, 5, 6, 4, 5, 6, 7, 7, 7]
Capacities: [1, 1, 1, 1, 1, 1, 1, 1, 1, 1, 1, 1, 1, 1, 1]
Costs: [0, 0, 0, 11, 0, 24, 1, 25, 11, 26, 15, 3, 0, 0, 0]
Supplies: [3, 0, 0, 0, 0, 0, 0, -3]
------------------- Minimizing Lost Sales ----------------------------
Total Minimum cost = 4
Worker 1 assigned to Station 2, capable of 29 units; Deficit = 0
Worker 2 assigned to Station 1, capable of 28 units; Deficit = 1
Worker 3 assigned to Station 3, capable of 32 units; Deficit = 3
---------------------------------------------------------------------
Station 1 practically produces 28 units
Station 2 practically produces 29 units
Station 3 practically produces 29 units
------------------- Minimizing Standard Deviation --------------------
Total Minimum cost = 1648
Worker 1 assigned to Station 2, capable of 29 units; Deficit = 542
Worker 2 assigned to Station 1, capable of 28 units; Deficit = 540
Worker 3 assigned to Station 3, capable of 32 units; Deficit = 566
---------------------------------------------------------------------
Station 1 practically produces 28 units
Station 2 practically produces 29 units
Station 3 practically produces 29 units
WIP Inventory [0, 0, 0]
---------------------------------------------------------------------
Graph building time: 0.00027s
Solving time: 0.00024s
Total time: 0.00051s
======================================================================


Updated Skill Levels:--------------------------------------------------
worker ID: 1 Skill Levels: [16, 29, 5]
worker ID: 2 Skill Levels: [29, 4, 16]
worker ID: 3 Skill Levels: [3, 12, 32]
================== Solving for Time Step 20 ==========================
Graph Info:-----------------------------------------------------------
Worker IDs : [1, 2, 3]
Station IDs : [4, 5, 6]
Start Nodes: [0, 0, 0, 1, 1, 1, 2, 2, 2, 3, 3, 3, 4, 5, 6]
End Nodes: [1, 2, 3, 4, 5, 6, 4, 5, 6, 4, 5, 6, 7, 7, 7]
Capacities: [1, 1, 1, 1, 1, 1, 1, 1, 1, 1, 1, 1, 1, 1, 1]
Costs: [0, 0, 0, 14, 1, 25, 1, 26, 14, 27, 18, 2, 0, 0, 0]
Supplies: [3, 0, 0, 0, 0, 0, 0, -3]
------------------- Minimizing Lost Sales ----------------------------
Total Minimum cost = 4
Worker 1 assigned to Station 2, capable of 29 units; Deficit = 1
Worker 2 assigned to Station 1, capable of 29 units; Deficit = 1
Worker 3 assigned to Station 3, capable of 32 units; Deficit = 2
---------------------------------------------------------------------
Station 1 practically produces 29 units
Station 2 practically produces 29 units
Station 3 practically produces 29 units
------------------- Minimizing Standard Deviation --------------------
Total Minimum cost = 1642
Worker 1 assigned to Station 2, capable of 29 units; Deficit = 541
Worker 2 assigned to Station 1, capable of 29 units; Deficit = 541
Worker 3 assigned to Station 3, capable of 32 units; Deficit = 560
---------------------------------------------------------------------
Station 1 practically produces 29 units
Station 2 practically produces 29 units
Station 3 practically produces 29 units
WIP Inventory [0, 0, 0]
---------------------------------------------------------------------
Graph building time: 0.00029s
Solving time: 0.00024s
Total time: 0.00053s
======================================================================


Updated Skill Levels:--------------------------------------------------
worker ID: 1 Skill Levels: [15, 29, 5]
worker ID: 2 Skill Levels: [29, 4, 14]
worker ID: 3 Skill Levels: [3, 10, 32]
================== Solving for Time Step 21 ==========================
Graph Info:-----------------------------------------------------------
Worker IDs : [1, 2, 3]
Station IDs : [4, 5, 6]
Start Nodes: [0, 0, 0, 1, 1, 1, 2, 2, 2, 3, 3, 3, 4, 5, 6]
End Nodes: [1, 2, 3, 4, 5, 6, 4, 5, 6, 4, 5, 6, 7, 7, 7]
Capacities: [1, 1, 1, 1, 1, 1, 1, 1, 1, 1, 1, 1, 1, 1, 1]
Costs: [0, 0, 0, 11, 3, 21, 3, 22, 12, 23, 16, 6, 0, 0, 0]
Supplies: [3, 0, 0, 0, 0, 0, 0, -3]
------------------- Minimizing Lost Sales ----------------------------
Total Minimum cost = 12
Worker 1 assigned to Station 2, capable of 29 units; Deficit = 3
Worker 2 assigned to Station 1, capable of 29 units; Deficit = 3
Worker 3 assigned to Station 3, capable of 32 units; Deficit = 6
---------------------------------------------------------------------
Station 1 practically produces 29 units
Station 2 practically produces 29 units
Station 3 practically produces 29 units
------------------- Minimizing Standard Deviation --------------------
Total Minimum cost = 1606
Worker 1 assigned to Station 2, capable of 29 units; Deficit = 532
Worker 2 assigned to Station 1, capable of 29 units; Deficit = 532
Worker 3 assigned to Station 3, capable of 32 units; Deficit = 542
---------------------------------------------------------------------
Station 1 practically produces 29 units
Station 2 practically produces 29 units
Station 3 practically produces 29 units
WIP Inventory [0, 0, 0]
---------------------------------------------------------------------
Graph building time: 0.00027s
Solving time: 0.00024s
Total time: 0.00051s
======================================================================


Updated Skill Levels:--------------------------------------------------
worker ID: 1 Skill Levels: [14, 29, 5]
worker ID: 2 Skill Levels: [29, 4, 13]
worker ID: 3 Skill Levels: [3, 9, 32]
================== Solving for Time Step 22 ==========================
Graph Info:-----------------------------------------------------------
Worker IDs : [1, 2, 3]
Station IDs : [4, 5, 6]
Start Nodes: [0, 0, 0, 1, 1, 1, 2, 2, 2, 3, 3, 3, 4, 5, 6]
End Nodes: [1, 2, 3, 4, 5, 6, 4, 5, 6, 4, 5, 6, 7, 7, 7]
Capacities: [1, 1, 1, 1, 1, 1, 1, 1, 1, 1, 1, 1, 1, 1, 1]
Costs: [0, 0, 0, 6, 9, 15, 9, 16, 7, 17, 11, 12, 0, 0, 0]
Supplies: [3, 0, 0, 0, 0, 0, 0, -3]
------------------- Minimizing Lost Sales ----------------------------
Total Minimum cost = 24
Worker 1 assigned to Station 1, capable of 14 units; Deficit = 6
Worker 2 assigned to Station 3, capable of 13 units; Deficit = 7
Worker 3 assigned to Station 2, capable of 9 units; Deficit = 11
---------------------------------------------------------------------
Station 1 practically produces 14 units
Station 2 practically produces 9 units
Station 3 practically produces 9 units
------------------- Minimizing Standard Deviation --------------------
Total Minimum cost = 1570
Worker 1 assigned to Station 2, capable of 29 units; Deficit = 523
Worker 2 assigned to Station 1, capable of 29 units; Deficit = 523
Worker 3 assigned to Station 3, capable of 32 units; Deficit = 524
---------------------------------------------------------------------
Station 1 practically produces 29 units
Station 2 practically produces 29 units
Station 3 practically produces 29 units
WIP Inventory [0, 0, 0]
---------------------------------------------------------------------
Graph building time: 0.00027s
Solving time: 0.00024s
Total time: 0.00051s
======================================================================


Updated Skill Levels:--------------------------------------------------
worker ID: 1 Skill Levels: [13, 29, 5]
worker ID: 2 Skill Levels: [29, 4, 12]
worker ID: 3 Skill Levels: [3, 8, 32]
================== Solving for Time Step 23 ==========================
Graph Info:-----------------------------------------------------------
Worker IDs : [1, 2, 3]
Station IDs : [4, 5, 6]
Start Nodes: [0, 0, 0, 1, 1, 1, 2, 2, 2, 3, 3, 3, 4, 5, 6]
End Nodes: [1, 2, 3, 4, 5, 6, 4, 5, 6, 4, 5, 6, 7, 7, 7]
Capacities: [1, 1, 1, 1, 1, 1, 1, 1, 1, 1, 1, 1, 1, 1, 1]
Costs: [0, 0, 0, 1, 15, 9, 15, 10, 2, 11, 6, 18, 0, 0, 0]
Supplies: [3, 0, 0, 0, 0, 0, 0, -3]
------------------- Minimizing Lost Sales ----------------------------
Total Minimum cost = 9
Worker 1 assigned to Station 1, capable of 13 units; Deficit = 1
Worker 2 assigned to Station 3, capable of 12 units; Deficit = 2
Worker 3 assigned to Station 2, capable of 8 units; Deficit = 6
---------------------------------------------------------------------
Station 1 practically produces 13 units
Station 2 practically produces 8 units
Station 3 practically produces 8 units
------------------- Minimizing Standard Deviation --------------------
Total Minimum cost = 1429
Worker 1 assigned to Station 2, capable of 29 units; Deficit = 479
Worker 2 assigned to Station 1, capable of 29 units; Deficit = 479
Worker 3 assigned to Station 3, capable of 32 units; Deficit = 471
---------------------------------------------------------------------
Station 1 practically produces 29 units
Station 2 practically produces 29 units
Station 3 practically produces 29 units
WIP Inventory [0, 0, 0]
---------------------------------------------------------------------
Graph building time: 0.00026s
Solving time: 0.00026s
Total time: 0.00052s
======================================================================


Updated Skill Levels:--------------------------------------------------
worker ID: 1 Skill Levels: [12, 29, 5]
worker ID: 2 Skill Levels: [29, 4, 11]
worker ID: 3 Skill Levels: [3, 7, 32]
================== Solving for Time Step 24 ==========================
Graph Info:-----------------------------------------------------------
Worker IDs : [1, 2, 3]
Station IDs : [4, 5, 6]
Start Nodes: [0, 0, 0, 1, 1, 1, 2, 2, 2, 3, 3, 3, 4, 5, 6]
End Nodes: [1, 2, 3, 4, 5, 6, 4, 5, 6, 4, 5, 6, 7, 7, 7]
Capacities: [1, 1, 1, 1, 1, 1, 1, 1, 1, 1, 1, 1, 1, 1, 1]
Costs: [0, 0, 0, 1, 16, 8, 16, 9, 2, 10, 6, 19, 0, 0, 0]
Supplies: [3, 0, 0, 0, 0, 0, 0, -3]
------------------- Minimizing Lost Sales ----------------------------
Total Minimum cost = 9
Worker 1 assigned to Station 1, capable of 12 units; Deficit = 1
Worker 2 assigned to Station 3, capable of 11 units; Deficit = 2
Worker 3 assigned to Station 2, capable of 7 units; Deficit = 6
---------------------------------------------------------------------
Station 1 practically produces 12 units
Station 2 practically produces 7 units
Station 3 practically produces 7 units
------------------- Minimizing Standard Deviation --------------------
Total Minimum cost = 1279
Worker 1 assigned to Station 2, capable of 29 units; Deficit = 432
Worker 2 assigned to Station 1, capable of 29 units; Deficit = 432
Worker 3 assigned to Station 3, capable of 32 units; Deficit = 415
---------------------------------------------------------------------
Station 1 practically produces 29 units
Station 2 practically produces 29 units
Station 3 practically produces 29 units
WIP Inventory [0, 0, 0]
---------------------------------------------------------------------
Graph building time: 0.00030s
Solving time: 0.00025s
Total time: 0.00054s
======================================================================


Updated Skill Levels:--------------------------------------------------
worker ID: 1 Skill Levels: [11, 29, 5]
worker ID: 2 Skill Levels: [29, 4, 10]
worker ID: 3 Skill Levels: [3, 6, 32]
================== Solving for Time Step 25 ==========================
Graph Info:-----------------------------------------------------------
Worker IDs : [1, 2, 3]
Station IDs : [4, 5, 6]
Start Nodes: [0, 0, 0, 1, 1, 1, 2, 2, 2, 3, 3, 3, 4, 5, 6]
End Nodes: [1, 2, 3, 4, 5, 6, 4, 5, 6, 4, 5, 6, 7, 7, 7]
Capacities: [1, 1, 1, 1, 1, 1, 1, 1, 1, 1, 1, 1, 1, 1, 1]
Costs: [0, 0, 0, 3, 15, 9, 15, 10, 4, 11, 8, 18, 0, 0, 0]
Supplies: [3, 0, 0, 0, 0, 0, 0, -3]
------------------- Minimizing Lost Sales ----------------------------
Total Minimum cost = 15
Worker 1 assigned to Station 1, capable of 11 units; Deficit = 3
Worker 2 assigned to Station 3, capable of 10 units; Deficit = 4
Worker 3 assigned to Station 2, capable of 6 units; Deficit = 8
---------------------------------------------------------------------
Station 1 practically produces 11 units
Station 2 practically produces 6 units
Station 3 practically produces 6 units
------------------- Minimizing Standard Deviation --------------------
Total Minimum cost = 1138
Worker 1 assigned to Station 2, capable of 29 units; Deficit = 388
Worker 2 assigned to Station 1, capable of 29 units; Deficit = 388
Worker 3 assigned to Station 3, capable of 32 units; Deficit = 362
---------------------------------------------------------------------
Station 1 practically produces 29 units
Station 2 practically produces 29 units
Station 3 practically produces 29 units
WIP Inventory [0, 0, 0]
---------------------------------------------------------------------
Graph building time: 0.00027s
Solving time: 0.00025s
Total time: 0.00053s
======================================================================


Updated Skill Levels:--------------------------------------------------
worker ID: 1 Skill Levels: [10, 29, 5]
worker ID: 2 Skill Levels: [29, 4, 9]
worker ID: 3 Skill Levels: [3, 5, 32]
================== Solving for Time Step 26 ==========================
Graph Info:-----------------------------------------------------------
Worker IDs : [1, 2, 3]
Station IDs : [4, 5, 6]
Start Nodes: [0, 0, 0, 1, 1, 1, 2, 2, 2, 3, 3, 3, 4, 5, 6]
End Nodes: [1, 2, 3, 4, 5, 6, 4, 5, 6, 4, 5, 6, 7, 7, 7]
Capacities: [1, 1, 1, 1, 1, 1, 1, 1, 1, 1, 1, 1, 1, 1, 1]
Costs: [0, 0, 0, 5, 14, 10, 14, 11, 6, 12, 10, 17, 0, 0, 0]
Supplies: [3, 0, 0, 0, 0, 0, 0, -3]
------------------- Minimizing Lost Sales ----------------------------
Total Minimum cost = 21
Worker 1 assigned to Station 1, capable of 10 units; Deficit = 5
Worker 2 assigned to Station 3, capable of 9 units; Deficit = 6
Worker 3 assigned to Station 2, capable of 5 units; Deficit = 10
---------------------------------------------------------------------
Station 1 practically produces 10 units
Station 2 practically produces 5 units
Station 3 practically produces 5 units
------------------- Minimizing Standard Deviation --------------------
Total Minimum cost = 1006
Worker 1 assigned to Station 2, capable of 29 units; Deficit = 347
Worker 2 assigned to Station 1, capable of 29 units; Deficit = 347
Worker 3 assigned to Station 3, capable of 32 units; Deficit = 312
---------------------------------------------------------------------
Station 1 practically produces 29 units
Station 2 practically produces 29 units
Station 3 practically produces 29 units
WIP Inventory [0, 0, 0]
---------------------------------------------------------------------
Graph building time: 0.00026s
Solving time: 0.00026s
Total time: 0.00053s
======================================================================


Updated Skill Levels:--------------------------------------------------
worker ID: 1 Skill Levels: [9, 29, 5]
worker ID: 2 Skill Levels: [29, 4, 8]
worker ID: 3 Skill Levels: [3, 4, 32]
================== Solving for Time Step 27 ==========================
Graph Info:-----------------------------------------------------------
Worker IDs : [1, 2, 3]
Station IDs : [4, 5, 6]
Start Nodes: [0, 0, 0, 1, 1, 1, 2, 2, 2, 3, 3, 3, 4, 5, 6]
End Nodes: [1, 2, 3, 4, 5, 6, 4, 5, 6, 4, 5, 6, 7, 7, 7]
Capacities: [1, 1, 1, 1, 1, 1, 1, 1, 1, 1, 1, 1, 1, 1, 1]
Costs: [0, 0, 0, 8, 12, 12, 12, 13, 9, 14, 13, 15, 0, 0, 0]
Supplies: [3, 0, 0, 0, 0, 0, 0, -3]
------------------- Minimizing Lost Sales ----------------------------
Total Minimum cost = 30
Worker 1 assigned to Station 1, capable of 9 units; Deficit = 8
Worker 2 assigned to Station 3, capable of 8 units; Deficit = 9
Worker 3 assigned to Station 2, capable of 4 units; Deficit = 13
---------------------------------------------------------------------
Station 1 practically produces 9 units
Station 2 practically produces 4 units
Station 3 practically produces 4 units
------------------- Minimizing Standard Deviation --------------------
Total Minimum cost = 892
Worker 1 assigned to Station 2, capable of 29 units; Deficit = 312
Worker 2 assigned to Station 1, capable of 29 units; Deficit = 312
Worker 3 assigned to Station 3, capable of 32 units; Deficit = 268
---------------------------------------------------------------------
Station 1 practically produces 29 units
Station 2 practically produces 29 units
Station 3 practically produces 29 units
WIP Inventory [0, 0, 0]
---------------------------------------------------------------------
Graph building time: 0.00027s
Solving time: 0.00025s
Total time: 0.00052s
======================================================================


Updated Skill Levels:--------------------------------------------------
worker ID: 1 Skill Levels: [8, 29, 5]
worker ID: 2 Skill Levels: [29, 4, 7]
worker ID: 3 Skill Levels: [3, 3, 32]
================== Solving for Time Step 28 ==========================
Graph Info:-----------------------------------------------------------
Worker IDs : [1, 2, 3]
Station IDs : [4, 5, 6]
Start Nodes: [0, 0, 0, 1, 1, 1, 2, 2, 2, 3, 3, 3, 4, 5, 6]
End Nodes: [1, 2, 3, 4, 5, 6, 4, 5, 6, 4, 5, 6, 7, 7, 7]
Capacities: [1, 1, 1, 1, 1, 1, 1, 1, 1, 1, 1, 1, 1, 1, 1]
Costs: [0, 0, 0, 14, 7, 17, 7, 18, 15, 19, 19, 10, 0, 0, 0]
Supplies: [3, 0, 0, 0, 0, 0, 0, -3]
------------------- Minimizing Lost Sales ----------------------------
Total Minimum cost = 24
Worker 1 assigned to Station 2, capable of 29 units; Deficit = 7
Worker 2 assigned to Station 1, capable of 29 units; Deficit = 7
Worker 3 assigned to Station 3, capable of 32 units; Deficit = 10
---------------------------------------------------------------------
Station 1 practically produces 29 units
Station 2 practically produces 29 units
Station 3 practically produces 29 units
------------------- Minimizing Standard Deviation --------------------
Total Minimum cost = 751
Worker 1 assigned to Station 2, capable of 29 units; Deficit = 268
Worker 2 assigned to Station 1, capable of 29 units; Deficit = 268
Worker 3 assigned to Station 3, capable of 32 units; Deficit = 215
---------------------------------------------------------------------
Station 1 practically produces 29 units
Station 2 practically produces 29 units
Station 3 practically produces 29 units
WIP Inventory [0, 0, 0]
---------------------------------------------------------------------
Graph building time: 0.00026s
Solving time: 0.00026s
Total time: 0.00053s
======================================================================


Updated Skill Levels:--------------------------------------------------
worker ID: 1 Skill Levels: [7, 29, 5]
worker ID: 2 Skill Levels: [29, 4, 6]
worker ID: 3 Skill Levels: [3, 3, 32]
================== Solving for Time Step 29 ==========================
Graph Info:-----------------------------------------------------------
Worker IDs : [1, 2, 3]
Station IDs : [4, 5, 6]
Start Nodes: [0, 0, 0, 1, 1, 1, 2, 2, 2, 3, 3, 3, 4, 5, 6]
End Nodes: [1, 2, 3, 4, 5, 6, 4, 5, 6, 4, 5, 6, 7, 7, 7]
Capacities: [1, 1, 1, 1, 1, 1, 1, 1, 1, 1, 1, 1, 1, 1, 1]
Costs: [0, 0, 0, 20, 2, 22, 2, 23, 21, 24, 24, 5, 0, 0, 0]
Supplies: [3, 0, 0, 0, 0, 0, 0, -3]
------------------- Minimizing Lost Sales ----------------------------
Total Minimum cost = 9
Worker 1 assigned to Station 2, capable of 29 units; Deficit = 2
Worker 2 assigned to Station 1, capable of 29 units; Deficit = 2
Worker 3 assigned to Station 3, capable of 32 units; Deficit = 5
---------------------------------------------------------------------
Station 1 practically produces 29 units
Station 2 practically produces 29 units
Station 3 practically produces 29 units
------------------- Minimizing Standard Deviation --------------------
Total Minimum cost = 724
Worker 1 assigned to Station 2, capable of 29 units; Deficit = 262
Worker 2 assigned to Station 1, capable of 29 units; Deficit = 262
Worker 3 assigned to Station 3, capable of 32 units; Deficit = 200
---------------------------------------------------------------------
Station 1 practically produces 29 units
Station 2 practically produces 29 units
Station 3 practically produces 29 units
WIP Inventory [0, 0, 0]
---------------------------------------------------------------------
Graph building time: 0.00024s
Solving time: 0.00026s
Total time: 0.00050s
======================================================================


Updated Skill Levels:--------------------------------------------------
worker ID: 1 Skill Levels: [6, 29, 5]
worker ID: 2 Skill Levels: [29, 4, 5]
worker ID: 3 Skill Levels: [3, 3, 32]
================== Solving for Time Step 30 ==========================
Graph Info:-----------------------------------------------------------
Worker IDs : [1, 2, 3]
Station IDs : [4, 5, 6]
Start Nodes: [0, 0, 0, 1, 1, 1, 2, 2, 2, 3, 3, 3, 4, 5, 6]
End Nodes: [1, 2, 3, 4, 5, 6, 4, 5, 6, 4, 5, 6, 7, 7, 7]
Capacities: [1, 1, 1, 1, 1, 1, 1, 1, 1, 1, 1, 1, 1, 1, 1]
Costs: [0, 0, 0, 25, 2, 26, 2, 27, 26, 28, 28, 1, 0, 0, 0]
Supplies: [3, 0, 0, 0, 0, 0, 0, -3]
------------------- Minimizing Lost Sales ----------------------------
Total Minimum cost = 5
Worker 1 assigned to Station 2, capable of 29 units; Deficit = 2
Worker 2 assigned to Station 1, capable of 29 units; Deficit = 2
Worker 3 assigned to Station 3, capable of 32 units; Deficit = 1
---------------------------------------------------------------------
Station 1 practically produces 29 units
Station 2 practically produces 29 units
Station 3 practically produces 29 units
------------------- Minimizing Standard Deviation --------------------
Total Minimum cost = 717
Worker 1 assigned to Station 2, capable of 29 units; Deficit = 260
Worker 2 assigned to Station 1, capable of 29 units; Deficit = 260
Worker 3 assigned to Station 3, capable of 32 units; Deficit = 197
---------------------------------------------------------------------
Station 1 practically produces 29 units
Station 2 practically produces 29 units
Station 3 practically produces 29 units
WIP Inventory [0, 0, 0]
---------------------------------------------------------------------
Graph building time: 0.00025s
Solving time: 0.00023s
Total time: 0.00048s
======================================================================


Updated Skill Levels:--------------------------------------------------
worker ID: 1 Skill Levels: [5, 29, 5]
worker ID: 2 Skill Levels: [29, 4, 4]
worker ID: 3 Skill Levels: [3, 3, 32]
================== Solving for Time Step 31 ==========================
Graph Info:-----------------------------------------------------------
Worker IDs : [1, 2, 3]
Station IDs : [4, 5, 6]
Start Nodes: [0, 0, 0, 1, 1, 1, 2, 2, 2, 3, 3, 3, 4, 5, 6]
End Nodes: [1, 2, 3, 4, 5, 6, 4, 5, 6, 4, 5, 6, 7, 7, 7]
Capacities: [1, 1, 1, 1, 1, 1, 1, 1, 1, 1, 1, 1, 1, 1, 1]
Costs: [0, 0, 0, 30, 6, 30, 6, 31, 31, 32, 32, 3, 0, 0, 0]
Supplies: [3, 0, 0, 0, 0, 0, 0, -3]
------------------- Minimizing Lost Sales ----------------------------
Total Minimum cost = 15
Worker 1 assigned to Station 2, capable of 29 units; Deficit = 6
Worker 2 assigned to Station 1, capable of 29 units; Deficit = 6
Worker 3 assigned to Station 3, capable of 32 units; Deficit = 3
---------------------------------------------------------------------
Station 1 practically produces 29 units
Station 2 practically produces 29 units
Station 3 practically produces 29 units
------------------- Minimizing Standard Deviation --------------------
Total Minimum cost = 702
Worker 1 assigned to Station 2, capable of 29 units; Deficit = 254
Worker 2 assigned to Station 1, capable of 29 units; Deficit = 254
Worker 3 assigned to Station 3, capable of 32 units; Deficit = 194
---------------------------------------------------------------------
Station 1 practically produces 29 units
Station 2 practically produces 29 units
Station 3 practically produces 29 units
WIP Inventory [0, 0, 0]
---------------------------------------------------------------------
Graph building time: 0.00024s
Solving time: 0.00023s
Total time: 0.00047s
======================================================================


Updated Skill Levels:--------------------------------------------------
worker ID: 1 Skill Levels: [5, 29, 5]
worker ID: 2 Skill Levels: [29, 4, 4]
worker ID: 3 Skill Levels: [3, 3, 32]
================== Solving for Time Step 32 ==========================
Graph Info:-----------------------------------------------------------
Worker IDs : [1, 2, 3]
Station IDs : [4, 5, 6]
Start Nodes: [0, 0, 0, 1, 1, 1, 2, 2, 2, 3, 3, 3, 4, 5, 6]
End Nodes: [1, 2, 3, 4, 5, 6, 4, 5, 6, 4, 5, 6, 7, 7, 7]
Capacities: [1, 1, 1, 1, 1, 1, 1, 1, 1, 1, 1, 1, 1, 1, 1]
Costs: [0, 0, 0, 32, 8, 32, 8, 33, 33, 34, 34, 5, 0, 0, 0]
Supplies: [3, 0, 0, 0, 0, 0, 0, -3]
------------------- Minimizing Lost Sales ----------------------------
Total Minimum cost = 21
Worker 1 assigned to Station 2, capable of 29 units; Deficit = 8
Worker 2 assigned to Station 1, capable of 29 units; Deficit = 8
Worker 3 assigned to Station 3, capable of 32 units; Deficit = 5
---------------------------------------------------------------------
Station 1 practically produces 29 units
Station 2 practically produces 29 units
Station 3 practically produces 29 units
------------------- Minimizing Standard Deviation --------------------
Total Minimum cost = 681
Worker 1 assigned to Station 2, capable of 29 units; Deficit = 246
Worker 2 assigned to Station 1, capable of 29 units; Deficit = 246
Worker 3 assigned to Station 3, capable of 32 units; Deficit = 189
---------------------------------------------------------------------
Station 1 practically produces 29 units
Station 2 practically produces 29 units
Station 3 practically produces 29 units
WIP Inventory [0, 0, 0]
---------------------------------------------------------------------
Graph building time: 0.00023s
Solving time: 0.00023s
Total time: 0.00047s
======================================================================


Updated Skill Levels:--------------------------------------------------
worker ID: 1 Skill Levels: [5, 29, 5]
worker ID: 2 Skill Levels: [29, 4, 4]
worker ID: 3 Skill Levels: [3, 3, 32]
================== Solving for Time Step 33 ==========================
Graph Info:-----------------------------------------------------------
Worker IDs : [1, 2, 3]
Station IDs : [4, 5, 6]
Start Nodes: [0, 0, 0, 1, 1, 1, 2, 2, 2, 3, 3, 3, 4, 5, 6]
End Nodes: [1, 2, 3, 4, 5, 6, 4, 5, 6, 4, 5, 6, 7, 7, 7]
Capacities: [1, 1, 1, 1, 1, 1, 1, 1, 1, 1, 1, 1, 1, 1, 1]
Costs: [0, 0, 0, 33, 9, 33, 9, 34, 34, 35, 35, 6, 0, 0, 0]
Supplies: [3, 0, 0, 0, 0, 0, 0, -3]
------------------- Minimizing Lost Sales ----------------------------
Total Minimum cost = 24
Worker 1 assigned to Station 2, capable of 29 units; Deficit = 9
Worker 2 assigned to Station 1, capable of 29 units; Deficit = 9
Worker 3 assigned to Station 3, capable of 32 units; Deficit = 6
---------------------------------------------------------------------
Station 1 practically produces 29 units
Station 2 practically produces 29 units
Station 3 practically produces 29 units
------------------- Minimizing Standard Deviation --------------------
Total Minimum cost = 657
Worker 1 assigned to Station 2, capable of 29 units; Deficit = 237
Worker 2 assigned to Station 1, capable of 29 units; Deficit = 237
Worker 3 assigned to Station 3, capable of 32 units; Deficit = 183
---------------------------------------------------------------------
Station 1 practically produces 29 units
Station 2 practically produces 29 units
Station 3 practically produces 29 units
WIP Inventory [0, 0, 0]
---------------------------------------------------------------------
Graph building time: 0.00024s
Solving time: 0.00029s
Total time: 0.00052s
======================================================================


Updated Skill Levels:--------------------------------------------------
worker ID: 1 Skill Levels: [5, 29, 5]
worker ID: 2 Skill Levels: [29, 4, 4]
worker ID: 3 Skill Levels: [3, 3, 32]
================== Solving for Time Step 34 ==========================
Graph Info:-----------------------------------------------------------
Worker IDs : [1, 2, 3]
Station IDs : [4, 5, 6]
Start Nodes: [0, 0, 0, 1, 1, 1, 2, 2, 2, 3, 3, 3, 4, 5, 6]
End Nodes: [1, 2, 3, 4, 5, 6, 4, 5, 6, 4, 5, 6, 7, 7, 7]
Capacities: [1, 1, 1, 1, 1, 1, 1, 1, 1, 1, 1, 1, 1, 1, 1]
Costs: [0, 0, 0, 31, 7, 31, 7, 32, 32, 33, 33, 4, 0, 0, 0]
Supplies: [3, 0, 0, 0, 0, 0, 0, -3]
------------------- Minimizing Lost Sales ----------------------------
Total Minimum cost = 18
Worker 1 assigned to Station 2, capable of 29 units; Deficit = 7
Worker 2 assigned to Station 1, capable of 29 units; Deficit = 7
Worker 3 assigned to Station 3, capable of 32 units; Deficit = 4
---------------------------------------------------------------------
Station 1 practically produces 29 units
Station 2 practically produces 29 units
Station 3 practically produces 29 units
------------------- Minimizing Standard Deviation --------------------
Total Minimum cost = 639
Worker 1 assigned to Station 2, capable of 29 units; Deficit = 230
Worker 2 assigned to Station 1, capable of 29 units; Deficit = 230
Worker 3 assigned to Station 3, capable of 32 units; Deficit = 179
---------------------------------------------------------------------
Station 1 practically produces 29 units
Station 2 practically produces 29 units
Station 3 practically produces 29 units
WIP Inventory [0, 0, 0]
---------------------------------------------------------------------
Graph building time: 0.00023s
Solving time: 0.00023s
Total time: 0.00046s
======================================================================


Updated Skill Levels:--------------------------------------------------
worker ID: 1 Skill Levels: [5, 29, 5]
worker ID: 2 Skill Levels: [29, 4, 4]
worker ID: 3 Skill Levels: [3, 3, 32]
================== Solving for Time Step 35 ==========================
Graph Info:-----------------------------------------------------------
Worker IDs : [1, 2, 3]
Station IDs : [4, 5, 6]
Start Nodes: [0, 0, 0, 1, 1, 1, 2, 2, 2, 3, 3, 3, 4, 5, 6]
End Nodes: [1, 2, 3, 4, 5, 6, 4, 5, 6, 4, 5, 6, 7, 7, 7]
Capacities: [1, 1, 1, 1, 1, 1, 1, 1, 1, 1, 1, 1, 1, 1, 1]
Costs: [0, 0, 0, 28, 4, 28, 4, 29, 29, 30, 30, 1, 0, 0, 0]
Supplies: [3, 0, 0, 0, 0, 0, 0, -3]
------------------- Minimizing Lost Sales ----------------------------
Total Minimum cost = 9
Worker 1 assigned to Station 2, capable of 29 units; Deficit = 4
Worker 2 assigned to Station 1, capable of 29 units; Deficit = 4
Worker 3 assigned to Station 3, capable of 32 units; Deficit = 1
---------------------------------------------------------------------
Station 1 practically produces 29 units
Station 2 practically produces 29 units
Station 3 practically produces 29 units
------------------- Minimizing Standard Deviation --------------------
Total Minimum cost = 630
Worker 1 assigned to Station 2, capable of 29 units; Deficit = 226
Worker 2 assigned to Station 1, capable of 29 units; Deficit = 226
Worker 3 assigned to Station 3, capable of 32 units; Deficit = 178
---------------------------------------------------------------------
Station 1 practically produces 29 units
Station 2 practically produces 29 units
Station 3 practically produces 29 units
WIP Inventory [0, 0, 0]
---------------------------------------------------------------------
Graph building time: 0.00022s
Solving time: 0.00023s
Total time: 0.00046s
======================================================================


Updated Skill Levels:--------------------------------------------------
worker ID: 1 Skill Levels: [5, 29, 5]
worker ID: 2 Skill Levels: [29, 4, 4]
worker ID: 3 Skill Levels: [3, 3, 32]
================== Solving for Time Step 36 ==========================
Graph Info:-----------------------------------------------------------
Worker IDs : [1, 2, 3]
Station IDs : [4, 5, 6]
Start Nodes: [0, 0, 0, 1, 1, 1, 2, 2, 2, 3, 3, 3, 4, 5, 6]
End Nodes: [1, 2, 3, 4, 5, 6, 4, 5, 6, 4, 5, 6, 7, 7, 7]
Capacities: [1, 1, 1, 1, 1, 1, 1, 1, 1, 1, 1, 1, 1, 1, 1]
Costs: [0, 0, 0, 27, 3, 27, 3, 28, 28, 29, 29, 0, 0, 0, 0]
Supplies: [3, 0, 0, 0, 0, 0, 0, -3]
------------------- Minimizing Lost Sales ----------------------------
Total Minimum cost = 6
Worker 1 assigned to Station 2, capable of 29 units; Deficit = 3
Worker 2 assigned to Station 1, capable of 29 units; Deficit = 3
Worker 3 assigned to Station 3, capable of 32 units; Deficit = 0
---------------------------------------------------------------------
Station 1 practically produces 29 units
Station 2 practically produces 29 units
Station 3 practically produces 29 units
------------------- Minimizing Standard Deviation --------------------
Total Minimum cost = 624
Worker 1 assigned to Station 2, capable of 29 units; Deficit = 223
Worker 2 assigned to Station 1, capable of 29 units; Deficit = 223
Worker 3 assigned to Station 3, capable of 32 units; Deficit = 178
---------------------------------------------------------------------
Station 1 practically produces 29 units
Station 2 practically produces 29 units
Station 3 practically produces 29 units
WIP Inventory [0, 0, 0]
---------------------------------------------------------------------
Graph building time: 0.00023s
Solving time: 0.00024s
Total time: 0.00046s
======================================================================


Updated Skill Levels:--------------------------------------------------
worker ID: 1 Skill Levels: [5, 29, 5]
worker ID: 2 Skill Levels: [29, 4, 4]
worker ID: 3 Skill Levels: [3, 3, 32]
================== Solving for Time Step 37 ==========================
Graph Info:-----------------------------------------------------------
Worker IDs : [1, 2, 3]
Station IDs : [4, 5, 6]
Start Nodes: [0, 0, 0, 1, 1, 1, 2, 2, 2, 3, 3, 3, 4, 5, 6]
End Nodes: [1, 2, 3, 4, 5, 6, 4, 5, 6, 4, 5, 6, 7, 7, 7]
Capacities: [1, 1, 1, 1, 1, 1, 1, 1, 1, 1, 1, 1, 1, 1, 1]
Costs: [0, 0, 0, 28, 4, 28, 4, 29, 29, 30, 30, 1, 0, 0, 0]
Supplies: [3, 0, 0, 0, 0, 0, 0, -3]
------------------- Minimizing Lost Sales ----------------------------
Total Minimum cost = 9
Worker 1 assigned to Station 2, capable of 29 units; Deficit = 4
Worker 2 assigned to Station 1, capable of 29 units; Deficit = 4
Worker 3 assigned to Station 3, capable of 32 units; Deficit = 1
---------------------------------------------------------------------
Station 1 practically produces 29 units
Station 2 practically produces 29 units
Station 3 practically produces 29 units
------------------- Minimizing Standard Deviation --------------------
Total Minimum cost = 615
Worker 1 assigned to Station 2, capable of 29 units; Deficit = 219
Worker 2 assigned to Station 1, capable of 29 units; Deficit = 219
Worker 3 assigned to Station 3, capable of 32 units; Deficit = 177
---------------------------------------------------------------------
Station 1 practically produces 29 units
Station 2 practically produces 29 units
Station 3 practically produces 29 units
WIP Inventory [0, 0, 0]
---------------------------------------------------------------------
Graph building time: 0.00022s
Solving time: 0.00030s
Total time: 0.00053s
======================================================================


Updated Skill Levels:--------------------------------------------------
worker ID: 1 Skill Levels: [5, 29, 5]
worker ID: 2 Skill Levels: [29, 4, 4]
worker ID: 3 Skill Levels: [3, 3, 32]
================== Solving for Time Step 38 ==========================
Graph Info:-----------------------------------------------------------
Worker IDs : [1, 2, 3]
Station IDs : [4, 5, 6]
Start Nodes: [0, 0, 0, 1, 1, 1, 2, 2, 2, 3, 3, 3, 4, 5, 6]
End Nodes: [1, 2, 3, 4, 5, 6, 4, 5, 6, 4, 5, 6, 7, 7, 7]
Capacities: [1, 1, 1, 1, 1, 1, 1, 1, 1, 1, 1, 1, 1, 1, 1]
Costs: [0, 0, 0, 33, 9, 33, 9, 34, 34, 35, 35, 6, 0, 0, 0]
Supplies: [3, 0, 0, 0, 0, 0, 0, -3]
------------------- Minimizing Lost Sales ----------------------------
Total Minimum cost = 24
Worker 1 assigned to Station 2, capable of 29 units; Deficit = 9
Worker 2 assigned to Station 1, capable of 29 units; Deficit = 9
Worker 3 assigned to Station 3, capable of 32 units; Deficit = 6
---------------------------------------------------------------------
Station 1 practically produces 29 units
Station 2 practically produces 29 units
Station 3 practically produces 29 units
------------------- Minimizing Standard Deviation --------------------
Total Minimum cost = 591
Worker 1 assigned to Station 2, capable of 29 units; Deficit = 210
Worker 2 assigned to Station 1, capable of 29 units; Deficit = 210
Worker 3 assigned to Station 3, capable of 32 units; Deficit = 171
---------------------------------------------------------------------
Station 1 practically produces 29 units
Station 2 practically produces 29 units
Station 3 practically produces 29 units
WIP Inventory [0, 0, 0]
---------------------------------------------------------------------
Graph building time: 0.00022s
Solving time: 0.00024s
Total time: 0.00046s
======================================================================


Updated Skill Levels:--------------------------------------------------
worker ID: 1 Skill Levels: [5, 29, 5]
worker ID: 2 Skill Levels: [29, 4, 4]
worker ID: 3 Skill Levels: [3, 3, 32]
================== Solving for Time Step 39 ==========================
Graph Info:-----------------------------------------------------------
Worker IDs : [1, 2, 3]
Station IDs : [4, 5, 6]
Start Nodes: [0, 0, 0, 1, 1, 1, 2, 2, 2, 3, 3, 3, 4, 5, 6]
End Nodes: [1, 2, 3, 4, 5, 6, 4, 5, 6, 4, 5, 6, 7, 7, 7]
Capacities: [1, 1, 1, 1, 1, 1, 1, 1, 1, 1, 1, 1, 1, 1, 1]
Costs: [0, 0, 0, 37, 13, 37, 13, 38, 38, 39, 39, 10, 0, 0, 0]
Supplies: [3, 0, 0, 0, 0, 0, 0, -3]
------------------- Minimizing Lost Sales ----------------------------
Total Minimum cost = 36
Worker 1 assigned to Station 2, capable of 29 units; Deficit = 13
Worker 2 assigned to Station 1, capable of 29 units; Deficit = 13
Worker 3 assigned to Station 3, capable of 32 units; Deficit = 10
---------------------------------------------------------------------
Station 1 practically produces 29 units
Station 2 practically produces 29 units
Station 3 practically produces 29 units
------------------- Minimizing Standard Deviation --------------------
Total Minimum cost = 555
Worker 1 assigned to Station 2, capable of 29 units; Deficit = 197
Worker 2 assigned to Station 1, capable of 29 units; Deficit = 197
Worker 3 assigned to Station 3, capable of 32 units; Deficit = 161
---------------------------------------------------------------------
Station 1 practically produces 29 units
Station 2 practically produces 29 units
Station 3 practically produces 29 units
WIP Inventory [0, 0, 0]
---------------------------------------------------------------------
Graph building time: 0.00022s
Solving time: 0.00024s
Total time: 0.00045s
======================================================================


Updated Skill Levels:--------------------------------------------------
worker ID: 1 Skill Levels: [5, 29, 5]
worker ID: 2 Skill Levels: [29, 4, 4]
worker ID: 3 Skill Levels: [3, 3, 32]
================== Solving for Time Step 40 ==========================
Graph Info:-----------------------------------------------------------
Worker IDs : [1, 2, 3]
Station IDs : [4, 5, 6]
Start Nodes: [0, 0, 0, 1, 1, 1, 2, 2, 2, 3, 3, 3, 4, 5, 6]
End Nodes: [1, 2, 3, 4, 5, 6, 4, 5, 6, 4, 5, 6, 7, 7, 7]
Capacities: [1, 1, 1, 1, 1, 1, 1, 1, 1, 1, 1, 1, 1, 1, 1]
Costs: [0, 0, 0, 40, 16, 40, 16, 41, 41, 42, 42, 13, 0, 0, 0]
Supplies: [3, 0, 0, 0, 0, 0, 0, -3]
------------------- Minimizing Lost Sales ----------------------------
Total Minimum cost = 45
Worker 1 assigned to Station 2, capable of 29 units; Deficit = 16
Worker 2 assigned to Station 1, capable of 29 units; Deficit = 16
Worker 3 assigned to Station 3, capable of 32 units; Deficit = 13
---------------------------------------------------------------------
Station 1 practically produces 29 units
Station 2 practically produces 29 units
Station 3 practically produces 29 units
------------------- Minimizing Standard Deviation --------------------
Total Minimum cost = 510
Worker 1 assigned to Station 2, capable of 29 units; Deficit = 181
Worker 2 assigned to Station 1, capable of 29 units; Deficit = 181
Worker 3 assigned to Station 3, capable of 32 units; Deficit = 148
---------------------------------------------------------------------
Station 1 practically produces 29 units
Station 2 practically produces 29 units
Station 3 practically produces 29 units
WIP Inventory [0, 0, 0]
---------------------------------------------------------------------
Graph building time: 0.00021s
Solving time: 0.00024s
Total time: 0.00045s
======================================================================


Updated Skill Levels:--------------------------------------------------
worker ID: 1 Skill Levels: [5, 29, 5]
worker ID: 2 Skill Levels: [29, 4, 4]
worker ID: 3 Skill Levels: [3, 3, 32]
================== Solving for Time Step 41 ==========================
Graph Info:-----------------------------------------------------------
Worker IDs : [1, 2, 3]
Station IDs : [4, 5, 6]
Start Nodes: [0, 0, 0, 1, 1, 1, 2, 2, 2, 3, 3, 3, 4, 5, 6]
End Nodes: [1, 2, 3, 4, 5, 6, 4, 5, 6, 4, 5, 6, 7, 7, 7]
Capacities: [1, 1, 1, 1, 1, 1, 1, 1, 1, 1, 1, 1, 1, 1, 1]
Costs: [0, 0, 0, 42, 18, 42, 18, 43, 43, 44, 44, 15, 0, 0, 0]
Supplies: [3, 0, 0, 0, 0, 0, 0, -3]
------------------- Minimizing Lost Sales ----------------------------
Total Minimum cost = 51
Worker 1 assigned to Station 2, capable of 29 units; Deficit = 18
Worker 2 assigned to Station 1, capable of 29 units; Deficit = 18
Worker 3 assigned to Station 3, capable of 32 units; Deficit = 15
---------------------------------------------------------------------
Station 1 practically produces 29 units
Station 2 practically produces 29 units
Station 3 practically produces 29 units
------------------- Minimizing Standard Deviation --------------------
Total Minimum cost = 459
Worker 1 assigned to Station 2, capable of 29 units; Deficit = 163
Worker 2 assigned to Station 1, capable of 29 units; Deficit = 163
Worker 3 assigned to Station 3, capable of 32 units; Deficit = 133
---------------------------------------------------------------------
Station 1 practically produces 29 units
Station 2 practically produces 29 units
Station 3 practically produces 29 units
WIP Inventory [0, 0, 0]
---------------------------------------------------------------------
Graph building time: 0.00021s
Solving time: 0.00023s
Total time: 0.00044s
======================================================================


Updated Skill Levels:--------------------------------------------------
worker ID: 1 Skill Levels: [5, 29, 5]
worker ID: 2 Skill Levels: [29, 4, 4]
worker ID: 3 Skill Levels: [3, 3, 32]
================== Solving for Time Step 42 ==========================
Graph Info:-----------------------------------------------------------
Worker IDs : [1, 2, 3]
Station IDs : [4, 5, 6]
Start Nodes: [0, 0, 0, 1, 1, 1, 2, 2, 2, 3, 3, 3, 4, 5, 6]
End Nodes: [1, 2, 3, 4, 5, 6, 4, 5, 6, 4, 5, 6, 7, 7, 7]
Capacities: [1, 1, 1, 1, 1, 1, 1, 1, 1, 1, 1, 1, 1, 1, 1]
Costs: [0, 0, 0, 45, 21, 45, 21, 46, 46, 47, 47, 18, 0, 0, 0]
Supplies: [3, 0, 0, 0, 0, 0, 0, -3]
------------------- Minimizing Lost Sales ----------------------------
Total Minimum cost = 60
Worker 1 assigned to Station 2, capable of 29 units; Deficit = 21
Worker 2 assigned to Station 1, capable of 29 units; Deficit = 21
Worker 3 assigned to Station 3, capable of 32 units; Deficit = 18
---------------------------------------------------------------------
Station 1 practically produces 29 units
Station 2 practically produces 29 units
Station 3 practically produces 29 units
------------------- Minimizing Standard Deviation --------------------
Total Minimum cost = 399
Worker 1 assigned to Station 2, capable of 29 units; Deficit = 142
Worker 2 assigned to Station 1, capable of 29 units; Deficit = 142
Worker 3 assigned to Station 3, capable of 32 units; Deficit = 115
---------------------------------------------------------------------
Station 1 practically produces 29 units
Station 2 practically produces 29 units
Station 3 practically produces 29 units
WIP Inventory [0, 0, 0]
---------------------------------------------------------------------
Graph building time: 0.00022s
Solving time: 0.00027s
Total time: 0.00049s
======================================================================


Updated Skill Levels:--------------------------------------------------
worker ID: 1 Skill Levels: [5, 29, 5]
worker ID: 2 Skill Levels: [29, 4, 4]
worker ID: 3 Skill Levels: [3, 3, 32]
================== Solving for Time Step 43 ==========================
Graph Info:-----------------------------------------------------------
Worker IDs : [1, 2, 3]
Station IDs : [4, 5, 6]
Start Nodes: [0, 0, 0, 1, 1, 1, 2, 2, 2, 3, 3, 3, 4, 5, 6]
End Nodes: [1, 2, 3, 4, 5, 6, 4, 5, 6, 4, 5, 6, 7, 7, 7]
Capacities: [1, 1, 1, 1, 1, 1, 1, 1, 1, 1, 1, 1, 1, 1, 1]
Costs: [0, 0, 0, 44, 20, 44, 20, 45, 45, 46, 46, 17, 0, 0, 0]
Supplies: [3, 0, 0, 0, 0, 0, 0, -3]
------------------- Minimizing Lost Sales ----------------------------
Total Minimum cost = 57
Worker 1 assigned to Station 2, capable of 29 units; Deficit = 20
Worker 2 assigned to Station 1, capable of 29 units; Deficit = 20
Worker 3 assigned to Station 3, capable of 32 units; Deficit = 17
---------------------------------------------------------------------
Station 1 practically produces 29 units
Station 2 practically produces 29 units
Station 3 practically produces 29 units
------------------- Minimizing Standard Deviation --------------------
Total Minimum cost = 342
Worker 1 assigned to Station 2, capable of 29 units; Deficit = 122
Worker 2 assigned to Station 1, capable of 29 units; Deficit = 122
Worker 3 assigned to Station 3, capable of 32 units; Deficit = 98
---------------------------------------------------------------------
Station 1 practically produces 29 units
Station 2 practically produces 29 units
Station 3 practically produces 29 units
WIP Inventory [0, 0, 0]
---------------------------------------------------------------------
Graph building time: 0.00020s
Solving time: 0.00024s
Total time: 0.00044s
======================================================================


Updated Skill Levels:--------------------------------------------------
worker ID: 1 Skill Levels: [5, 29, 5]
worker ID: 2 Skill Levels: [29, 4, 4]
worker ID: 3 Skill Levels: [3, 3, 32]
================== Solving for Time Step 44 ==========================
Graph Info:-----------------------------------------------------------
Worker IDs : [1, 2, 3]
Station IDs : [4, 5, 6]
Start Nodes: [0, 0, 0, 1, 1, 1, 2, 2, 2, 3, 3, 3, 4, 5, 6]
End Nodes: [1, 2, 3, 4, 5, 6, 4, 5, 6, 4, 5, 6, 7, 7, 7]
Capacities: [1, 1, 1, 1, 1, 1, 1, 1, 1, 1, 1, 1, 1, 1, 1]
Costs: [0, 0, 0, 42, 18, 42, 18, 43, 43, 44, 44, 15, 0, 0, 0]
Supplies: [3, 0, 0, 0, 0, 0, 0, -3]
------------------- Minimizing Lost Sales ----------------------------
Total Minimum cost = 51
Worker 1 assigned to Station 2, capable of 29 units; Deficit = 18
Worker 2 assigned to Station 1, capable of 29 units; Deficit = 18
Worker 3 assigned to Station 3, capable of 32 units; Deficit = 15
---------------------------------------------------------------------
Station 1 practically produces 29 units
Station 2 practically produces 29 units
Station 3 practically produces 29 units
------------------- Minimizing Standard Deviation --------------------
Total Minimum cost = 291
Worker 1 assigned to Station 2, capable of 29 units; Deficit = 104
Worker 2 assigned to Station 1, capable of 29 units; Deficit = 104
Worker 3 assigned to Station 3, capable of 32 units; Deficit = 83
---------------------------------------------------------------------
Station 1 practically produces 29 units
Station 2 practically produces 29 units
Station 3 practically produces 29 units
WIP Inventory [0, 0, 0]
---------------------------------------------------------------------
Graph building time: 0.00020s
Solving time: 0.00024s
Total time: 0.00044s
======================================================================


Updated Skill Levels:--------------------------------------------------
worker ID: 1 Skill Levels: [5, 29, 5]
worker ID: 2 Skill Levels: [29, 4, 4]
worker ID: 3 Skill Levels: [3, 3, 32]
================== Solving for Time Step 45 ==========================
Graph Info:-----------------------------------------------------------
Worker IDs : [1, 2, 3]
Station IDs : [4, 5, 6]
Start Nodes: [0, 0, 0, 1, 1, 1, 2, 2, 2, 3, 3, 3, 4, 5, 6]
End Nodes: [1, 2, 3, 4, 5, 6, 4, 5, 6, 4, 5, 6, 7, 7, 7]
Capacities: [1, 1, 1, 1, 1, 1, 1, 1, 1, 1, 1, 1, 1, 1, 1]
Costs: [0, 0, 0, 39, 15, 39, 15, 40, 40, 41, 41, 12, 0, 0, 0]
Supplies: [3, 0, 0, 0, 0, 0, 0, -3]
------------------- Minimizing Lost Sales ----------------------------
Total Minimum cost = 42
Worker 1 assigned to Station 2, capable of 29 units; Deficit = 15
Worker 2 assigned to Station 1, capable of 29 units; Deficit = 15
Worker 3 assigned to Station 3, capable of 32 units; Deficit = 12
---------------------------------------------------------------------
Station 1 practically produces 29 units
Station 2 practically produces 29 units
Station 3 practically produces 29 units
------------------- Minimizing Standard Deviation --------------------
Total Minimum cost = 249
Worker 1 assigned to Station 2, capable of 29 units; Deficit = 89
Worker 2 assigned to Station 1, capable of 29 units; Deficit = 89
Worker 3 assigned to Station 3, capable of 32 units; Deficit = 71
---------------------------------------------------------------------
Station 1 practically produces 29 units
Station 2 practically produces 29 units
Station 3 practically produces 29 units
WIP Inventory [0, 0, 0]
---------------------------------------------------------------------
Graph building time: 0.00021s
Solving time: 0.00025s
Total time: 0.00046s
======================================================================


Updated Skill Levels:--------------------------------------------------
worker ID: 1 Skill Levels: [5, 29, 5]
worker ID: 2 Skill Levels: [29, 4, 4]
worker ID: 3 Skill Levels: [3, 3, 32]
================== Solving for Time Step 46 ==========================
Graph Info:-----------------------------------------------------------
Worker IDs : [1, 2, 3]
Station IDs : [4, 5, 6]
Start Nodes: [0, 0, 0, 1, 1, 1, 2, 2, 2, 3, 3, 3, 4, 5, 6]
End Nodes: [1, 2, 3, 4, 5, 6, 4, 5, 6, 4, 5, 6, 7, 7, 7]
Capacities: [1, 1, 1, 1, 1, 1, 1, 1, 1, 1, 1, 1, 1, 1, 1]
Costs: [0, 0, 0, 37, 13, 37, 13, 38, 38, 39, 39, 10, 0, 0, 0]
Supplies: [3, 0, 0, 0, 0, 0, 0, -3]
------------------- Minimizing Lost Sales ----------------------------
Total Minimum cost = 36
Worker 1 assigned to Station 2, capable of 29 units; Deficit = 13
Worker 2 assigned to Station 1, capable of 29 units; Deficit = 13
Worker 3 assigned to Station 3, capable of 32 units; Deficit = 10
---------------------------------------------------------------------
Station 1 practically produces 29 units
Station 2 practically produces 29 units
Station 3 practically produces 29 units
------------------- Minimizing Standard Deviation --------------------
Total Minimum cost = 213
Worker 1 assigned to Station 2, capable of 29 units; Deficit = 76
Worker 2 assigned to Station 1, capable of 29 units; Deficit = 76
Worker 3 assigned to Station 3, capable of 32 units; Deficit = 61
---------------------------------------------------------------------
Station 1 practically produces 29 units
Station 2 practically produces 29 units
Station 3 practically produces 29 units
WIP Inventory [0, 0, 0]
---------------------------------------------------------------------
Graph building time: 0.00019s
Solving time: 0.00023s
Total time: 0.00043s
======================================================================


Updated Skill Levels:--------------------------------------------------
worker ID: 1 Skill Levels: [5, 29, 5]
worker ID: 2 Skill Levels: [29, 4, 4]
worker ID: 3 Skill Levels: [3, 3, 32]
================== Solving for Time Step 47 ==========================
Graph Info:-----------------------------------------------------------
Worker IDs : [1, 2, 3]
Station IDs : [4, 5, 6]
Start Nodes: [0, 0, 0, 1, 1, 1, 2, 2, 2, 3, 3, 3, 4, 5, 6]
End Nodes: [1, 2, 3, 4, 5, 6, 4, 5, 6, 4, 5, 6, 7, 7, 7]
Capacities: [1, 1, 1, 1, 1, 1, 1, 1, 1, 1, 1, 1, 1, 1, 1]
Costs: [0, 0, 0, 35, 11, 35, 11, 36, 36, 37, 37, 8, 0, 0, 0]
Supplies: [3, 0, 0, 0, 0, 0, 0, -3]
------------------- Minimizing Lost Sales ----------------------------
Total Minimum cost = 30
Worker 1 assigned to Station 2, capable of 29 units; Deficit = 11
Worker 2 assigned to Station 1, capable of 29 units; Deficit = 11
Worker 3 assigned to Station 3, capable of 32 units; Deficit = 8
---------------------------------------------------------------------
Station 1 practically produces 29 units
Station 2 practically produces 29 units
Station 3 practically produces 29 units
------------------- Minimizing Standard Deviation --------------------
Total Minimum cost = 183
Worker 1 assigned to Station 2, capable of 29 units; Deficit = 65
Worker 2 assigned to Station 1, capable of 29 units; Deficit = 65
Worker 3 assigned to Station 3, capable of 32 units; Deficit = 53
---------------------------------------------------------------------
Station 1 practically produces 29 units
Station 2 practically produces 29 units
Station 3 practically produces 29 units
WIP Inventory [0, 0, 0]
---------------------------------------------------------------------
Graph building time: 0.00019s
Solving time: 0.00027s
Total time: 0.00046s
======================================================================


Updated Skill Levels:--------------------------------------------------
worker ID: 1 Skill Levels: [5, 29, 5]
worker ID: 2 Skill Levels: [29, 4, 4]
worker ID: 3 Skill Levels: [3, 3, 32]
================== Solving for Time Step 48 ==========================
Graph Info:-----------------------------------------------------------
Worker IDs : [1, 2, 3]
Station IDs : [4, 5, 6]
Start Nodes: [0, 0, 0, 1, 1, 1, 2, 2, 2, 3, 3, 3, 4, 5, 6]
End Nodes: [1, 2, 3, 4, 5, 6, 4, 5, 6, 4, 5, 6, 7, 7, 7]
Capacities: [1, 1, 1, 1, 1, 1, 1, 1, 1, 1, 1, 1, 1, 1, 1]
Costs: [0, 0, 0, 32, 8, 32, 8, 33, 33, 34, 34, 5, 0, 0, 0]
Supplies: [3, 0, 0, 0, 0, 0, 0, -3]
------------------- Minimizing Lost Sales ----------------------------
Total Minimum cost = 21
Worker 1 assigned to Station 2, capable of 29 units; Deficit = 8
Worker 2 assigned to Station 1, capable of 29 units; Deficit = 8
Worker 3 assigned to Station 3, capable of 32 units; Deficit = 5
---------------------------------------------------------------------
Station 1 practically produces 29 units
Station 2 practically produces 29 units
Station 3 practically produces 29 units
------------------- Minimizing Standard Deviation --------------------
Total Minimum cost = 162
Worker 1 assigned to Station 2, capable of 29 units; Deficit = 57
Worker 2 assigned to Station 1, capable of 29 units; Deficit = 57
Worker 3 assigned to Station 3, capable of 32 units; Deficit = 48
---------------------------------------------------------------------
Station 1 practically produces 29 units
Station 2 practically produces 29 units
Station 3 practically produces 29 units
WIP Inventory [0, 0, 0]
---------------------------------------------------------------------
Graph building time: 0.00019s
Solving time: 0.00032s
Total time: 0.00051s
======================================================================


Updated Skill Levels:--------------------------------------------------
worker ID: 1 Skill Levels: [5, 29, 5]
worker ID: 2 Skill Levels: [29, 4, 4]
worker ID: 3 Skill Levels: [3, 3, 32]
================== Solving for Time Step 49 ==========================
Graph Info:-----------------------------------------------------------
Worker IDs : [1, 2, 3]
Station IDs : [4, 5, 6]
Start Nodes: [0, 0, 0, 1, 1, 1, 2, 2, 2, 3, 3, 3, 4, 5, 6]
End Nodes: [1, 2, 3, 4, 5, 6, 4, 5, 6, 4, 5, 6, 7, 7, 7]
Capacities: [1, 1, 1, 1, 1, 1, 1, 1, 1, 1, 1, 1, 1, 1, 1]
Costs: [0, 0, 0, 34, 10, 34, 10, 35, 35, 36, 36, 7, 0, 0, 0]
Supplies: [3, 0, 0, 0, 0, 0, 0, -3]
------------------- Minimizing Lost Sales ----------------------------
Total Minimum cost = 27
Worker 1 assigned to Station 2, capable of 29 units; Deficit = 10
Worker 2 assigned to Station 1, capable of 29 units; Deficit = 10
Worker 3 assigned to Station 3, capable of 32 units; Deficit = 7
---------------------------------------------------------------------
Station 1 practically produces 29 units
Station 2 practically produces 29 units
Station 3 practically produces 29 units
------------------- Minimizing Standard Deviation --------------------
Total Minimum cost = 135
Worker 1 assigned to Station 2, capable of 29 units; Deficit = 47
Worker 2 assigned to Station 1, capable of 29 units; Deficit = 47
Worker 3 assigned to Station 3, capable of 32 units; Deficit = 41
---------------------------------------------------------------------
Station 1 practically produces 29 units
Station 2 practically produces 29 units
Station 3 practically produces 29 units
WIP Inventory [0, 0, 0]
---------------------------------------------------------------------
Graph building time: 0.00018s
Solving time: 0.00023s
Total time: 0.00042s
======================================================================


Updated Skill Levels:--------------------------------------------------
worker ID: 1 Skill Levels: [5, 29, 5]
worker ID: 2 Skill Levels: [29, 4, 4]
worker ID: 3 Skill Levels: [3, 3, 32]
================== Solving for Time Step 50 ==========================
Graph Info:-----------------------------------------------------------
Worker IDs : [1, 2, 3]
Station IDs : [4, 5, 6]
Start Nodes: [0, 0, 0, 1, 1, 1, 2, 2, 2, 3, 3, 3, 4, 5, 6]
End Nodes: [1, 2, 3, 4, 5, 6, 4, 5, 6, 4, 5, 6, 7, 7, 7]
Capacities: [1, 1, 1, 1, 1, 1, 1, 1, 1, 1, 1, 1, 1, 1, 1]
Costs: [0, 0, 0, 36, 12, 36, 12, 37, 37, 38, 38, 9, 0, 0, 0]
Supplies: [3, 0, 0, 0, 0, 0, 0, -3]
------------------- Minimizing Lost Sales ----------------------------
Total Minimum cost = 33
Worker 1 assigned to Station 2, capable of 29 units; Deficit = 12
Worker 2 assigned to Station 1, capable of 29 units; Deficit = 12
Worker 3 assigned to Station 3, capable of 32 units; Deficit = 9
---------------------------------------------------------------------
Station 1 practically produces 29 units
Station 2 practically produces 29 units
Station 3 practically produces 29 units
------------------- Minimizing Standard Deviation --------------------
Total Minimum cost = 102
Worker 1 assigned to Station 2, capable of 29 units; Deficit = 35
Worker 2 assigned to Station 1, capable of 29 units; Deficit = 35
Worker 3 assigned to Station 3, capable of 32 units; Deficit = 32
---------------------------------------------------------------------
Station 1 practically produces 29 units
Station 2 practically produces 29 units
Station 3 practically produces 29 units
WIP Inventory [0, 0, 0]
---------------------------------------------------------------------
Graph building time: 0.00018s
Solving time: 0.00023s
Total time: 0.00042s
======================================================================


Updated Skill Levels:--------------------------------------------------
worker ID: 1 Skill Levels: [5, 29, 5]
worker ID: 2 Skill Levels: [29, 4, 4]
worker ID: 3 Skill Levels: [3, 3, 32]
================== Solving for Time Step 51 ==========================
Graph Info:-----------------------------------------------------------
Worker IDs : [1, 2, 3]
Station IDs : [4, 5, 6]
Start Nodes: [0, 0, 0, 1, 1, 1, 2, 2, 2, 3, 3, 3, 4, 5, 6]
End Nodes: [1, 2, 3, 4, 5, 6, 4, 5, 6, 4, 5, 6, 7, 7, 7]
Capacities: [1, 1, 1, 1, 1, 1, 1, 1, 1, 1, 1, 1, 1, 1, 1]
Costs: [0, 0, 0, 40, 16, 40, 16, 41, 41, 42, 42, 13, 0, 0, 0]
Supplies: [3, 0, 0, 0, 0, 0, 0, -3]
------------------- Minimizing Lost Sales ----------------------------
Total Minimum cost = 45
Worker 1 assigned to Station 2, capable of 29 units; Deficit = 16
Worker 2 assigned to Station 1, capable of 29 units; Deficit = 16
Worker 3 assigned to Station 3, capable of 32 units; Deficit = 13
---------------------------------------------------------------------
Station 1 practically produces 29 units
Station 2 practically produces 29 units
Station 3 practically produces 29 units
------------------- Minimizing Standard Deviation --------------------
Total Minimum cost = 57
Worker 1 assigned to Station 2, capable of 29 units; Deficit = 19
Worker 2 assigned to Station 1, capable of 29 units; Deficit = 19
Worker 3 assigned to Station 3, capable of 32 units; Deficit = 19
---------------------------------------------------------------------
Station 1 practically produces 29 units
Station 2 practically produces 29 units
Station 3 practically produces 29 units
WIP Inventory [0, 0, 0]
---------------------------------------------------------------------
Graph building time: 0.00018s
Solving time: 0.00024s
Total time: 0.00042s
======================================================================


Updated Skill Levels:--------------------------------------------------
worker ID: 1 Skill Levels: [5, 29, 5]
worker ID: 2 Skill Levels: [29, 4, 4]
worker ID: 3 Skill Levels: [3, 3, 32]
================== Solving for Time Step 52 ==========================
Graph Info:-----------------------------------------------------------
Worker IDs : [1, 2, 3]
Station IDs : [4, 5, 6]
Start Nodes: [0, 0, 0, 1, 1, 1, 2, 2, 2, 3, 3, 3, 4, 5, 6]
End Nodes: [1, 2, 3, 4, 5, 6, 4, 5, 6, 4, 5, 6, 7, 7, 7]
Capacities: [1, 1, 1, 1, 1, 1, 1, 1, 1, 1, 1, 1, 1, 1, 1]
Costs: [0, 0, 0, 43, 19, 43, 19, 44, 44, 45, 45, 16, 0, 0, 0]
Supplies: [3, 0, 0, 0, 0, 0, 0, -3]
------------------- Minimizing Lost Sales ----------------------------
Total Minimum cost = 54
Worker 1 assigned to Station 2, capable of 29 units; Deficit = 19
Worker 2 assigned to Station 1, capable of 29 units; Deficit = 19
Worker 3 assigned to Station 3, capable of 32 units; Deficit = 16
---------------------------------------------------------------------
Station 1 practically produces 29 units
Station 2 practically produces 29 units
Station 3 practically produces 29 units
------------------- Minimizing Standard Deviation --------------------
Total Minimum cost = 3
Worker 1 assigned to Station 2, capable of 29 units; Deficit = 0
Worker 2 assigned to Station 1, capable of 29 units; Deficit = 0
Worker 3 assigned to Station 3, capable of 32 units; Deficit = 3
---------------------------------------------------------------------
Station 1 practically produces 29 units
Station 2 practically produces 29 units
Station 3 practically produces 29 units
WIP Inventory [0, 0, 0]
---------------------------------------------------------------------
Graph building time: 0.00017s
Solving time: 0.00024s
Total time: 0.00041s
======================================================================


Updated Skill Levels:--------------------------------------------------
worker ID: 1 Skill Levels: [5, 29, 5]
worker ID: 2 Skill Levels: [29, 4, 4]
worker ID: 3 Skill Levels: [3, 3, 32]
======================================================================
Total experiment time: 0.02640s
