Experiment Date: 10/09/2019 17:16:30 

Demands: [4, 5, 6, 8, 9, 10, 13, 16, 12, 12, 11, 9, 12, 12, 12, 15, 14, 15, 16, 17, 18, 20, 22, 24, 25, 29, 32, 35, 34, 34, 33, 32, 33, 32, 35, 35, 33, 37, 38, 37, 38, 38, 40, 42, 43, 43, 45, 45, 46, 48, 48, 49]
Initial Skill Levels:--------------------------------------------------
worker ID: 1 Skill Levels: [10, 11, 7]
worker ID: 2 Skill Levels: [10, 6, 8]
worker ID: 3 Skill Levels: [7, 8, 12]
================== Solving for Time Step 1 ==========================
Graph Info:-----------------------------------------------------------
Worker IDs : [1, 2, 3]
Station IDs : [4, 5, 6]
Start Nodes: [0, 0, 0, 1, 1, 1, 2, 2, 2, 3, 3, 3, 4, 5, 6]
End Nodes: [1, 2, 3, 4, 5, 6, 4, 5, 6, 4, 5, 6, 7, 7, 7]
Capacities: [1, 1, 1, 1, 1, 1, 1, 1, 1, 1, 1, 1, 1, 1, 1]
Costs: [0, 0, 0, 6, 7, 3, 6, 2, 4, 3, 4, 8, 0, 0, 0]
Supplies: [3, 0, 0, 0, 0, 0, 0, -3]
------------------- Minimizing Lost Sales ----------------------------
Total Minimum cost = 8
Worker 1 assigned to Station 3, capable of 7 units; Deficit = 3
Worker 2 assigned to Station 2, capable of 6 units; Deficit = 2
Worker 3 assigned to Station 1, capable of 7 units; Deficit = 3
---------------------------------------------------------------------
Station 1 practically produces 7 units
Station 2 practically produces 6 units
Station 3 practically produces 6 units
------------------- Minimizing Standard Deviation --------------------
Total Minimum cost = 2549
Worker 1 assigned to Station 2, capable of 11 units; Deficit = 849
Worker 2 assigned to Station 1, capable of 10 units; Deficit = 887
Worker 3 assigned to Station 3, capable of 12 units; Deficit = 813
---------------------------------------------------------------------
Station 1 practically produces 10 units
Station 2 practically produces 10 units
Station 3 practically produces 10 units
WIP Inventory [0, 0, 0]
---------------------------------------------------------------------
Graph building time: 0.00046s
Solving time: 0.00030s
Total time: 0.00076s
======================================================================


Updated Skill Levels:--------------------------------------------------
worker ID: 1 Skill Levels: [9, 18, 6]
worker ID: 2 Skill Levels: [17, 5, 7]
worker ID: 3 Skill Levels: [6, 6, 19]
================== Solving for Time Step 2 ==========================
Graph Info:-----------------------------------------------------------
Worker IDs : [1, 2, 3]
Station IDs : [4, 5, 6]
Start Nodes: [0, 0, 0, 1, 1, 1, 2, 2, 2, 3, 3, 3, 4, 5, 6]
End Nodes: [1, 2, 3, 4, 5, 6, 4, 5, 6, 4, 5, 6, 7, 7, 7]
Capacities: [1, 1, 1, 1, 1, 1, 1, 1, 1, 1, 1, 1, 1, 1, 1]
Costs: [0, 0, 0, 4, 13, 1, 12, 0, 2, 1, 1, 14, 0, 0, 0]
Supplies: [3, 0, 0, 0, 0, 0, 0, -3]
------------------- Minimizing Lost Sales ----------------------------
Total Minimum cost = 2
Worker 1 assigned to Station 3, capable of 6 units; Deficit = 1
Worker 2 assigned to Station 2, capable of 5 units; Deficit = 0
Worker 3 assigned to Station 1, capable of 6 units; Deficit = 1
---------------------------------------------------------------------
Station 1 practically produces 6 units
Station 2 practically produces 5 units
Station 3 practically produces 5 units
------------------- Minimizing Standard Deviation --------------------
Total Minimum cost = 2057
Worker 1 assigned to Station 2, capable of 18 units; Deficit = 685
Worker 2 assigned to Station 1, capable of 17 units; Deficit = 698
Worker 3 assigned to Station 3, capable of 19 units; Deficit = 674
---------------------------------------------------------------------
Station 1 practically produces 17 units
Station 2 practically produces 17 units
Station 3 practically produces 17 units
WIP Inventory [0, 0, 0]
---------------------------------------------------------------------
Graph building time: 0.00038s
Solving time: 0.00024s
Total time: 0.00062s
======================================================================


Updated Skill Levels:--------------------------------------------------
worker ID: 1 Skill Levels: [8, 22, 5]
worker ID: 2 Skill Levels: [21, 4, 6]
worker ID: 3 Skill Levels: [5, 5, 24]
================== Solving for Time Step 3 ==========================
Graph Info:-----------------------------------------------------------
Worker IDs : [1, 2, 3]
Station IDs : [4, 5, 6]
Start Nodes: [0, 0, 0, 1, 1, 1, 2, 2, 2, 3, 3, 3, 4, 5, 6]
End Nodes: [1, 2, 3, 4, 5, 6, 4, 5, 6, 4, 5, 6, 7, 7, 7]
Capacities: [1, 1, 1, 1, 1, 1, 1, 1, 1, 1, 1, 1, 1, 1, 1]
Costs: [0, 0, 0, 2, 16, 1, 15, 2, 0, 1, 1, 18, 0, 0, 0]
Supplies: [3, 0, 0, 0, 0, 0, 0, -3]
------------------- Minimizing Lost Sales ----------------------------
Total Minimum cost = 3
Worker 1 assigned to Station 1, capable of 8 units; Deficit = 2
Worker 2 assigned to Station 3, capable of 6 units; Deficit = 0
Worker 3 assigned to Station 2, capable of 5 units; Deficit = 1
---------------------------------------------------------------------
Station 1 practically produces 8 units
Station 2 practically produces 5 units
Station 3 practically produces 5 units
------------------- Minimizing Standard Deviation --------------------
Total Minimum cost = 1878
Worker 1 assigned to Station 2, capable of 22 units; Deficit = 628
Worker 2 assigned to Station 1, capable of 21 units; Deficit = 638
Worker 3 assigned to Station 3, capable of 24 units; Deficit = 612
---------------------------------------------------------------------
Station 1 practically produces 21 units
Station 2 practically produces 21 units
Station 3 practically produces 21 units
WIP Inventory [0, 0, 0]
---------------------------------------------------------------------
Graph building time: 0.00038s
Solving time: 0.00024s
Total time: 0.00062s
======================================================================


Updated Skill Levels:--------------------------------------------------
worker ID: 1 Skill Levels: [7, 25, 4]
worker ID: 2 Skill Levels: [24, 3, 5]
worker ID: 3 Skill Levels: [4, 4, 27]
================== Solving for Time Step 4 ==========================
Graph Info:-----------------------------------------------------------
Worker IDs : [1, 2, 3]
Station IDs : [4, 5, 6]
Start Nodes: [0, 0, 0, 1, 1, 1, 2, 2, 2, 3, 3, 3, 4, 5, 6]
End Nodes: [1, 2, 3, 4, 5, 6, 4, 5, 6, 4, 5, 6, 7, 7, 7]
Capacities: [1, 1, 1, 1, 1, 1, 1, 1, 1, 1, 1, 1, 1, 1, 1]
Costs: [0, 0, 0, 1, 17, 4, 16, 5, 3, 4, 4, 19, 0, 0, 0]
Supplies: [3, 0, 0, 0, 0, 0, 0, -3]
------------------- Minimizing Lost Sales ----------------------------
Total Minimum cost = 8
Worker 1 assigned to Station 1, capable of 7 units; Deficit = 1
Worker 2 assigned to Station 3, capable of 5 units; Deficit = 3
Worker 3 assigned to Station 2, capable of 4 units; Deficit = 4
---------------------------------------------------------------------
Station 1 practically produces 7 units
Station 2 practically produces 4 units
Station 3 practically produces 4 units
------------------- Minimizing Standard Deviation --------------------
Total Minimum cost = 1767
Worker 1 assigned to Station 2, capable of 25 units; Deficit = 590
Worker 2 assigned to Station 1, capable of 24 units; Deficit = 597
Worker 3 assigned to Station 3, capable of 27 units; Deficit = 580
---------------------------------------------------------------------
Station 1 practically produces 24 units
Station 2 practically produces 24 units
Station 3 practically produces 24 units
WIP Inventory [0, 0, 0]
---------------------------------------------------------------------
Graph building time: 0.00037s
Solving time: 0.00024s
Total time: 0.00061s
======================================================================


Updated Skill Levels:--------------------------------------------------
worker ID: 1 Skill Levels: [6, 26, 3]
worker ID: 2 Skill Levels: [26, 3, 4]
worker ID: 3 Skill Levels: [3, 3, 29]
================== Solving for Time Step 5 ==========================
Graph Info:-----------------------------------------------------------
Worker IDs : [1, 2, 3]
Station IDs : [4, 5, 6]
Start Nodes: [0, 0, 0, 1, 1, 1, 2, 2, 2, 3, 3, 3, 4, 5, 6]
End Nodes: [1, 2, 3, 4, 5, 6, 4, 5, 6, 4, 5, 6, 7, 7, 7]
Capacities: [1, 1, 1, 1, 1, 1, 1, 1, 1, 1, 1, 1, 1, 1, 1]
Costs: [0, 0, 0, 3, 17, 6, 17, 6, 5, 6, 6, 20, 0, 0, 0]
Supplies: [3, 0, 0, 0, 0, 0, 0, -3]
------------------- Minimizing Lost Sales ----------------------------
Total Minimum cost = 14
Worker 1 assigned to Station 1, capable of 6 units; Deficit = 3
Worker 2 assigned to Station 3, capable of 4 units; Deficit = 5
Worker 3 assigned to Station 2, capable of 3 units; Deficit = 6
---------------------------------------------------------------------
Station 1 practically produces 6 units
Station 2 practically produces 3 units
Station 3 practically produces 3 units
------------------- Minimizing Standard Deviation --------------------
Total Minimum cost = 1689
Worker 1 assigned to Station 2, capable of 26 units; Deficit = 569
Worker 2 assigned to Station 1, capable of 26 units; Deficit = 569
Worker 3 assigned to Station 3, capable of 29 units; Deficit = 551
---------------------------------------------------------------------
Station 1 practically produces 26 units
Station 2 practically produces 26 units
Station 3 practically produces 26 units
WIP Inventory [0, 0, 0]
---------------------------------------------------------------------
Graph building time: 0.00037s
Solving time: 0.00025s
Total time: 0.00062s
======================================================================


Updated Skill Levels:--------------------------------------------------
worker ID: 1 Skill Levels: [5, 27, 3]
worker ID: 2 Skill Levels: [27, 3, 3]
worker ID: 3 Skill Levels: [3, 3, 30]
================== Solving for Time Step 6 ==========================
Graph Info:-----------------------------------------------------------
Worker IDs : [1, 2, 3]
Station IDs : [4, 5, 6]
Start Nodes: [0, 0, 0, 1, 1, 1, 2, 2, 2, 3, 3, 3, 4, 5, 6]
End Nodes: [1, 2, 3, 4, 5, 6, 4, 5, 6, 4, 5, 6, 7, 7, 7]
Capacities: [1, 1, 1, 1, 1, 1, 1, 1, 1, 1, 1, 1, 1, 1, 1]
Costs: [0, 0, 0, 5, 17, 7, 17, 7, 7, 7, 7, 20, 0, 0, 0]
Supplies: [3, 0, 0, 0, 0, 0, 0, -3]
------------------- Minimizing Lost Sales ----------------------------
Total Minimum cost = 19
Worker 1 assigned to Station 1, capable of 5 units; Deficit = 5
Worker 2 assigned to Station 3, capable of 3 units; Deficit = 7
Worker 3 assigned to Station 2, capable of 3 units; Deficit = 7
---------------------------------------------------------------------
Station 1 practically produces 5 units
Station 2 practically produces 3 units
Station 3 practically produces 3 units
------------------- Minimizing Standard Deviation --------------------
Total Minimum cost = 1619
Worker 1 assigned to Station 2, capable of 27 units; Deficit = 546
Worker 2 assigned to Station 1, capable of 27 units; Deficit = 546
Worker 3 assigned to Station 3, capable of 30 units; Deficit = 527
---------------------------------------------------------------------
Station 1 practically produces 27 units
Station 2 practically produces 27 units
Station 3 practically produces 27 units
WIP Inventory [0, 0, 0]
---------------------------------------------------------------------
Graph building time: 0.00042s
Solving time: 0.00024s
Total time: 0.00066s
======================================================================


Updated Skill Levels:--------------------------------------------------
worker ID: 1 Skill Levels: [4, 28, 3]
worker ID: 2 Skill Levels: [28, 3, 3]
worker ID: 3 Skill Levels: [3, 3, 31]
================== Solving for Time Step 7 ==========================
Graph Info:-----------------------------------------------------------
Worker IDs : [1, 2, 3]
Station IDs : [4, 5, 6]
Start Nodes: [0, 0, 0, 1, 1, 1, 2, 2, 2, 3, 3, 3, 4, 5, 6]
End Nodes: [1, 2, 3, 4, 5, 6, 4, 5, 6, 4, 5, 6, 7, 7, 7]
Capacities: [1, 1, 1, 1, 1, 1, 1, 1, 1, 1, 1, 1, 1, 1, 1]
Costs: [0, 0, 0, 9, 15, 10, 15, 10, 10, 10, 10, 18, 0, 0, 0]
Supplies: [3, 0, 0, 0, 0, 0, 0, -3]
------------------- Minimizing Lost Sales ----------------------------
Total Minimum cost = 29
Worker 1 assigned to Station 1, capable of 4 units; Deficit = 9
Worker 2 assigned to Station 3, capable of 3 units; Deficit = 10
Worker 3 assigned to Station 2, capable of 3 units; Deficit = 10
---------------------------------------------------------------------
Station 1 practically produces 4 units
Station 2 practically produces 3 units
Station 3 practically produces 3 units
------------------- Minimizing Standard Deviation --------------------
Total Minimum cost = 1555
Worker 1 assigned to Station 2, capable of 28 units; Deficit = 525
Worker 2 assigned to Station 1, capable of 28 units; Deficit = 525
Worker 3 assigned to Station 3, capable of 31 units; Deficit = 505
---------------------------------------------------------------------
Station 1 practically produces 28 units
Station 2 practically produces 28 units
Station 3 practically produces 28 units
WIP Inventory [0, 0, 0]
---------------------------------------------------------------------
Graph building time: 0.00037s
Solving time: 0.00025s
Total time: 0.00062s
======================================================================


Updated Skill Levels:--------------------------------------------------
worker ID: 1 Skill Levels: [3, 28, 3]
worker ID: 2 Skill Levels: [28, 3, 3]
worker ID: 3 Skill Levels: [3, 3, 32]
================== Solving for Time Step 8 ==========================
Graph Info:-----------------------------------------------------------
Worker IDs : [1, 2, 3]
Station IDs : [4, 5, 6]
Start Nodes: [0, 0, 0, 1, 1, 1, 2, 2, 2, 3, 3, 3, 4, 5, 6]
End Nodes: [1, 2, 3, 4, 5, 6, 4, 5, 6, 4, 5, 6, 7, 7, 7]
Capacities: [1, 1, 1, 1, 1, 1, 1, 1, 1, 1, 1, 1, 1, 1, 1]
Costs: [0, 0, 0, 13, 12, 13, 12, 13, 13, 13, 13, 16, 0, 0, 0]
Supplies: [3, 0, 0, 0, 0, 0, 0, -3]
------------------- Minimizing Lost Sales ----------------------------
Total Minimum cost = 38
Worker 1 assigned to Station 2, capable of 28 units; Deficit = 12
Worker 2 assigned to Station 3, capable of 3 units; Deficit = 13
Worker 3 assigned to Station 1, capable of 3 units; Deficit = 13
---------------------------------------------------------------------
Station 1 practically produces 3 units
Station 2 practically produces 3 units
Station 3 practically produces 3 units
------------------- Minimizing Standard Deviation --------------------
Total Minimum cost = 1509
Worker 1 assigned to Station 2, capable of 28 units; Deficit = 513
Worker 2 assigned to Station 1, capable of 28 units; Deficit = 513
Worker 3 assigned to Station 3, capable of 32 units; Deficit = 483
---------------------------------------------------------------------
Station 1 practically produces 28 units
Station 2 practically produces 28 units
Station 3 practically produces 28 units
WIP Inventory [0, 0, 0]
---------------------------------------------------------------------
Graph building time: 0.00036s
Solving time: 0.00024s
Total time: 0.00060s
======================================================================


Updated Skill Levels:--------------------------------------------------
worker ID: 1 Skill Levels: [3, 28, 3]
worker ID: 2 Skill Levels: [28, 3, 3]
worker ID: 3 Skill Levels: [3, 3, 32]
================== Solving for Time Step 9 ==========================
Graph Info:-----------------------------------------------------------
Worker IDs : [1, 2, 3]
Station IDs : [4, 5, 6]
Start Nodes: [0, 0, 0, 1, 1, 1, 2, 2, 2, 3, 3, 3, 4, 5, 6]
End Nodes: [1, 2, 3, 4, 5, 6, 4, 5, 6, 4, 5, 6, 7, 7, 7]
Capacities: [1, 1, 1, 1, 1, 1, 1, 1, 1, 1, 1, 1, 1, 1, 1]
Costs: [0, 0, 0, 9, 16, 9, 16, 9, 9, 9, 9, 20, 0, 0, 0]
Supplies: [3, 0, 0, 0, 0, 0, 0, -3]
------------------- Minimizing Lost Sales ----------------------------
Total Minimum cost = 27
Worker 1 assigned to Station 3, capable of 3 units; Deficit = 9
Worker 2 assigned to Station 2, capable of 3 units; Deficit = 9
Worker 3 assigned to Station 1, capable of 3 units; Deficit = 9
---------------------------------------------------------------------
Station 1 practically produces 3 units
Station 2 practically produces 3 units
Station 3 practically produces 3 units
------------------- Minimizing Standard Deviation --------------------
Total Minimum cost = 1457
Worker 1 assigned to Station 2, capable of 28 units; Deficit = 497
Worker 2 assigned to Station 1, capable of 28 units; Deficit = 497
Worker 3 assigned to Station 3, capable of 32 units; Deficit = 463
---------------------------------------------------------------------
Station 1 practically produces 28 units
Station 2 practically produces 28 units
Station 3 practically produces 28 units
WIP Inventory [0, 0, 0]
---------------------------------------------------------------------
Graph building time: 0.00037s
Solving time: 0.00027s
Total time: 0.00064s
======================================================================


Updated Skill Levels:--------------------------------------------------
worker ID: 1 Skill Levels: [3, 28, 3]
worker ID: 2 Skill Levels: [28, 3, 3]
worker ID: 3 Skill Levels: [3, 3, 32]
================== Solving for Time Step 10 ==========================
Graph Info:-----------------------------------------------------------
Worker IDs : [1, 2, 3]
Station IDs : [4, 5, 6]
Start Nodes: [0, 0, 0, 1, 1, 1, 2, 2, 2, 3, 3, 3, 4, 5, 6]
End Nodes: [1, 2, 3, 4, 5, 6, 4, 5, 6, 4, 5, 6, 7, 7, 7]
Capacities: [1, 1, 1, 1, 1, 1, 1, 1, 1, 1, 1, 1, 1, 1, 1]
Costs: [0, 0, 0, 9, 16, 9, 16, 9, 9, 9, 9, 20, 0, 0, 0]
Supplies: [3, 0, 0, 0, 0, 0, 0, -3]
------------------- Minimizing Lost Sales ----------------------------
Total Minimum cost = 27
Worker 1 assigned to Station 3, capable of 3 units; Deficit = 9
Worker 2 assigned to Station 2, capable of 3 units; Deficit = 9
Worker 3 assigned to Station 1, capable of 3 units; Deficit = 9
---------------------------------------------------------------------
Station 1 practically produces 3 units
Station 2 practically produces 3 units
Station 3 practically produces 3 units
------------------- Minimizing Standard Deviation --------------------
Total Minimum cost = 1405
Worker 1 assigned to Station 2, capable of 28 units; Deficit = 481
Worker 2 assigned to Station 1, capable of 28 units; Deficit = 481
Worker 3 assigned to Station 3, capable of 32 units; Deficit = 443
---------------------------------------------------------------------
Station 1 practically produces 28 units
Station 2 practically produces 28 units
Station 3 practically produces 28 units
WIP Inventory [0, 0, 0]
---------------------------------------------------------------------
Graph building time: 0.00036s
Solving time: 0.00024s
Total time: 0.00060s
======================================================================


Updated Skill Levels:--------------------------------------------------
worker ID: 1 Skill Levels: [3, 28, 3]
worker ID: 2 Skill Levels: [28, 3, 3]
worker ID: 3 Skill Levels: [3, 3, 32]
================== Solving for Time Step 11 ==========================
Graph Info:-----------------------------------------------------------
Worker IDs : [1, 2, 3]
Station IDs : [4, 5, 6]
Start Nodes: [0, 0, 0, 1, 1, 1, 2, 2, 2, 3, 3, 3, 4, 5, 6]
End Nodes: [1, 2, 3, 4, 5, 6, 4, 5, 6, 4, 5, 6, 7, 7, 7]
Capacities: [1, 1, 1, 1, 1, 1, 1, 1, 1, 1, 1, 1, 1, 1, 1]
Costs: [0, 0, 0, 8, 17, 8, 17, 8, 8, 8, 8, 21, 0, 0, 0]
Supplies: [3, 0, 0, 0, 0, 0, 0, -3]
------------------- Minimizing Lost Sales ----------------------------
Total Minimum cost = 24
Worker 1 assigned to Station 3, capable of 3 units; Deficit = 8
Worker 2 assigned to Station 2, capable of 3 units; Deficit = 8
Worker 3 assigned to Station 1, capable of 3 units; Deficit = 8
---------------------------------------------------------------------
Station 1 practically produces 3 units
Station 2 practically produces 3 units
Station 3 practically produces 3 units
------------------- Minimizing Standard Deviation --------------------
Total Minimum cost = 1350
Worker 1 assigned to Station 2, capable of 28 units; Deficit = 464
Worker 2 assigned to Station 1, capable of 28 units; Deficit = 464
Worker 3 assigned to Station 3, capable of 32 units; Deficit = 422
---------------------------------------------------------------------
Station 1 practically produces 28 units
Station 2 practically produces 28 units
Station 3 practically produces 28 units
WIP Inventory [0, 0, 0]
---------------------------------------------------------------------
Graph building time: 0.00035s
Solving time: 0.00024s
Total time: 0.00059s
======================================================================


Updated Skill Levels:--------------------------------------------------
worker ID: 1 Skill Levels: [3, 28, 3]
worker ID: 2 Skill Levels: [28, 3, 3]
worker ID: 3 Skill Levels: [3, 3, 32]
================== Solving for Time Step 12 ==========================
Graph Info:-----------------------------------------------------------
Worker IDs : [1, 2, 3]
Station IDs : [4, 5, 6]
Start Nodes: [0, 0, 0, 1, 1, 1, 2, 2, 2, 3, 3, 3, 4, 5, 6]
End Nodes: [1, 2, 3, 4, 5, 6, 4, 5, 6, 4, 5, 6, 7, 7, 7]
Capacities: [1, 1, 1, 1, 1, 1, 1, 1, 1, 1, 1, 1, 1, 1, 1]
Costs: [0, 0, 0, 6, 19, 6, 19, 6, 6, 6, 6, 23, 0, 0, 0]
Supplies: [3, 0, 0, 0, 0, 0, 0, -3]
------------------- Minimizing Lost Sales ----------------------------
Total Minimum cost = 18
Worker 1 assigned to Station 3, capable of 3 units; Deficit = 6
Worker 2 assigned to Station 2, capable of 3 units; Deficit = 6
Worker 3 assigned to Station 1, capable of 3 units; Deficit = 6
---------------------------------------------------------------------
Station 1 practically produces 3 units
Station 2 practically produces 3 units
Station 3 practically produces 3 units
------------------- Minimizing Standard Deviation --------------------
Total Minimum cost = 1289
Worker 1 assigned to Station 2, capable of 28 units; Deficit = 445
Worker 2 assigned to Station 1, capable of 28 units; Deficit = 445
Worker 3 assigned to Station 3, capable of 32 units; Deficit = 399
---------------------------------------------------------------------
Station 1 practically produces 28 units
Station 2 practically produces 28 units
Station 3 practically produces 28 units
WIP Inventory [0, 0, 0]
---------------------------------------------------------------------
Graph building time: 0.00035s
Solving time: 0.00024s
Total time: 0.00059s
======================================================================


Updated Skill Levels:--------------------------------------------------
worker ID: 1 Skill Levels: [3, 28, 3]
worker ID: 2 Skill Levels: [28, 3, 3]
worker ID: 3 Skill Levels: [3, 3, 32]
================== Solving for Time Step 13 ==========================
Graph Info:-----------------------------------------------------------
Worker IDs : [1, 2, 3]
Station IDs : [4, 5, 6]
Start Nodes: [0, 0, 0, 1, 1, 1, 2, 2, 2, 3, 3, 3, 4, 5, 6]
End Nodes: [1, 2, 3, 4, 5, 6, 4, 5, 6, 4, 5, 6, 7, 7, 7]
Capacities: [1, 1, 1, 1, 1, 1, 1, 1, 1, 1, 1, 1, 1, 1, 1]
Costs: [0, 0, 0, 9, 16, 9, 16, 9, 9, 9, 9, 20, 0, 0, 0]
Supplies: [3, 0, 0, 0, 0, 0, 0, -3]
------------------- Minimizing Lost Sales ----------------------------
Total Minimum cost = 27
Worker 1 assigned to Station 3, capable of 3 units; Deficit = 9
Worker 2 assigned to Station 2, capable of 3 units; Deficit = 9
Worker 3 assigned to Station 1, capable of 3 units; Deficit = 9
---------------------------------------------------------------------
Station 1 practically produces 3 units
Station 2 practically produces 3 units
Station 3 practically produces 3 units
------------------- Minimizing Standard Deviation --------------------
Total Minimum cost = 1237
Worker 1 assigned to Station 2, capable of 28 units; Deficit = 429
Worker 2 assigned to Station 1, capable of 28 units; Deficit = 429
Worker 3 assigned to Station 3, capable of 32 units; Deficit = 379
---------------------------------------------------------------------
Station 1 practically produces 28 units
Station 2 practically produces 28 units
Station 3 practically produces 28 units
WIP Inventory [0, 0, 0]
---------------------------------------------------------------------
Graph building time: 0.00038s
Solving time: 0.00024s
Total time: 0.00062s
======================================================================


Updated Skill Levels:--------------------------------------------------
worker ID: 1 Skill Levels: [3, 28, 3]
worker ID: 2 Skill Levels: [28, 3, 3]
worker ID: 3 Skill Levels: [3, 3, 32]
================== Solving for Time Step 14 ==========================
Graph Info:-----------------------------------------------------------
Worker IDs : [1, 2, 3]
Station IDs : [4, 5, 6]
Start Nodes: [0, 0, 0, 1, 1, 1, 2, 2, 2, 3, 3, 3, 4, 5, 6]
End Nodes: [1, 2, 3, 4, 5, 6, 4, 5, 6, 4, 5, 6, 7, 7, 7]
Capacities: [1, 1, 1, 1, 1, 1, 1, 1, 1, 1, 1, 1, 1, 1, 1]
Costs: [0, 0, 0, 9, 16, 9, 16, 9, 9, 9, 9, 20, 0, 0, 0]
Supplies: [3, 0, 0, 0, 0, 0, 0, -3]
------------------- Minimizing Lost Sales ----------------------------
Total Minimum cost = 27
Worker 1 assigned to Station 3, capable of 3 units; Deficit = 9
Worker 2 assigned to Station 2, capable of 3 units; Deficit = 9
Worker 3 assigned to Station 1, capable of 3 units; Deficit = 9
---------------------------------------------------------------------
Station 1 practically produces 3 units
Station 2 practically produces 3 units
Station 3 practically produces 3 units
------------------- Minimizing Standard Deviation --------------------
Total Minimum cost = 1185
Worker 1 assigned to Station 2, capable of 28 units; Deficit = 413
Worker 2 assigned to Station 1, capable of 28 units; Deficit = 413
Worker 3 assigned to Station 3, capable of 32 units; Deficit = 359
---------------------------------------------------------------------
Station 1 practically produces 28 units
Station 2 practically produces 28 units
Station 3 practically produces 28 units
WIP Inventory [0, 0, 0]
---------------------------------------------------------------------
Graph building time: 0.00038s
Solving time: 0.00027s
Total time: 0.00064s
======================================================================


Updated Skill Levels:--------------------------------------------------
worker ID: 1 Skill Levels: [3, 28, 3]
worker ID: 2 Skill Levels: [28, 3, 3]
worker ID: 3 Skill Levels: [3, 3, 32]
================== Solving for Time Step 15 ==========================
Graph Info:-----------------------------------------------------------
Worker IDs : [1, 2, 3]
Station IDs : [4, 5, 6]
Start Nodes: [0, 0, 0, 1, 1, 1, 2, 2, 2, 3, 3, 3, 4, 5, 6]
End Nodes: [1, 2, 3, 4, 5, 6, 4, 5, 6, 4, 5, 6, 7, 7, 7]
Capacities: [1, 1, 1, 1, 1, 1, 1, 1, 1, 1, 1, 1, 1, 1, 1]
Costs: [0, 0, 0, 9, 16, 9, 16, 9, 9, 9, 9, 20, 0, 0, 0]
Supplies: [3, 0, 0, 0, 0, 0, 0, -3]
------------------- Minimizing Lost Sales ----------------------------
Total Minimum cost = 27
Worker 1 assigned to Station 3, capable of 3 units; Deficit = 9
Worker 2 assigned to Station 2, capable of 3 units; Deficit = 9
Worker 3 assigned to Station 1, capable of 3 units; Deficit = 9
---------------------------------------------------------------------
Station 1 practically produces 3 units
Station 2 practically produces 3 units
Station 3 practically produces 3 units
------------------- Minimizing Standard Deviation --------------------
Total Minimum cost = 1133
Worker 1 assigned to Station 2, capable of 28 units; Deficit = 397
Worker 2 assigned to Station 1, capable of 28 units; Deficit = 397
Worker 3 assigned to Station 3, capable of 32 units; Deficit = 339
---------------------------------------------------------------------
Station 1 practically produces 28 units
Station 2 practically produces 28 units
Station 3 practically produces 28 units
WIP Inventory [0, 0, 0]
---------------------------------------------------------------------
Graph building time: 0.00034s
Solving time: 0.00024s
Total time: 0.00058s
======================================================================


Updated Skill Levels:--------------------------------------------------
worker ID: 1 Skill Levels: [3, 28, 3]
worker ID: 2 Skill Levels: [28, 3, 3]
worker ID: 3 Skill Levels: [3, 3, 32]
================== Solving for Time Step 16 ==========================
Graph Info:-----------------------------------------------------------
Worker IDs : [1, 2, 3]
Station IDs : [4, 5, 6]
Start Nodes: [0, 0, 0, 1, 1, 1, 2, 2, 2, 3, 3, 3, 4, 5, 6]
End Nodes: [1, 2, 3, 4, 5, 6, 4, 5, 6, 4, 5, 6, 7, 7, 7]
Capacities: [1, 1, 1, 1, 1, 1, 1, 1, 1, 1, 1, 1, 1, 1, 1]
Costs: [0, 0, 0, 12, 13, 12, 13, 12, 12, 12, 12, 17, 0, 0, 0]
Supplies: [3, 0, 0, 0, 0, 0, 0, -3]
------------------- Minimizing Lost Sales ----------------------------
Total Minimum cost = 36
Worker 1 assigned to Station 3, capable of 3 units; Deficit = 12
Worker 2 assigned to Station 2, capable of 3 units; Deficit = 12
Worker 3 assigned to Station 1, capable of 3 units; Deficit = 12
---------------------------------------------------------------------
Station 1 practically produces 3 units
Station 2 practically produces 3 units
Station 3 practically produces 3 units
------------------- Minimizing Standard Deviation --------------------
Total Minimum cost = 1090
Worker 1 assigned to Station 2, capable of 28 units; Deficit = 384
Worker 2 assigned to Station 1, capable of 28 units; Deficit = 384
Worker 3 assigned to Station 3, capable of 32 units; Deficit = 322
---------------------------------------------------------------------
Station 1 practically produces 28 units
Station 2 practically produces 28 units
Station 3 practically produces 28 units
WIP Inventory [0, 0, 0]
---------------------------------------------------------------------
Graph building time: 0.00034s
Solving time: 0.00024s
Total time: 0.00058s
======================================================================


Updated Skill Levels:--------------------------------------------------
worker ID: 1 Skill Levels: [3, 28, 3]
worker ID: 2 Skill Levels: [28, 3, 3]
worker ID: 3 Skill Levels: [3, 3, 32]
================== Solving for Time Step 17 ==========================
Graph Info:-----------------------------------------------------------
Worker IDs : [1, 2, 3]
Station IDs : [4, 5, 6]
Start Nodes: [0, 0, 0, 1, 1, 1, 2, 2, 2, 3, 3, 3, 4, 5, 6]
End Nodes: [1, 2, 3, 4, 5, 6, 4, 5, 6, 4, 5, 6, 7, 7, 7]
Capacities: [1, 1, 1, 1, 1, 1, 1, 1, 1, 1, 1, 1, 1, 1, 1]
Costs: [0, 0, 0, 11, 14, 11, 14, 11, 11, 11, 11, 18, 0, 0, 0]
Supplies: [3, 0, 0, 0, 0, 0, 0, -3]
------------------- Minimizing Lost Sales ----------------------------
Total Minimum cost = 33
Worker 1 assigned to Station 1, capable of 3 units; Deficit = 11
Worker 2 assigned to Station 3, capable of 3 units; Deficit = 11
Worker 3 assigned to Station 2, capable of 3 units; Deficit = 11
---------------------------------------------------------------------
Station 1 practically produces 3 units
Station 2 practically produces 3 units
Station 3 practically produces 3 units
------------------- Minimizing Standard Deviation --------------------
Total Minimum cost = 1044
Worker 1 assigned to Station 2, capable of 28 units; Deficit = 370
Worker 2 assigned to Station 1, capable of 28 units; Deficit = 370
Worker 3 assigned to Station 3, capable of 32 units; Deficit = 304
---------------------------------------------------------------------
Station 1 practically produces 28 units
Station 2 practically produces 28 units
Station 3 practically produces 28 units
WIP Inventory [0, 0, 0]
---------------------------------------------------------------------
Graph building time: 0.00037s
Solving time: 0.00024s
Total time: 0.00060s
======================================================================


Updated Skill Levels:--------------------------------------------------
worker ID: 1 Skill Levels: [3, 28, 3]
worker ID: 2 Skill Levels: [28, 3, 3]
worker ID: 3 Skill Levels: [3, 3, 32]
================== Solving for Time Step 18 ==========================
Graph Info:-----------------------------------------------------------
Worker IDs : [1, 2, 3]
Station IDs : [4, 5, 6]
Start Nodes: [0, 0, 0, 1, 1, 1, 2, 2, 2, 3, 3, 3, 4, 5, 6]
End Nodes: [1, 2, 3, 4, 5, 6, 4, 5, 6, 4, 5, 6, 7, 7, 7]
Capacities: [1, 1, 1, 1, 1, 1, 1, 1, 1, 1, 1, 1, 1, 1, 1]
Costs: [0, 0, 0, 12, 13, 12, 13, 12, 12, 12, 12, 17, 0, 0, 0]
Supplies: [3, 0, 0, 0, 0, 0, 0, -3]
------------------- Minimizing Lost Sales ----------------------------
Total Minimum cost = 36
Worker 1 assigned to Station 3, capable of 3 units; Deficit = 12
Worker 2 assigned to Station 2, capable of 3 units; Deficit = 12
Worker 3 assigned to Station 1, capable of 3 units; Deficit = 12
---------------------------------------------------------------------
Station 1 practically produces 3 units
Station 2 practically produces 3 units
Station 3 practically produces 3 units
------------------- Minimizing Standard Deviation --------------------
Total Minimum cost = 1001
Worker 1 assigned to Station 2, capable of 28 units; Deficit = 357
Worker 2 assigned to Station 1, capable of 28 units; Deficit = 357
Worker 3 assigned to Station 3, capable of 32 units; Deficit = 287
---------------------------------------------------------------------
Station 1 practically produces 28 units
Station 2 practically produces 28 units
Station 3 practically produces 28 units
WIP Inventory [0, 0, 0]
---------------------------------------------------------------------
Graph building time: 0.00036s
Solving time: 0.00024s
Total time: 0.00060s
======================================================================


Updated Skill Levels:--------------------------------------------------
worker ID: 1 Skill Levels: [3, 28, 3]
worker ID: 2 Skill Levels: [28, 3, 3]
worker ID: 3 Skill Levels: [3, 3, 32]
================== Solving for Time Step 19 ==========================
Graph Info:-----------------------------------------------------------
Worker IDs : [1, 2, 3]
Station IDs : [4, 5, 6]
Start Nodes: [0, 0, 0, 1, 1, 1, 2, 2, 2, 3, 3, 3, 4, 5, 6]
End Nodes: [1, 2, 3, 4, 5, 6, 4, 5, 6, 4, 5, 6, 7, 7, 7]
Capacities: [1, 1, 1, 1, 1, 1, 1, 1, 1, 1, 1, 1, 1, 1, 1]
Costs: [0, 0, 0, 13, 12, 13, 12, 13, 13, 13, 13, 16, 0, 0, 0]
Supplies: [3, 0, 0, 0, 0, 0, 0, -3]
------------------- Minimizing Lost Sales ----------------------------
Total Minimum cost = 38
Worker 1 assigned to Station 2, capable of 28 units; Deficit = 12
Worker 2 assigned to Station 3, capable of 3 units; Deficit = 13
Worker 3 assigned to Station 1, capable of 3 units; Deficit = 13
---------------------------------------------------------------------
Station 1 practically produces 3 units
Station 2 practically produces 3 units
Station 3 practically produces 3 units
------------------- Minimizing Standard Deviation --------------------
Total Minimum cost = 961
Worker 1 assigned to Station 2, capable of 28 units; Deficit = 345
Worker 2 assigned to Station 1, capable of 28 units; Deficit = 345
Worker 3 assigned to Station 3, capable of 32 units; Deficit = 271
---------------------------------------------------------------------
Station 1 practically produces 28 units
Station 2 practically produces 28 units
Station 3 practically produces 28 units
WIP Inventory [0, 0, 0]
---------------------------------------------------------------------
Graph building time: 0.00033s
Solving time: 0.00027s
Total time: 0.00060s
======================================================================


Updated Skill Levels:--------------------------------------------------
worker ID: 1 Skill Levels: [3, 28, 3]
worker ID: 2 Skill Levels: [28, 3, 3]
worker ID: 3 Skill Levels: [3, 3, 32]
================== Solving for Time Step 20 ==========================
Graph Info:-----------------------------------------------------------
Worker IDs : [1, 2, 3]
Station IDs : [4, 5, 6]
Start Nodes: [0, 0, 0, 1, 1, 1, 2, 2, 2, 3, 3, 3, 4, 5, 6]
End Nodes: [1, 2, 3, 4, 5, 6, 4, 5, 6, 4, 5, 6, 7, 7, 7]
Capacities: [1, 1, 1, 1, 1, 1, 1, 1, 1, 1, 1, 1, 1, 1, 1]
Costs: [0, 0, 0, 14, 11, 14, 11, 14, 14, 14, 14, 15, 0, 0, 0]
Supplies: [3, 0, 0, 0, 0, 0, 0, -3]
------------------- Minimizing Lost Sales ----------------------------
Total Minimum cost = 37
Worker 1 assigned to Station 2, capable of 28 units; Deficit = 11
Worker 2 assigned to Station 1, capable of 28 units; Deficit = 11
Worker 3 assigned to Station 3, capable of 32 units; Deficit = 15
---------------------------------------------------------------------
Station 1 practically produces 28 units
Station 2 practically produces 28 units
Station 3 practically produces 28 units
------------------- Minimizing Standard Deviation --------------------
Total Minimum cost = 849
Worker 1 assigned to Station 2, capable of 28 units; Deficit = 309
Worker 2 assigned to Station 1, capable of 28 units; Deficit = 309
Worker 3 assigned to Station 3, capable of 32 units; Deficit = 231
---------------------------------------------------------------------
Station 1 practically produces 28 units
Station 2 practically produces 28 units
Station 3 practically produces 28 units
WIP Inventory [0, 0, 0]
---------------------------------------------------------------------
Graph building time: 0.00033s
Solving time: 0.00024s
Total time: 0.00056s
======================================================================


Updated Skill Levels:--------------------------------------------------
worker ID: 1 Skill Levels: [3, 28, 3]
worker ID: 2 Skill Levels: [28, 3, 3]
worker ID: 3 Skill Levels: [3, 3, 32]
================== Solving for Time Step 21 ==========================
Graph Info:-----------------------------------------------------------
Worker IDs : [1, 2, 3]
Station IDs : [4, 5, 6]
Start Nodes: [0, 0, 0, 1, 1, 1, 2, 2, 2, 3, 3, 3, 4, 5, 6]
End Nodes: [1, 2, 3, 4, 5, 6, 4, 5, 6, 4, 5, 6, 7, 7, 7]
Capacities: [1, 1, 1, 1, 1, 1, 1, 1, 1, 1, 1, 1, 1, 1, 1]
Costs: [0, 0, 0, 15, 10, 15, 10, 15, 15, 15, 15, 14, 0, 0, 0]
Supplies: [3, 0, 0, 0, 0, 0, 0, -3]
------------------- Minimizing Lost Sales ----------------------------
Total Minimum cost = 34
Worker 1 assigned to Station 2, capable of 28 units; Deficit = 10
Worker 2 assigned to Station 1, capable of 28 units; Deficit = 10
Worker 3 assigned to Station 3, capable of 32 units; Deficit = 14
---------------------------------------------------------------------
Station 1 practically produces 28 units
Station 2 practically produces 28 units
Station 3 practically produces 28 units
------------------- Minimizing Standard Deviation --------------------
Total Minimum cost = 815
Worker 1 assigned to Station 2, capable of 28 units; Deficit = 299
Worker 2 assigned to Station 1, capable of 28 units; Deficit = 299
Worker 3 assigned to Station 3, capable of 32 units; Deficit = 217
---------------------------------------------------------------------
Station 1 practically produces 28 units
Station 2 practically produces 28 units
Station 3 practically produces 28 units
WIP Inventory [0, 0, 0]
---------------------------------------------------------------------
Graph building time: 0.00033s
Solving time: 0.00024s
Total time: 0.00056s
======================================================================


Updated Skill Levels:--------------------------------------------------
worker ID: 1 Skill Levels: [3, 28, 3]
worker ID: 2 Skill Levels: [28, 3, 3]
worker ID: 3 Skill Levels: [3, 3, 32]
================== Solving for Time Step 22 ==========================
Graph Info:-----------------------------------------------------------
Worker IDs : [1, 2, 3]
Station IDs : [4, 5, 6]
Start Nodes: [0, 0, 0, 1, 1, 1, 2, 2, 2, 3, 3, 3, 4, 5, 6]
End Nodes: [1, 2, 3, 4, 5, 6, 4, 5, 6, 4, 5, 6, 7, 7, 7]
Capacities: [1, 1, 1, 1, 1, 1, 1, 1, 1, 1, 1, 1, 1, 1, 1]
Costs: [0, 0, 0, 17, 8, 17, 8, 17, 17, 17, 17, 12, 0, 0, 0]
Supplies: [3, 0, 0, 0, 0, 0, 0, -3]
------------------- Minimizing Lost Sales ----------------------------
Total Minimum cost = 28
Worker 1 assigned to Station 2, capable of 28 units; Deficit = 8
Worker 2 assigned to Station 1, capable of 28 units; Deficit = 8
Worker 3 assigned to Station 3, capable of 32 units; Deficit = 12
---------------------------------------------------------------------
Station 1 practically produces 28 units
Station 2 practically produces 28 units
Station 3 practically produces 28 units
------------------- Minimizing Standard Deviation --------------------
Total Minimum cost = 787
Worker 1 assigned to Station 2, capable of 28 units; Deficit = 291
Worker 2 assigned to Station 1, capable of 28 units; Deficit = 291
Worker 3 assigned to Station 3, capable of 32 units; Deficit = 205
---------------------------------------------------------------------
Station 1 practically produces 28 units
Station 2 practically produces 28 units
Station 3 practically produces 28 units
WIP Inventory [0, 0, 0]
---------------------------------------------------------------------
Graph building time: 0.00035s
Solving time: 0.00026s
Total time: 0.00061s
======================================================================


Updated Skill Levels:--------------------------------------------------
worker ID: 1 Skill Levels: [3, 28, 3]
worker ID: 2 Skill Levels: [28, 3, 3]
worker ID: 3 Skill Levels: [3, 3, 32]
================== Solving for Time Step 23 ==========================
Graph Info:-----------------------------------------------------------
Worker IDs : [1, 2, 3]
Station IDs : [4, 5, 6]
Start Nodes: [0, 0, 0, 1, 1, 1, 2, 2, 2, 3, 3, 3, 4, 5, 6]
End Nodes: [1, 2, 3, 4, 5, 6, 4, 5, 6, 4, 5, 6, 7, 7, 7]
Capacities: [1, 1, 1, 1, 1, 1, 1, 1, 1, 1, 1, 1, 1, 1, 1]
Costs: [0, 0, 0, 19, 6, 19, 6, 19, 19, 19, 19, 10, 0, 0, 0]
Supplies: [3, 0, 0, 0, 0, 0, 0, -3]
------------------- Minimizing Lost Sales ----------------------------
Total Minimum cost = 22
Worker 1 assigned to Station 2, capable of 28 units; Deficit = 6
Worker 2 assigned to Station 1, capable of 28 units; Deficit = 6
Worker 3 assigned to Station 3, capable of 32 units; Deficit = 10
---------------------------------------------------------------------
Station 1 practically produces 28 units
Station 2 practically produces 28 units
Station 3 practically produces 28 units
------------------- Minimizing Standard Deviation --------------------
Total Minimum cost = 765
Worker 1 assigned to Station 2, capable of 28 units; Deficit = 285
Worker 2 assigned to Station 1, capable of 28 units; Deficit = 285
Worker 3 assigned to Station 3, capable of 32 units; Deficit = 195
---------------------------------------------------------------------
Station 1 practically produces 28 units
Station 2 practically produces 28 units
Station 3 practically produces 28 units
WIP Inventory [0, 0, 0]
---------------------------------------------------------------------
Graph building time: 0.00032s
Solving time: 0.00023s
Total time: 0.00056s
======================================================================


Updated Skill Levels:--------------------------------------------------
worker ID: 1 Skill Levels: [3, 28, 3]
worker ID: 2 Skill Levels: [28, 3, 3]
worker ID: 3 Skill Levels: [3, 3, 32]
================== Solving for Time Step 24 ==========================
Graph Info:-----------------------------------------------------------
Worker IDs : [1, 2, 3]
Station IDs : [4, 5, 6]
Start Nodes: [0, 0, 0, 1, 1, 1, 2, 2, 2, 3, 3, 3, 4, 5, 6]
End Nodes: [1, 2, 3, 4, 5, 6, 4, 5, 6, 4, 5, 6, 7, 7, 7]
Capacities: [1, 1, 1, 1, 1, 1, 1, 1, 1, 1, 1, 1, 1, 1, 1]
Costs: [0, 0, 0, 21, 4, 21, 4, 21, 21, 21, 21, 8, 0, 0, 0]
Supplies: [3, 0, 0, 0, 0, 0, 0, -3]
------------------- Minimizing Lost Sales ----------------------------
Total Minimum cost = 16
Worker 1 assigned to Station 2, capable of 28 units; Deficit = 4
Worker 2 assigned to Station 1, capable of 28 units; Deficit = 4
Worker 3 assigned to Station 3, capable of 32 units; Deficit = 8
---------------------------------------------------------------------
Station 1 practically produces 28 units
Station 2 practically produces 28 units
Station 3 practically produces 28 units
------------------- Minimizing Standard Deviation --------------------
Total Minimum cost = 749
Worker 1 assigned to Station 2, capable of 28 units; Deficit = 281
Worker 2 assigned to Station 1, capable of 28 units; Deficit = 281
Worker 3 assigned to Station 3, capable of 32 units; Deficit = 187
---------------------------------------------------------------------
Station 1 practically produces 28 units
Station 2 practically produces 28 units
Station 3 practically produces 28 units
WIP Inventory [0, 0, 0]
---------------------------------------------------------------------
Graph building time: 0.00032s
Solving time: 0.00023s
Total time: 0.00055s
======================================================================


Updated Skill Levels:--------------------------------------------------
worker ID: 1 Skill Levels: [3, 28, 3]
worker ID: 2 Skill Levels: [28, 3, 3]
worker ID: 3 Skill Levels: [3, 3, 32]
================== Solving for Time Step 25 ==========================
Graph Info:-----------------------------------------------------------
Worker IDs : [1, 2, 3]
Station IDs : [4, 5, 6]
Start Nodes: [0, 0, 0, 1, 1, 1, 2, 2, 2, 3, 3, 3, 4, 5, 6]
End Nodes: [1, 2, 3, 4, 5, 6, 4, 5, 6, 4, 5, 6, 7, 7, 7]
Capacities: [1, 1, 1, 1, 1, 1, 1, 1, 1, 1, 1, 1, 1, 1, 1]
Costs: [0, 0, 0, 22, 3, 22, 3, 22, 22, 22, 22, 7, 0, 0, 0]
Supplies: [3, 0, 0, 0, 0, 0, 0, -3]
------------------- Minimizing Lost Sales ----------------------------
Total Minimum cost = 13
Worker 1 assigned to Station 2, capable of 28 units; Deficit = 3
Worker 2 assigned to Station 1, capable of 28 units; Deficit = 3
Worker 3 assigned to Station 3, capable of 32 units; Deficit = 7
---------------------------------------------------------------------
Station 1 practically produces 28 units
Station 2 practically produces 28 units
Station 3 practically produces 28 units
------------------- Minimizing Standard Deviation --------------------
Total Minimum cost = 736
Worker 1 assigned to Station 2, capable of 28 units; Deficit = 278
Worker 2 assigned to Station 1, capable of 28 units; Deficit = 278
Worker 3 assigned to Station 3, capable of 32 units; Deficit = 180
---------------------------------------------------------------------
Station 1 practically produces 28 units
Station 2 practically produces 28 units
Station 3 practically produces 28 units
WIP Inventory [0, 0, 0]
---------------------------------------------------------------------
Graph building time: 0.00031s
Solving time: 0.00023s
Total time: 0.00055s
======================================================================


Updated Skill Levels:--------------------------------------------------
worker ID: 1 Skill Levels: [3, 28, 3]
worker ID: 2 Skill Levels: [28, 3, 3]
worker ID: 3 Skill Levels: [3, 3, 32]
================== Solving for Time Step 26 ==========================
Graph Info:-----------------------------------------------------------
Worker IDs : [1, 2, 3]
Station IDs : [4, 5, 6]
Start Nodes: [0, 0, 0, 1, 1, 1, 2, 2, 2, 3, 3, 3, 4, 5, 6]
End Nodes: [1, 2, 3, 4, 5, 6, 4, 5, 6, 4, 5, 6, 7, 7, 7]
Capacities: [1, 1, 1, 1, 1, 1, 1, 1, 1, 1, 1, 1, 1, 1, 1]
Costs: [0, 0, 0, 26, 1, 26, 1, 26, 26, 26, 26, 3, 0, 0, 0]
Supplies: [3, 0, 0, 0, 0, 0, 0, -3]
------------------- Minimizing Lost Sales ----------------------------
Total Minimum cost = 5
Worker 1 assigned to Station 2, capable of 28 units; Deficit = 1
Worker 2 assigned to Station 1, capable of 28 units; Deficit = 1
Worker 3 assigned to Station 3, capable of 32 units; Deficit = 3
---------------------------------------------------------------------
Station 1 practically produces 28 units
Station 2 practically produces 28 units
Station 3 practically produces 28 units
------------------- Minimizing Standard Deviation --------------------
Total Minimum cost = 731
Worker 1 assigned to Station 2, capable of 28 units; Deficit = 277
Worker 2 assigned to Station 1, capable of 28 units; Deficit = 277
Worker 3 assigned to Station 3, capable of 32 units; Deficit = 177
---------------------------------------------------------------------
Station 1 practically produces 28 units
Station 2 practically produces 28 units
Station 3 practically produces 28 units
WIP Inventory [0, 0, 0]
---------------------------------------------------------------------
Graph building time: 0.00034s
Solving time: 0.00024s
Total time: 0.00058s
======================================================================


Updated Skill Levels:--------------------------------------------------
worker ID: 1 Skill Levels: [3, 28, 3]
worker ID: 2 Skill Levels: [28, 3, 3]
worker ID: 3 Skill Levels: [3, 3, 32]
================== Solving for Time Step 27 ==========================
Graph Info:-----------------------------------------------------------
Worker IDs : [1, 2, 3]
Station IDs : [4, 5, 6]
Start Nodes: [0, 0, 0, 1, 1, 1, 2, 2, 2, 3, 3, 3, 4, 5, 6]
End Nodes: [1, 2, 3, 4, 5, 6, 4, 5, 6, 4, 5, 6, 7, 7, 7]
Capacities: [1, 1, 1, 1, 1, 1, 1, 1, 1, 1, 1, 1, 1, 1, 1]
Costs: [0, 0, 0, 29, 4, 29, 4, 29, 29, 29, 29, 0, 0, 0, 0]
Supplies: [3, 0, 0, 0, 0, 0, 0, -3]
------------------- Minimizing Lost Sales ----------------------------
Total Minimum cost = 8
Worker 1 assigned to Station 2, capable of 28 units; Deficit = 4
Worker 2 assigned to Station 1, capable of 28 units; Deficit = 4
Worker 3 assigned to Station 3, capable of 32 units; Deficit = 0
---------------------------------------------------------------------
Station 1 practically produces 28 units
Station 2 practically produces 28 units
Station 3 practically produces 28 units
------------------- Minimizing Standard Deviation --------------------
Total Minimum cost = 723
Worker 1 assigned to Station 2, capable of 28 units; Deficit = 273
Worker 2 assigned to Station 1, capable of 28 units; Deficit = 273
Worker 3 assigned to Station 3, capable of 32 units; Deficit = 177
---------------------------------------------------------------------
Station 1 practically produces 28 units
Station 2 practically produces 28 units
Station 3 practically produces 28 units
WIP Inventory [0, 0, 0]
---------------------------------------------------------------------
Graph building time: 0.00031s
Solving time: 0.00024s
Total time: 0.00055s
======================================================================


Updated Skill Levels:--------------------------------------------------
worker ID: 1 Skill Levels: [3, 28, 3]
worker ID: 2 Skill Levels: [28, 3, 3]
worker ID: 3 Skill Levels: [3, 3, 32]
================== Solving for Time Step 28 ==========================
Graph Info:-----------------------------------------------------------
Worker IDs : [1, 2, 3]
Station IDs : [4, 5, 6]
Start Nodes: [0, 0, 0, 1, 1, 1, 2, 2, 2, 3, 3, 3, 4, 5, 6]
End Nodes: [1, 2, 3, 4, 5, 6, 4, 5, 6, 4, 5, 6, 7, 7, 7]
Capacities: [1, 1, 1, 1, 1, 1, 1, 1, 1, 1, 1, 1, 1, 1, 1]
Costs: [0, 0, 0, 32, 7, 32, 7, 32, 32, 32, 32, 3, 0, 0, 0]
Supplies: [3, 0, 0, 0, 0, 0, 0, -3]
------------------- Minimizing Lost Sales ----------------------------
Total Minimum cost = 17
Worker 1 assigned to Station 2, capable of 28 units; Deficit = 7
Worker 2 assigned to Station 1, capable of 28 units; Deficit = 7
Worker 3 assigned to Station 3, capable of 32 units; Deficit = 3
---------------------------------------------------------------------
Station 1 practically produces 28 units
Station 2 practically produces 28 units
Station 3 practically produces 28 units
------------------- Minimizing Standard Deviation --------------------
Total Minimum cost = 706
Worker 1 assigned to Station 2, capable of 28 units; Deficit = 266
Worker 2 assigned to Station 1, capable of 28 units; Deficit = 266
Worker 3 assigned to Station 3, capable of 32 units; Deficit = 174
---------------------------------------------------------------------
Station 1 practically produces 28 units
Station 2 practically produces 28 units
Station 3 practically produces 28 units
WIP Inventory [0, 0, 0]
---------------------------------------------------------------------
Graph building time: 0.00030s
Solving time: 0.00023s
Total time: 0.00054s
======================================================================


Updated Skill Levels:--------------------------------------------------
worker ID: 1 Skill Levels: [3, 28, 3]
worker ID: 2 Skill Levels: [28, 3, 3]
worker ID: 3 Skill Levels: [3, 3, 32]
================== Solving for Time Step 29 ==========================
Graph Info:-----------------------------------------------------------
Worker IDs : [1, 2, 3]
Station IDs : [4, 5, 6]
Start Nodes: [0, 0, 0, 1, 1, 1, 2, 2, 2, 3, 3, 3, 4, 5, 6]
End Nodes: [1, 2, 3, 4, 5, 6, 4, 5, 6, 4, 5, 6, 7, 7, 7]
Capacities: [1, 1, 1, 1, 1, 1, 1, 1, 1, 1, 1, 1, 1, 1, 1]
Costs: [0, 0, 0, 31, 6, 31, 6, 31, 31, 31, 31, 2, 0, 0, 0]
Supplies: [3, 0, 0, 0, 0, 0, 0, -3]
------------------- Minimizing Lost Sales ----------------------------
Total Minimum cost = 14
Worker 1 assigned to Station 2, capable of 28 units; Deficit = 6
Worker 2 assigned to Station 1, capable of 28 units; Deficit = 6
Worker 3 assigned to Station 3, capable of 32 units; Deficit = 2
---------------------------------------------------------------------
Station 1 practically produces 28 units
Station 2 practically produces 28 units
Station 3 practically produces 28 units
------------------- Minimizing Standard Deviation --------------------
Total Minimum cost = 692
Worker 1 assigned to Station 2, capable of 28 units; Deficit = 260
Worker 2 assigned to Station 1, capable of 28 units; Deficit = 260
Worker 3 assigned to Station 3, capable of 32 units; Deficit = 172
---------------------------------------------------------------------
Station 1 practically produces 28 units
Station 2 practically produces 28 units
Station 3 practically produces 28 units
WIP Inventory [0, 0, 0]
---------------------------------------------------------------------
Graph building time: 0.00030s
Solving time: 0.00024s
Total time: 0.00054s
======================================================================


Updated Skill Levels:--------------------------------------------------
worker ID: 1 Skill Levels: [3, 28, 3]
worker ID: 2 Skill Levels: [28, 3, 3]
worker ID: 3 Skill Levels: [3, 3, 32]
================== Solving for Time Step 30 ==========================
Graph Info:-----------------------------------------------------------
Worker IDs : [1, 2, 3]
Station IDs : [4, 5, 6]
Start Nodes: [0, 0, 0, 1, 1, 1, 2, 2, 2, 3, 3, 3, 4, 5, 6]
End Nodes: [1, 2, 3, 4, 5, 6, 4, 5, 6, 4, 5, 6, 7, 7, 7]
Capacities: [1, 1, 1, 1, 1, 1, 1, 1, 1, 1, 1, 1, 1, 1, 1]
Costs: [0, 0, 0, 31, 6, 31, 6, 31, 31, 31, 31, 2, 0, 0, 0]
Supplies: [3, 0, 0, 0, 0, 0, 0, -3]
------------------- Minimizing Lost Sales ----------------------------
Total Minimum cost = 14
Worker 1 assigned to Station 2, capable of 28 units; Deficit = 6
Worker 2 assigned to Station 1, capable of 28 units; Deficit = 6
Worker 3 assigned to Station 3, capable of 32 units; Deficit = 2
---------------------------------------------------------------------
Station 1 practically produces 28 units
Station 2 practically produces 28 units
Station 3 practically produces 28 units
------------------- Minimizing Standard Deviation --------------------
Total Minimum cost = 678
Worker 1 assigned to Station 2, capable of 28 units; Deficit = 254
Worker 2 assigned to Station 1, capable of 28 units; Deficit = 254
Worker 3 assigned to Station 3, capable of 32 units; Deficit = 170
---------------------------------------------------------------------
Station 1 practically produces 28 units
Station 2 practically produces 28 units
Station 3 practically produces 28 units
WIP Inventory [0, 0, 0]
---------------------------------------------------------------------
Graph building time: 0.00033s
Solving time: 0.00023s
Total time: 0.00056s
======================================================================


Updated Skill Levels:--------------------------------------------------
worker ID: 1 Skill Levels: [3, 28, 3]
worker ID: 2 Skill Levels: [28, 3, 3]
worker ID: 3 Skill Levels: [3, 3, 32]
================== Solving for Time Step 31 ==========================
Graph Info:-----------------------------------------------------------
Worker IDs : [1, 2, 3]
Station IDs : [4, 5, 6]
Start Nodes: [0, 0, 0, 1, 1, 1, 2, 2, 2, 3, 3, 3, 4, 5, 6]
End Nodes: [1, 2, 3, 4, 5, 6, 4, 5, 6, 4, 5, 6, 7, 7, 7]
Capacities: [1, 1, 1, 1, 1, 1, 1, 1, 1, 1, 1, 1, 1, 1, 1]
Costs: [0, 0, 0, 30, 5, 30, 5, 30, 30, 30, 30, 1, 0, 0, 0]
Supplies: [3, 0, 0, 0, 0, 0, 0, -3]
------------------- Minimizing Lost Sales ----------------------------
Total Minimum cost = 11
Worker 1 assigned to Station 2, capable of 28 units; Deficit = 5
Worker 2 assigned to Station 1, capable of 28 units; Deficit = 5
Worker 3 assigned to Station 3, capable of 32 units; Deficit = 1
---------------------------------------------------------------------
Station 1 practically produces 28 units
Station 2 practically produces 28 units
Station 3 practically produces 28 units
------------------- Minimizing Standard Deviation --------------------
Total Minimum cost = 667
Worker 1 assigned to Station 2, capable of 28 units; Deficit = 249
Worker 2 assigned to Station 1, capable of 28 units; Deficit = 249
Worker 3 assigned to Station 3, capable of 32 units; Deficit = 169
---------------------------------------------------------------------
Station 1 practically produces 28 units
Station 2 practically produces 28 units
Station 3 practically produces 28 units
WIP Inventory [0, 0, 0]
---------------------------------------------------------------------
Graph building time: 0.00031s
Solving time: 0.00023s
Total time: 0.00054s
======================================================================


Updated Skill Levels:--------------------------------------------------
worker ID: 1 Skill Levels: [3, 28, 3]
worker ID: 2 Skill Levels: [28, 3, 3]
worker ID: 3 Skill Levels: [3, 3, 32]
================== Solving for Time Step 32 ==========================
Graph Info:-----------------------------------------------------------
Worker IDs : [1, 2, 3]
Station IDs : [4, 5, 6]
Start Nodes: [0, 0, 0, 1, 1, 1, 2, 2, 2, 3, 3, 3, 4, 5, 6]
End Nodes: [1, 2, 3, 4, 5, 6, 4, 5, 6, 4, 5, 6, 7, 7, 7]
Capacities: [1, 1, 1, 1, 1, 1, 1, 1, 1, 1, 1, 1, 1, 1, 1]
Costs: [0, 0, 0, 29, 4, 29, 4, 29, 29, 29, 29, 0, 0, 0, 0]
Supplies: [3, 0, 0, 0, 0, 0, 0, -3]
------------------- Minimizing Lost Sales ----------------------------
Total Minimum cost = 8
Worker 1 assigned to Station 2, capable of 28 units; Deficit = 4
Worker 2 assigned to Station 1, capable of 28 units; Deficit = 4
Worker 3 assigned to Station 3, capable of 32 units; Deficit = 0
---------------------------------------------------------------------
Station 1 practically produces 28 units
Station 2 practically produces 28 units
Station 3 practically produces 28 units
------------------- Minimizing Standard Deviation --------------------
Total Minimum cost = 659
Worker 1 assigned to Station 2, capable of 28 units; Deficit = 245
Worker 2 assigned to Station 1, capable of 28 units; Deficit = 245
Worker 3 assigned to Station 3, capable of 32 units; Deficit = 169
---------------------------------------------------------------------
Station 1 practically produces 28 units
Station 2 practically produces 28 units
Station 3 practically produces 28 units
WIP Inventory [0, 0, 0]
---------------------------------------------------------------------
Graph building time: 0.00029s
Solving time: 0.00024s
Total time: 0.00053s
======================================================================


Updated Skill Levels:--------------------------------------------------
worker ID: 1 Skill Levels: [3, 28, 3]
worker ID: 2 Skill Levels: [28, 3, 3]
worker ID: 3 Skill Levels: [3, 3, 32]
================== Solving for Time Step 33 ==========================
Graph Info:-----------------------------------------------------------
Worker IDs : [1, 2, 3]
Station IDs : [4, 5, 6]
Start Nodes: [0, 0, 0, 1, 1, 1, 2, 2, 2, 3, 3, 3, 4, 5, 6]
End Nodes: [1, 2, 3, 4, 5, 6, 4, 5, 6, 4, 5, 6, 7, 7, 7]
Capacities: [1, 1, 1, 1, 1, 1, 1, 1, 1, 1, 1, 1, 1, 1, 1]
Costs: [0, 0, 0, 30, 5, 30, 5, 30, 30, 30, 30, 1, 0, 0, 0]
Supplies: [3, 0, 0, 0, 0, 0, 0, -3]
------------------- Minimizing Lost Sales ----------------------------
Total Minimum cost = 11
Worker 1 assigned to Station 2, capable of 28 units; Deficit = 5
Worker 2 assigned to Station 1, capable of 28 units; Deficit = 5
Worker 3 assigned to Station 3, capable of 32 units; Deficit = 1
---------------------------------------------------------------------
Station 1 practically produces 28 units
Station 2 practically produces 28 units
Station 3 practically produces 28 units
------------------- Minimizing Standard Deviation --------------------
Total Minimum cost = 648
Worker 1 assigned to Station 2, capable of 28 units; Deficit = 240
Worker 2 assigned to Station 1, capable of 28 units; Deficit = 240
Worker 3 assigned to Station 3, capable of 32 units; Deficit = 168
---------------------------------------------------------------------
Station 1 practically produces 28 units
Station 2 practically produces 28 units
Station 3 practically produces 28 units
WIP Inventory [0, 0, 0]
---------------------------------------------------------------------
Graph building time: 0.00029s
Solving time: 0.00023s
Total time: 0.00052s
======================================================================


Updated Skill Levels:--------------------------------------------------
worker ID: 1 Skill Levels: [3, 28, 3]
worker ID: 2 Skill Levels: [28, 3, 3]
worker ID: 3 Skill Levels: [3, 3, 32]
================== Solving for Time Step 34 ==========================
Graph Info:-----------------------------------------------------------
Worker IDs : [1, 2, 3]
Station IDs : [4, 5, 6]
Start Nodes: [0, 0, 0, 1, 1, 1, 2, 2, 2, 3, 3, 3, 4, 5, 6]
End Nodes: [1, 2, 3, 4, 5, 6, 4, 5, 6, 4, 5, 6, 7, 7, 7]
Capacities: [1, 1, 1, 1, 1, 1, 1, 1, 1, 1, 1, 1, 1, 1, 1]
Costs: [0, 0, 0, 29, 4, 29, 4, 29, 29, 29, 29, 0, 0, 0, 0]
Supplies: [3, 0, 0, 0, 0, 0, 0, -3]
------------------- Minimizing Lost Sales ----------------------------
Total Minimum cost = 8
Worker 1 assigned to Station 2, capable of 28 units; Deficit = 4
Worker 2 assigned to Station 1, capable of 28 units; Deficit = 4
Worker 3 assigned to Station 3, capable of 32 units; Deficit = 0
---------------------------------------------------------------------
Station 1 practically produces 28 units
Station 2 practically produces 28 units
Station 3 practically produces 28 units
------------------- Minimizing Standard Deviation --------------------
Total Minimum cost = 640
Worker 1 assigned to Station 2, capable of 28 units; Deficit = 236
Worker 2 assigned to Station 1, capable of 28 units; Deficit = 236
Worker 3 assigned to Station 3, capable of 32 units; Deficit = 168
---------------------------------------------------------------------
Station 1 practically produces 28 units
Station 2 practically produces 28 units
Station 3 practically produces 28 units
WIP Inventory [0, 0, 0]
---------------------------------------------------------------------
Graph building time: 0.00031s
Solving time: 0.00023s
Total time: 0.00055s
======================================================================


Updated Skill Levels:--------------------------------------------------
worker ID: 1 Skill Levels: [3, 28, 3]
worker ID: 2 Skill Levels: [28, 3, 3]
worker ID: 3 Skill Levels: [3, 3, 32]
================== Solving for Time Step 35 ==========================
Graph Info:-----------------------------------------------------------
Worker IDs : [1, 2, 3]
Station IDs : [4, 5, 6]
Start Nodes: [0, 0, 0, 1, 1, 1, 2, 2, 2, 3, 3, 3, 4, 5, 6]
End Nodes: [1, 2, 3, 4, 5, 6, 4, 5, 6, 4, 5, 6, 7, 7, 7]
Capacities: [1, 1, 1, 1, 1, 1, 1, 1, 1, 1, 1, 1, 1, 1, 1]
Costs: [0, 0, 0, 32, 7, 32, 7, 32, 32, 32, 32, 3, 0, 0, 0]
Supplies: [3, 0, 0, 0, 0, 0, 0, -3]
------------------- Minimizing Lost Sales ----------------------------
Total Minimum cost = 17
Worker 1 assigned to Station 2, capable of 28 units; Deficit = 7
Worker 2 assigned to Station 1, capable of 28 units; Deficit = 7
Worker 3 assigned to Station 3, capable of 32 units; Deficit = 3
---------------------------------------------------------------------
Station 1 practically produces 28 units
Station 2 practically produces 28 units
Station 3 practically produces 28 units
------------------- Minimizing Standard Deviation --------------------
Total Minimum cost = 623
Worker 1 assigned to Station 2, capable of 28 units; Deficit = 229
Worker 2 assigned to Station 1, capable of 28 units; Deficit = 229
Worker 3 assigned to Station 3, capable of 32 units; Deficit = 165
---------------------------------------------------------------------
Station 1 practically produces 28 units
Station 2 practically produces 28 units
Station 3 practically produces 28 units
WIP Inventory [0, 0, 0]
---------------------------------------------------------------------
Graph building time: 0.00028s
Solving time: 0.00023s
Total time: 0.00052s
======================================================================


Updated Skill Levels:--------------------------------------------------
worker ID: 1 Skill Levels: [3, 28, 3]
worker ID: 2 Skill Levels: [28, 3, 3]
worker ID: 3 Skill Levels: [3, 3, 32]
================== Solving for Time Step 36 ==========================
Graph Info:-----------------------------------------------------------
Worker IDs : [1, 2, 3]
Station IDs : [4, 5, 6]
Start Nodes: [0, 0, 0, 1, 1, 1, 2, 2, 2, 3, 3, 3, 4, 5, 6]
End Nodes: [1, 2, 3, 4, 5, 6, 4, 5, 6, 4, 5, 6, 7, 7, 7]
Capacities: [1, 1, 1, 1, 1, 1, 1, 1, 1, 1, 1, 1, 1, 1, 1]
Costs: [0, 0, 0, 32, 7, 32, 7, 32, 32, 32, 32, 3, 0, 0, 0]
Supplies: [3, 0, 0, 0, 0, 0, 0, -3]
------------------- Minimizing Lost Sales ----------------------------
Total Minimum cost = 17
Worker 1 assigned to Station 2, capable of 28 units; Deficit = 7
Worker 2 assigned to Station 1, capable of 28 units; Deficit = 7
Worker 3 assigned to Station 3, capable of 32 units; Deficit = 3
---------------------------------------------------------------------
Station 1 practically produces 28 units
Station 2 practically produces 28 units
Station 3 practically produces 28 units
------------------- Minimizing Standard Deviation --------------------
Total Minimum cost = 606
Worker 1 assigned to Station 2, capable of 28 units; Deficit = 222
Worker 2 assigned to Station 1, capable of 28 units; Deficit = 222
Worker 3 assigned to Station 3, capable of 32 units; Deficit = 162
---------------------------------------------------------------------
Station 1 practically produces 28 units
Station 2 practically produces 28 units
Station 3 practically produces 28 units
WIP Inventory [0, 0, 0]
---------------------------------------------------------------------
Graph building time: 0.00028s
Solving time: 0.00023s
Total time: 0.00051s
======================================================================


Updated Skill Levels:--------------------------------------------------
worker ID: 1 Skill Levels: [3, 28, 3]
worker ID: 2 Skill Levels: [28, 3, 3]
worker ID: 3 Skill Levels: [3, 3, 32]
================== Solving for Time Step 37 ==========================
Graph Info:-----------------------------------------------------------
Worker IDs : [1, 2, 3]
Station IDs : [4, 5, 6]
Start Nodes: [0, 0, 0, 1, 1, 1, 2, 2, 2, 3, 3, 3, 4, 5, 6]
End Nodes: [1, 2, 3, 4, 5, 6, 4, 5, 6, 4, 5, 6, 7, 7, 7]
Capacities: [1, 1, 1, 1, 1, 1, 1, 1, 1, 1, 1, 1, 1, 1, 1]
Costs: [0, 0, 0, 30, 5, 30, 5, 30, 30, 30, 30, 1, 0, 0, 0]
Supplies: [3, 0, 0, 0, 0, 0, 0, -3]
------------------- Minimizing Lost Sales ----------------------------
Total Minimum cost = 11
Worker 1 assigned to Station 2, capable of 28 units; Deficit = 5
Worker 2 assigned to Station 1, capable of 28 units; Deficit = 5
Worker 3 assigned to Station 3, capable of 32 units; Deficit = 1
---------------------------------------------------------------------
Station 1 practically produces 28 units
Station 2 practically produces 28 units
Station 3 practically produces 28 units
------------------- Minimizing Standard Deviation --------------------
Total Minimum cost = 595
Worker 1 assigned to Station 2, capable of 28 units; Deficit = 217
Worker 2 assigned to Station 1, capable of 28 units; Deficit = 217
Worker 3 assigned to Station 3, capable of 32 units; Deficit = 161
---------------------------------------------------------------------
Station 1 practically produces 28 units
Station 2 practically produces 28 units
Station 3 practically produces 28 units
WIP Inventory [0, 0, 0]
---------------------------------------------------------------------
Graph building time: 0.00028s
Solving time: 0.00024s
Total time: 0.00052s
======================================================================


Updated Skill Levels:--------------------------------------------------
worker ID: 1 Skill Levels: [3, 28, 3]
worker ID: 2 Skill Levels: [28, 3, 3]
worker ID: 3 Skill Levels: [3, 3, 32]
================== Solving for Time Step 38 ==========================
Graph Info:-----------------------------------------------------------
Worker IDs : [1, 2, 3]
Station IDs : [4, 5, 6]
Start Nodes: [0, 0, 0, 1, 1, 1, 2, 2, 2, 3, 3, 3, 4, 5, 6]
End Nodes: [1, 2, 3, 4, 5, 6, 4, 5, 6, 4, 5, 6, 7, 7, 7]
Capacities: [1, 1, 1, 1, 1, 1, 1, 1, 1, 1, 1, 1, 1, 1, 1]
Costs: [0, 0, 0, 34, 9, 34, 9, 34, 34, 34, 34, 5, 0, 0, 0]
Supplies: [3, 0, 0, 0, 0, 0, 0, -3]
------------------- Minimizing Lost Sales ----------------------------
Total Minimum cost = 23
Worker 1 assigned to Station 2, capable of 28 units; Deficit = 9
Worker 2 assigned to Station 1, capable of 28 units; Deficit = 9
Worker 3 assigned to Station 3, capable of 32 units; Deficit = 5
---------------------------------------------------------------------
Station 1 practically produces 28 units
Station 2 practically produces 28 units
Station 3 practically produces 28 units
------------------- Minimizing Standard Deviation --------------------
Total Minimum cost = 572
Worker 1 assigned to Station 2, capable of 28 units; Deficit = 208
Worker 2 assigned to Station 1, capable of 28 units; Deficit = 208
Worker 3 assigned to Station 3, capable of 32 units; Deficit = 156
---------------------------------------------------------------------
Station 1 practically produces 28 units
Station 2 practically produces 28 units
Station 3 practically produces 28 units
WIP Inventory [0, 0, 0]
---------------------------------------------------------------------
Graph building time: 0.00028s
Solving time: 0.00023s
Total time: 0.00051s
======================================================================


Updated Skill Levels:--------------------------------------------------
worker ID: 1 Skill Levels: [3, 28, 3]
worker ID: 2 Skill Levels: [28, 3, 3]
worker ID: 3 Skill Levels: [3, 3, 32]
================== Solving for Time Step 39 ==========================
Graph Info:-----------------------------------------------------------
Worker IDs : [1, 2, 3]
Station IDs : [4, 5, 6]
Start Nodes: [0, 0, 0, 1, 1, 1, 2, 2, 2, 3, 3, 3, 4, 5, 6]
End Nodes: [1, 2, 3, 4, 5, 6, 4, 5, 6, 4, 5, 6, 7, 7, 7]
Capacities: [1, 1, 1, 1, 1, 1, 1, 1, 1, 1, 1, 1, 1, 1, 1]
Costs: [0, 0, 0, 35, 10, 35, 10, 35, 35, 35, 35, 6, 0, 0, 0]
Supplies: [3, 0, 0, 0, 0, 0, 0, -3]
------------------- Minimizing Lost Sales ----------------------------
Total Minimum cost = 26
Worker 1 assigned to Station 2, capable of 28 units; Deficit = 10
Worker 2 assigned to Station 1, capable of 28 units; Deficit = 10
Worker 3 assigned to Station 3, capable of 32 units; Deficit = 6
---------------------------------------------------------------------
Station 1 practically produces 28 units
Station 2 practically produces 28 units
Station 3 practically produces 28 units
------------------- Minimizing Standard Deviation --------------------
Total Minimum cost = 546
Worker 1 assigned to Station 2, capable of 28 units; Deficit = 198
Worker 2 assigned to Station 1, capable of 28 units; Deficit = 198
Worker 3 assigned to Station 3, capable of 32 units; Deficit = 150
---------------------------------------------------------------------
Station 1 practically produces 28 units
Station 2 practically produces 28 units
Station 3 practically produces 28 units
WIP Inventory [0, 0, 0]
---------------------------------------------------------------------
Graph building time: 0.00027s
Solving time: 0.00023s
Total time: 0.00050s
======================================================================


Updated Skill Levels:--------------------------------------------------
worker ID: 1 Skill Levels: [3, 28, 3]
worker ID: 2 Skill Levels: [28, 3, 3]
worker ID: 3 Skill Levels: [3, 3, 32]
================== Solving for Time Step 40 ==========================
Graph Info:-----------------------------------------------------------
Worker IDs : [1, 2, 3]
Station IDs : [4, 5, 6]
Start Nodes: [0, 0, 0, 1, 1, 1, 2, 2, 2, 3, 3, 3, 4, 5, 6]
End Nodes: [1, 2, 3, 4, 5, 6, 4, 5, 6, 4, 5, 6, 7, 7, 7]
Capacities: [1, 1, 1, 1, 1, 1, 1, 1, 1, 1, 1, 1, 1, 1, 1]
Costs: [0, 0, 0, 34, 9, 34, 9, 34, 34, 34, 34, 5, 0, 0, 0]
Supplies: [3, 0, 0, 0, 0, 0, 0, -3]
------------------- Minimizing Lost Sales ----------------------------
Total Minimum cost = 23
Worker 1 assigned to Station 2, capable of 28 units; Deficit = 9
Worker 2 assigned to Station 1, capable of 28 units; Deficit = 9
Worker 3 assigned to Station 3, capable of 32 units; Deficit = 5
---------------------------------------------------------------------
Station 1 practically produces 28 units
Station 2 practically produces 28 units
Station 3 practically produces 28 units
------------------- Minimizing Standard Deviation --------------------
Total Minimum cost = 523
Worker 1 assigned to Station 2, capable of 28 units; Deficit = 189
Worker 2 assigned to Station 1, capable of 28 units; Deficit = 189
Worker 3 assigned to Station 3, capable of 32 units; Deficit = 145
---------------------------------------------------------------------
Station 1 practically produces 28 units
Station 2 practically produces 28 units
Station 3 practically produces 28 units
WIP Inventory [0, 0, 0]
---------------------------------------------------------------------
Graph building time: 0.00027s
Solving time: 0.00025s
Total time: 0.00052s
======================================================================


Updated Skill Levels:--------------------------------------------------
worker ID: 1 Skill Levels: [3, 28, 3]
worker ID: 2 Skill Levels: [28, 3, 3]
worker ID: 3 Skill Levels: [3, 3, 32]
================== Solving for Time Step 41 ==========================
Graph Info:-----------------------------------------------------------
Worker IDs : [1, 2, 3]
Station IDs : [4, 5, 6]
Start Nodes: [0, 0, 0, 1, 1, 1, 2, 2, 2, 3, 3, 3, 4, 5, 6]
End Nodes: [1, 2, 3, 4, 5, 6, 4, 5, 6, 4, 5, 6, 7, 7, 7]
Capacities: [1, 1, 1, 1, 1, 1, 1, 1, 1, 1, 1, 1, 1, 1, 1]
Costs: [0, 0, 0, 35, 10, 35, 10, 35, 35, 35, 35, 6, 0, 0, 0]
Supplies: [3, 0, 0, 0, 0, 0, 0, -3]
------------------- Minimizing Lost Sales ----------------------------
Total Minimum cost = 26
Worker 1 assigned to Station 2, capable of 28 units; Deficit = 10
Worker 2 assigned to Station 1, capable of 28 units; Deficit = 10
Worker 3 assigned to Station 3, capable of 32 units; Deficit = 6
---------------------------------------------------------------------
Station 1 practically produces 28 units
Station 2 practically produces 28 units
Station 3 practically produces 28 units
------------------- Minimizing Standard Deviation --------------------
Total Minimum cost = 497
Worker 1 assigned to Station 2, capable of 28 units; Deficit = 179
Worker 2 assigned to Station 1, capable of 28 units; Deficit = 179
Worker 3 assigned to Station 3, capable of 32 units; Deficit = 139
---------------------------------------------------------------------
Station 1 practically produces 28 units
Station 2 practically produces 28 units
Station 3 practically produces 28 units
WIP Inventory [0, 0, 0]
---------------------------------------------------------------------
Graph building time: 0.00027s
Solving time: 0.00023s
Total time: 0.00050s
======================================================================


Updated Skill Levels:--------------------------------------------------
worker ID: 1 Skill Levels: [3, 28, 3]
worker ID: 2 Skill Levels: [28, 3, 3]
worker ID: 3 Skill Levels: [3, 3, 32]
================== Solving for Time Step 42 ==========================
Graph Info:-----------------------------------------------------------
Worker IDs : [1, 2, 3]
Station IDs : [4, 5, 6]
Start Nodes: [0, 0, 0, 1, 1, 1, 2, 2, 2, 3, 3, 3, 4, 5, 6]
End Nodes: [1, 2, 3, 4, 5, 6, 4, 5, 6, 4, 5, 6, 7, 7, 7]
Capacities: [1, 1, 1, 1, 1, 1, 1, 1, 1, 1, 1, 1, 1, 1, 1]
Costs: [0, 0, 0, 35, 10, 35, 10, 35, 35, 35, 35, 6, 0, 0, 0]
Supplies: [3, 0, 0, 0, 0, 0, 0, -3]
------------------- Minimizing Lost Sales ----------------------------
Total Minimum cost = 26
Worker 1 assigned to Station 2, capable of 28 units; Deficit = 10
Worker 2 assigned to Station 1, capable of 28 units; Deficit = 10
Worker 3 assigned to Station 3, capable of 32 units; Deficit = 6
---------------------------------------------------------------------
Station 1 practically produces 28 units
Station 2 practically produces 28 units
Station 3 practically produces 28 units
------------------- Minimizing Standard Deviation --------------------
Total Minimum cost = 471
Worker 1 assigned to Station 2, capable of 28 units; Deficit = 169
Worker 2 assigned to Station 1, capable of 28 units; Deficit = 169
Worker 3 assigned to Station 3, capable of 32 units; Deficit = 133
---------------------------------------------------------------------
Station 1 practically produces 28 units
Station 2 practically produces 28 units
Station 3 practically produces 28 units
WIP Inventory [0, 0, 0]
---------------------------------------------------------------------
Graph building time: 0.00026s
Solving time: 0.00023s
Total time: 0.00050s
======================================================================


Updated Skill Levels:--------------------------------------------------
worker ID: 1 Skill Levels: [3, 28, 3]
worker ID: 2 Skill Levels: [28, 3, 3]
worker ID: 3 Skill Levels: [3, 3, 32]
================== Solving for Time Step 43 ==========================
Graph Info:-----------------------------------------------------------
Worker IDs : [1, 2, 3]
Station IDs : [4, 5, 6]
Start Nodes: [0, 0, 0, 1, 1, 1, 2, 2, 2, 3, 3, 3, 4, 5, 6]
End Nodes: [1, 2, 3, 4, 5, 6, 4, 5, 6, 4, 5, 6, 7, 7, 7]
Capacities: [1, 1, 1, 1, 1, 1, 1, 1, 1, 1, 1, 1, 1, 1, 1]
Costs: [0, 0, 0, 37, 12, 37, 12, 37, 37, 37, 37, 8, 0, 0, 0]
Supplies: [3, 0, 0, 0, 0, 0, 0, -3]
------------------- Minimizing Lost Sales ----------------------------
Total Minimum cost = 32
Worker 1 assigned to Station 2, capable of 28 units; Deficit = 12
Worker 2 assigned to Station 1, capable of 28 units; Deficit = 12
Worker 3 assigned to Station 3, capable of 32 units; Deficit = 8
---------------------------------------------------------------------
Station 1 practically produces 28 units
Station 2 practically produces 28 units
Station 3 practically produces 28 units
------------------- Minimizing Standard Deviation --------------------
Total Minimum cost = 439
Worker 1 assigned to Station 2, capable of 28 units; Deficit = 157
Worker 2 assigned to Station 1, capable of 28 units; Deficit = 157
Worker 3 assigned to Station 3, capable of 32 units; Deficit = 125
---------------------------------------------------------------------
Station 1 practically produces 28 units
Station 2 practically produces 28 units
Station 3 practically produces 28 units
WIP Inventory [0, 0, 0]
---------------------------------------------------------------------
Graph building time: 0.00028s
Solving time: 0.00025s
Total time: 0.00053s
======================================================================


Updated Skill Levels:--------------------------------------------------
worker ID: 1 Skill Levels: [3, 28, 3]
worker ID: 2 Skill Levels: [28, 3, 3]
worker ID: 3 Skill Levels: [3, 3, 32]
================== Solving for Time Step 44 ==========================
Graph Info:-----------------------------------------------------------
Worker IDs : [1, 2, 3]
Station IDs : [4, 5, 6]
Start Nodes: [0, 0, 0, 1, 1, 1, 2, 2, 2, 3, 3, 3, 4, 5, 6]
End Nodes: [1, 2, 3, 4, 5, 6, 4, 5, 6, 4, 5, 6, 7, 7, 7]
Capacities: [1, 1, 1, 1, 1, 1, 1, 1, 1, 1, 1, 1, 1, 1, 1]
Costs: [0, 0, 0, 39, 14, 39, 14, 39, 39, 39, 39, 10, 0, 0, 0]
Supplies: [3, 0, 0, 0, 0, 0, 0, -3]
------------------- Minimizing Lost Sales ----------------------------
Total Minimum cost = 38
Worker 1 assigned to Station 2, capable of 28 units; Deficit = 14
Worker 2 assigned to Station 1, capable of 28 units; Deficit = 14
Worker 3 assigned to Station 3, capable of 32 units; Deficit = 10
---------------------------------------------------------------------
Station 1 practically produces 28 units
Station 2 practically produces 28 units
Station 3 practically produces 28 units
------------------- Minimizing Standard Deviation --------------------
Total Minimum cost = 401
Worker 1 assigned to Station 2, capable of 28 units; Deficit = 143
Worker 2 assigned to Station 1, capable of 28 units; Deficit = 143
Worker 3 assigned to Station 3, capable of 32 units; Deficit = 115
---------------------------------------------------------------------
Station 1 practically produces 28 units
Station 2 practically produces 28 units
Station 3 practically produces 28 units
WIP Inventory [0, 0, 0]
---------------------------------------------------------------------
Graph building time: 0.00026s
Solving time: 0.00023s
Total time: 0.00049s
======================================================================


Updated Skill Levels:--------------------------------------------------
worker ID: 1 Skill Levels: [3, 28, 3]
worker ID: 2 Skill Levels: [28, 3, 3]
worker ID: 3 Skill Levels: [3, 3, 32]
================== Solving for Time Step 45 ==========================
Graph Info:-----------------------------------------------------------
Worker IDs : [1, 2, 3]
Station IDs : [4, 5, 6]
Start Nodes: [0, 0, 0, 1, 1, 1, 2, 2, 2, 3, 3, 3, 4, 5, 6]
End Nodes: [1, 2, 3, 4, 5, 6, 4, 5, 6, 4, 5, 6, 7, 7, 7]
Capacities: [1, 1, 1, 1, 1, 1, 1, 1, 1, 1, 1, 1, 1, 1, 1]
Costs: [0, 0, 0, 40, 15, 40, 15, 40, 40, 40, 40, 11, 0, 0, 0]
Supplies: [3, 0, 0, 0, 0, 0, 0, -3]
------------------- Minimizing Lost Sales ----------------------------
Total Minimum cost = 41
Worker 1 assigned to Station 2, capable of 28 units; Deficit = 15
Worker 2 assigned to Station 1, capable of 28 units; Deficit = 15
Worker 3 assigned to Station 3, capable of 32 units; Deficit = 11
---------------------------------------------------------------------
Station 1 practically produces 28 units
Station 2 practically produces 28 units
Station 3 practically produces 28 units
------------------- Minimizing Standard Deviation --------------------
Total Minimum cost = 360
Worker 1 assigned to Station 2, capable of 28 units; Deficit = 128
Worker 2 assigned to Station 1, capable of 28 units; Deficit = 128
Worker 3 assigned to Station 3, capable of 32 units; Deficit = 104
---------------------------------------------------------------------
Station 1 practically produces 28 units
Station 2 practically produces 28 units
Station 3 practically produces 28 units
WIP Inventory [0, 0, 0]
---------------------------------------------------------------------
Graph building time: 0.00026s
Solving time: 0.00023s
Total time: 0.00049s
======================================================================


Updated Skill Levels:--------------------------------------------------
worker ID: 1 Skill Levels: [3, 28, 3]
worker ID: 2 Skill Levels: [28, 3, 3]
worker ID: 3 Skill Levels: [3, 3, 32]
================== Solving for Time Step 46 ==========================
Graph Info:-----------------------------------------------------------
Worker IDs : [1, 2, 3]
Station IDs : [4, 5, 6]
Start Nodes: [0, 0, 0, 1, 1, 1, 2, 2, 2, 3, 3, 3, 4, 5, 6]
End Nodes: [1, 2, 3, 4, 5, 6, 4, 5, 6, 4, 5, 6, 7, 7, 7]
Capacities: [1, 1, 1, 1, 1, 1, 1, 1, 1, 1, 1, 1, 1, 1, 1]
Costs: [0, 0, 0, 40, 15, 40, 15, 40, 40, 40, 40, 11, 0, 0, 0]
Supplies: [3, 0, 0, 0, 0, 0, 0, -3]
------------------- Minimizing Lost Sales ----------------------------
Total Minimum cost = 41
Worker 1 assigned to Station 2, capable of 28 units; Deficit = 15
Worker 2 assigned to Station 1, capable of 28 units; Deficit = 15
Worker 3 assigned to Station 3, capable of 32 units; Deficit = 11
---------------------------------------------------------------------
Station 1 practically produces 28 units
Station 2 practically produces 28 units
Station 3 practically produces 28 units
------------------- Minimizing Standard Deviation --------------------
Total Minimum cost = 319
Worker 1 assigned to Station 2, capable of 28 units; Deficit = 113
Worker 2 assigned to Station 1, capable of 28 units; Deficit = 113
Worker 3 assigned to Station 3, capable of 32 units; Deficit = 93
---------------------------------------------------------------------
Station 1 practically produces 28 units
Station 2 practically produces 28 units
Station 3 practically produces 28 units
WIP Inventory [0, 0, 0]
---------------------------------------------------------------------
Graph building time: 0.00025s
Solving time: 0.00023s
Total time: 0.00048s
======================================================================


Updated Skill Levels:--------------------------------------------------
worker ID: 1 Skill Levels: [3, 28, 3]
worker ID: 2 Skill Levels: [28, 3, 3]
worker ID: 3 Skill Levels: [3, 3, 32]
================== Solving for Time Step 47 ==========================
Graph Info:-----------------------------------------------------------
Worker IDs : [1, 2, 3]
Station IDs : [4, 5, 6]
Start Nodes: [0, 0, 0, 1, 1, 1, 2, 2, 2, 3, 3, 3, 4, 5, 6]
End Nodes: [1, 2, 3, 4, 5, 6, 4, 5, 6, 4, 5, 6, 7, 7, 7]
Capacities: [1, 1, 1, 1, 1, 1, 1, 1, 1, 1, 1, 1, 1, 1, 1]
Costs: [0, 0, 0, 42, 17, 42, 17, 42, 42, 42, 42, 13, 0, 0, 0]
Supplies: [3, 0, 0, 0, 0, 0, 0, -3]
------------------- Minimizing Lost Sales ----------------------------
Total Minimum cost = 47
Worker 1 assigned to Station 2, capable of 28 units; Deficit = 17
Worker 2 assigned to Station 1, capable of 28 units; Deficit = 17
Worker 3 assigned to Station 3, capable of 32 units; Deficit = 13
---------------------------------------------------------------------
Station 1 practically produces 28 units
Station 2 practically produces 28 units
Station 3 practically produces 28 units
------------------- Minimizing Standard Deviation --------------------
Total Minimum cost = 272
Worker 1 assigned to Station 2, capable of 28 units; Deficit = 96
Worker 2 assigned to Station 1, capable of 28 units; Deficit = 96
Worker 3 assigned to Station 3, capable of 32 units; Deficit = 80
---------------------------------------------------------------------
Station 1 practically produces 28 units
Station 2 practically produces 28 units
Station 3 practically produces 28 units
WIP Inventory [0, 0, 0]
---------------------------------------------------------------------
Graph building time: 0.00025s
Solving time: 0.00023s
Total time: 0.00049s
======================================================================


Updated Skill Levels:--------------------------------------------------
worker ID: 1 Skill Levels: [3, 28, 3]
worker ID: 2 Skill Levels: [28, 3, 3]
worker ID: 3 Skill Levels: [3, 3, 32]
================== Solving for Time Step 48 ==========================
Graph Info:-----------------------------------------------------------
Worker IDs : [1, 2, 3]
Station IDs : [4, 5, 6]
Start Nodes: [0, 0, 0, 1, 1, 1, 2, 2, 2, 3, 3, 3, 4, 5, 6]
End Nodes: [1, 2, 3, 4, 5, 6, 4, 5, 6, 4, 5, 6, 7, 7, 7]
Capacities: [1, 1, 1, 1, 1, 1, 1, 1, 1, 1, 1, 1, 1, 1, 1]
Costs: [0, 0, 0, 42, 17, 42, 17, 42, 42, 42, 42, 13, 0, 0, 0]
Supplies: [3, 0, 0, 0, 0, 0, 0, -3]
------------------- Minimizing Lost Sales ----------------------------
Total Minimum cost = 47
Worker 1 assigned to Station 2, capable of 28 units; Deficit = 17
Worker 2 assigned to Station 1, capable of 28 units; Deficit = 17
Worker 3 assigned to Station 3, capable of 32 units; Deficit = 13
---------------------------------------------------------------------
Station 1 practically produces 28 units
Station 2 practically produces 28 units
Station 3 practically produces 28 units
------------------- Minimizing Standard Deviation --------------------
Total Minimum cost = 225
Worker 1 assigned to Station 2, capable of 28 units; Deficit = 79
Worker 2 assigned to Station 1, capable of 28 units; Deficit = 79
Worker 3 assigned to Station 3, capable of 32 units; Deficit = 67
---------------------------------------------------------------------
Station 1 practically produces 28 units
Station 2 practically produces 28 units
Station 3 practically produces 28 units
WIP Inventory [0, 0, 0]
---------------------------------------------------------------------
Graph building time: 0.00028s
Solving time: 0.00023s
Total time: 0.00051s
======================================================================


Updated Skill Levels:--------------------------------------------------
worker ID: 1 Skill Levels: [3, 28, 3]
worker ID: 2 Skill Levels: [28, 3, 3]
worker ID: 3 Skill Levels: [3, 3, 32]
================== Solving for Time Step 49 ==========================
Graph Info:-----------------------------------------------------------
Worker IDs : [1, 2, 3]
Station IDs : [4, 5, 6]
Start Nodes: [0, 0, 0, 1, 1, 1, 2, 2, 2, 3, 3, 3, 4, 5, 6]
End Nodes: [1, 2, 3, 4, 5, 6, 4, 5, 6, 4, 5, 6, 7, 7, 7]
Capacities: [1, 1, 1, 1, 1, 1, 1, 1, 1, 1, 1, 1, 1, 1, 1]
Costs: [0, 0, 0, 43, 18, 43, 18, 43, 43, 43, 43, 14, 0, 0, 0]
Supplies: [3, 0, 0, 0, 0, 0, 0, -3]
------------------- Minimizing Lost Sales ----------------------------
Total Minimum cost = 50
Worker 1 assigned to Station 2, capable of 28 units; Deficit = 18
Worker 2 assigned to Station 1, capable of 28 units; Deficit = 18
Worker 3 assigned to Station 3, capable of 32 units; Deficit = 14
---------------------------------------------------------------------
Station 1 practically produces 28 units
Station 2 practically produces 28 units
Station 3 practically produces 28 units
------------------- Minimizing Standard Deviation --------------------
Total Minimum cost = 175
Worker 1 assigned to Station 2, capable of 28 units; Deficit = 61
Worker 2 assigned to Station 1, capable of 28 units; Deficit = 61
Worker 3 assigned to Station 3, capable of 32 units; Deficit = 53
---------------------------------------------------------------------
Station 1 practically produces 28 units
Station 2 practically produces 28 units
Station 3 practically produces 28 units
WIP Inventory [0, 0, 0]
---------------------------------------------------------------------
Graph building time: 0.00027s
Solving time: 0.00023s
Total time: 0.00050s
======================================================================


Updated Skill Levels:--------------------------------------------------
worker ID: 1 Skill Levels: [3, 28, 3]
worker ID: 2 Skill Levels: [28, 3, 3]
worker ID: 3 Skill Levels: [3, 3, 32]
================== Solving for Time Step 50 ==========================
Graph Info:-----------------------------------------------------------
Worker IDs : [1, 2, 3]
Station IDs : [4, 5, 6]
Start Nodes: [0, 0, 0, 1, 1, 1, 2, 2, 2, 3, 3, 3, 4, 5, 6]
End Nodes: [1, 2, 3, 4, 5, 6, 4, 5, 6, 4, 5, 6, 7, 7, 7]
Capacities: [1, 1, 1, 1, 1, 1, 1, 1, 1, 1, 1, 1, 1, 1, 1]
Costs: [0, 0, 0, 45, 20, 45, 20, 45, 45, 45, 45, 16, 0, 0, 0]
Supplies: [3, 0, 0, 0, 0, 0, 0, -3]
------------------- Minimizing Lost Sales ----------------------------
Total Minimum cost = 56
Worker 1 assigned to Station 2, capable of 28 units; Deficit = 20
Worker 2 assigned to Station 1, capable of 28 units; Deficit = 20
Worker 3 assigned to Station 3, capable of 32 units; Deficit = 16
---------------------------------------------------------------------
Station 1 practically produces 28 units
Station 2 practically produces 28 units
Station 3 practically produces 28 units
------------------- Minimizing Standard Deviation --------------------
Total Minimum cost = 119
Worker 1 assigned to Station 2, capable of 28 units; Deficit = 41
Worker 2 assigned to Station 1, capable of 28 units; Deficit = 41
Worker 3 assigned to Station 3, capable of 32 units; Deficit = 37
---------------------------------------------------------------------
Station 1 practically produces 28 units
Station 2 practically produces 28 units
Station 3 practically produces 28 units
WIP Inventory [0, 0, 0]
---------------------------------------------------------------------
Graph building time: 0.00024s
Solving time: 0.00023s
Total time: 0.00047s
======================================================================


Updated Skill Levels:--------------------------------------------------
worker ID: 1 Skill Levels: [3, 28, 3]
worker ID: 2 Skill Levels: [28, 3, 3]
worker ID: 3 Skill Levels: [3, 3, 32]
================== Solving for Time Step 51 ==========================
Graph Info:-----------------------------------------------------------
Worker IDs : [1, 2, 3]
Station IDs : [4, 5, 6]
Start Nodes: [0, 0, 0, 1, 1, 1, 2, 2, 2, 3, 3, 3, 4, 5, 6]
End Nodes: [1, 2, 3, 4, 5, 6, 4, 5, 6, 4, 5, 6, 7, 7, 7]
Capacities: [1, 1, 1, 1, 1, 1, 1, 1, 1, 1, 1, 1, 1, 1, 1]
Costs: [0, 0, 0, 45, 20, 45, 20, 45, 45, 45, 45, 16, 0, 0, 0]
Supplies: [3, 0, 0, 0, 0, 0, 0, -3]
------------------- Minimizing Lost Sales ----------------------------
Total Minimum cost = 56
Worker 1 assigned to Station 2, capable of 28 units; Deficit = 20
Worker 2 assigned to Station 1, capable of 28 units; Deficit = 20
Worker 3 assigned to Station 3, capable of 32 units; Deficit = 16
---------------------------------------------------------------------
Station 1 practically produces 28 units
Station 2 practically produces 28 units
Station 3 practically produces 28 units
------------------- Minimizing Standard Deviation --------------------
Total Minimum cost = 63
Worker 1 assigned to Station 2, capable of 28 units; Deficit = 21
Worker 2 assigned to Station 1, capable of 28 units; Deficit = 21
Worker 3 assigned to Station 3, capable of 32 units; Deficit = 21
---------------------------------------------------------------------
Station 1 practically produces 28 units
Station 2 practically produces 28 units
Station 3 practically produces 28 units
WIP Inventory [0, 0, 0]
---------------------------------------------------------------------
Graph building time: 0.00024s
Solving time: 0.00024s
Total time: 0.00048s
======================================================================


Updated Skill Levels:--------------------------------------------------
worker ID: 1 Skill Levels: [3, 28, 3]
worker ID: 2 Skill Levels: [28, 3, 3]
worker ID: 3 Skill Levels: [3, 3, 32]
================== Solving for Time Step 52 ==========================
Graph Info:-----------------------------------------------------------
Worker IDs : [1, 2, 3]
Station IDs : [4, 5, 6]
Start Nodes: [0, 0, 0, 1, 1, 1, 2, 2, 2, 3, 3, 3, 4, 5, 6]
End Nodes: [1, 2, 3, 4, 5, 6, 4, 5, 6, 4, 5, 6, 7, 7, 7]
Capacities: [1, 1, 1, 1, 1, 1, 1, 1, 1, 1, 1, 1, 1, 1, 1]
Costs: [0, 0, 0, 46, 21, 46, 21, 46, 46, 46, 46, 17, 0, 0, 0]
Supplies: [3, 0, 0, 0, 0, 0, 0, -3]
------------------- Minimizing Lost Sales ----------------------------
Total Minimum cost = 59
Worker 1 assigned to Station 2, capable of 28 units; Deficit = 21
Worker 2 assigned to Station 1, capable of 28 units; Deficit = 21
Worker 3 assigned to Station 3, capable of 32 units; Deficit = 17
---------------------------------------------------------------------
Station 1 practically produces 28 units
Station 2 practically produces 28 units
Station 3 practically produces 28 units
------------------- Minimizing Standard Deviation --------------------
Total Minimum cost = 4
Worker 1 assigned to Station 2, capable of 28 units; Deficit = 0
Worker 2 assigned to Station 1, capable of 28 units; Deficit = 0
Worker 3 assigned to Station 3, capable of 32 units; Deficit = 4
---------------------------------------------------------------------
Station 1 practically produces 28 units
Station 2 practically produces 28 units
Station 3 practically produces 28 units
WIP Inventory [0, 0, 0]
---------------------------------------------------------------------
Graph building time: 0.00023s
Solving time: 0.00023s
Total time: 0.00046s
======================================================================


Updated Skill Levels:--------------------------------------------------
worker ID: 1 Skill Levels: [3, 28, 3]
worker ID: 2 Skill Levels: [28, 3, 3]
worker ID: 3 Skill Levels: [3, 3, 32]
======================================================================
Total experiment time: 0.02904s
