Experiment Date: 06/09/2019 14:46:37 

Demands: [12, 7, 5, 20]
Initial Skill Levels:--------------------------------------------------
worker ID: 1 Skill Levels: [10, 11, 7]
worker ID: 2 Skill Levels: [10, 6, 8]
worker ID: 3 Skill Levels: [7, 8, 12]
================== Solving for Time Step 1 ==========================
Graph Info:-----------------------------------------------------------
Worker IDs : [1, 2, 3]
Station IDs : [4, 5, 6]
Start Nodes: [0, 0, 0, 1, 1, 1, 2, 2, 2, 3, 3, 3, 4, 5, 6]
End Nodes: [1, 2, 3, 4, 5, 6, 4, 5, 6, 4, 5, 6, 7, 7, 7]
Capacities: [1, 1, 1, 1, 1, 1, 1, 1, 1, 1, 1, 1, 1, 1, 1]
Costs: [0, 0, 0, 2, 1, 5, 2, 6, 4, 5, 4, 0, 0, 0, 0]
Supplies: [3, 0, 0, 0, 0, 0, 0, -3]
------------------- Minimizing Lost Sales ----------------------------
Total Minimum cost = 3
Worker 1 assigned to Station 2, capable of 11 units; Deficit = 1
Worker 2 assigned to Station 1, capable of 10 units; Deficit = 2
Worker 3 assigned to Station 3, capable of 12 units; Deficit = 0
---------------------------------------------------------------------
Station 1 practically produces 10 units
Station 2 practically produces 10 units
Station 3 practically produces 10 units
------------------- Minimizing Standard Deviation --------------------
Total Minimum cost = 3
Worker 1 assigned to Station 2, capable of 11 units; Deficit = 1
Worker 2 assigned to Station 1, capable of 10 units; Deficit = 0
Worker 3 assigned to Station 3, capable of 12 units; Deficit = 2
---------------------------------------------------------------------
Station 1 practically produces 10 units
Station 2 practically produces 10 units
Station 3 practically produces 10 units
WIP Inventory [0, 0, 0]
---------------------------------------------------------------------
Graph building time: 0.00009s
Solving time: 0.00029s
Total time: 0.00038s
======================================================================


Updated Skill Levels:--------------------------------------------------
worker ID: 1 Skill Levels: [9, 10, 17]
worker ID: 2 Skill Levels: [8, 14, 7]
worker ID: 3 Skill Levels: [6, 6, 10]
================== Solving for Time Step 2 ==========================
Graph Info:-----------------------------------------------------------
Worker IDs : [1, 2, 3]
Station IDs : [4, 5, 6]
Start Nodes: [0, 0, 0, 1, 1, 1, 2, 2, 2, 3, 3, 3, 4, 5, 6]
End Nodes: [1, 2, 3, 4, 5, 6, 4, 5, 6, 4, 5, 6, 7, 7, 7]
Capacities: [1, 1, 1, 1, 1, 1, 1, 1, 1, 1, 1, 1, 1, 1, 1]
Costs: [0, 0, 0, 2, 3, 10, 1, 7, 0, 1, 1, 3, 0, 0, 0]
Supplies: [3, 0, 0, 0, 0, 0, 0, -3]
------------------- Minimizing Lost Sales ----------------------------
Total Minimum cost = 3
Worker 1 assigned to Station 1, capable of 9 units; Deficit = 2
Worker 2 assigned to Station 3, capable of 7 units; Deficit = 0
Worker 3 assigned to Station 2, capable of 6 units; Deficit = 1
---------------------------------------------------------------------
Station 1 practically produces 9 units
Station 2 practically produces 6 units
Station 3 practically produces 6 units
------------------- Minimizing Standard Deviation --------------------
Total Minimum cost = 3
Worker 1 assigned to Station 1, capable of 9 units; Deficit = 2
Worker 2 assigned to Station 3, capable of 7 units; Deficit = 0
Worker 3 assigned to Station 2, capable of 6 units; Deficit = 1
---------------------------------------------------------------------
Station 1 practically produces 9 units
Station 2 practically produces 6 units
Station 3 practically produces 6 units
WIP Inventory [0, 3, 0]
---------------------------------------------------------------------
Graph building time: 0.00007s
Solving time: 0.00024s
Total time: 0.00030s
======================================================================


Updated Skill Levels:--------------------------------------------------
worker ID: 1 Skill Levels: [8, 17, 15]
worker ID: 2 Skill Levels: [7, 12, 6]
worker ID: 3 Skill Levels: [5, 5, 18]
================== Solving for Time Step 3 ==========================
Graph Info:-----------------------------------------------------------
Worker IDs : [1, 2, 3]
Station IDs : [4, 5, 6]
Start Nodes: [0, 0, 0, 1, 1, 1, 2, 2, 2, 3, 3, 3, 4, 5, 6]
End Nodes: [1, 2, 3, 4, 5, 6, 4, 5, 6, 4, 5, 6, 7, 7, 7]
Capacities: [1, 1, 1, 1, 1, 1, 1, 1, 1, 1, 1, 1, 1, 1, 1]
Costs: [0, 0, 0, 3, 12, 10, 2, 7, 1, 0, 0, 13, 0, 0, 0]
Supplies: [3, 0, 0, 0, 0, 0, 0, -3]
------------------- Minimizing Lost Sales ----------------------------
Total Minimum cost = 4
Worker 1 assigned to Station 1, capable of 8 units; Deficit = 3
Worker 2 assigned to Station 3, capable of 6 units; Deficit = 1
Worker 3 assigned to Station 2, capable of 5 units; Deficit = 0
---------------------------------------------------------------------
Station 1 practically produces 8 units
Station 2 practically produces 5 units
Station 3 practically produces 5 units
------------------- Minimizing Standard Deviation --------------------
Total Minimum cost = 3
Worker 1 assigned to Station 1, capable of 8 units; Deficit = 2
Worker 2 assigned to Station 3, capable of 6 units; Deficit = 0
Worker 3 assigned to Station 2, capable of 5 units; Deficit = 1
---------------------------------------------------------------------
Station 1 practically produces 8 units
Station 2 practically produces 5 units
Station 3 practically produces 5 units
WIP Inventory [0, 6, 0]
---------------------------------------------------------------------
Graph building time: 0.00007s
Solving time: 0.00023s
Total time: 0.00030s
======================================================================


Updated Skill Levels:--------------------------------------------------
worker ID: 1 Skill Levels: [7, 22, 13]
worker ID: 2 Skill Levels: [6, 10, 5]
worker ID: 3 Skill Levels: [4, 4, 23]
================== Solving for Time Step 4 ==========================
Graph Info:-----------------------------------------------------------
Worker IDs : [1, 2, 3]
Station IDs : [4, 5, 6]
Start Nodes: [0, 0, 0, 1, 1, 1, 2, 2, 2, 3, 3, 3, 4, 5, 6]
End Nodes: [1, 2, 3, 4, 5, 6, 4, 5, 6, 4, 5, 6, 7, 7, 7]
Capacities: [1, 1, 1, 1, 1, 1, 1, 1, 1, 1, 1, 1, 1, 1, 1]
Costs: [0, 0, 0, 13, 2, 7, 14, 10, 15, 16, 16, 3, 0, 0, 0]
Supplies: [3, 0, 0, 0, 0, 0, 0, -3]
------------------- Minimizing Lost Sales ----------------------------
Total Minimum cost = 19
Worker 1 assigned to Station 2, capable of 22 units; Deficit = 2
Worker 2 assigned to Station 1, capable of 6 units; Deficit = 14
Worker 3 assigned to Station 3, capable of 23 units; Deficit = 3
---------------------------------------------------------------------
Station 1 practically produces 6 units
Station 2 practically produces 12 units
Station 3 practically produces 12 units
------------------- Minimizing Standard Deviation --------------------
Total Minimum cost = 9
Worker 1 assigned to Station 3, capable of 13 units; Deficit = 3
Worker 2 assigned to Station 2, capable of 10 units; Deficit = 0
Worker 3 assigned to Station 1, capable of 4 units; Deficit = 6
---------------------------------------------------------------------
Station 1 practically produces 4 units
Station 2 practically produces 10 units
Station 3 practically produces 10 units
WIP Inventory [0, 0, 0]
---------------------------------------------------------------------
Graph building time: 0.00007s
Solving time: 0.00026s
Total time: 0.00033s
======================================================================


Updated Skill Levels:--------------------------------------------------
worker ID: 1 Skill Levels: [6, 20, 11]
worker ID: 2 Skill Levels: [5, 8, 15]
worker ID: 3 Skill Levels: [3, 13, 20]
======================================================================
Total experiment time: 0.00132s
